[ 2017-04-01T04:19:34+08:00 ] 120.198.244.32 /
INFO: [ app_init ] --START--
INFO: Run Behavior\BuildLiteBehavior [ RunTime:0.000032s ]
INFO: [ app_init ] --END-- [ RunTime:0.002675s ]
INFO: [ app_begin ] --START--
INFO: Run Behavior\ReadHtmlCacheBehavior [ RunTime:0.002299s ]
INFO: [ app_begin ] --END-- [ RunTime:0.002390s ]
SQL: SHOW COLUMNS FROM `yunzhan_stats` [ RunTime:0.0050s ]
SQL: DELETE FROM `yunzhan_stats` WHERE ( access_time < 1970-01-01 ) [ RunTime:0.0006s ]
SQL: SHOW COLUMNS FROM `yunzhan_category` [ RunTime:0.0151s ]
SQL: SHOW COLUMNS FROM `yunzhan_config` [ RunTime:0.0111s ]
SQL: SHOW COLUMNS FROM `yunzhan_case` [ RunTime:0.0010s ]
SQL: SHOW COLUMNS FROM `yunzhan_ads` [ RunTime:0.0043s ]
SQL: SHOW COLUMNS FROM `yunzhan_article` [ RunTime:0.0028s ]
SQL: SHOW COLUMNS FROM `yunzhan_links` [ RunTime:0.0062s ]
SQL: SELECT * FROM `yunzhan_category` WHERE ( 1=1 ) ORDER BY sort asc, id asc  [ RunTime:0.0018s ]
NOTIC: [8] Undefined index: is_jump /home/yunzhantest2y3ucnmzfhzaqnlt7ersdt/wwwroot/Apps/Home/Model/CategoryModel.class.php 第 14 行.
NOTIC: [8] Undefined index: is_jump /home/yunzhantest2y3ucnmzfhzaqnlt7ersdt/wwwroot/Apps/Home/Model/CategoryModel.class.php 第 14 行.
NOTIC: [8] Undefined index: is_jump /home/yunzhantest2y3ucnmzfhzaqnlt7ersdt/wwwroot/Apps/Home/Model/CategoryModel.class.php 第 14 行.
NOTIC: [8] Undefined index: is_jump /home/yunzhantest2y3ucnmzfhzaqnlt7ersdt/wwwroot/Apps/Home/Model/CategoryModel.class.php 第 14 行.
NOTIC: [8] Undefined index: is_jump /home/yunzhantest2y3ucnmzfhzaqnlt7ersdt/wwwroot/Apps/Home/Model/CategoryModel.class.php 第 14 行.
NOTIC: [8] Undefined index: is_jump /home/yunzhantest2y3ucnmzfhzaqnlt7ersdt/wwwroot/Apps/Home/Model/CategoryModel.class.php 第 14 行.
NOTIC: [8] Undefined index: is_jump /home/yunzhantest2y3ucnmzfhzaqnlt7ersdt/wwwroot/Apps/Home/Model/CategoryModel.class.php 第 14 行.
NOTIC: [8] Undefined index: is_jump /home/yunzhantest2y3ucnmzfhzaqnlt7ersdt/wwwroot/Apps/Home/Model/CategoryModel.class.php 第 14 行.
NOTIC: [8] Undefined index: is_jump /home/yunzhantest2y3ucnmzfhzaqnlt7ersdt/wwwroot/Apps/Home/Model/CategoryModel.class.php 第 14 行.
NOTIC: [8] Undefined index: is_jump /home/yunzhantest2y3ucnmzfhzaqnlt7ersdt/wwwroot/Apps/Home/Model/CategoryModel.class.php 第 14 行.
NOTIC: [8] Undefined index: is_jump /home/yunzhantest2y3ucnmzfhzaqnlt7ersdt/wwwroot/Apps/Home/Model/CategoryModel.class.php 第 14 行.
NOTIC: [8] Undefined index: is_jump /home/yunzhantest2y3ucnmzfhzaqnlt7ersdt/wwwroot/Apps/Home/Model/CategoryModel.class.php 第 14 行.
NOTIC: [8] Undefined index: is_jump /home/yunzhantest2y3ucnmzfhzaqnlt7ersdt/wwwroot/Apps/Home/Model/CategoryModel.class.php 第 14 行.
NOTIC: [8] Undefined index: is_jump /home/yunzhantest2y3ucnmzfhzaqnlt7ersdt/wwwroot/Apps/Home/Model/CategoryModel.class.php 第 14 行.
NOTIC: [8] Undefined index: is_jump /home/yunzhantest2y3ucnmzfhzaqnlt7ersdt/wwwroot/Apps/Home/Model/CategoryModel.class.php 第 14 行.
NOTIC: [8] Undefined index: is_jump /home/yunzhantest2y3ucnmzfhzaqnlt7ersdt/wwwroot/Apps/Home/Model/CategoryModel.class.php 第 14 行.
NOTIC: [8] Undefined index: is_jump /home/yunzhantest2y3ucnmzfhzaqnlt7ersdt/wwwroot/Apps/Home/Model/CategoryModel.class.php 第 14 行.
NOTIC: [8] Undefined index: is_jump /home/yunzhantest2y3ucnmzfhzaqnlt7ersdt/wwwroot/Apps/Home/Model/CategoryModel.class.php 第 14 行.
NOTIC: [8] Undefined index: is_jump /home/yunzhantest2y3ucnmzfhzaqnlt7ersdt/wwwroot/Apps/Home/Model/CategoryModel.class.php 第 14 行.
NOTIC: [8] Undefined index: is_jump /home/yunzhantest2y3ucnmzfhzaqnlt7ersdt/wwwroot/Apps/Home/Model/CategoryModel.class.php 第 14 行.
NOTIC: [8] Undefined index: is_jump /home/yunzhantest2y3ucnmzfhzaqnlt7ersdt/wwwroot/Apps/Home/Model/CategoryModel.class.php 第 14 行.
NOTIC: [8] Undefined index: is_jump /home/yunzhantest2y3ucnmzfhzaqnlt7ersdt/wwwroot/Apps/Home/Model/CategoryModel.class.php 第 14 行.
NOTIC: [8] Undefined index: is_jump /home/yunzhantest2y3ucnmzfhzaqnlt7ersdt/wwwroot/Apps/Home/Model/CategoryModel.class.php 第 14 行.
NOTIC: [8] Undefined index: is_jump /home/yunzhantest2y3ucnmzfhzaqnlt7ersdt/wwwroot/Apps/Home/Model/CategoryModel.class.php 第 14 行.
NOTIC: [8] Undefined index: is_jump /home/yunzhantest2y3ucnmzfhzaqnlt7ersdt/wwwroot/Apps/Home/Model/CategoryModel.class.php 第 14 行.
NOTIC: [8] Undefined index: is_jump /home/yunzhantest2y3ucnmzfhzaqnlt7ersdt/wwwroot/Apps/Home/Model/CategoryModel.class.php 第 14 行.
NOTIC: [8] Undefined index: is_jump /home/yunzhantest2y3ucnmzfhzaqnlt7ersdt/wwwroot/Apps/Home/Model/CategoryModel.class.php 第 14 行.
NOTIC: [8] Undefined index: is_jump /home/yunzhantest2y3ucnmzfhzaqnlt7ersdt/wwwroot/Apps/Home/Model/CategoryModel.class.php 第 14 行.
NOTIC: [8] Undefined index: is_jump /home/yunzhantest2y3ucnmzfhzaqnlt7ersdt/wwwroot/Apps/Home/Model/CategoryModel.class.php 第 14 行.
NOTIC: [8] Undefined index: is_jump /home/yunzhantest2y3ucnmzfhzaqnlt7ersdt/wwwroot/Apps/Home/Model/CategoryModel.class.php 第 14 行.
NOTIC: [8] Undefined index: is_jump /home/yunzhantest2y3ucnmzfhzaqnlt7ersdt/wwwroot/Apps/Home/Model/CategoryModel.class.php 第 14 行.
NOTIC: [8] Undefined index: is_jump /home/yunzhantest2y3ucnmzfhzaqnlt7ersdt/wwwroot/Apps/Home/Model/CategoryModel.class.php 第 14 行.
NOTIC: [8] Undefined index: is_jump /home/yunzhantest2y3ucnmzfhzaqnlt7ersdt/wwwroot/Apps/Home/Model/CategoryModel.class.php 第 14 行.
NOTIC: [8] Undefined index: is_jump /home/yunzhantest2y3ucnmzfhzaqnlt7ersdt/wwwroot/Apps/Home/Model/CategoryModel.class.php 第 14 行.
NOTIC: [8] Undefined index: is_jump /home/yunzhantest2y3ucnmzfhzaqnlt7ersdt/wwwroot/Apps/Home/Model/CategoryModel.class.php 第 14 行.
NOTIC: [8] Undefined index: is_jump /home/yunzhantest2y3ucnmzfhzaqnlt7ersdt/wwwroot/Apps/Home/Model/CategoryModel.class.php 第 14 行.
NOTIC: [8] Undefined index: is_jump /home/yunzhantest2y3ucnmzfhzaqnlt7ersdt/wwwroot/Apps/Home/Model/CategoryModel.class.php 第 14 行.
NOTIC: [8] Undefined index: is_jump /home/yunzhantest2y3ucnmzfhzaqnlt7ersdt/wwwroot/Apps/Home/Model/CategoryModel.class.php 第 14 行.
NOTIC: [8] Undefined index: is_jump /home/yunzhantest2y3ucnmzfhzaqnlt7ersdt/wwwroot/Apps/Home/Model/CategoryModel.class.php 第 14 行.
NOTIC: [8] Undefined index: is_jump /home/yunzhantest2y3ucnmzfhzaqnlt7ersdt/wwwroot/Apps/Home/Model/CategoryModel.class.php 第 14 行.
NOTIC: [8] Undefined index: is_jump /home/yunzhantest2y3ucnmzfhzaqnlt7ersdt/wwwroot/Apps/Home/Model/CategoryModel.class.php 第 14 行.
NOTIC: [8] Undefined index: is_jump /home/yunzhantest2y3ucnmzfhzaqnlt7ersdt/wwwroot/Apps/Home/Model/CategoryModel.class.php 第 14 行.
NOTIC: [8] Undefined index: is_jump /home/yunzhantest2y3ucnmzfhzaqnlt7ersdt/wwwroot/Apps/Home/Model/CategoryModel.class.php 第 14 行.
NOTIC: [8] Undefined index: is_jump /home/yunzhantest2y3ucnmzfhzaqnlt7ersdt/wwwroot/Apps/Home/Model/CategoryModel.class.php 第 14 行.
NOTIC: [8] Undefined index: is_jump /home/yunzhantest2y3ucnmzfhzaqnlt7ersdt/wwwroot/Apps/Home/Model/CategoryModel.class.php 第 14 行.
NOTIC: [8] Undefined index: is_jump /home/yunzhantest2y3ucnmzfhzaqnlt7ersdt/wwwroot/Apps/Home/Model/CategoryModel.class.php 第 14 行.
NOTIC: [8] Undefined index: is_jump /home/yunzhantest2y3ucnmzfhzaqnlt7ersdt/wwwroot/Apps/Home/Model/CategoryModel.class.php 第 14 行.
SQL: SHOW COLUMNS FROM `yunzhan_category` [ RunTime:0.0011s ]
SQL: SELECT * FROM `yunzhan_category` WHERE `pid` = 0 AND `display` = 1 AND `nav_display` = 1  [ RunTime:0.0006s ]
NOTIC: [8] Undefined offset: 0 /home/yunzhantest2y3ucnmzfhzaqnlt7ersdt/wwwroot/Apps/Home/Controller/IndexController.class.php 第 23 行.
NOTIC: [8] Undefined offset: 0 /home/yunzhantest2y3ucnmzfhzaqnlt7ersdt/wwwroot/Apps/Home/Controller/IndexController.class.php 第 23 行.
NOTIC: [8] Undefined index:  /home/yunzhantest2y3ucnmzfhzaqnlt7ersdt/wwwroot/Apps/Home/Controller/IndexController.class.php 第 23 行.
NOTIC: [8] Undefined offset: 0 /home/yunzhantest2y3ucnmzfhzaqnlt7ersdt/wwwroot/Apps/Home/Controller/IndexController.class.php 第 23 行.
NOTIC: [8] Undefined offset: 0 /home/yunzhantest2y3ucnmzfhzaqnlt7ersdt/wwwroot/Apps/Home/Controller/IndexController.class.php 第 23 行.
NOTIC: [8] Undefined index:  /home/yunzhantest2y3ucnmzfhzaqnlt7ersdt/wwwroot/Apps/Home/Controller/IndexController.class.php 第 23 行.
NOTIC: [8] Undefined offset: 0 /home/yunzhantest2y3ucnmzfhzaqnlt7ersdt/wwwroot/Apps/Home/Controller/IndexController.class.php 第 23 行.
NOTIC: [8] Undefined offset: 0 /home/yunzhantest2y3ucnmzfhzaqnlt7ersdt/wwwroot/Apps/Home/Controller/IndexController.class.php 第 23 行.
NOTIC: [8] Undefined index:  /home/yunzhantest2y3ucnmzfhzaqnlt7ersdt/wwwroot/Apps/Home/Controller/IndexController.class.php 第 23 行.
NOTIC: [8] Undefined offset: 0 /home/yunzhantest2y3ucnmzfhzaqnlt7ersdt/wwwroot/Apps/Home/Controller/IndexController.class.php 第 23 行.
NOTIC: [8] Undefined offset: 0 /home/yunzhantest2y3ucnmzfhzaqnlt7ersdt/wwwroot/Apps/Home/Controller/IndexController.class.php 第 23 行.
NOTIC: [8] Undefined index:  /home/yunzhantest2y3ucnmzfhzaqnlt7ersdt/wwwroot/Apps/Home/Controller/IndexController.class.php 第 23 行.
NOTIC: [8] Undefined offset: 0 /home/yunzhantest2y3ucnmzfhzaqnlt7ersdt/wwwroot/Apps/Home/Controller/IndexController.class.php 第 23 行.
NOTIC: [8] Undefined offset: 0 /home/yunzhantest2y3ucnmzfhzaqnlt7ersdt/wwwroot/Apps/Home/Controller/IndexController.class.php 第 23 行.
NOTIC: [8] Undefined index:  /home/yunzhantest2y3ucnmzfhzaqnlt7ersdt/wwwroot/Apps/Home/Controller/IndexController.class.php 第 23 行.
NOTIC: [8] Undefined offset: 0 /home/yunzhantest2y3ucnmzfhzaqnlt7ersdt/wwwroot/Apps/Home/Controller/IndexController.class.php 第 23 行.
NOTIC: [8] Undefined offset: 0 /home/yunzhantest2y3ucnmzfhzaqnlt7ersdt/wwwroot/Apps/Home/Controller/IndexController.class.php 第 23 行.
NOTIC: [8] Undefined index:  /home/yunzhantest2y3ucnmzfhzaqnlt7ersdt/wwwroot/Apps/Home/Controller/IndexController.class.php 第 23 行.
NOTIC: [8] Undefined offset: 0 /home/yunzhantest2y3ucnmzfhzaqnlt7ersdt/wwwroot/Apps/Home/Controller/IndexController.class.php 第 23 行.
NOTIC: [8] Undefined offset: 0 /home/yunzhantest2y3ucnmzfhzaqnlt7ersdt/wwwroot/Apps/Home/Controller/IndexController.class.php 第 23 行.
NOTIC: [8] Undefined index:  /home/yunzhantest2y3ucnmzfhzaqnlt7ersdt/wwwroot/Apps/Home/Controller/IndexController.class.php 第 23 行.
NOTIC: [8] Undefined offset: 0 /home/yunzhantest2y3ucnmzfhzaqnlt7ersdt/wwwroot/Apps/Home/Controller/IndexController.class.php 第 23 行.
NOTIC: [8] Undefined offset: 0 /home/yunzhantest2y3ucnmzfhzaqnlt7ersdt/wwwroot/Apps/Home/Controller/IndexController.class.php 第 23 行.
NOTIC: [8] Undefined index:  /home/yunzhantest2y3ucnmzfhzaqnlt7ersdt/wwwroot/Apps/Home/Controller/IndexController.class.php 第 23 行.
NOTIC: [8] Undefined offset: 0 /home/yunzhantest2y3ucnmzfhzaqnlt7ersdt/wwwroot/Apps/Home/Controller/IndexController.class.php 第 23 行.
NOTIC: [8] Undefined offset: 0 /home/yunzhantest2y3ucnmzfhzaqnlt7ersdt/wwwroot/Apps/Home/Controller/IndexController.class.php 第 23 行.
NOTIC: [8] Undefined index:  /home/yunzhantest2y3ucnmzfhzaqnlt7ersdt/wwwroot/Apps/Home/Controller/IndexController.class.php 第 23 行.
NOTIC: [8] Undefined offset: 0 /home/yunzhantest2y3ucnmzfhzaqnlt7ersdt/wwwroot/Apps/Home/Controller/IndexController.class.php 第 23 行.
NOTIC: [8] Undefined offset: 0 /home/yunzhantest2y3ucnmzfhzaqnlt7ersdt/wwwroot/Apps/Home/Controller/IndexController.class.php 第 23 行.
NOTIC: [8] Undefined index:  /home/yunzhantest2y3ucnmzfhzaqnlt7ersdt/wwwroot/Apps/Home/Controller/IndexController.class.php 第 23 行.
SQL: SELECT * FROM `yunzhan_category` LIMIT 1   [ RunTime:0.0003s ]
SQL: SELECT * FROM `yunzhan_config` WHERE `id` = 1 LIMIT 1   [ RunTime:0.0079s ]
SQL: SELECT * FROM `yunzhan_ads` WHERE `catid` = 3 AND `startdate` <= 1490991574 AND `enddate` >= 1490991574 ORDER BY sort desc, id asc  [ RunTime:0.0059s ]
SQL: SHOW COLUMNS FROM `yunzhan_links` [ RunTime:0.0008s ]
SQL: SELECT * FROM `yunzhan_links` WHERE `catid` = 1 ORDER BY sort asc,id desc  [ RunTime:0.0041s ]
SQL: SELECT * FROM `yunzhan_ads` WHERE `catid` = 1 AND `startdate` <= 1490991574 AND `enddate` >= 1490991574 ORDER BY sort desc, id asc  [ RunTime:0.0002s ]
SQL: SELECT * FROM `yunzhan_ads` WHERE `catid` = 2 AND `startdate` <= 1490991574 AND `enddate` >= 1490991574 ORDER BY sort desc, id asc  [ RunTime:0.0003s ]
SQL: SELECT * FROM `yunzhan_category` WHERE `pid` = 6 AND `display` = 1  [ RunTime:0.0003s ]
SQL: SHOW COLUMNS FROM `yunzhan_article` [ RunTime:0.0006s ]
SQL: SELECT * FROM `yunzhan_article` WHERE `is_recom` = 1 AND `status` = 1 AND `catid` IN ('44','45','46','6','') ORDER BY sort asc,create_time asc,id desc  [ RunTime:0.0012s ]
SQL: SELECT * FROM `yunzhan_ads` WHERE `catid` = 6 AND `startdate` <= 1490991574 AND `enddate` >= 1490991574 ORDER BY sort desc, id asc  [ RunTime:0.0004s ]
SQL: SHOW COLUMNS FROM `yunzhan_case` [ RunTime:0.0005s ]
SQL: SELECT `id`,`title`,`catid` FROM `yunzhan_case` WHERE `area_id` = 1 ORDER BY sort asc,id desc LIMIT 4   [ RunTime:0.0004s ]
SQL: SELECT `id`,`title`,`catid` FROM `yunzhan_case` WHERE `area_id` = 2 ORDER BY sort asc,id desc LIMIT 4   [ RunTime:0.0002s ]
SQL: SELECT `id`,`title`,`catid` FROM `yunzhan_case` WHERE `area_id` = 3 ORDER BY sort asc,id desc LIMIT 4   [ RunTime:0.0002s ]
SQL: SELECT `id`,`title`,`catid` FROM `yunzhan_case` WHERE `area_id` = 4 ORDER BY sort asc,id desc LIMIT 4   [ RunTime:0.0002s ]
SQL: SELECT `id`,`title`,`catid` FROM `yunzhan_case` WHERE `area_id` = 5 ORDER BY sort asc,id desc LIMIT 4   [ RunTime:0.0002s ]
SQL: SELECT `id`,`title`,`catid` FROM `yunzhan_case` WHERE `area_id` = 6 ORDER BY sort asc,id desc LIMIT 4   [ RunTime:0.0002s ]
SQL: SELECT `id`,`title`,`catid` FROM `yunzhan_case` WHERE `area_id` = 7 ORDER BY sort asc,id desc LIMIT 4   [ RunTime:0.0002s ]
SQL: SELECT `id`,`title`,`catid` FROM `yunzhan_case` WHERE `area_id` = 8 ORDER BY sort asc,id desc LIMIT 4   [ RunTime:0.0002s ]
SQL: SELECT `id`,`title`,`catid` FROM `yunzhan_case` WHERE `area_id` = 9 ORDER BY sort asc,id desc LIMIT 4   [ RunTime:0.0002s ]
SQL: SELECT `id`,`title`,`catid` FROM `yunzhan_case` WHERE `area_id` = 10 ORDER BY sort asc,id desc LIMIT 4   [ RunTime:0.0002s ]
INFO: [ view_parse ] --START--
INFO: [ template_filter ] --START--
INFO: Run Behavior\ContentReplaceBehavior [ RunTime:0.000156s ]
INFO: [ template_filter ] --END-- [ RunTime:0.000224s ]
NOTIC: [8] Undefined index: alt /home/yunzhantest2y3ucnmzfhzaqnlt7ersdt/wwwroot/Apps/Runtime/Cache/Home/400c995c330f1f6ecac6b9102849eb7e.php 第 72 行.
NOTIC: [8] Undefined index: alt /home/yunzhantest2y3ucnmzfhzaqnlt7ersdt/wwwroot/Apps/Runtime/Cache/Home/400c995c330f1f6ecac6b9102849eb7e.php 第 72 行.
NOTIC: [8] Undefined index: alt /home/yunzhantest2y3ucnmzfhzaqnlt7ersdt/wwwroot/Apps/Runtime/Cache/Home/400c995c330f1f6ecac6b9102849eb7e.php 第 72 行.
NOTIC: [8] Undefined index: alt /home/yunzhantest2y3ucnmzfhzaqnlt7ersdt/wwwroot/Apps/Runtime/Cache/Home/400c995c330f1f6ecac6b9102849eb7e.php 第 72 行.
NOTIC: [8] Undefined index: alt /home/yunzhantest2y3ucnmzfhzaqnlt7ersdt/wwwroot/Apps/Runtime/Cache/Home/400c995c330f1f6ecac6b9102849eb7e.php 第 72 行.
NOTIC: [8] Undefined variable: zhejiang_customer /home/yunzhantest2y3ucnmzfhzaqnlt7ersdt/wwwroot/Apps/Runtime/Cache/Home/400c995c330f1f6ecac6b9102849eb7e.php 第 103 行.
NOTIC: [8] Undefined variable: shanghai_customer /home/yunzhantest2y3ucnmzfhzaqnlt7ersdt/wwwroot/Apps/Runtime/Cache/Home/400c995c330f1f6ecac6b9102849eb7e.php 第 102 行.
NOTIC: [8] Undefined variable: jiangsu_customer /home/yunzhantest2y3ucnmzfhzaqnlt7ersdt/wwwroot/Apps/Runtime/Cache/Home/400c995c330f1f6ecac6b9102849eb7e.php 第 101 行.
NOTIC: [8] Undefined variable: jiangxi_customer /home/yunzhantest2y3ucnmzfhzaqnlt7ersdt/wwwroot/Apps/Runtime/Cache/Home/400c995c330f1f6ecac6b9102849eb7e.php 第 100 行.
NOTIC: [8] Undefined variable: chongqing_customer /home/yunzhantest2y3ucnmzfhzaqnlt7ersdt/wwwroot/Apps/Runtime/Cache/Home/400c995c330f1f6ecac6b9102849eb7e.php 第 99 行.
NOTIC: [8] Undefined variable: shanxi_customer /home/yunzhantest2y3ucnmzfhzaqnlt7ersdt/wwwroot/Apps/Runtime/Cache/Home/400c995c330f1f6ecac6b9102849eb7e.php 第 98 行.
NOTIC: [8] Undefined variable: shandong_customer /home/yunzhantest2y3ucnmzfhzaqnlt7ersdt/wwwroot/Apps/Runtime/Cache/Home/400c995c330f1f6ecac6b9102849eb7e.php 第 97 行.
NOTIC: [8] Undefined variable: liaoning_customer /home/yunzhantest2y3ucnmzfhzaqnlt7ersdt/wwwroot/Apps/Runtime/Cache/Home/400c995c330f1f6ecac6b9102849eb7e.php 第 96 行.
NOTIC: [8] Undefined variable: hebei_customer /home/yunzhantest2y3ucnmzfhzaqnlt7ersdt/wwwroot/Apps/Runtime/Cache/Home/400c995c330f1f6ecac6b9102849eb7e.php 第 95 行.
NOTIC: [8] Undefined variable: beijing_customer /home/yunzhantest2y3ucnmzfhzaqnlt7ersdt/wwwroot/Apps/Runtime/Cache/Home/400c995c330f1f6ecac6b9102849eb7e.php 第 94 行.
SQL: SELECT * FROM `yunzhan_category` WHERE `pid` = 6 AND `display` = 1  [ RunTime:0.0001s ]
SQL: SELECT * FROM `yunzhan_category` WHERE `pid` = 5 AND `display` = 1  [ RunTime:0.0005s ]
SQL: SELECT * FROM `yunzhan_category` WHERE ( id=5 ) LIMIT 1   [ RunTime:0.0002s ]
SQL: SELECT * FROM `yunzhan_category` WHERE `id` = 5 LIMIT 1   [ RunTime:0.0002s ]
INFO: Run Behavior\ParseTemplateBehavior [ RunTime:0.066293s ]
INFO: [ view_parse ] --END-- [ RunTime:0.066362s ]
INFO: [ view_filter ] --START--
INFO: Run Behavior\WriteHtmlCacheBehavior [ RunTime:0.003163s ]
INFO: [ view_filter ] --END-- [ RunTime:0.003207s ]
INFO: [ app_end ] --START--
INFO: Run Behavior\ShowPageTraceBehavior [ RunTime:0.028159s ]
INFO: [ app_end ] --END-- [ RunTime:0.028251s ]

