[ 2017-04-12T00:38:22+08:00 ] 157.55.39.68 /robots.txt
INFO: [ app_init ] --START--
INFO: Run Behavior\BuildLiteBehavior [ RunTime:0.000017s ]
INFO: [ app_init ] --END-- [ RunTime:0.000380s ]
INFO: [ app_begin ] --START--
INFO: Run Behavior\ReadHtmlCacheBehavior [ RunTime:0.000728s ]
INFO: [ app_begin ] --END-- [ RunTime:0.000782s ]
ERR: 无法加载控制器:Robots.txt

[ 2017-04-12T00:38:28+08:00 ] 40.77.167.68 /product/index/catid/3.html
INFO: [ app_init ] --START--
INFO: Run Behavior\BuildLiteBehavior [ RunTime:0.000017s ]
INFO: [ app_init ] --END-- [ RunTime:0.000520s ]
INFO: [ app_begin ] --START--
INFO: Run Behavior\ReadHtmlCacheBehavior [ RunTime:0.000433s ]
INFO: [ app_begin ] --END-- [ RunTime:0.000486s ]
SQL: SHOW COLUMNS FROM `yunzhan_stats` [ RunTime:0.0010s ]
SQL: DELETE FROM `yunzhan_stats` WHERE ( access_time < 1970-01-01 ) [ RunTime:0.0003s ]
SQL: SHOW COLUMNS FROM `yunzhan_category` [ RunTime:0.0009s ]
SQL: SHOW COLUMNS FROM `yunzhan_config` [ RunTime:0.0007s ]
SQL: SHOW COLUMNS FROM `yunzhan_pages` [ RunTime:0.0006s ]
SQL: SHOW COLUMNS FROM `yunzhan_ads` [ RunTime:0.0008s ]
SQL: SHOW COLUMNS FROM `yunzhan_article` [ RunTime:0.0008s ]
SQL: SHOW COLUMNS FROM `yunzhan_links` [ RunTime:0.0006s ]
SQL: SELECT * FROM `yunzhan_category` WHERE ( 1=1 ) ORDER BY sort asc, id asc  [ RunTime:0.0011s ]
NOTIC: [8] Undefined index: is_jump /home/yunzhantest2y3ucnmzfhzaqnlt7ersdt/wwwroot/Apps/Home/Model/CategoryModel.class.php 第 14 行.
NOTIC: [8] Undefined index: is_jump /home/yunzhantest2y3ucnmzfhzaqnlt7ersdt/wwwroot/Apps/Home/Model/CategoryModel.class.php 第 14 行.
NOTIC: [8] Undefined index: is_jump /home/yunzhantest2y3ucnmzfhzaqnlt7ersdt/wwwroot/Apps/Home/Model/CategoryModel.class.php 第 14 行.
NOTIC: [8] Undefined index: is_jump /home/yunzhantest2y3ucnmzfhzaqnlt7ersdt/wwwroot/Apps/Home/Model/CategoryModel.class.php 第 14 行.
NOTIC: [8] Undefined index: is_jump /home/yunzhantest2y3ucnmzfhzaqnlt7ersdt/wwwroot/Apps/Home/Model/CategoryModel.class.php 第 14 行.
NOTIC: [8] Undefined index: is_jump /home/yunzhantest2y3ucnmzfhzaqnlt7ersdt/wwwroot/Apps/Home/Model/CategoryModel.class.php 第 14 行.
NOTIC: [8] Undefined index: is_jump /home/yunzhantest2y3ucnmzfhzaqnlt7ersdt/wwwroot/Apps/Home/Model/CategoryModel.class.php 第 14 行.
NOTIC: [8] Undefined index: is_jump /home/yunzhantest2y3ucnmzfhzaqnlt7ersdt/wwwroot/Apps/Home/Model/CategoryModel.class.php 第 14 行.
NOTIC: [8] Undefined index: is_jump /home/yunzhantest2y3ucnmzfhzaqnlt7ersdt/wwwroot/Apps/Home/Model/CategoryModel.class.php 第 14 行.
NOTIC: [8] Undefined index: is_jump /home/yunzhantest2y3ucnmzfhzaqnlt7ersdt/wwwroot/Apps/Home/Model/CategoryModel.class.php 第 14 行.
NOTIC: [8] Undefined index: is_jump /home/yunzhantest2y3ucnmzfhzaqnlt7ersdt/wwwroot/Apps/Home/Model/CategoryModel.class.php 第 14 行.
NOTIC: [8] Undefined index: is_jump /home/yunzhantest2y3ucnmzfhzaqnlt7ersdt/wwwroot/Apps/Home/Model/CategoryModel.class.php 第 14 行.
NOTIC: [8] Undefined index: is_jump /home/yunzhantest2y3ucnmzfhzaqnlt7ersdt/wwwroot/Apps/Home/Model/CategoryModel.class.php 第 14 行.
NOTIC: [8] Undefined index: is_jump /home/yunzhantest2y3ucnmzfhzaqnlt7ersdt/wwwroot/Apps/Home/Model/CategoryModel.class.php 第 14 行.
NOTIC: [8] Undefined index: is_jump /home/yunzhantest2y3ucnmzfhzaqnlt7ersdt/wwwroot/Apps/Home/Model/CategoryModel.class.php 第 14 行.
NOTIC: [8] Undefined index: is_jump /home/yunzhantest2y3ucnmzfhzaqnlt7ersdt/wwwroot/Apps/Home/Model/CategoryModel.class.php 第 14 行.
NOTIC: [8] Undefined index: is_jump /home/yunzhantest2y3ucnmzfhzaqnlt7ersdt/wwwroot/Apps/Home/Model/CategoryModel.class.php 第 14 行.
NOTIC: [8] Undefined index: is_jump /home/yunzhantest2y3ucnmzfhzaqnlt7ersdt/wwwroot/Apps/Home/Model/CategoryModel.class.php 第 14 行.
NOTIC: [8] Undefined index: is_jump /home/yunzhantest2y3ucnmzfhzaqnlt7ersdt/wwwroot/Apps/Home/Model/CategoryModel.class.php 第 14 行.
NOTIC: [8] Undefined index: is_jump /home/yunzhantest2y3ucnmzfhzaqnlt7ersdt/wwwroot/Apps/Home/Model/CategoryModel.class.php 第 14 行.
NOTIC: [8] Undefined index: is_jump /home/yunzhantest2y3ucnmzfhzaqnlt7ersdt/wwwroot/Apps/Home/Model/CategoryModel.class.php 第 14 行.
NOTIC: [8] Undefined index: is_jump /home/yunzhantest2y3ucnmzfhzaqnlt7ersdt/wwwroot/Apps/Home/Model/CategoryModel.class.php 第 14 行.
NOTIC: [8] Undefined index: is_jump /home/yunzhantest2y3ucnmzfhzaqnlt7ersdt/wwwroot/Apps/Home/Model/CategoryModel.class.php 第 14 行.
NOTIC: [8] Undefined index: is_jump /home/yunzhantest2y3ucnmzfhzaqnlt7ersdt/wwwroot/Apps/Home/Model/CategoryModel.class.php 第 14 行.
NOTIC: [8] Undefined index: is_jump /home/yunzhantest2y3ucnmzfhzaqnlt7ersdt/wwwroot/Apps/Home/Model/CategoryModel.class.php 第 14 行.
NOTIC: [8] Undefined index: is_jump /home/yunzhantest2y3ucnmzfhzaqnlt7ersdt/wwwroot/Apps/Home/Model/CategoryModel.class.php 第 14 行.
NOTIC: [8] Undefined index: is_jump /home/yunzhantest2y3ucnmzfhzaqnlt7ersdt/wwwroot/Apps/Home/Model/CategoryModel.class.php 第 14 行.
NOTIC: [8] Undefined index: is_jump /home/yunzhantest2y3ucnmzfhzaqnlt7ersdt/wwwroot/Apps/Home/Model/CategoryModel.class.php 第 14 行.
NOTIC: [8] Undefined index: is_jump /home/yunzhantest2y3ucnmzfhzaqnlt7ersdt/wwwroot/Apps/Home/Model/CategoryModel.class.php 第 14 行.
NOTIC: [8] Undefined index: is_jump /home/yunzhantest2y3ucnmzfhzaqnlt7ersdt/wwwroot/Apps/Home/Model/CategoryModel.class.php 第 14 行.
NOTIC: [8] Undefined index: is_jump /home/yunzhantest2y3ucnmzfhzaqnlt7ersdt/wwwroot/Apps/Home/Model/CategoryModel.class.php 第 14 行.
NOTIC: [8] Undefined index: is_jump /home/yunzhantest2y3ucnmzfhzaqnlt7ersdt/wwwroot/Apps/Home/Model/CategoryModel.class.php 第 14 行.
NOTIC: [8] Undefined index: is_jump /home/yunzhantest2y3ucnmzfhzaqnlt7ersdt/wwwroot/Apps/Home/Model/CategoryModel.class.php 第 14 行.
NOTIC: [8] Undefined index: is_jump /home/yunzhantest2y3ucnmzfhzaqnlt7ersdt/wwwroot/Apps/Home/Model/CategoryModel.class.php 第 14 行.
NOTIC: [8] Undefined index: is_jump /home/yunzhantest2y3ucnmzfhzaqnlt7ersdt/wwwroot/Apps/Home/Model/CategoryModel.class.php 第 14 行.
NOTIC: [8] Undefined index: is_jump /home/yunzhantest2y3ucnmzfhzaqnlt7ersdt/wwwroot/Apps/Home/Model/CategoryModel.class.php 第 14 行.
NOTIC: [8] Undefined index: is_jump /home/yunzhantest2y3ucnmzfhzaqnlt7ersdt/wwwroot/Apps/Home/Model/CategoryModel.class.php 第 14 行.
NOTIC: [8] Undefined index: is_jump /home/yunzhantest2y3ucnmzfhzaqnlt7ersdt/wwwroot/Apps/Home/Model/CategoryModel.class.php 第 14 行.
NOTIC: [8] Undefined index: is_jump /home/yunzhantest2y3ucnmzfhzaqnlt7ersdt/wwwroot/Apps/Home/Model/CategoryModel.class.php 第 14 行.
NOTIC: [8] Undefined index: is_jump /home/yunzhantest2y3ucnmzfhzaqnlt7ersdt/wwwroot/Apps/Home/Model/CategoryModel.class.php 第 14 行.
NOTIC: [8] Undefined index: is_jump /home/yunzhantest2y3ucnmzfhzaqnlt7ersdt/wwwroot/Apps/Home/Model/CategoryModel.class.php 第 14 行.
NOTIC: [8] Undefined index: is_jump /home/yunzhantest2y3ucnmzfhzaqnlt7ersdt/wwwroot/Apps/Home/Model/CategoryModel.class.php 第 14 行.
NOTIC: [8] Undefined index: is_jump /home/yunzhantest2y3ucnmzfhzaqnlt7ersdt/wwwroot/Apps/Home/Model/CategoryModel.class.php 第 14 行.
NOTIC: [8] Undefined index: is_jump /home/yunzhantest2y3ucnmzfhzaqnlt7ersdt/wwwroot/Apps/Home/Model/CategoryModel.class.php 第 14 行.
NOTIC: [8] Undefined index: is_jump /home/yunzhantest2y3ucnmzfhzaqnlt7ersdt/wwwroot/Apps/Home/Model/CategoryModel.class.php 第 14 行.
NOTIC: [8] Undefined index: is_jump /home/yunzhantest2y3ucnmzfhzaqnlt7ersdt/wwwroot/Apps/Home/Model/CategoryModel.class.php 第 14 行.
NOTIC: [8] Undefined index: is_jump /home/yunzhantest2y3ucnmzfhzaqnlt7ersdt/wwwroot/Apps/Home/Model/CategoryModel.class.php 第 14 行.
NOTIC: [8] Undefined index: is_jump /home/yunzhantest2y3ucnmzfhzaqnlt7ersdt/wwwroot/Apps/Home/Model/CategoryModel.class.php 第 14 行.
NOTIC: [8] Undefined index: is_jump /home/yunzhantest2y3ucnmzfhzaqnlt7ersdt/wwwroot/Apps/Home/Model/CategoryModel.class.php 第 14 行.
NOTIC: [8] Undefined offset: 0 /home/yunzhantest2y3ucnmzfhzaqnlt7ersdt/wwwroot/Apps/Home/Controller/ProductController.class.php 第 21 行.
NOTIC: [8] Undefined offset: 0 /home/yunzhantest2y3ucnmzfhzaqnlt7ersdt/wwwroot/Apps/Home/Controller/ProductController.class.php 第 21 行.
NOTIC: [8] Undefined index:  /home/yunzhantest2y3ucnmzfhzaqnlt7ersdt/wwwroot/Apps/Home/Controller/ProductController.class.php 第 21 行.
NOTIC: [8] Undefined offset: 0 /home/yunzhantest2y3ucnmzfhzaqnlt7ersdt/wwwroot/Apps/Home/Controller/ProductController.class.php 第 21 行.
NOTIC: [8] Undefined offset: 0 /home/yunzhantest2y3ucnmzfhzaqnlt7ersdt/wwwroot/Apps/Home/Controller/ProductController.class.php 第 21 行.
NOTIC: [8] Undefined index:  /home/yunzhantest2y3ucnmzfhzaqnlt7ersdt/wwwroot/Apps/Home/Controller/ProductController.class.php 第 21 行.
NOTIC: [8] Undefined offset: 0 /home/yunzhantest2y3ucnmzfhzaqnlt7ersdt/wwwroot/Apps/Home/Controller/ProductController.class.php 第 21 行.
NOTIC: [8] Undefined offset: 0 /home/yunzhantest2y3ucnmzfhzaqnlt7ersdt/wwwroot/Apps/Home/Controller/ProductController.class.php 第 21 行.
NOTIC: [8] Undefined index:  /home/yunzhantest2y3ucnmzfhzaqnlt7ersdt/wwwroot/Apps/Home/Controller/ProductController.class.php 第 21 行.
NOTIC: [8] Undefined offset: 0 /home/yunzhantest2y3ucnmzfhzaqnlt7ersdt/wwwroot/Apps/Home/Controller/ProductController.class.php 第 21 行.
NOTIC: [8] Undefined offset: 0 /home/yunzhantest2y3ucnmzfhzaqnlt7ersdt/wwwroot/Apps/Home/Controller/ProductController.class.php 第 21 行.
NOTIC: [8] Undefined index:  /home/yunzhantest2y3ucnmzfhzaqnlt7ersdt/wwwroot/Apps/Home/Controller/ProductController.class.php 第 21 行.
NOTIC: [8] Undefined offset: 0 /home/yunzhantest2y3ucnmzfhzaqnlt7ersdt/wwwroot/Apps/Home/Controller/ProductController.class.php 第 21 行.
NOTIC: [8] Undefined offset: 0 /home/yunzhantest2y3ucnmzfhzaqnlt7ersdt/wwwroot/Apps/Home/Controller/ProductController.class.php 第 21 行.
NOTIC: [8] Undefined index:  /home/yunzhantest2y3ucnmzfhzaqnlt7ersdt/wwwroot/Apps/Home/Controller/ProductController.class.php 第 21 行.
NOTIC: [8] Undefined offset: 0 /home/yunzhantest2y3ucnmzfhzaqnlt7ersdt/wwwroot/Apps/Home/Controller/ProductController.class.php 第 21 行.
NOTIC: [8] Undefined offset: 0 /home/yunzhantest2y3ucnmzfhzaqnlt7ersdt/wwwroot/Apps/Home/Controller/ProductController.class.php 第 21 行.
NOTIC: [8] Undefined index:  /home/yunzhantest2y3ucnmzfhzaqnlt7ersdt/wwwroot/Apps/Home/Controller/ProductController.class.php 第 21 行.
NOTIC: [8] Undefined offset: 0 /home/yunzhantest2y3ucnmzfhzaqnlt7ersdt/wwwroot/Apps/Home/Controller/ProductController.class.php 第 21 行.
NOTIC: [8] Undefined offset: 0 /home/yunzhantest2y3ucnmzfhzaqnlt7ersdt/wwwroot/Apps/Home/Controller/ProductController.class.php 第 21 行.
NOTIC: [8] Undefined index:  /home/yunzhantest2y3ucnmzfhzaqnlt7ersdt/wwwroot/Apps/Home/Controller/ProductController.class.php 第 21 行.
NOTIC: [8] Undefined offset: 0 /home/yunzhantest2y3ucnmzfhzaqnlt7ersdt/wwwroot/Apps/Home/Controller/ProductController.class.php 第 21 行.
NOTIC: [8] Undefined offset: 0 /home/yunzhantest2y3ucnmzfhzaqnlt7ersdt/wwwroot/Apps/Home/Controller/ProductController.class.php 第 21 行.
NOTIC: [8] Undefined index:  /home/yunzhantest2y3ucnmzfhzaqnlt7ersdt/wwwroot/Apps/Home/Controller/ProductController.class.php 第 21 行.
NOTIC: [8] Undefined offset: 0 /home/yunzhantest2y3ucnmzfhzaqnlt7ersdt/wwwroot/Apps/Home/Controller/ProductController.class.php 第 21 行.
NOTIC: [8] Undefined offset: 0 /home/yunzhantest2y3ucnmzfhzaqnlt7ersdt/wwwroot/Apps/Home/Controller/ProductController.class.php 第 21 行.
NOTIC: [8] Undefined index:  /home/yunzhantest2y3ucnmzfhzaqnlt7ersdt/wwwroot/Apps/Home/Controller/ProductController.class.php 第 21 行.
SQL: SHOW COLUMNS FROM `yunzhan_category` [ RunTime:0.0005s ]
SQL: SELECT * FROM `yunzhan_category` WHERE `pid` = 0 AND `display` = 1 AND `nav_display` = 1  [ RunTime:0.0004s ]
SQL: SELECT * FROM `yunzhan_category` WHERE `id` = 3 LIMIT 1   [ RunTime:0.0002s ]
SQL: SELECT * FROM `yunzhan_config` WHERE `id` = 1 LIMIT 1   [ RunTime:0.0002s ]
SQL: SELECT * FROM `yunzhan_ads` WHERE `catid` = 3 AND `startdate` <= 1491928708 AND `enddate` >= 1491928708 ORDER BY sort desc, id asc  [ RunTime:0.0002s ]
SQL: SHOW COLUMNS FROM `yunzhan_links` [ RunTime:0.0004s ]
SQL: SELECT * FROM `yunzhan_links` WHERE `catid` = 1 ORDER BY sort asc,id desc  [ RunTime:0.0002s ]
SQL: SELECT * FROM `yunzhan_category` WHERE `id` = 3 LIMIT 1   [ RunTime:0.0001s ]
SQL: SELECT * FROM `yunzhan_category` WHERE `id` = 0 LIMIT 1   [ RunTime:0.0002s ]
SQL: SHOW COLUMNS FROM `yunzhan_article` [ RunTime:0.0004s ]
SQL: SELECT `id`,`catid`,`title`,`thumb`,`create_time`,`description` FROM `yunzhan_article` WHERE `catid` = 8 AND `status` = 1 ORDER BY sort asc,create_time asc,id desc LIMIT 8   [ RunTime:0.0007s ]
SQL: SELECT * FROM `yunzhan_category` WHERE `pid` = 47 AND `display` = 1  [ RunTime:0.0003s ]
SQL: SELECT * FROM `yunzhan_category` WHERE `pid` = 9 AND `display` = 1  [ RunTime:0.0003s ]
SQL: SELECT * FROM `yunzhan_category` WHERE `pid` = 10 AND `display` = 1  [ RunTime:0.0003s ]
SQL: SELECT * FROM `yunzhan_category` WHERE `pid` = 11 AND `display` = 1  [ RunTime:0.0003s ]
SQL: SELECT * FROM `yunzhan_category` WHERE `pid` = 12 AND `display` = 1  [ RunTime:0.0003s ]
SQL: SELECT * FROM `yunzhan_category` WHERE `pid` = 13 AND `display` = 1  [ RunTime:0.0003s ]
SQL: SELECT * FROM `yunzhan_category` WHERE `pid` = 14 AND `display` = 1  [ RunTime:0.0003s ]
SQL: SELECT `id`,`title`,`catid` FROM `yunzhan_article` WHERE `catid` = 8 AND `status` = 1 AND `is_recom` = 1 ORDER BY sort asc,create_time asc,id desc LIMIT 10   [ RunTime:0.0003s ]
SQL: SELECT * FROM `yunzhan_ads` WHERE `catid` = 4 AND `startdate` <= 1491928708 AND `enddate` >= 1491928708 ORDER BY sort desc, id asc LIMIT 1   [ RunTime:0.0002s ]
SQL: SELECT COUNT(*) AS tp_count FROM `yunzhan_article` WHERE `catid` = 3 AND `status` = 1 LIMIT 1   [ RunTime:0.0002s ]
SQL: SELECT * FROM `yunzhan_article` WHERE `catid` = 3 AND `status` = 1 ORDER BY sort asc,id desc LIMIT 0,12   [ RunTime:0.0002s ]
INFO: [ view_parse ] --START--
INFO: [ template_filter ] --START--
INFO: Run Behavior\ContentReplaceBehavior [ RunTime:0.000083s ]
INFO: [ template_filter ] --END-- [ RunTime:0.000136s ]
SQL: SELECT * FROM `yunzhan_category` WHERE `pid` = 6 AND `display` = 1  [ RunTime:0.0004s ]
SQL: SELECT * FROM `yunzhan_category` WHERE `pid` = 5 AND `display` = 1  [ RunTime:0.0003s ]
INFO: Run Behavior\ParseTemplateBehavior [ RunTime:0.016307s ]
INFO: [ view_parse ] --END-- [ RunTime:0.016369s ]
INFO: [ view_filter ] --START--
INFO: Run Behavior\WriteHtmlCacheBehavior [ RunTime:0.000214s ]
INFO: [ view_filter ] --END-- [ RunTime:0.000252s ]
INFO: [ app_end ] --START--
INFO: Run Behavior\ShowPageTraceBehavior [ RunTime:0.000452s ]
INFO: [ app_end ] --END-- [ RunTime:0.000498s ]

[ 2017-04-12T05:26:16+08:00 ] 123.125.71.54 /ueditor/php/upload/image/20170308/1488941753556415.jpg
INFO: [ app_init ] --START--
INFO: Run Behavior\BuildLiteBehavior [ RunTime:0.000018s ]
INFO: [ app_init ] --END-- [ RunTime:0.000408s ]

[ 2017-04-12T05:39:17+08:00 ] 220.181.108.153 /Uploads/Content/2017-03-09/58c0be78cec83_286-246.jpg
INFO: [ app_init ] --START--
INFO: Run Behavior\BuildLiteBehavior [ RunTime:0.000016s ]
INFO: [ app_init ] --END-- [ RunTime:0.000370s ]

[ 2017-04-12T05:39:17+08:00 ] 220.181.108.119 /ueditor/php/upload/image/20170309/1489027617967934.jpg
INFO: [ app_init ] --START--
INFO: Run Behavior\BuildLiteBehavior [ RunTime:0.000020s ]
INFO: [ app_init ] --END-- [ RunTime:0.000405s ]

[ 2017-04-12T06:14:45+08:00 ] 220.181.108.106 /Uploads/Content/2017-03-09/58c0c26be6b8a_286-246.jpg
INFO: [ app_init ] --START--
INFO: Run Behavior\BuildLiteBehavior [ RunTime:0.000016s ]
INFO: [ app_init ] --END-- [ RunTime:0.000373s ]

[ 2017-04-12T06:29:03+08:00 ] 220.181.108.186 /Uploads/Content/2017-03-09/58c0c1bca1b80_286-246.jpg
INFO: [ app_init ] --START--
INFO: Run Behavior\BuildLiteBehavior [ RunTime:0.000020s ]
INFO: [ app_init ] --END-- [ RunTime:0.000733s ]

[ 2017-04-12T06:54:46+08:00 ] 123.125.71.82 /Uploads/Content/2017-03-09/58c0c7ab1fa83_286-246.jpg
INFO: [ app_init ] --START--
INFO: Run Behavior\BuildLiteBehavior [ RunTime:0.000015s ]
INFO: [ app_init ] --END-- [ RunTime:0.000327s ]

[ 2017-04-12T07:11:21+08:00 ] 220.181.108.112 /Uploads/Content/2017-03-09/58c0c21c77002_286-246.jpg
INFO: [ app_init ] --START--
INFO: Run Behavior\BuildLiteBehavior [ RunTime:0.000016s ]
INFO: [ app_init ] --END-- [ RunTime:0.000384s ]

[ 2017-04-12T08:07:33+08:00 ] 123.125.71.105 /Uploads/Content/2017-03-22/58d21416bcb57.JPG
INFO: [ app_init ] --START--
INFO: Run Behavior\BuildLiteBehavior [ RunTime:0.000018s ]
INFO: [ app_init ] --END-- [ RunTime:0.000395s ]

[ 2017-04-12T08:07:33+08:00 ] 220.181.108.120 /ueditor/php/upload/image/20170309/1489027642782733.jpg
INFO: [ app_init ] --START--
INFO: Run Behavior\BuildLiteBehavior [ RunTime:0.000020s ]
INFO: [ app_init ] --END-- [ RunTime:0.000636s ]

[ 2017-04-12T08:47:24+08:00 ] 40.77.167.118 /service/index/catid/1.html
INFO: [ app_init ] --START--
INFO: Run Behavior\BuildLiteBehavior [ RunTime:0.000015s ]
INFO: [ app_init ] --END-- [ RunTime:0.000345s ]
INFO: [ app_begin ] --START--
INFO: Run Behavior\ReadHtmlCacheBehavior [ RunTime:0.000386s ]
INFO: [ app_begin ] --END-- [ RunTime:0.000442s ]
SQL: SHOW COLUMNS FROM `yunzhan_stats` [ RunTime:0.0061s ]
SQL: DELETE FROM `yunzhan_stats` WHERE ( access_time < 1970-01-01 ) [ RunTime:0.0002s ]
SQL: SHOW COLUMNS FROM `yunzhan_category` [ RunTime:0.0106s ]
SQL: SHOW COLUMNS FROM `yunzhan_config` [ RunTime:0.0137s ]
SQL: SHOW COLUMNS FROM `yunzhan_pages` [ RunTime:0.0034s ]
SQL: SHOW COLUMNS FROM `yunzhan_ads` [ RunTime:0.0098s ]
SQL: SHOW COLUMNS FROM `yunzhan_article` [ RunTime:0.0029s ]
SQL: SHOW COLUMNS FROM `yunzhan_links` [ RunTime:0.0113s ]
SQL: SHOW COLUMNS FROM `yunzhan_service` [ RunTime:0.0037s ]
SQL: SELECT * FROM `yunzhan_category` WHERE ( 1=1 ) ORDER BY sort asc, id asc  [ RunTime:0.0014s ]
NOTIC: [8] Undefined index: is_jump /home/yunzhantest2y3ucnmzfhzaqnlt7ersdt/wwwroot/Apps/Home/Model/CategoryModel.class.php 第 14 行.
NOTIC: [8] Undefined index: is_jump /home/yunzhantest2y3ucnmzfhzaqnlt7ersdt/wwwroot/Apps/Home/Model/CategoryModel.class.php 第 14 行.
NOTIC: [8] Undefined index: is_jump /home/yunzhantest2y3ucnmzfhzaqnlt7ersdt/wwwroot/Apps/Home/Model/CategoryModel.class.php 第 14 行.
NOTIC: [8] Undefined index: is_jump /home/yunzhantest2y3ucnmzfhzaqnlt7ersdt/wwwroot/Apps/Home/Model/CategoryModel.class.php 第 14 行.
NOTIC: [8] Undefined index: is_jump /home/yunzhantest2y3ucnmzfhzaqnlt7ersdt/wwwroot/Apps/Home/Model/CategoryModel.class.php 第 14 行.
NOTIC: [8] Undefined index: is_jump /home/yunzhantest2y3ucnmzfhzaqnlt7ersdt/wwwroot/Apps/Home/Model/CategoryModel.class.php 第 14 行.
NOTIC: [8] Undefined index: is_jump /home/yunzhantest2y3ucnmzfhzaqnlt7ersdt/wwwroot/Apps/Home/Model/CategoryModel.class.php 第 14 行.
NOTIC: [8] Undefined index: is_jump /home/yunzhantest2y3ucnmzfhzaqnlt7ersdt/wwwroot/Apps/Home/Model/CategoryModel.class.php 第 14 行.
NOTIC: [8] Undefined index: is_jump /home/yunzhantest2y3ucnmzfhzaqnlt7ersdt/wwwroot/Apps/Home/Model/CategoryModel.class.php 第 14 行.
NOTIC: [8] Undefined index: is_jump /home/yunzhantest2y3ucnmzfhzaqnlt7ersdt/wwwroot/Apps/Home/Model/CategoryModel.class.php 第 14 行.
NOTIC: [8] Undefined index: is_jump /home/yunzhantest2y3ucnmzfhzaqnlt7ersdt/wwwroot/Apps/Home/Model/CategoryModel.class.php 第 14 行.
NOTIC: [8] Undefined index: is_jump /home/yunzhantest2y3ucnmzfhzaqnlt7ersdt/wwwroot/Apps/Home/Model/CategoryModel.class.php 第 14 行.
NOTIC: [8] Undefined index: is_jump /home/yunzhantest2y3ucnmzfhzaqnlt7ersdt/wwwroot/Apps/Home/Model/CategoryModel.class.php 第 14 行.
NOTIC: [8] Undefined index: is_jump /home/yunzhantest2y3ucnmzfhzaqnlt7ersdt/wwwroot/Apps/Home/Model/CategoryModel.class.php 第 14 行.
NOTIC: [8] Undefined index: is_jump /home/yunzhantest2y3ucnmzfhzaqnlt7ersdt/wwwroot/Apps/Home/Model/CategoryModel.class.php 第 14 行.
NOTIC: [8] Undefined index: is_jump /home/yunzhantest2y3ucnmzfhzaqnlt7ersdt/wwwroot/Apps/Home/Model/CategoryModel.class.php 第 14 行.
NOTIC: [8] Undefined index: is_jump /home/yunzhantest2y3ucnmzfhzaqnlt7ersdt/wwwroot/Apps/Home/Model/CategoryModel.class.php 第 14 行.
NOTIC: [8] Undefined index: is_jump /home/yunzhantest2y3ucnmzfhzaqnlt7ersdt/wwwroot/Apps/Home/Model/CategoryModel.class.php 第 14 行.
NOTIC: [8] Undefined index: is_jump /home/yunzhantest2y3ucnmzfhzaqnlt7ersdt/wwwroot/Apps/Home/Model/CategoryModel.class.php 第 14 行.
NOTIC: [8] Undefined index: is_jump /home/yunzhantest2y3ucnmzfhzaqnlt7ersdt/wwwroot/Apps/Home/Model/CategoryModel.class.php 第 14 行.
NOTIC: [8] Undefined index: is_jump /home/yunzhantest2y3ucnmzfhzaqnlt7ersdt/wwwroot/Apps/Home/Model/CategoryModel.class.php 第 14 行.
NOTIC: [8] Undefined index: is_jump /home/yunzhantest2y3ucnmzfhzaqnlt7ersdt/wwwroot/Apps/Home/Model/CategoryModel.class.php 第 14 行.
NOTIC: [8] Undefined index: is_jump /home/yunzhantest2y3ucnmzfhzaqnlt7ersdt/wwwroot/Apps/Home/Model/CategoryModel.class.php 第 14 行.
NOTIC: [8] Undefined index: is_jump /home/yunzhantest2y3ucnmzfhzaqnlt7ersdt/wwwroot/Apps/Home/Model/CategoryModel.class.php 第 14 行.
NOTIC: [8] Undefined index: is_jump /home/yunzhantest2y3ucnmzfhzaqnlt7ersdt/wwwroot/Apps/Home/Model/CategoryModel.class.php 第 14 行.
NOTIC: [8] Undefined index: is_jump /home/yunzhantest2y3ucnmzfhzaqnlt7ersdt/wwwroot/Apps/Home/Model/CategoryModel.class.php 第 14 行.
NOTIC: [8] Undefined index: is_jump /home/yunzhantest2y3ucnmzfhzaqnlt7ersdt/wwwroot/Apps/Home/Model/CategoryModel.class.php 第 14 行.
NOTIC: [8] Undefined index: is_jump /home/yunzhantest2y3ucnmzfhzaqnlt7ersdt/wwwroot/Apps/Home/Model/CategoryModel.class.php 第 14 行.
NOTIC: [8] Undefined index: is_jump /home/yunzhantest2y3ucnmzfhzaqnlt7ersdt/wwwroot/Apps/Home/Model/CategoryModel.class.php 第 14 行.
NOTIC: [8] Undefined index: is_jump /home/yunzhantest2y3ucnmzfhzaqnlt7ersdt/wwwroot/Apps/Home/Model/CategoryModel.class.php 第 14 行.
NOTIC: [8] Undefined index: is_jump /home/yunzhantest2y3ucnmzfhzaqnlt7ersdt/wwwroot/Apps/Home/Model/CategoryModel.class.php 第 14 行.
NOTIC: [8] Undefined index: is_jump /home/yunzhantest2y3ucnmzfhzaqnlt7ersdt/wwwroot/Apps/Home/Model/CategoryModel.class.php 第 14 行.
NOTIC: [8] Undefined index: is_jump /home/yunzhantest2y3ucnmzfhzaqnlt7ersdt/wwwroot/Apps/Home/Model/CategoryModel.class.php 第 14 行.
NOTIC: [8] Undefined index: is_jump /home/yunzhantest2y3ucnmzfhzaqnlt7ersdt/wwwroot/Apps/Home/Model/CategoryModel.class.php 第 14 行.
NOTIC: [8] Undefined index: is_jump /home/yunzhantest2y3ucnmzfhzaqnlt7ersdt/wwwroot/Apps/Home/Model/CategoryModel.class.php 第 14 行.
NOTIC: [8] Undefined index: is_jump /home/yunzhantest2y3ucnmzfhzaqnlt7ersdt/wwwroot/Apps/Home/Model/CategoryModel.class.php 第 14 行.
NOTIC: [8] Undefined index: is_jump /home/yunzhantest2y3ucnmzfhzaqnlt7ersdt/wwwroot/Apps/Home/Model/CategoryModel.class.php 第 14 行.
NOTIC: [8] Undefined index: is_jump /home/yunzhantest2y3ucnmzfhzaqnlt7ersdt/wwwroot/Apps/Home/Model/CategoryModel.class.php 第 14 行.
NOTIC: [8] Undefined index: is_jump /home/yunzhantest2y3ucnmzfhzaqnlt7ersdt/wwwroot/Apps/Home/Model/CategoryModel.class.php 第 14 行.
NOTIC: [8] Undefined index: is_jump /home/yunzhantest2y3ucnmzfhzaqnlt7ersdt/wwwroot/Apps/Home/Model/CategoryModel.class.php 第 14 行.
NOTIC: [8] Undefined index: is_jump /home/yunzhantest2y3ucnmzfhzaqnlt7ersdt/wwwroot/Apps/Home/Model/CategoryModel.class.php 第 14 行.
NOTIC: [8] Undefined index: is_jump /home/yunzhantest2y3ucnmzfhzaqnlt7ersdt/wwwroot/Apps/Home/Model/CategoryModel.class.php 第 14 行.
NOTIC: [8] Undefined index: is_jump /home/yunzhantest2y3ucnmzfhzaqnlt7ersdt/wwwroot/Apps/Home/Model/CategoryModel.class.php 第 14 行.
NOTIC: [8] Undefined index: is_jump /home/yunzhantest2y3ucnmzfhzaqnlt7ersdt/wwwroot/Apps/Home/Model/CategoryModel.class.php 第 14 行.
NOTIC: [8] Undefined index: is_jump /home/yunzhantest2y3ucnmzfhzaqnlt7ersdt/wwwroot/Apps/Home/Model/CategoryModel.class.php 第 14 行.
NOTIC: [8] Undefined index: is_jump /home/yunzhantest2y3ucnmzfhzaqnlt7ersdt/wwwroot/Apps/Home/Model/CategoryModel.class.php 第 14 行.
NOTIC: [8] Undefined index: is_jump /home/yunzhantest2y3ucnmzfhzaqnlt7ersdt/wwwroot/Apps/Home/Model/CategoryModel.class.php 第 14 行.
NOTIC: [8] Undefined index: is_jump /home/yunzhantest2y3ucnmzfhzaqnlt7ersdt/wwwroot/Apps/Home/Model/CategoryModel.class.php 第 14 行.
NOTIC: [8] Undefined index: is_jump /home/yunzhantest2y3ucnmzfhzaqnlt7ersdt/wwwroot/Apps/Home/Model/CategoryModel.class.php 第 14 行.
NOTIC: [8] Undefined offset: 0 /home/yunzhantest2y3ucnmzfhzaqnlt7ersdt/wwwroot/Apps/Home/Controller/ServiceController.class.php 第 22 行.
NOTIC: [8] Undefined offset: 0 /home/yunzhantest2y3ucnmzfhzaqnlt7ersdt/wwwroot/Apps/Home/Controller/ServiceController.class.php 第 22 行.
NOTIC: [8] Undefined offset: 0 /home/yunzhantest2y3ucnmzfhzaqnlt7ersdt/wwwroot/Apps/Home/Controller/ServiceController.class.php 第 22 行.
NOTIC: [8] Undefined offset: 0 /home/yunzhantest2y3ucnmzfhzaqnlt7ersdt/wwwroot/Apps/Home/Controller/ServiceController.class.php 第 22 行.
NOTIC: [8] Undefined offset: 0 /home/yunzhantest2y3ucnmzfhzaqnlt7ersdt/wwwroot/Apps/Home/Controller/ServiceController.class.php 第 22 行.
NOTIC: [8] Undefined offset: 0 /home/yunzhantest2y3ucnmzfhzaqnlt7ersdt/wwwroot/Apps/Home/Controller/ServiceController.class.php 第 22 行.
NOTIC: [8] Undefined offset: 0 /home/yunzhantest2y3ucnmzfhzaqnlt7ersdt/wwwroot/Apps/Home/Controller/ServiceController.class.php 第 22 行.
NOTIC: [8] Undefined offset: 0 /home/yunzhantest2y3ucnmzfhzaqnlt7ersdt/wwwroot/Apps/Home/Controller/ServiceController.class.php 第 22 行.
NOTIC: [8] Undefined offset: 0 /home/yunzhantest2y3ucnmzfhzaqnlt7ersdt/wwwroot/Apps/Home/Controller/ServiceController.class.php 第 22 行.
SQL: SHOW COLUMNS FROM `yunzhan_category` [ RunTime:0.0006s ]
SQL: SELECT * FROM `yunzhan_category` WHERE `pid` = 0 AND `display` = 1 AND `nav_display` = 1  [ RunTime:0.0006s ]
SQL: SELECT * FROM `yunzhan_category` WHERE `id` = 1 LIMIT 1   [ RunTime:0.0003s ]
SQL: SELECT * FROM `yunzhan_config` WHERE `id` = 1 LIMIT 1   [ RunTime:0.0064s ]
SQL: SELECT * FROM `yunzhan_ads` WHERE `catid` = 3 AND `startdate` <= 1491958044 AND `enddate` >= 1491958044 ORDER BY sort desc, id asc  [ RunTime:0.0043s ]
SQL: SHOW COLUMNS FROM `yunzhan_links` [ RunTime:0.0005s ]
SQL: SELECT * FROM `yunzhan_links` WHERE `catid` = 1 ORDER BY sort asc,id desc  [ RunTime:0.0022s ]
SQL: SELECT * FROM `yunzhan_category` WHERE `id` = 1 LIMIT 1   [ RunTime:0.0001s ]
SQL: SHOW COLUMNS FROM `yunzhan_service` [ RunTime:0.0006s ]
SQL: SELECT `id`,`catid`,`title`,`description`,`thumb` FROM `yunzhan_service` WHERE `catid` = 1 ORDER BY sort asc,id desc  [ RunTime:0.0014s ]
INFO: [ view_parse ] --START--
INFO: [ template_filter ] --START--
INFO: Run Behavior\ContentReplaceBehavior [ RunTime:0.000130s ]
INFO: [ template_filter ] --END-- [ RunTime:0.000237s ]
SQL: SELECT * FROM `yunzhan_category` WHERE `pid` = 6 AND `display` = 1  [ RunTime:0.0004s ]
SQL: SELECT * FROM `yunzhan_category` WHERE `pid` = 5 AND `display` = 1  [ RunTime:0.0003s ]
INFO: Run Behavior\ParseTemplateBehavior [ RunTime:0.026648s ]
INFO: [ view_parse ] --END-- [ RunTime:0.026714s ]
INFO: [ view_filter ] --START--
INFO: Run Behavior\WriteHtmlCacheBehavior [ RunTime:0.000193s ]
INFO: [ view_filter ] --END-- [ RunTime:0.000239s ]
INFO: [ app_end ] --START--
INFO: Run Behavior\ShowPageTraceBehavior [ RunTime:0.000495s ]
INFO: [ app_end ] --END-- [ RunTime:0.000552s ]

[ 2017-04-12T08:51:15+08:00 ] 123.125.71.85 /Uploads/Content/2017-03-09/58c0c8ff40280_286-246.jpg
INFO: [ app_init ] --START--
INFO: Run Behavior\BuildLiteBehavior [ RunTime:0.000017s ]
INFO: [ app_init ] --END-- [ RunTime:0.000362s ]

[ 2017-04-12T09:15:44+08:00 ] 220.181.108.160 /Uploads/Content/2017-03-09/58c0bda796ac6_286-246.jpg
INFO: [ app_init ] --START--
INFO: Run Behavior\BuildLiteBehavior [ RunTime:0.000017s ]
INFO: [ app_init ] --END-- [ RunTime:0.000375s ]

[ 2017-04-12T13:49:03+08:00 ] 220.181.108.97 /Uploads/Content/2017-03-20/58cfaa4a277ee_1920-250.gif
INFO: [ app_init ] --START--
INFO: Run Behavior\BuildLiteBehavior [ RunTime:0.000017s ]
INFO: [ app_init ] --END-- [ RunTime:0.000509s ]

[ 2017-04-12T15:27:47+08:00 ] 207.46.13.74 /solution/index/catid/2.html
INFO: [ app_init ] --START--
INFO: Run Behavior\BuildLiteBehavior [ RunTime:0.000026s ]
INFO: [ app_init ] --END-- [ RunTime:0.000501s ]
INFO: [ app_begin ] --START--
INFO: Run Behavior\ReadHtmlCacheBehavior [ RunTime:0.000469s ]
INFO: [ app_begin ] --END-- [ RunTime:0.000536s ]
SQL: SHOW COLUMNS FROM `yunzhan_stats` [ RunTime:0.0008s ]
SQL: DELETE FROM `yunzhan_stats` WHERE ( access_time < 1970-01-01 ) [ RunTime:0.0001s ]
SQL: SHOW COLUMNS FROM `yunzhan_category` [ RunTime:0.0006s ]
SQL: SHOW COLUMNS FROM `yunzhan_config` [ RunTime:0.0005s ]
SQL: SHOW COLUMNS FROM `yunzhan_case` [ RunTime:0.0006s ]
SQL: SHOW COLUMNS FROM `yunzhan_ads` [ RunTime:0.0006s ]
SQL: SHOW COLUMNS FROM `yunzhan_article` [ RunTime:0.0006s ]
SQL: SHOW COLUMNS FROM `yunzhan_links` [ RunTime:0.0005s ]
SQL: SELECT * FROM `yunzhan_category` WHERE ( 1=1 ) ORDER BY sort asc, id asc  [ RunTime:0.0013s ]
NOTIC: [8] Undefined index: is_jump /home/yunzhantest2y3ucnmzfhzaqnlt7ersdt/wwwroot/Apps/Home/Model/CategoryModel.class.php 第 14 行.
NOTIC: [8] Undefined index: is_jump /home/yunzhantest2y3ucnmzfhzaqnlt7ersdt/wwwroot/Apps/Home/Model/CategoryModel.class.php 第 14 行.
NOTIC: [8] Undefined index: is_jump /home/yunzhantest2y3ucnmzfhzaqnlt7ersdt/wwwroot/Apps/Home/Model/CategoryModel.class.php 第 14 行.
NOTIC: [8] Undefined index: is_jump /home/yunzhantest2y3ucnmzfhzaqnlt7ersdt/wwwroot/Apps/Home/Model/CategoryModel.class.php 第 14 行.
NOTIC: [8] Undefined index: is_jump /home/yunzhantest2y3ucnmzfhzaqnlt7ersdt/wwwroot/Apps/Home/Model/CategoryModel.class.php 第 14 行.
NOTIC: [8] Undefined index: is_jump /home/yunzhantest2y3ucnmzfhzaqnlt7ersdt/wwwroot/Apps/Home/Model/CategoryModel.class.php 第 14 行.
NOTIC: [8] Undefined index: is_jump /home/yunzhantest2y3ucnmzfhzaqnlt7ersdt/wwwroot/Apps/Home/Model/CategoryModel.class.php 第 14 行.
NOTIC: [8] Undefined index: is_jump /home/yunzhantest2y3ucnmzfhzaqnlt7ersdt/wwwroot/Apps/Home/Model/CategoryModel.class.php 第 14 行.
NOTIC: [8] Undefined index: is_jump /home/yunzhantest2y3ucnmzfhzaqnlt7ersdt/wwwroot/Apps/Home/Model/CategoryModel.class.php 第 14 行.
NOTIC: [8] Undefined index: is_jump /home/yunzhantest2y3ucnmzfhzaqnlt7ersdt/wwwroot/Apps/Home/Model/CategoryModel.class.php 第 14 行.
NOTIC: [8] Undefined index: is_jump /home/yunzhantest2y3ucnmzfhzaqnlt7ersdt/wwwroot/Apps/Home/Model/CategoryModel.class.php 第 14 行.
NOTIC: [8] Undefined index: is_jump /home/yunzhantest2y3ucnmzfhzaqnlt7ersdt/wwwroot/Apps/Home/Model/CategoryModel.class.php 第 14 行.
NOTIC: [8] Undefined index: is_jump /home/yunzhantest2y3ucnmzfhzaqnlt7ersdt/wwwroot/Apps/Home/Model/CategoryModel.class.php 第 14 行.
NOTIC: [8] Undefined index: is_jump /home/yunzhantest2y3ucnmzfhzaqnlt7ersdt/wwwroot/Apps/Home/Model/CategoryModel.class.php 第 14 行.
NOTIC: [8] Undefined index: is_jump /home/yunzhantest2y3ucnmzfhzaqnlt7ersdt/wwwroot/Apps/Home/Model/CategoryModel.class.php 第 14 行.
NOTIC: [8] Undefined index: is_jump /home/yunzhantest2y3ucnmzfhzaqnlt7ersdt/wwwroot/Apps/Home/Model/CategoryModel.class.php 第 14 行.
NOTIC: [8] Undefined index: is_jump /home/yunzhantest2y3ucnmzfhzaqnlt7ersdt/wwwroot/Apps/Home/Model/CategoryModel.class.php 第 14 行.
NOTIC: [8] Undefined index: is_jump /home/yunzhantest2y3ucnmzfhzaqnlt7ersdt/wwwroot/Apps/Home/Model/CategoryModel.class.php 第 14 行.
NOTIC: [8] Undefined index: is_jump /home/yunzhantest2y3ucnmzfhzaqnlt7ersdt/wwwroot/Apps/Home/Model/CategoryModel.class.php 第 14 行.
NOTIC: [8] Undefined index: is_jump /home/yunzhantest2y3ucnmzfhzaqnlt7ersdt/wwwroot/Apps/Home/Model/CategoryModel.class.php 第 14 行.
NOTIC: [8] Undefined index: is_jump /home/yunzhantest2y3ucnmzfhzaqnlt7ersdt/wwwroot/Apps/Home/Model/CategoryModel.class.php 第 14 行.
NOTIC: [8] Undefined index: is_jump /home/yunzhantest2y3ucnmzfhzaqnlt7ersdt/wwwroot/Apps/Home/Model/CategoryModel.class.php 第 14 行.
NOTIC: [8] Undefined index: is_jump /home/yunzhantest2y3ucnmzfhzaqnlt7ersdt/wwwroot/Apps/Home/Model/CategoryModel.class.php 第 14 行.
NOTIC: [8] Undefined index: is_jump /home/yunzhantest2y3ucnmzfhzaqnlt7ersdt/wwwroot/Apps/Home/Model/CategoryModel.class.php 第 14 行.
NOTIC: [8] Undefined index: is_jump /home/yunzhantest2y3ucnmzfhzaqnlt7ersdt/wwwroot/Apps/Home/Model/CategoryModel.class.php 第 14 行.
NOTIC: [8] Undefined index: is_jump /home/yunzhantest2y3ucnmzfhzaqnlt7ersdt/wwwroot/Apps/Home/Model/CategoryModel.class.php 第 14 行.
NOTIC: [8] Undefined index: is_jump /home/yunzhantest2y3ucnmzfhzaqnlt7ersdt/wwwroot/Apps/Home/Model/CategoryModel.class.php 第 14 行.
NOTIC: [8] Undefined index: is_jump /home/yunzhantest2y3ucnmzfhzaqnlt7ersdt/wwwroot/Apps/Home/Model/CategoryModel.class.php 第 14 行.
NOTIC: [8] Undefined index: is_jump /home/yunzhantest2y3ucnmzfhzaqnlt7ersdt/wwwroot/Apps/Home/Model/CategoryModel.class.php 第 14 行.
NOTIC: [8] Undefined index: is_jump /home/yunzhantest2y3ucnmzfhzaqnlt7ersdt/wwwroot/Apps/Home/Model/CategoryModel.class.php 第 14 行.
NOTIC: [8] Undefined index: is_jump /home/yunzhantest2y3ucnmzfhzaqnlt7ersdt/wwwroot/Apps/Home/Model/CategoryModel.class.php 第 14 行.
NOTIC: [8] Undefined index: is_jump /home/yunzhantest2y3ucnmzfhzaqnlt7ersdt/wwwroot/Apps/Home/Model/CategoryModel.class.php 第 14 行.
NOTIC: [8] Undefined index: is_jump /home/yunzhantest2y3ucnmzfhzaqnlt7ersdt/wwwroot/Apps/Home/Model/CategoryModel.class.php 第 14 行.
NOTIC: [8] Undefined index: is_jump /home/yunzhantest2y3ucnmzfhzaqnlt7ersdt/wwwroot/Apps/Home/Model/CategoryModel.class.php 第 14 行.
NOTIC: [8] Undefined index: is_jump /home/yunzhantest2y3ucnmzfhzaqnlt7ersdt/wwwroot/Apps/Home/Model/CategoryModel.class.php 第 14 行.
NOTIC: [8] Undefined index: is_jump /home/yunzhantest2y3ucnmzfhzaqnlt7ersdt/wwwroot/Apps/Home/Model/CategoryModel.class.php 第 14 行.
NOTIC: [8] Undefined index: is_jump /home/yunzhantest2y3ucnmzfhzaqnlt7ersdt/wwwroot/Apps/Home/Model/CategoryModel.class.php 第 14 行.
NOTIC: [8] Undefined index: is_jump /home/yunzhantest2y3ucnmzfhzaqnlt7ersdt/wwwroot/Apps/Home/Model/CategoryModel.class.php 第 14 行.
NOTIC: [8] Undefined index: is_jump /home/yunzhantest2y3ucnmzfhzaqnlt7ersdt/wwwroot/Apps/Home/Model/CategoryModel.class.php 第 14 行.
NOTIC: [8] Undefined index: is_jump /home/yunzhantest2y3ucnmzfhzaqnlt7ersdt/wwwroot/Apps/Home/Model/CategoryModel.class.php 第 14 行.
NOTIC: [8] Undefined index: is_jump /home/yunzhantest2y3ucnmzfhzaqnlt7ersdt/wwwroot/Apps/Home/Model/CategoryModel.class.php 第 14 行.
NOTIC: [8] Undefined index: is_jump /home/yunzhantest2y3ucnmzfhzaqnlt7ersdt/wwwroot/Apps/Home/Model/CategoryModel.class.php 第 14 行.
NOTIC: [8] Undefined index: is_jump /home/yunzhantest2y3ucnmzfhzaqnlt7ersdt/wwwroot/Apps/Home/Model/CategoryModel.class.php 第 14 行.
NOTIC: [8] Undefined index: is_jump /home/yunzhantest2y3ucnmzfhzaqnlt7ersdt/wwwroot/Apps/Home/Model/CategoryModel.class.php 第 14 行.
NOTIC: [8] Undefined index: is_jump /home/yunzhantest2y3ucnmzfhzaqnlt7ersdt/wwwroot/Apps/Home/Model/CategoryModel.class.php 第 14 行.
NOTIC: [8] Undefined index: is_jump /home/yunzhantest2y3ucnmzfhzaqnlt7ersdt/wwwroot/Apps/Home/Model/CategoryModel.class.php 第 14 行.
NOTIC: [8] Undefined index: is_jump /home/yunzhantest2y3ucnmzfhzaqnlt7ersdt/wwwroot/Apps/Home/Model/CategoryModel.class.php 第 14 行.
NOTIC: [8] Undefined index: is_jump /home/yunzhantest2y3ucnmzfhzaqnlt7ersdt/wwwroot/Apps/Home/Model/CategoryModel.class.php 第 14 行.
NOTIC: [8] Undefined index: is_jump /home/yunzhantest2y3ucnmzfhzaqnlt7ersdt/wwwroot/Apps/Home/Model/CategoryModel.class.php 第 14 行.
NOTIC: [8] Undefined offset: 0 /home/yunzhantest2y3ucnmzfhzaqnlt7ersdt/wwwroot/Apps/Home/Controller/SolutionController.class.php 第 21 行.
NOTIC: [8] Undefined offset: 0 /home/yunzhantest2y3ucnmzfhzaqnlt7ersdt/wwwroot/Apps/Home/Controller/SolutionController.class.php 第 21 行.
NOTIC: [8] Undefined offset: 0 /home/yunzhantest2y3ucnmzfhzaqnlt7ersdt/wwwroot/Apps/Home/Controller/SolutionController.class.php 第 21 行.
NOTIC: [8] Undefined offset: 0 /home/yunzhantest2y3ucnmzfhzaqnlt7ersdt/wwwroot/Apps/Home/Controller/SolutionController.class.php 第 21 行.
NOTIC: [8] Undefined offset: 0 /home/yunzhantest2y3ucnmzfhzaqnlt7ersdt/wwwroot/Apps/Home/Controller/SolutionController.class.php 第 21 行.
NOTIC: [8] Undefined offset: 0 /home/yunzhantest2y3ucnmzfhzaqnlt7ersdt/wwwroot/Apps/Home/Controller/SolutionController.class.php 第 21 行.
NOTIC: [8] Undefined offset: 0 /home/yunzhantest2y3ucnmzfhzaqnlt7ersdt/wwwroot/Apps/Home/Controller/SolutionController.class.php 第 21 行.
NOTIC: [8] Undefined offset: 0 /home/yunzhantest2y3ucnmzfhzaqnlt7ersdt/wwwroot/Apps/Home/Controller/SolutionController.class.php 第 21 行.
NOTIC: [8] Undefined offset: 0 /home/yunzhantest2y3ucnmzfhzaqnlt7ersdt/wwwroot/Apps/Home/Controller/SolutionController.class.php 第 21 行.
SQL: SHOW COLUMNS FROM `yunzhan_category` [ RunTime:0.0007s ]
SQL: SELECT * FROM `yunzhan_category` WHERE `pid` = 0 AND `display` = 1 AND `nav_display` = 1  [ RunTime:0.0004s ]
SQL: SELECT * FROM `yunzhan_category` WHERE `id` = 2 LIMIT 1   [ RunTime:0.0002s ]
SQL: SELECT * FROM `yunzhan_config` WHERE `id` = 1 LIMIT 1   [ RunTime:0.0002s ]
SQL: SELECT * FROM `yunzhan_ads` WHERE `catid` = 3 AND `startdate` <= 1491982067 AND `enddate` >= 1491982067 ORDER BY sort desc, id asc  [ RunTime:0.0004s ]
SQL: SHOW COLUMNS FROM `yunzhan_links` [ RunTime:0.0006s ]
SQL: SELECT * FROM `yunzhan_links` WHERE `catid` = 1 ORDER BY sort asc,id desc  [ RunTime:0.0003s ]
SQL: SELECT * FROM `yunzhan_category` WHERE `id` = 2 LIMIT 1   [ RunTime:0.0002s ]
SQL: SHOW COLUMNS FROM `yunzhan_article` [ RunTime:0.0008s ]
SQL: SELECT * FROM `yunzhan_article` WHERE `catid` = 2 AND `status` = 1 ORDER BY sort asc,create_time asc,id desc  [ RunTime:0.0008s ]
SQL: SHOW COLUMNS FROM `yunzhan_case` [ RunTime:0.0008s ]
SQL: SELECT `id`,`title`,`catid`,`thumb` FROM `yunzhan_case` WHERE `catid` = 43 ORDER BY sort asc,id desc LIMIT 4   [ RunTime:0.0006s ]
INFO: [ view_parse ] --START--
INFO: [ template_filter ] --START--
INFO: Run Behavior\ContentReplaceBehavior [ RunTime:0.000099s ]
INFO: [ template_filter ] --END-- [ RunTime:0.000195s ]
SQL: SELECT * FROM `yunzhan_category` WHERE `pid` = 6 AND `display` = 1  [ RunTime:0.0006s ]
SQL: SELECT * FROM `yunzhan_category` WHERE `pid` = 5 AND `display` = 1  [ RunTime:0.0003s ]
INFO: Run Behavior\ParseTemplateBehavior [ RunTime:0.017956s ]
INFO: [ view_parse ] --END-- [ RunTime:0.018020s ]
INFO: [ view_filter ] --START--
INFO: Run Behavior\WriteHtmlCacheBehavior [ RunTime:0.000230s ]
INFO: [ view_filter ] --END-- [ RunTime:0.000269s ]
INFO: [ app_end ] --START--
INFO: Run Behavior\ShowPageTraceBehavior [ RunTime:0.000688s ]
INFO: [ app_end ] --END-- [ RunTime:0.000751s ]

[ 2017-04-12T16:04:17+08:00 ] 220.181.108.183 /Uploads/Content/2017-03-22/58d21d4c65ef3_192-140.jpg
INFO: [ app_init ] --START--
INFO: Run Behavior\BuildLiteBehavior [ RunTime:0.000029s ]
INFO: [ app_init ] --END-- [ RunTime:0.000611s ]

[ 2017-04-12T16:38:05+08:00 ] 123.125.71.109 /Uploads/Content/2017-03-20/58cf5251aa20c_140-140.png
INFO: [ app_init ] --START--
INFO: Run Behavior\BuildLiteBehavior [ RunTime:0.000032s ]
INFO: [ app_init ] --END-- [ RunTime:0.000785s ]

[ 2017-04-12T18:26:41+08:00 ] 42.236.99.51 /robots.txt
INFO: [ app_init ] --START--
INFO: Run Behavior\BuildLiteBehavior [ RunTime:0.000017s ]
INFO: [ app_init ] --END-- [ RunTime:0.000351s ]
INFO: [ app_begin ] --START--
INFO: Run Behavior\ReadHtmlCacheBehavior [ RunTime:0.000407s ]
INFO: [ app_begin ] --END-- [ RunTime:0.000459s ]
ERR: 无法加载控制器:Robots.txt

