[ 2017-04-13T00:46:18+08:00 ] 123.125.71.44 /ueditor/php/upload/image/20170309/1489027698582733.jpg
INFO: [ app_init ] --START--
INFO: Run Behavior\BuildLiteBehavior [ RunTime:0.000019s ]
INFO: [ app_init ] --END-- [ RunTime:0.000449s ]

[ 2017-04-13T00:46:18+08:00 ] 220.181.108.171 /Uploads/Content/2017-03-09/58c0ca90e5dce_286-246.jpg
INFO: [ app_init ] --START--
INFO: Run Behavior\BuildLiteBehavior [ RunTime:0.000023s ]
INFO: [ app_init ] --END-- [ RunTime:0.000492s ]

[ 2017-04-13T00:48:11+08:00 ] 123.125.71.48 /Uploads/Content/2017-03-22/58d21416bcb57_82-102.JPG
INFO: [ app_init ] --START--
INFO: Run Behavior\BuildLiteBehavior [ RunTime:0.000027s ]
INFO: [ app_init ] --END-- [ RunTime:0.000521s ]

[ 2017-04-13T00:50:25+08:00 ] 123.125.71.41 /Uploads/Content/2017-03-09/58c0cac23a989_286-246.jpg
INFO: [ app_init ] --START--
INFO: Run Behavior\BuildLiteBehavior [ RunTime:0.000018s ]
INFO: [ app_init ] --END-- [ RunTime:0.000394s ]

[ 2017-04-13T00:55:14+08:00 ] 220.181.108.160 /Uploads/Content/2017-03-09/58c0c7dc22fca_286-246.jpg
INFO: [ app_init ] --START--
INFO: Run Behavior\BuildLiteBehavior [ RunTime:0.000017s ]
INFO: [ app_init ] --END-- [ RunTime:0.000416s ]

[ 2017-04-13T01:00:05+08:00 ] 220.181.108.168 /Uploads/Content/2017-03-21/58d0f2067f4b7_82-102.jpg
INFO: [ app_init ] --START--
INFO: Run Behavior\BuildLiteBehavior [ RunTime:0.000016s ]
INFO: [ app_init ] --END-- [ RunTime:0.000386s ]

[ 2017-04-13T01:23:31+08:00 ] 123.125.71.50 /ueditor/php/upload/image/20170309/1489027735991802.jpg
INFO: [ app_init ] --START--
INFO: Run Behavior\BuildLiteBehavior [ RunTime:0.000016s ]
INFO: [ app_init ] --END-- [ RunTime:0.000362s ]

[ 2017-04-13T01:29:46+08:00 ] 220.181.108.157 /Uploads/Content/2017-03-20/58cf51f8d968e_300-225.png
INFO: [ app_init ] --START--
INFO: Run Behavior\BuildLiteBehavior [ RunTime:0.000017s ]
INFO: [ app_init ] --END-- [ RunTime:0.000376s ]

[ 2017-04-13T01:43:56+08:00 ] 123.125.71.43 /Uploads/Content/2017-03-09/58c0bf6fc29de_286-246.jpg
INFO: [ app_init ] --START--
INFO: Run Behavior\BuildLiteBehavior [ RunTime:0.000017s ]
INFO: [ app_init ] --END-- [ RunTime:0.000366s ]

[ 2017-04-13T02:02:05+08:00 ] 123.125.71.76 /Uploads/Content/2017-03-22/58d21d60d67ae_780-558.jpg
INFO: [ app_init ] --START--
INFO: Run Behavior\BuildLiteBehavior [ RunTime:0.000019s ]
INFO: [ app_init ] --END-- [ RunTime:0.000375s ]

[ 2017-04-13T02:30:36+08:00 ] 123.125.71.47 /ueditor/php/upload/image/20170309/1489026932776007.jpg
INFO: [ app_init ] --START--
INFO: Run Behavior\BuildLiteBehavior [ RunTime:0.000018s ]
INFO: [ app_init ] --END-- [ RunTime:0.000367s ]

[ 2017-04-13T02:33:04+08:00 ] 220.181.108.111 /Uploads/Content/2017-03-21/58d0f6591028c_82-102.jpg
INFO: [ app_init ] --START--
INFO: Run Behavior\BuildLiteBehavior [ RunTime:0.000022s ]
INFO: [ app_init ] --END-- [ RunTime:0.000411s ]

[ 2017-04-13T02:40:48+08:00 ] 123.125.71.84 /ueditor/php/upload/image/20170309/1489027572112992.jpg
INFO: [ app_init ] --START--
INFO: Run Behavior\BuildLiteBehavior [ RunTime:0.000025s ]
INFO: [ app_init ] --END-- [ RunTime:0.000515s ]

[ 2017-04-13T03:17:58+08:00 ] 220.181.108.116 /Uploads/Content/2017-03-22/58d2212c7c3b1_82-102.jpg
INFO: [ app_init ] --START--
INFO: Run Behavior\BuildLiteBehavior [ RunTime:0.000016s ]
INFO: [ app_init ] --END-- [ RunTime:0.000476s ]

[ 2017-04-13T03:18:44+08:00 ] 220.181.108.178 /ueditor/php/upload/image/20170308/1488941722790307.jpg
INFO: [ app_init ] --START--
INFO: Run Behavior\BuildLiteBehavior [ RunTime:0.000019s ]
INFO: [ app_init ] --END-- [ RunTime:0.000376s ]

[ 2017-04-13T03:30:18+08:00 ] 123.125.71.60 /ueditor/php/upload/image/20170309/1489026967108838.jpg
INFO: [ app_init ] --START--
INFO: Run Behavior\BuildLiteBehavior [ RunTime:0.000033s ]
INFO: [ app_init ] --END-- [ RunTime:0.000836s ]

[ 2017-04-13T03:30:18+08:00 ] 123.125.71.108 /Uploads/Content/2017-03-09/58c0c8785bd69_286-246.jpg
INFO: [ app_init ] --START--
INFO: Run Behavior\BuildLiteBehavior [ RunTime:0.000033s ]
INFO: [ app_init ] --END-- [ RunTime:0.000846s ]

[ 2017-04-13T03:45:19+08:00 ] 220.181.108.140 /Uploads/Content/2017-03-09/58c0bf13515e7_286-246.jpg
INFO: [ app_init ] --START--
INFO: Run Behavior\BuildLiteBehavior [ RunTime:0.000018s ]
INFO: [ app_init ] --END-- [ RunTime:0.000372s ]

[ 2017-04-13T03:45:19+08:00 ] 123.125.71.32 /Uploads/Content/2017-03-20/58cf52b77f32e_300-225.png
INFO: [ app_init ] --START--
INFO: Run Behavior\BuildLiteBehavior [ RunTime:0.000016s ]
INFO: [ app_init ] --END-- [ RunTime:0.000362s ]

[ 2017-04-13T03:46:00+08:00 ] 123.125.71.83 /Uploads/Content/2017-03-09/58c0c844c6d73_286-246.jpg
INFO: [ app_init ] --START--
INFO: Run Behavior\BuildLiteBehavior [ RunTime:0.000017s ]
INFO: [ app_init ] --END-- [ RunTime:0.000411s ]

[ 2017-04-13T04:02:48+08:00 ] 220.181.108.102 /Uploads/Content/2017-03-09/58c0bc52d09a1_286-246.jpg
INFO: [ app_init ] --START--
INFO: Run Behavior\BuildLiteBehavior [ RunTime:0.000020s ]
INFO: [ app_init ] --END-- [ RunTime:0.000392s ]

[ 2017-04-13T04:20:07+08:00 ] 220.181.108.186 /ueditor/php/upload/image/20170309/1489027521977473.jpg
INFO: [ app_init ] --START--
INFO: Run Behavior\BuildLiteBehavior [ RunTime:0.000016s ]
INFO: [ app_init ] --END-- [ RunTime:0.000387s ]

[ 2017-04-13T04:30:37+08:00 ] 220.181.108.144 /Uploads/Content/2017-03-09/58c0c8bbf3737_286-246.jpg
INFO: [ app_init ] --START--
INFO: Run Behavior\BuildLiteBehavior [ RunTime:0.000017s ]
INFO: [ app_init ] --END-- [ RunTime:0.000370s ]

[ 2017-04-13T07:57:22+08:00 ] 123.125.71.42 /Uploads/Content/2017-03-23/58d337f879491.jpg
INFO: [ app_init ] --START--
INFO: Run Behavior\BuildLiteBehavior [ RunTime:0.000020s ]
INFO: [ app_init ] --END-- [ RunTime:0.000384s ]

[ 2017-04-13T09:19:02+08:00 ] 39.155.185.30 /
INFO: [ app_init ] --START--
INFO: Run Behavior\BuildLiteBehavior [ RunTime:0.000019s ]
INFO: [ app_init ] --END-- [ RunTime:0.000388s ]
INFO: [ app_begin ] --START--
INFO: Run Behavior\ReadHtmlCacheBehavior [ RunTime:0.000990s ]
INFO: [ app_begin ] --END-- [ RunTime:0.001048s ]
SQL: SHOW COLUMNS FROM `yunzhan_stats` [ RunTime:0.0058s ]
SQL: DELETE FROM `yunzhan_stats` WHERE ( access_time < 1970-01-01 ) [ RunTime:0.0003s ]
SQL: SHOW COLUMNS FROM `yunzhan_category` [ RunTime:0.0118s ]
SQL: SHOW COLUMNS FROM `yunzhan_config` [ RunTime:0.0091s ]
SQL: SHOW COLUMNS FROM `yunzhan_case` [ RunTime:0.0027s ]
SQL: SHOW COLUMNS FROM `yunzhan_ads` [ RunTime:0.0081s ]
SQL: SHOW COLUMNS FROM `yunzhan_article` [ RunTime:0.0023s ]
SQL: SHOW COLUMNS FROM `yunzhan_links` [ RunTime:0.0070s ]
SQL: SELECT * FROM `yunzhan_category` WHERE ( 1=1 ) ORDER BY sort asc, id asc  [ RunTime:0.0015s ]
NOTIC: [8] Undefined index: is_jump /home/yunzhantest2y3ucnmzfhzaqnlt7ersdt/wwwroot/Apps/Home/Model/CategoryModel.class.php 第 14 行.
NOTIC: [8] Undefined index: is_jump /home/yunzhantest2y3ucnmzfhzaqnlt7ersdt/wwwroot/Apps/Home/Model/CategoryModel.class.php 第 14 行.
NOTIC: [8] Undefined index: is_jump /home/yunzhantest2y3ucnmzfhzaqnlt7ersdt/wwwroot/Apps/Home/Model/CategoryModel.class.php 第 14 行.
NOTIC: [8] Undefined index: is_jump /home/yunzhantest2y3ucnmzfhzaqnlt7ersdt/wwwroot/Apps/Home/Model/CategoryModel.class.php 第 14 行.
NOTIC: [8] Undefined index: is_jump /home/yunzhantest2y3ucnmzfhzaqnlt7ersdt/wwwroot/Apps/Home/Model/CategoryModel.class.php 第 14 行.
NOTIC: [8] Undefined index: is_jump /home/yunzhantest2y3ucnmzfhzaqnlt7ersdt/wwwroot/Apps/Home/Model/CategoryModel.class.php 第 14 行.
NOTIC: [8] Undefined index: is_jump /home/yunzhantest2y3ucnmzfhzaqnlt7ersdt/wwwroot/Apps/Home/Model/CategoryModel.class.php 第 14 行.
NOTIC: [8] Undefined index: is_jump /home/yunzhantest2y3ucnmzfhzaqnlt7ersdt/wwwroot/Apps/Home/Model/CategoryModel.class.php 第 14 行.
NOTIC: [8] Undefined index: is_jump /home/yunzhantest2y3ucnmzfhzaqnlt7ersdt/wwwroot/Apps/Home/Model/CategoryModel.class.php 第 14 行.
NOTIC: [8] Undefined index: is_jump /home/yunzhantest2y3ucnmzfhzaqnlt7ersdt/wwwroot/Apps/Home/Model/CategoryModel.class.php 第 14 行.
NOTIC: [8] Undefined index: is_jump /home/yunzhantest2y3ucnmzfhzaqnlt7ersdt/wwwroot/Apps/Home/Model/CategoryModel.class.php 第 14 行.
NOTIC: [8] Undefined index: is_jump /home/yunzhantest2y3ucnmzfhzaqnlt7ersdt/wwwroot/Apps/Home/Model/CategoryModel.class.php 第 14 行.
NOTIC: [8] Undefined index: is_jump /home/yunzhantest2y3ucnmzfhzaqnlt7ersdt/wwwroot/Apps/Home/Model/CategoryModel.class.php 第 14 行.
NOTIC: [8] Undefined index: is_jump /home/yunzhantest2y3ucnmzfhzaqnlt7ersdt/wwwroot/Apps/Home/Model/CategoryModel.class.php 第 14 行.
NOTIC: [8] Undefined index: is_jump /home/yunzhantest2y3ucnmzfhzaqnlt7ersdt/wwwroot/Apps/Home/Model/CategoryModel.class.php 第 14 行.
NOTIC: [8] Undefined index: is_jump /home/yunzhantest2y3ucnmzfhzaqnlt7ersdt/wwwroot/Apps/Home/Model/CategoryModel.class.php 第 14 行.
NOTIC: [8] Undefined index: is_jump /home/yunzhantest2y3ucnmzfhzaqnlt7ersdt/wwwroot/Apps/Home/Model/CategoryModel.class.php 第 14 行.
NOTIC: [8] Undefined index: is_jump /home/yunzhantest2y3ucnmzfhzaqnlt7ersdt/wwwroot/Apps/Home/Model/CategoryModel.class.php 第 14 行.
NOTIC: [8] Undefined index: is_jump /home/yunzhantest2y3ucnmzfhzaqnlt7ersdt/wwwroot/Apps/Home/Model/CategoryModel.class.php 第 14 行.
NOTIC: [8] Undefined index: is_jump /home/yunzhantest2y3ucnmzfhzaqnlt7ersdt/wwwroot/Apps/Home/Model/CategoryModel.class.php 第 14 行.
NOTIC: [8] Undefined index: is_jump /home/yunzhantest2y3ucnmzfhzaqnlt7ersdt/wwwroot/Apps/Home/Model/CategoryModel.class.php 第 14 行.
NOTIC: [8] Undefined index: is_jump /home/yunzhantest2y3ucnmzfhzaqnlt7ersdt/wwwroot/Apps/Home/Model/CategoryModel.class.php 第 14 行.
NOTIC: [8] Undefined index: is_jump /home/yunzhantest2y3ucnmzfhzaqnlt7ersdt/wwwroot/Apps/Home/Model/CategoryModel.class.php 第 14 行.
NOTIC: [8] Undefined index: is_jump /home/yunzhantest2y3ucnmzfhzaqnlt7ersdt/wwwroot/Apps/Home/Model/CategoryModel.class.php 第 14 行.
NOTIC: [8] Undefined index: is_jump /home/yunzhantest2y3ucnmzfhzaqnlt7ersdt/wwwroot/Apps/Home/Model/CategoryModel.class.php 第 14 行.
NOTIC: [8] Undefined index: is_jump /home/yunzhantest2y3ucnmzfhzaqnlt7ersdt/wwwroot/Apps/Home/Model/CategoryModel.class.php 第 14 行.
NOTIC: [8] Undefined index: is_jump /home/yunzhantest2y3ucnmzfhzaqnlt7ersdt/wwwroot/Apps/Home/Model/CategoryModel.class.php 第 14 行.
NOTIC: [8] Undefined index: is_jump /home/yunzhantest2y3ucnmzfhzaqnlt7ersdt/wwwroot/Apps/Home/Model/CategoryModel.class.php 第 14 行.
NOTIC: [8] Undefined index: is_jump /home/yunzhantest2y3ucnmzfhzaqnlt7ersdt/wwwroot/Apps/Home/Model/CategoryModel.class.php 第 14 行.
NOTIC: [8] Undefined index: is_jump /home/yunzhantest2y3ucnmzfhzaqnlt7ersdt/wwwroot/Apps/Home/Model/CategoryModel.class.php 第 14 行.
NOTIC: [8] Undefined index: is_jump /home/yunzhantest2y3ucnmzfhzaqnlt7ersdt/wwwroot/Apps/Home/Model/CategoryModel.class.php 第 14 行.
NOTIC: [8] Undefined index: is_jump /home/yunzhantest2y3ucnmzfhzaqnlt7ersdt/wwwroot/Apps/Home/Model/CategoryModel.class.php 第 14 行.
NOTIC: [8] Undefined index: is_jump /home/yunzhantest2y3ucnmzfhzaqnlt7ersdt/wwwroot/Apps/Home/Model/CategoryModel.class.php 第 14 行.
NOTIC: [8] Undefined index: is_jump /home/yunzhantest2y3ucnmzfhzaqnlt7ersdt/wwwroot/Apps/Home/Model/CategoryModel.class.php 第 14 行.
NOTIC: [8] Undefined index: is_jump /home/yunzhantest2y3ucnmzfhzaqnlt7ersdt/wwwroot/Apps/Home/Model/CategoryModel.class.php 第 14 行.
NOTIC: [8] Undefined index: is_jump /home/yunzhantest2y3ucnmzfhzaqnlt7ersdt/wwwroot/Apps/Home/Model/CategoryModel.class.php 第 14 行.
NOTIC: [8] Undefined index: is_jump /home/yunzhantest2y3ucnmzfhzaqnlt7ersdt/wwwroot/Apps/Home/Model/CategoryModel.class.php 第 14 行.
NOTIC: [8] Undefined index: is_jump /home/yunzhantest2y3ucnmzfhzaqnlt7ersdt/wwwroot/Apps/Home/Model/CategoryModel.class.php 第 14 行.
NOTIC: [8] Undefined index: is_jump /home/yunzhantest2y3ucnmzfhzaqnlt7ersdt/wwwroot/Apps/Home/Model/CategoryModel.class.php 第 14 行.
NOTIC: [8] Undefined index: is_jump /home/yunzhantest2y3ucnmzfhzaqnlt7ersdt/wwwroot/Apps/Home/Model/CategoryModel.class.php 第 14 行.
NOTIC: [8] Undefined index: is_jump /home/yunzhantest2y3ucnmzfhzaqnlt7ersdt/wwwroot/Apps/Home/Model/CategoryModel.class.php 第 14 行.
NOTIC: [8] Undefined index: is_jump /home/yunzhantest2y3ucnmzfhzaqnlt7ersdt/wwwroot/Apps/Home/Model/CategoryModel.class.php 第 14 行.
NOTIC: [8] Undefined index: is_jump /home/yunzhantest2y3ucnmzfhzaqnlt7ersdt/wwwroot/Apps/Home/Model/CategoryModel.class.php 第 14 行.
NOTIC: [8] Undefined index: is_jump /home/yunzhantest2y3ucnmzfhzaqnlt7ersdt/wwwroot/Apps/Home/Model/CategoryModel.class.php 第 14 行.
NOTIC: [8] Undefined index: is_jump /home/yunzhantest2y3ucnmzfhzaqnlt7ersdt/wwwroot/Apps/Home/Model/CategoryModel.class.php 第 14 行.
NOTIC: [8] Undefined index: is_jump /home/yunzhantest2y3ucnmzfhzaqnlt7ersdt/wwwroot/Apps/Home/Model/CategoryModel.class.php 第 14 行.
NOTIC: [8] Undefined index: is_jump /home/yunzhantest2y3ucnmzfhzaqnlt7ersdt/wwwroot/Apps/Home/Model/CategoryModel.class.php 第 14 行.
NOTIC: [8] Undefined index: is_jump /home/yunzhantest2y3ucnmzfhzaqnlt7ersdt/wwwroot/Apps/Home/Model/CategoryModel.class.php 第 14 行.
NOTIC: [8] Undefined index: is_jump /home/yunzhantest2y3ucnmzfhzaqnlt7ersdt/wwwroot/Apps/Home/Model/CategoryModel.class.php 第 14 行.
SQL: SHOW COLUMNS FROM `yunzhan_category` [ RunTime:0.0008s ]
SQL: SELECT * FROM `yunzhan_category` WHERE `pid` = 0 AND `display` = 1 AND `nav_display` = 1  [ RunTime:0.0005s ]
NOTIC: [8] Undefined offset: 0 /home/yunzhantest2y3ucnmzfhzaqnlt7ersdt/wwwroot/Apps/Home/Controller/IndexController.class.php 第 23 行.
NOTIC: [8] Undefined offset: 0 /home/yunzhantest2y3ucnmzfhzaqnlt7ersdt/wwwroot/Apps/Home/Controller/IndexController.class.php 第 23 行.
NOTIC: [8] Undefined index:  /home/yunzhantest2y3ucnmzfhzaqnlt7ersdt/wwwroot/Apps/Home/Controller/IndexController.class.php 第 23 行.
NOTIC: [8] Undefined offset: 0 /home/yunzhantest2y3ucnmzfhzaqnlt7ersdt/wwwroot/Apps/Home/Controller/IndexController.class.php 第 23 行.
NOTIC: [8] Undefined offset: 0 /home/yunzhantest2y3ucnmzfhzaqnlt7ersdt/wwwroot/Apps/Home/Controller/IndexController.class.php 第 23 行.
NOTIC: [8] Undefined index:  /home/yunzhantest2y3ucnmzfhzaqnlt7ersdt/wwwroot/Apps/Home/Controller/IndexController.class.php 第 23 行.
NOTIC: [8] Undefined offset: 0 /home/yunzhantest2y3ucnmzfhzaqnlt7ersdt/wwwroot/Apps/Home/Controller/IndexController.class.php 第 23 行.
NOTIC: [8] Undefined offset: 0 /home/yunzhantest2y3ucnmzfhzaqnlt7ersdt/wwwroot/Apps/Home/Controller/IndexController.class.php 第 23 行.
NOTIC: [8] Undefined index:  /home/yunzhantest2y3ucnmzfhzaqnlt7ersdt/wwwroot/Apps/Home/Controller/IndexController.class.php 第 23 行.
NOTIC: [8] Undefined offset: 0 /home/yunzhantest2y3ucnmzfhzaqnlt7ersdt/wwwroot/Apps/Home/Controller/IndexController.class.php 第 23 行.
NOTIC: [8] Undefined offset: 0 /home/yunzhantest2y3ucnmzfhzaqnlt7ersdt/wwwroot/Apps/Home/Controller/IndexController.class.php 第 23 行.
NOTIC: [8] Undefined index:  /home/yunzhantest2y3ucnmzfhzaqnlt7ersdt/wwwroot/Apps/Home/Controller/IndexController.class.php 第 23 行.
NOTIC: [8] Undefined offset: 0 /home/yunzhantest2y3ucnmzfhzaqnlt7ersdt/wwwroot/Apps/Home/Controller/IndexController.class.php 第 23 行.
NOTIC: [8] Undefined offset: 0 /home/yunzhantest2y3ucnmzfhzaqnlt7ersdt/wwwroot/Apps/Home/Controller/IndexController.class.php 第 23 行.
NOTIC: [8] Undefined index:  /home/yunzhantest2y3ucnmzfhzaqnlt7ersdt/wwwroot/Apps/Home/Controller/IndexController.class.php 第 23 行.
NOTIC: [8] Undefined offset: 0 /home/yunzhantest2y3ucnmzfhzaqnlt7ersdt/wwwroot/Apps/Home/Controller/IndexController.class.php 第 23 行.
NOTIC: [8] Undefined offset: 0 /home/yunzhantest2y3ucnmzfhzaqnlt7ersdt/wwwroot/Apps/Home/Controller/IndexController.class.php 第 23 行.
NOTIC: [8] Undefined index:  /home/yunzhantest2y3ucnmzfhzaqnlt7ersdt/wwwroot/Apps/Home/Controller/IndexController.class.php 第 23 行.
NOTIC: [8] Undefined offset: 0 /home/yunzhantest2y3ucnmzfhzaqnlt7ersdt/wwwroot/Apps/Home/Controller/IndexController.class.php 第 23 行.
NOTIC: [8] Undefined offset: 0 /home/yunzhantest2y3ucnmzfhzaqnlt7ersdt/wwwroot/Apps/Home/Controller/IndexController.class.php 第 23 行.
NOTIC: [8] Undefined index:  /home/yunzhantest2y3ucnmzfhzaqnlt7ersdt/wwwroot/Apps/Home/Controller/IndexController.class.php 第 23 行.
NOTIC: [8] Undefined offset: 0 /home/yunzhantest2y3ucnmzfhzaqnlt7ersdt/wwwroot/Apps/Home/Controller/IndexController.class.php 第 23 行.
NOTIC: [8] Undefined offset: 0 /home/yunzhantest2y3ucnmzfhzaqnlt7ersdt/wwwroot/Apps/Home/Controller/IndexController.class.php 第 23 行.
NOTIC: [8] Undefined index:  /home/yunzhantest2y3ucnmzfhzaqnlt7ersdt/wwwroot/Apps/Home/Controller/IndexController.class.php 第 23 行.
NOTIC: [8] Undefined offset: 0 /home/yunzhantest2y3ucnmzfhzaqnlt7ersdt/wwwroot/Apps/Home/Controller/IndexController.class.php 第 23 行.
NOTIC: [8] Undefined offset: 0 /home/yunzhantest2y3ucnmzfhzaqnlt7ersdt/wwwroot/Apps/Home/Controller/IndexController.class.php 第 23 行.
NOTIC: [8] Undefined index:  /home/yunzhantest2y3ucnmzfhzaqnlt7ersdt/wwwroot/Apps/Home/Controller/IndexController.class.php 第 23 行.
NOTIC: [8] Undefined offset: 0 /home/yunzhantest2y3ucnmzfhzaqnlt7ersdt/wwwroot/Apps/Home/Controller/IndexController.class.php 第 23 行.
NOTIC: [8] Undefined offset: 0 /home/yunzhantest2y3ucnmzfhzaqnlt7ersdt/wwwroot/Apps/Home/Controller/IndexController.class.php 第 23 行.
NOTIC: [8] Undefined index:  /home/yunzhantest2y3ucnmzfhzaqnlt7ersdt/wwwroot/Apps/Home/Controller/IndexController.class.php 第 23 行.
SQL: SELECT * FROM `yunzhan_category` LIMIT 1   [ RunTime:0.0003s ]
SQL: SELECT * FROM `yunzhan_config` WHERE `id` = 1 LIMIT 1   [ RunTime:0.0048s ]
SQL: SELECT * FROM `yunzhan_ads` WHERE `catid` = 3 AND `startdate` <= 1492046342 AND `enddate` >= 1492046342 ORDER BY sort desc, id asc  [ RunTime:0.0023s ]
SQL: SHOW COLUMNS FROM `yunzhan_links` [ RunTime:0.0005s ]
SQL: SELECT * FROM `yunzhan_links` WHERE `catid` = 1 ORDER BY sort asc,id desc  [ RunTime:0.0026s ]
SQL: SELECT * FROM `yunzhan_ads` WHERE `catid` = 1 AND `startdate` <= 1492046342 AND `enddate` >= 1492046342 ORDER BY sort desc, id asc  [ RunTime:0.0002s ]
SQL: SELECT * FROM `yunzhan_ads` WHERE `catid` = 2 AND `startdate` <= 1492046342 AND `enddate` >= 1492046342 ORDER BY sort desc, id asc  [ RunTime:0.0003s ]
SQL: SELECT * FROM `yunzhan_category` WHERE `pid` = 6 AND `display` = 1  [ RunTime:0.0004s ]
SQL: SHOW COLUMNS FROM `yunzhan_article` [ RunTime:0.0010s ]
SQL: SELECT * FROM `yunzhan_article` WHERE `is_recom` = 1 AND `status` = 1 AND `catid` IN ('44','45','46','6','') ORDER BY sort asc,create_time asc,id desc  [ RunTime:0.0017s ]
SQL: SELECT * FROM `yunzhan_ads` WHERE `catid` = 6 AND `startdate` <= 1492046342 AND `enddate` >= 1492046342 ORDER BY sort desc, id asc  [ RunTime:0.0005s ]
SQL: SHOW COLUMNS FROM `yunzhan_case` [ RunTime:0.0005s ]
SQL: SELECT `id`,`title`,`catid` FROM `yunzhan_case` WHERE `area_id` = 1 ORDER BY sort asc,id desc LIMIT 4   [ RunTime:0.0004s ]
SQL: SELECT `id`,`title`,`catid` FROM `yunzhan_case` WHERE `area_id` = 2 ORDER BY sort asc,id desc LIMIT 4   [ RunTime:0.0002s ]
SQL: SELECT `id`,`title`,`catid` FROM `yunzhan_case` WHERE `area_id` = 3 ORDER BY sort asc,id desc LIMIT 4   [ RunTime:0.0002s ]
SQL: SELECT `id`,`title`,`catid` FROM `yunzhan_case` WHERE `area_id` = 4 ORDER BY sort asc,id desc LIMIT 4   [ RunTime:0.0002s ]
SQL: SELECT `id`,`title`,`catid` FROM `yunzhan_case` WHERE `area_id` = 5 ORDER BY sort asc,id desc LIMIT 4   [ RunTime:0.0002s ]
SQL: SELECT `id`,`title`,`catid` FROM `yunzhan_case` WHERE `area_id` = 6 ORDER BY sort asc,id desc LIMIT 4   [ RunTime:0.0003s ]
SQL: SELECT `id`,`title`,`catid` FROM `yunzhan_case` WHERE `area_id` = 7 ORDER BY sort asc,id desc LIMIT 4   [ RunTime:0.0002s ]
SQL: SELECT `id`,`title`,`catid` FROM `yunzhan_case` WHERE `area_id` = 8 ORDER BY sort asc,id desc LIMIT 4   [ RunTime:0.0002s ]
SQL: SELECT `id`,`title`,`catid` FROM `yunzhan_case` WHERE `area_id` = 9 ORDER BY sort asc,id desc LIMIT 4   [ RunTime:0.0003s ]
SQL: SELECT `id`,`title`,`catid` FROM `yunzhan_case` WHERE `area_id` = 10 ORDER BY sort asc,id desc LIMIT 4   [ RunTime:0.0003s ]
INFO: [ view_parse ] --START--
INFO: [ template_filter ] --START--
INFO: Run Behavior\ContentReplaceBehavior [ RunTime:0.000129s ]
INFO: [ template_filter ] --END-- [ RunTime:0.000198s ]
NOTIC: [8] Undefined index: alt /home/yunzhantest2y3ucnmzfhzaqnlt7ersdt/wwwroot/Apps/Runtime/Cache/Home/400c995c330f1f6ecac6b9102849eb7e.php 第 72 行.
NOTIC: [8] Undefined index: alt /home/yunzhantest2y3ucnmzfhzaqnlt7ersdt/wwwroot/Apps/Runtime/Cache/Home/400c995c330f1f6ecac6b9102849eb7e.php 第 72 行.
NOTIC: [8] Undefined index: alt /home/yunzhantest2y3ucnmzfhzaqnlt7ersdt/wwwroot/Apps/Runtime/Cache/Home/400c995c330f1f6ecac6b9102849eb7e.php 第 72 行.
NOTIC: [8] Undefined index: alt /home/yunzhantest2y3ucnmzfhzaqnlt7ersdt/wwwroot/Apps/Runtime/Cache/Home/400c995c330f1f6ecac6b9102849eb7e.php 第 72 行.
NOTIC: [8] Undefined index: alt /home/yunzhantest2y3ucnmzfhzaqnlt7ersdt/wwwroot/Apps/Runtime/Cache/Home/400c995c330f1f6ecac6b9102849eb7e.php 第 72 行.
NOTIC: [8] Undefined variable: zhejiang_customer /home/yunzhantest2y3ucnmzfhzaqnlt7ersdt/wwwroot/Apps/Runtime/Cache/Home/400c995c330f1f6ecac6b9102849eb7e.php 第 103 行.
NOTIC: [8] Undefined variable: shanghai_customer /home/yunzhantest2y3ucnmzfhzaqnlt7ersdt/wwwroot/Apps/Runtime/Cache/Home/400c995c330f1f6ecac6b9102849eb7e.php 第 102 行.
NOTIC: [8] Undefined variable: jiangsu_customer /home/yunzhantest2y3ucnmzfhzaqnlt7ersdt/wwwroot/Apps/Runtime/Cache/Home/400c995c330f1f6ecac6b9102849eb7e.php 第 101 行.
NOTIC: [8] Undefined variable: jiangxi_customer /home/yunzhantest2y3ucnmzfhzaqnlt7ersdt/wwwroot/Apps/Runtime/Cache/Home/400c995c330f1f6ecac6b9102849eb7e.php 第 100 行.
NOTIC: [8] Undefined variable: chongqing_customer /home/yunzhantest2y3ucnmzfhzaqnlt7ersdt/wwwroot/Apps/Runtime/Cache/Home/400c995c330f1f6ecac6b9102849eb7e.php 第 99 行.
NOTIC: [8] Undefined variable: shanxi_customer /home/yunzhantest2y3ucnmzfhzaqnlt7ersdt/wwwroot/Apps/Runtime/Cache/Home/400c995c330f1f6ecac6b9102849eb7e.php 第 98 行.
NOTIC: [8] Undefined variable: shandong_customer /home/yunzhantest2y3ucnmzfhzaqnlt7ersdt/wwwroot/Apps/Runtime/Cache/Home/400c995c330f1f6ecac6b9102849eb7e.php 第 97 行.
NOTIC: [8] Undefined variable: liaoning_customer /home/yunzhantest2y3ucnmzfhzaqnlt7ersdt/wwwroot/Apps/Runtime/Cache/Home/400c995c330f1f6ecac6b9102849eb7e.php 第 96 行.
NOTIC: [8] Undefined variable: hebei_customer /home/yunzhantest2y3ucnmzfhzaqnlt7ersdt/wwwroot/Apps/Runtime/Cache/Home/400c995c330f1f6ecac6b9102849eb7e.php 第 95 行.
NOTIC: [8] Undefined variable: beijing_customer /home/yunzhantest2y3ucnmzfhzaqnlt7ersdt/wwwroot/Apps/Runtime/Cache/Home/400c995c330f1f6ecac6b9102849eb7e.php 第 94 行.
SQL: SELECT * FROM `yunzhan_category` WHERE `pid` = 6 AND `display` = 1  [ RunTime:0.0001s ]
SQL: SELECT * FROM `yunzhan_category` WHERE `pid` = 5 AND `display` = 1  [ RunTime:0.0004s ]
INFO: Run Behavior\ParseTemplateBehavior [ RunTime:0.030870s ]
INFO: [ view_parse ] --END-- [ RunTime:0.030943s ]
INFO: [ view_filter ] --START--
INFO: Run Behavior\WriteHtmlCacheBehavior [ RunTime:0.000227s ]
INFO: [ view_filter ] --END-- [ RunTime:0.000266s ]
INFO: [ app_end ] --START--
INFO: Run Behavior\ShowPageTraceBehavior [ RunTime:0.000477s ]
INFO: [ app_end ] --END-- [ RunTime:0.000523s ]

[ 2017-04-13T09:19:05+08:00 ] 39.155.185.30 /favicon.ico
INFO: [ app_init ] --START--
INFO: Run Behavior\BuildLiteBehavior [ RunTime:0.000019s ]
INFO: [ app_init ] --END-- [ RunTime:0.000450s ]

[ 2017-04-13T09:19:05+08:00 ] 39.155.185.30 /favicon.ico
INFO: [ app_init ] --START--
INFO: Run Behavior\BuildLiteBehavior [ RunTime:0.000020s ]
INFO: [ app_init ] --END-- [ RunTime:0.000429s ]

[ 2017-04-13T13:48:46+08:00 ] 123.125.71.111 /Public/Home/images/nav_button.gif
INFO: [ app_init ] --START--
INFO: Run Behavior\BuildLiteBehavior [ RunTime:0.000017s ]
INFO: [ app_init ] --END-- [ RunTime:0.000395s ]

[ 2017-04-13T22:25:11+08:00 ] 42.236.99.194 /robots.txt
INFO: [ app_init ] --START--
INFO: Run Behavior\BuildLiteBehavior [ RunTime:0.000016s ]
INFO: [ app_init ] --END-- [ RunTime:0.000361s ]
INFO: [ app_begin ] --START--
INFO: Run Behavior\ReadHtmlCacheBehavior [ RunTime:0.000454s ]
INFO: [ app_begin ] --END-- [ RunTime:0.000506s ]
ERR: 无法加载控制器:Robots.txt

[ 2017-04-13T23:08:50+08:00 ] 220.181.51.94 /robots.txt
INFO: [ app_init ] --START--
INFO: Run Behavior\BuildLiteBehavior [ RunTime:0.000021s ]
INFO: [ app_init ] --END-- [ RunTime:0.000407s ]
INFO: [ app_begin ] --START--
INFO: Run Behavior\ReadHtmlCacheBehavior [ RunTime:0.000429s ]
INFO: [ app_begin ] --END-- [ RunTime:0.000510s ]
ERR: 无法加载控制器:Robots.txt

[ 2017-04-13T23:34:32+08:00 ] 157.55.39.113 /robots.txt
INFO: [ app_init ] --START--
INFO: Run Behavior\BuildLiteBehavior [ RunTime:0.000018s ]
INFO: [ app_init ] --END-- [ RunTime:0.000471s ]
INFO: [ app_begin ] --START--
INFO: Run Behavior\ReadHtmlCacheBehavior [ RunTime:0.000409s ]
INFO: [ app_begin ] --END-- [ RunTime:0.000461s ]
ERR: 无法加载控制器:Robots.txt

[ 2017-04-13T23:40:13+08:00 ] 157.55.39.125 /support/index/catid/4.html
INFO: [ app_init ] --START--
INFO: Run Behavior\BuildLiteBehavior [ RunTime:0.000015s ]
INFO: [ app_init ] --END-- [ RunTime:0.000358s ]
INFO: [ app_begin ] --START--
INFO: Run Behavior\ReadHtmlCacheBehavior [ RunTime:0.000445s ]
INFO: [ app_begin ] --END-- [ RunTime:0.000498s ]
SQL: SHOW COLUMNS FROM `yunzhan_stats` [ RunTime:0.0010s ]
SQL: DELETE FROM `yunzhan_stats` WHERE ( access_time < 1970-01-01 ) [ RunTime:0.0003s ]
SQL: SHOW COLUMNS FROM `yunzhan_category` [ RunTime:0.0008s ]
SQL: SHOW COLUMNS FROM `yunzhan_config` [ RunTime:0.0006s ]
SQL: SHOW COLUMNS FROM `yunzhan_pages` [ RunTime:0.0006s ]
SQL: SHOW COLUMNS FROM `yunzhan_ads` [ RunTime:0.0007s ]
SQL: SHOW COLUMNS FROM `yunzhan_article` [ RunTime:0.0005s ]
SQL: SHOW COLUMNS FROM `yunzhan_links` [ RunTime:0.0005s ]
SQL: SELECT * FROM `yunzhan_category` WHERE ( 1=1 ) ORDER BY sort asc, id asc  [ RunTime:0.0014s ]
NOTIC: [8] Undefined index: is_jump /home/yunzhantest2y3ucnmzfhzaqnlt7ersdt/wwwroot/Apps/Home/Model/CategoryModel.class.php 第 14 行.
NOTIC: [8] Undefined index: is_jump /home/yunzhantest2y3ucnmzfhzaqnlt7ersdt/wwwroot/Apps/Home/Model/CategoryModel.class.php 第 14 行.
NOTIC: [8] Undefined index: is_jump /home/yunzhantest2y3ucnmzfhzaqnlt7ersdt/wwwroot/Apps/Home/Model/CategoryModel.class.php 第 14 行.
NOTIC: [8] Undefined index: is_jump /home/yunzhantest2y3ucnmzfhzaqnlt7ersdt/wwwroot/Apps/Home/Model/CategoryModel.class.php 第 14 行.
NOTIC: [8] Undefined index: is_jump /home/yunzhantest2y3ucnmzfhzaqnlt7ersdt/wwwroot/Apps/Home/Model/CategoryModel.class.php 第 14 行.
NOTIC: [8] Undefined index: is_jump /home/yunzhantest2y3ucnmzfhzaqnlt7ersdt/wwwroot/Apps/Home/Model/CategoryModel.class.php 第 14 行.
NOTIC: [8] Undefined index: is_jump /home/yunzhantest2y3ucnmzfhzaqnlt7ersdt/wwwroot/Apps/Home/Model/CategoryModel.class.php 第 14 行.
NOTIC: [8] Undefined index: is_jump /home/yunzhantest2y3ucnmzfhzaqnlt7ersdt/wwwroot/Apps/Home/Model/CategoryModel.class.php 第 14 行.
NOTIC: [8] Undefined index: is_jump /home/yunzhantest2y3ucnmzfhzaqnlt7ersdt/wwwroot/Apps/Home/Model/CategoryModel.class.php 第 14 行.
NOTIC: [8] Undefined index: is_jump /home/yunzhantest2y3ucnmzfhzaqnlt7ersdt/wwwroot/Apps/Home/Model/CategoryModel.class.php 第 14 行.
NOTIC: [8] Undefined index: is_jump /home/yunzhantest2y3ucnmzfhzaqnlt7ersdt/wwwroot/Apps/Home/Model/CategoryModel.class.php 第 14 行.
NOTIC: [8] Undefined index: is_jump /home/yunzhantest2y3ucnmzfhzaqnlt7ersdt/wwwroot/Apps/Home/Model/CategoryModel.class.php 第 14 行.
NOTIC: [8] Undefined index: is_jump /home/yunzhantest2y3ucnmzfhzaqnlt7ersdt/wwwroot/Apps/Home/Model/CategoryModel.class.php 第 14 行.
NOTIC: [8] Undefined index: is_jump /home/yunzhantest2y3ucnmzfhzaqnlt7ersdt/wwwroot/Apps/Home/Model/CategoryModel.class.php 第 14 行.
NOTIC: [8] Undefined index: is_jump /home/yunzhantest2y3ucnmzfhzaqnlt7ersdt/wwwroot/Apps/Home/Model/CategoryModel.class.php 第 14 行.
NOTIC: [8] Undefined index: is_jump /home/yunzhantest2y3ucnmzfhzaqnlt7ersdt/wwwroot/Apps/Home/Model/CategoryModel.class.php 第 14 行.
NOTIC: [8] Undefined index: is_jump /home/yunzhantest2y3ucnmzfhzaqnlt7ersdt/wwwroot/Apps/Home/Model/CategoryModel.class.php 第 14 行.
NOTIC: [8] Undefined index: is_jump /home/yunzhantest2y3ucnmzfhzaqnlt7ersdt/wwwroot/Apps/Home/Model/CategoryModel.class.php 第 14 行.
NOTIC: [8] Undefined index: is_jump /home/yunzhantest2y3ucnmzfhzaqnlt7ersdt/wwwroot/Apps/Home/Model/CategoryModel.class.php 第 14 行.
NOTIC: [8] Undefined index: is_jump /home/yunzhantest2y3ucnmzfhzaqnlt7ersdt/wwwroot/Apps/Home/Model/CategoryModel.class.php 第 14 行.
NOTIC: [8] Undefined index: is_jump /home/yunzhantest2y3ucnmzfhzaqnlt7ersdt/wwwroot/Apps/Home/Model/CategoryModel.class.php 第 14 行.
NOTIC: [8] Undefined index: is_jump /home/yunzhantest2y3ucnmzfhzaqnlt7ersdt/wwwroot/Apps/Home/Model/CategoryModel.class.php 第 14 行.
NOTIC: [8] Undefined index: is_jump /home/yunzhantest2y3ucnmzfhzaqnlt7ersdt/wwwroot/Apps/Home/Model/CategoryModel.class.php 第 14 行.
NOTIC: [8] Undefined index: is_jump /home/yunzhantest2y3ucnmzfhzaqnlt7ersdt/wwwroot/Apps/Home/Model/CategoryModel.class.php 第 14 行.
NOTIC: [8] Undefined index: is_jump /home/yunzhantest2y3ucnmzfhzaqnlt7ersdt/wwwroot/Apps/Home/Model/CategoryModel.class.php 第 14 行.
NOTIC: [8] Undefined index: is_jump /home/yunzhantest2y3ucnmzfhzaqnlt7ersdt/wwwroot/Apps/Home/Model/CategoryModel.class.php 第 14 行.
NOTIC: [8] Undefined index: is_jump /home/yunzhantest2y3ucnmzfhzaqnlt7ersdt/wwwroot/Apps/Home/Model/CategoryModel.class.php 第 14 行.
NOTIC: [8] Undefined index: is_jump /home/yunzhantest2y3ucnmzfhzaqnlt7ersdt/wwwroot/Apps/Home/Model/CategoryModel.class.php 第 14 行.
NOTIC: [8] Undefined index: is_jump /home/yunzhantest2y3ucnmzfhzaqnlt7ersdt/wwwroot/Apps/Home/Model/CategoryModel.class.php 第 14 行.
NOTIC: [8] Undefined index: is_jump /home/yunzhantest2y3ucnmzfhzaqnlt7ersdt/wwwroot/Apps/Home/Model/CategoryModel.class.php 第 14 行.
NOTIC: [8] Undefined index: is_jump /home/yunzhantest2y3ucnmzfhzaqnlt7ersdt/wwwroot/Apps/Home/Model/CategoryModel.class.php 第 14 行.
NOTIC: [8] Undefined index: is_jump /home/yunzhantest2y3ucnmzfhzaqnlt7ersdt/wwwroot/Apps/Home/Model/CategoryModel.class.php 第 14 行.
NOTIC: [8] Undefined index: is_jump /home/yunzhantest2y3ucnmzfhzaqnlt7ersdt/wwwroot/Apps/Home/Model/CategoryModel.class.php 第 14 行.
NOTIC: [8] Undefined index: is_jump /home/yunzhantest2y3ucnmzfhzaqnlt7ersdt/wwwroot/Apps/Home/Model/CategoryModel.class.php 第 14 行.
NOTIC: [8] Undefined index: is_jump /home/yunzhantest2y3ucnmzfhzaqnlt7ersdt/wwwroot/Apps/Home/Model/CategoryModel.class.php 第 14 行.
NOTIC: [8] Undefined index: is_jump /home/yunzhantest2y3ucnmzfhzaqnlt7ersdt/wwwroot/Apps/Home/Model/CategoryModel.class.php 第 14 行.
NOTIC: [8] Undefined index: is_jump /home/yunzhantest2y3ucnmzfhzaqnlt7ersdt/wwwroot/Apps/Home/Model/CategoryModel.class.php 第 14 行.
NOTIC: [8] Undefined index: is_jump /home/yunzhantest2y3ucnmzfhzaqnlt7ersdt/wwwroot/Apps/Home/Model/CategoryModel.class.php 第 14 行.
NOTIC: [8] Undefined index: is_jump /home/yunzhantest2y3ucnmzfhzaqnlt7ersdt/wwwroot/Apps/Home/Model/CategoryModel.class.php 第 14 行.
NOTIC: [8] Undefined index: is_jump /home/yunzhantest2y3ucnmzfhzaqnlt7ersdt/wwwroot/Apps/Home/Model/CategoryModel.class.php 第 14 行.
NOTIC: [8] Undefined index: is_jump /home/yunzhantest2y3ucnmzfhzaqnlt7ersdt/wwwroot/Apps/Home/Model/CategoryModel.class.php 第 14 行.
NOTIC: [8] Undefined index: is_jump /home/yunzhantest2y3ucnmzfhzaqnlt7ersdt/wwwroot/Apps/Home/Model/CategoryModel.class.php 第 14 行.
NOTIC: [8] Undefined index: is_jump /home/yunzhantest2y3ucnmzfhzaqnlt7ersdt/wwwroot/Apps/Home/Model/CategoryModel.class.php 第 14 行.
NOTIC: [8] Undefined index: is_jump /home/yunzhantest2y3ucnmzfhzaqnlt7ersdt/wwwroot/Apps/Home/Model/CategoryModel.class.php 第 14 行.
NOTIC: [8] Undefined index: is_jump /home/yunzhantest2y3ucnmzfhzaqnlt7ersdt/wwwroot/Apps/Home/Model/CategoryModel.class.php 第 14 行.
NOTIC: [8] Undefined index: is_jump /home/yunzhantest2y3ucnmzfhzaqnlt7ersdt/wwwroot/Apps/Home/Model/CategoryModel.class.php 第 14 行.
NOTIC: [8] Undefined index: is_jump /home/yunzhantest2y3ucnmzfhzaqnlt7ersdt/wwwroot/Apps/Home/Model/CategoryModel.class.php 第 14 行.
NOTIC: [8] Undefined index: is_jump /home/yunzhantest2y3ucnmzfhzaqnlt7ersdt/wwwroot/Apps/Home/Model/CategoryModel.class.php 第 14 行.
NOTIC: [8] Undefined index: is_jump /home/yunzhantest2y3ucnmzfhzaqnlt7ersdt/wwwroot/Apps/Home/Model/CategoryModel.class.php 第 14 行.
NOTIC: [8] Undefined offset: 0 /home/yunzhantest2y3ucnmzfhzaqnlt7ersdt/wwwroot/Apps/Home/Controller/SupportController.class.php 第 21 行.
NOTIC: [8] Undefined offset: 0 /home/yunzhantest2y3ucnmzfhzaqnlt7ersdt/wwwroot/Apps/Home/Controller/SupportController.class.php 第 21 行.
NOTIC: [8] Undefined offset: 0 /home/yunzhantest2y3ucnmzfhzaqnlt7ersdt/wwwroot/Apps/Home/Controller/SupportController.class.php 第 21 行.
NOTIC: [8] Undefined offset: 0 /home/yunzhantest2y3ucnmzfhzaqnlt7ersdt/wwwroot/Apps/Home/Controller/SupportController.class.php 第 21 行.
NOTIC: [8] Undefined offset: 0 /home/yunzhantest2y3ucnmzfhzaqnlt7ersdt/wwwroot/Apps/Home/Controller/SupportController.class.php 第 21 行.
NOTIC: [8] Undefined offset: 0 /home/yunzhantest2y3ucnmzfhzaqnlt7ersdt/wwwroot/Apps/Home/Controller/SupportController.class.php 第 21 行.
NOTIC: [8] Undefined offset: 0 /home/yunzhantest2y3ucnmzfhzaqnlt7ersdt/wwwroot/Apps/Home/Controller/SupportController.class.php 第 21 行.
NOTIC: [8] Undefined offset: 0 /home/yunzhantest2y3ucnmzfhzaqnlt7ersdt/wwwroot/Apps/Home/Controller/SupportController.class.php 第 21 行.
NOTIC: [8] Undefined offset: 0 /home/yunzhantest2y3ucnmzfhzaqnlt7ersdt/wwwroot/Apps/Home/Controller/SupportController.class.php 第 21 行.
SQL: SHOW COLUMNS FROM `yunzhan_category` [ RunTime:0.0008s ]
SQL: SELECT * FROM `yunzhan_category` WHERE `pid` = 0 AND `display` = 1 AND `nav_display` = 1  [ RunTime:0.0004s ]
SQL: SELECT * FROM `yunzhan_category` WHERE `id` = 4 LIMIT 1   [ RunTime:0.0002s ]
SQL: SELECT * FROM `yunzhan_config` WHERE `id` = 1 LIMIT 1   [ RunTime:0.0002s ]
SQL: SELECT * FROM `yunzhan_ads` WHERE `catid` = 3 AND `startdate` <= 1492098013 AND `enddate` >= 1492098013 ORDER BY sort desc, id asc  [ RunTime:0.0002s ]
SQL: SHOW COLUMNS FROM `yunzhan_links` [ RunTime:0.0005s ]
SQL: SELECT * FROM `yunzhan_links` WHERE `catid` = 1 ORDER BY sort asc,id desc  [ RunTime:0.0002s ]
SQL: SELECT * FROM `yunzhan_ads` WHERE `catid` = 5 AND `startdate` <= 1492098013 AND `enddate` >= 1492098013 ORDER BY sort desc, id asc  [ RunTime:0.0002s ]
SQL: SHOW COLUMNS FROM `yunzhan_article` [ RunTime:0.0004s ]
SQL: SELECT * FROM `yunzhan_article` WHERE `catid` = 38 AND `status` = 1 ORDER BY sort asc,create_time asc,id desc  [ RunTime:0.0006s ]
SQL: SELECT `id`,`catid`,`title`,`thumb` FROM `yunzhan_article` WHERE `catid` = 39 AND `status` = 1 ORDER BY sort asc,create_time asc,id desc LIMIT 22   [ RunTime:0.0004s ]
SQL: SELECT * FROM `yunzhan_category` WHERE `id` = 4 LIMIT 1   [ RunTime:0.0001s ]
INFO: [ view_parse ] --START--
INFO: [ template_filter ] --START--
INFO: Run Behavior\ContentReplaceBehavior [ RunTime:0.000104s ]
INFO: [ template_filter ] --END-- [ RunTime:0.000169s ]
SQL: SELECT * FROM `yunzhan_category` WHERE `pid` = 6 AND `display` = 1  [ RunTime:0.0006s ]
SQL: SELECT * FROM `yunzhan_category` WHERE `pid` = 5 AND `display` = 1  [ RunTime:0.0003s ]
INFO: Run Behavior\ParseTemplateBehavior [ RunTime:0.030386s ]
INFO: [ view_parse ] --END-- [ RunTime:0.030438s ]
INFO: [ view_filter ] --START--
INFO: Run Behavior\WriteHtmlCacheBehavior [ RunTime:0.000183s ]
INFO: [ view_filter ] --END-- [ RunTime:0.000223s ]
INFO: [ app_end ] --START--
INFO: Run Behavior\ShowPageTraceBehavior [ RunTime:0.000495s ]
INFO: [ app_end ] --END-- [ RunTime:0.000551s ]

