[ 2017-03-23T19:28:35+08:00 ] 127.0.0.1 /support/index/catid/4.html
INFO: [ app_init ] --START--
INFO: Run Behavior\BuildLiteBehavior [ RunTime:0.000016s ]
INFO: [ app_init ] --END-- [ RunTime:0.000422s ]
INFO: [ app_begin ] --START--
INFO: Run Behavior\ReadHtmlCacheBehavior [ RunTime:0.000914s ]
INFO: [ app_begin ] --END-- [ RunTime:0.000991s ]
SQL: SHOW COLUMNS FROM `yunzhan_stats` [ RunTime:0.0055s ]
SQL: DELETE FROM `yunzhan_stats` WHERE ( access_time < 1970-01-01 ) [ RunTime:0.0003s ]
SQL: SHOW COLUMNS FROM `yunzhan_category` [ RunTime:0.0063s ]
SQL: SHOW COLUMNS FROM `yunzhan_config` [ RunTime:0.0055s ]
SQL: SHOW COLUMNS FROM `yunzhan_pages` [ RunTime:0.0058s ]
SQL: SHOW COLUMNS FROM `yunzhan_ads` [ RunTime:0.0046s ]
SQL: SHOW COLUMNS FROM `yunzhan_article` [ RunTime:0.0049s ]
SQL: SHOW COLUMNS FROM `yunzhan_links` [ RunTime:0.0051s ]
SQL: SELECT * FROM `yunzhan_category` WHERE ( 1=1 ) ORDER BY sort asc, id asc  [ RunTime:0.0013s ]
NOTIC: [8] Undefined index: is_jump E:\AppServ\www\PHP\yunzhannet\Project\2017\2017-03\z-zhongzhiguohua\Apps\Home\Model\CategoryModel.class.php 第 14 行.
NOTIC: [8] Undefined index: is_jump E:\AppServ\www\PHP\yunzhannet\Project\2017\2017-03\z-zhongzhiguohua\Apps\Home\Model\CategoryModel.class.php 第 14 行.
NOTIC: [8] Undefined index: is_jump E:\AppServ\www\PHP\yunzhannet\Project\2017\2017-03\z-zhongzhiguohua\Apps\Home\Model\CategoryModel.class.php 第 14 行.
NOTIC: [8] Undefined index: is_jump E:\AppServ\www\PHP\yunzhannet\Project\2017\2017-03\z-zhongzhiguohua\Apps\Home\Model\CategoryModel.class.php 第 14 行.
NOTIC: [8] Undefined index: is_jump E:\AppServ\www\PHP\yunzhannet\Project\2017\2017-03\z-zhongzhiguohua\Apps\Home\Model\CategoryModel.class.php 第 14 行.
NOTIC: [8] Undefined index: is_jump E:\AppServ\www\PHP\yunzhannet\Project\2017\2017-03\z-zhongzhiguohua\Apps\Home\Model\CategoryModel.class.php 第 14 行.
NOTIC: [8] Undefined index: is_jump E:\AppServ\www\PHP\yunzhannet\Project\2017\2017-03\z-zhongzhiguohua\Apps\Home\Model\CategoryModel.class.php 第 14 行.
NOTIC: [8] Undefined index: is_jump E:\AppServ\www\PHP\yunzhannet\Project\2017\2017-03\z-zhongzhiguohua\Apps\Home\Model\CategoryModel.class.php 第 14 行.
NOTIC: [8] Undefined index: is_jump E:\AppServ\www\PHP\yunzhannet\Project\2017\2017-03\z-zhongzhiguohua\Apps\Home\Model\CategoryModel.class.php 第 14 行.
NOTIC: [8] Undefined index: is_jump E:\AppServ\www\PHP\yunzhannet\Project\2017\2017-03\z-zhongzhiguohua\Apps\Home\Model\CategoryModel.class.php 第 14 行.
NOTIC: [8] Undefined index: is_jump E:\AppServ\www\PHP\yunzhannet\Project\2017\2017-03\z-zhongzhiguohua\Apps\Home\Model\CategoryModel.class.php 第 14 行.
NOTIC: [8] Undefined index: is_jump E:\AppServ\www\PHP\yunzhannet\Project\2017\2017-03\z-zhongzhiguohua\Apps\Home\Model\CategoryModel.class.php 第 14 行.
NOTIC: [8] Undefined index: is_jump E:\AppServ\www\PHP\yunzhannet\Project\2017\2017-03\z-zhongzhiguohua\Apps\Home\Model\CategoryModel.class.php 第 14 行.
NOTIC: [8] Undefined index: is_jump E:\AppServ\www\PHP\yunzhannet\Project\2017\2017-03\z-zhongzhiguohua\Apps\Home\Model\CategoryModel.class.php 第 14 行.
NOTIC: [8] Undefined index: is_jump E:\AppServ\www\PHP\yunzhannet\Project\2017\2017-03\z-zhongzhiguohua\Apps\Home\Model\CategoryModel.class.php 第 14 行.
NOTIC: [8] Undefined index: is_jump E:\AppServ\www\PHP\yunzhannet\Project\2017\2017-03\z-zhongzhiguohua\Apps\Home\Model\CategoryModel.class.php 第 14 行.
NOTIC: [8] Undefined index: is_jump E:\AppServ\www\PHP\yunzhannet\Project\2017\2017-03\z-zhongzhiguohua\Apps\Home\Model\CategoryModel.class.php 第 14 行.
NOTIC: [8] Undefined index: is_jump E:\AppServ\www\PHP\yunzhannet\Project\2017\2017-03\z-zhongzhiguohua\Apps\Home\Model\CategoryModel.class.php 第 14 行.
NOTIC: [8] Undefined index: is_jump E:\AppServ\www\PHP\yunzhannet\Project\2017\2017-03\z-zhongzhiguohua\Apps\Home\Model\CategoryModel.class.php 第 14 行.
NOTIC: [8] Undefined index: is_jump E:\AppServ\www\PHP\yunzhannet\Project\2017\2017-03\z-zhongzhiguohua\Apps\Home\Model\CategoryModel.class.php 第 14 行.
NOTIC: [8] Undefined index: is_jump E:\AppServ\www\PHP\yunzhannet\Project\2017\2017-03\z-zhongzhiguohua\Apps\Home\Model\CategoryModel.class.php 第 14 行.
NOTIC: [8] Undefined index: is_jump E:\AppServ\www\PHP\yunzhannet\Project\2017\2017-03\z-zhongzhiguohua\Apps\Home\Model\CategoryModel.class.php 第 14 行.
NOTIC: [8] Undefined index: is_jump E:\AppServ\www\PHP\yunzhannet\Project\2017\2017-03\z-zhongzhiguohua\Apps\Home\Model\CategoryModel.class.php 第 14 行.
NOTIC: [8] Undefined index: is_jump E:\AppServ\www\PHP\yunzhannet\Project\2017\2017-03\z-zhongzhiguohua\Apps\Home\Model\CategoryModel.class.php 第 14 行.
NOTIC: [8] Undefined index: is_jump E:\AppServ\www\PHP\yunzhannet\Project\2017\2017-03\z-zhongzhiguohua\Apps\Home\Model\CategoryModel.class.php 第 14 行.
NOTIC: [8] Undefined index: is_jump E:\AppServ\www\PHP\yunzhannet\Project\2017\2017-03\z-zhongzhiguohua\Apps\Home\Model\CategoryModel.class.php 第 14 行.
NOTIC: [8] Undefined index: is_jump E:\AppServ\www\PHP\yunzhannet\Project\2017\2017-03\z-zhongzhiguohua\Apps\Home\Model\CategoryModel.class.php 第 14 行.
NOTIC: [8] Undefined index: is_jump E:\AppServ\www\PHP\yunzhannet\Project\2017\2017-03\z-zhongzhiguohua\Apps\Home\Model\CategoryModel.class.php 第 14 行.
NOTIC: [8] Undefined index: is_jump E:\AppServ\www\PHP\yunzhannet\Project\2017\2017-03\z-zhongzhiguohua\Apps\Home\Model\CategoryModel.class.php 第 14 行.
NOTIC: [8] Undefined index: is_jump E:\AppServ\www\PHP\yunzhannet\Project\2017\2017-03\z-zhongzhiguohua\Apps\Home\Model\CategoryModel.class.php 第 14 行.
NOTIC: [8] Undefined index: is_jump E:\AppServ\www\PHP\yunzhannet\Project\2017\2017-03\z-zhongzhiguohua\Apps\Home\Model\CategoryModel.class.php 第 14 行.
NOTIC: [8] Undefined index: is_jump E:\AppServ\www\PHP\yunzhannet\Project\2017\2017-03\z-zhongzhiguohua\Apps\Home\Model\CategoryModel.class.php 第 14 行.
NOTIC: [8] Undefined index: is_jump E:\AppServ\www\PHP\yunzhannet\Project\2017\2017-03\z-zhongzhiguohua\Apps\Home\Model\CategoryModel.class.php 第 14 行.
NOTIC: [8] Undefined index: is_jump E:\AppServ\www\PHP\yunzhannet\Project\2017\2017-03\z-zhongzhiguohua\Apps\Home\Model\CategoryModel.class.php 第 14 行.
NOTIC: [8] Undefined index: is_jump E:\AppServ\www\PHP\yunzhannet\Project\2017\2017-03\z-zhongzhiguohua\Apps\Home\Model\CategoryModel.class.php 第 14 行.
NOTIC: [8] Undefined index: is_jump E:\AppServ\www\PHP\yunzhannet\Project\2017\2017-03\z-zhongzhiguohua\Apps\Home\Model\CategoryModel.class.php 第 14 行.
NOTIC: [8] Undefined index: is_jump E:\AppServ\www\PHP\yunzhannet\Project\2017\2017-03\z-zhongzhiguohua\Apps\Home\Model\CategoryModel.class.php 第 14 行.
NOTIC: [8] Undefined index: is_jump E:\AppServ\www\PHP\yunzhannet\Project\2017\2017-03\z-zhongzhiguohua\Apps\Home\Model\CategoryModel.class.php 第 14 行.
NOTIC: [8] Undefined index: is_jump E:\AppServ\www\PHP\yunzhannet\Project\2017\2017-03\z-zhongzhiguohua\Apps\Home\Model\CategoryModel.class.php 第 14 行.
NOTIC: [8] Undefined index: is_jump E:\AppServ\www\PHP\yunzhannet\Project\2017\2017-03\z-zhongzhiguohua\Apps\Home\Model\CategoryModel.class.php 第 14 行.
NOTIC: [8] Undefined index: is_jump E:\AppServ\www\PHP\yunzhannet\Project\2017\2017-03\z-zhongzhiguohua\Apps\Home\Model\CategoryModel.class.php 第 14 行.
NOTIC: [8] Undefined index: is_jump E:\AppServ\www\PHP\yunzhannet\Project\2017\2017-03\z-zhongzhiguohua\Apps\Home\Model\CategoryModel.class.php 第 14 行.
NOTIC: [8] Undefined index: 0 E:\AppServ\www\PHP\yunzhannet\Project\2017\2017-03\z-zhongzhiguohua\Apps\Home\Controller\SupportController.class.php 第 21 行.
NOTIC: [8] Undefined index: 0 E:\AppServ\www\PHP\yunzhannet\Project\2017\2017-03\z-zhongzhiguohua\Apps\Home\Controller\SupportController.class.php 第 21 行.
NOTIC: [8] Undefined index: 0 E:\AppServ\www\PHP\yunzhannet\Project\2017\2017-03\z-zhongzhiguohua\Apps\Home\Controller\SupportController.class.php 第 21 行.
NOTIC: [8] Undefined index: 0 E:\AppServ\www\PHP\yunzhannet\Project\2017\2017-03\z-zhongzhiguohua\Apps\Home\Controller\SupportController.class.php 第 21 行.
NOTIC: [8] Undefined index: 0 E:\AppServ\www\PHP\yunzhannet\Project\2017\2017-03\z-zhongzhiguohua\Apps\Home\Controller\SupportController.class.php 第 21 行.
NOTIC: [8] Undefined index: 0 E:\AppServ\www\PHP\yunzhannet\Project\2017\2017-03\z-zhongzhiguohua\Apps\Home\Controller\SupportController.class.php 第 21 行.
NOTIC: [8] Undefined index: 0 E:\AppServ\www\PHP\yunzhannet\Project\2017\2017-03\z-zhongzhiguohua\Apps\Home\Controller\SupportController.class.php 第 21 行.
NOTIC: [8] Undefined index: 0 E:\AppServ\www\PHP\yunzhannet\Project\2017\2017-03\z-zhongzhiguohua\Apps\Home\Controller\SupportController.class.php 第 21 行.
NOTIC: [8] Undefined index: 0 E:\AppServ\www\PHP\yunzhannet\Project\2017\2017-03\z-zhongzhiguohua\Apps\Home\Controller\SupportController.class.php 第 21 行.
NOTIC: [8] Undefined index: 0 E:\AppServ\www\PHP\yunzhannet\Project\2017\2017-03\z-zhongzhiguohua\Apps\Home\Controller\SupportController.class.php 第 21 行.
NOTIC: [8] Undefined index: 0 E:\AppServ\www\PHP\yunzhannet\Project\2017\2017-03\z-zhongzhiguohua\Apps\Home\Controller\SupportController.class.php 第 21 行.
NOTIC: [8] Undefined index: 0 E:\AppServ\www\PHP\yunzhannet\Project\2017\2017-03\z-zhongzhiguohua\Apps\Home\Controller\SupportController.class.php 第 21 行.
SQL: SHOW COLUMNS FROM `yunzhan_category` [ RunTime:0.0044s ]
SQL: SELECT * FROM `yunzhan_category` WHERE `pid` = 0 AND `display` = 1 AND `nav_display` = 1  [ RunTime:0.0008s ]
SQL: SELECT * FROM `yunzhan_category` WHERE `id` = 4 LIMIT 1   [ RunTime:0.0005s ]
SQL: SELECT * FROM `yunzhan_config` WHERE `id` = 1 LIMIT 1   [ RunTime:0.0003s ]
SQL: SELECT * FROM `yunzhan_ads` WHERE `catid` = 3 AND `startdate` <= 1490268515 AND `enddate` >= 1490268515 ORDER BY sort desc, id asc  [ RunTime:0.0003s ]
SQL: SHOW COLUMNS FROM `yunzhan_links` [ RunTime:0.0038s ]
SQL: SELECT * FROM `yunzhan_links` WHERE `catid` = 1 ORDER BY sort asc,id desc  [ RunTime:0.0004s ]
SQL: SELECT * FROM `yunzhan_ads` WHERE `catid` = 5 AND `startdate` <= 1490268515 AND `enddate` >= 1490268515 ORDER BY sort desc, id asc  [ RunTime:0.0004s ]
SQL: SHOW COLUMNS FROM `yunzhan_article` [ RunTime:0.0046s ]
SQL: SELECT * FROM `yunzhan_article` WHERE `catid` = 38 AND `status` = 1 ORDER BY sort asc,create_time asc,id desc  [ RunTime:0.0004s ]
SQL: SELECT `id`,`title`,`thumb` FROM `yunzhan_article` WHERE `catid` = 39 AND `status` = 1 ORDER BY sort asc,create_time asc,id desc LIMIT 22   [ RunTime:0.0003s ]
SQL: SELECT * FROM `yunzhan_category` WHERE `id` = 4 LIMIT 1   [ RunTime:0.0003s ]
INFO: [ view_parse ] --START--
INFO: [ template_filter ] --START--
INFO: Run Behavior\ContentReplaceBehavior [ RunTime:0.000130s ]
INFO: [ template_filter ] --END-- [ RunTime:0.000210s ]
NOTIC: [8] Undefined variable: fwzd E:\AppServ\www\PHP\yunzhannet\Project\2017\2017-03\z-zhongzhiguohua\Apps\Runtime\Cache\Home\c87099a1315b66104339118ba17ededa.php 第 92 行.
SQL: SELECT * FROM `yunzhan_category` WHERE `pid` = 6 AND `display` = 1  [ RunTime:0.0005s ]
SQL: SELECT * FROM `yunzhan_category` WHERE ( id=6 ) LIMIT 1   [ RunTime:0.0003s ]
SQL: SELECT * FROM `yunzhan_category` WHERE `id` = 6 LIMIT 1   [ RunTime:0.0003s ]
SQL: SELECT * FROM `yunzhan_category` WHERE `pid` = 5 AND `display` = 1  [ RunTime:0.0003s ]
SQL: SELECT * FROM `yunzhan_category` WHERE ( id=5 ) LIMIT 1   [ RunTime:0.0003s ]
SQL: SELECT * FROM `yunzhan_category` WHERE `id` = 5 LIMIT 1   [ RunTime:0.0003s ]
INFO: Run Behavior\ParseTemplateBehavior [ RunTime:0.025530s ]
INFO: [ view_parse ] --END-- [ RunTime:0.025628s ]
INFO: [ view_filter ] --START--
INFO: Run Behavior\WriteHtmlCacheBehavior [ RunTime:0.000992s ]
INFO: [ view_filter ] --END-- [ RunTime:0.001062s ]
INFO: [ app_end ] --START--
INFO: Run Behavior\ShowPageTraceBehavior [ RunTime:0.000947s ]
INFO: [ app_end ] --END-- [ RunTime:0.001005s ]

[ 2017-03-23T19:29:06+08:00 ] 127.0.0.1 /support/index/catid/4.html
INFO: [ app_init ] --START--
INFO: Run Behavior\BuildLiteBehavior [ RunTime:0.000019s ]
INFO: [ app_init ] --END-- [ RunTime:0.000495s ]
INFO: [ app_begin ] --START--
INFO: Run Behavior\ReadHtmlCacheBehavior [ RunTime:0.000784s ]
INFO: [ app_begin ] --END-- [ RunTime:0.000852s ]
SQL: SHOW COLUMNS FROM `yunzhan_stats` [ RunTime:0.0135s ]
SQL: DELETE FROM `yunzhan_stats` WHERE ( access_time < 1970-01-01 ) [ RunTime:0.0005s ]
SQL: SHOW COLUMNS FROM `yunzhan_category` [ RunTime:0.0111s ]
SQL: SHOW COLUMNS FROM `yunzhan_config` [ RunTime:0.0037s ]
SQL: SHOW COLUMNS FROM `yunzhan_pages` [ RunTime:0.0043s ]
SQL: SHOW COLUMNS FROM `yunzhan_ads` [ RunTime:0.0042s ]
SQL: SHOW COLUMNS FROM `yunzhan_article` [ RunTime:0.0040s ]
SQL: SHOW COLUMNS FROM `yunzhan_links` [ RunTime:0.0038s ]
SQL: SELECT * FROM `yunzhan_category` WHERE ( 1=1 ) ORDER BY sort asc, id asc  [ RunTime:0.0010s ]
NOTIC: [8] Undefined index: is_jump E:\AppServ\www\PHP\yunzhannet\Project\2017\2017-03\z-zhongzhiguohua\Apps\Home\Model\CategoryModel.class.php 第 14 行.
NOTIC: [8] Undefined index: is_jump E:\AppServ\www\PHP\yunzhannet\Project\2017\2017-03\z-zhongzhiguohua\Apps\Home\Model\CategoryModel.class.php 第 14 行.
NOTIC: [8] Undefined index: is_jump E:\AppServ\www\PHP\yunzhannet\Project\2017\2017-03\z-zhongzhiguohua\Apps\Home\Model\CategoryModel.class.php 第 14 行.
NOTIC: [8] Undefined index: is_jump E:\AppServ\www\PHP\yunzhannet\Project\2017\2017-03\z-zhongzhiguohua\Apps\Home\Model\CategoryModel.class.php 第 14 行.
NOTIC: [8] Undefined index: is_jump E:\AppServ\www\PHP\yunzhannet\Project\2017\2017-03\z-zhongzhiguohua\Apps\Home\Model\CategoryModel.class.php 第 14 行.
NOTIC: [8] Undefined index: is_jump E:\AppServ\www\PHP\yunzhannet\Project\2017\2017-03\z-zhongzhiguohua\Apps\Home\Model\CategoryModel.class.php 第 14 行.
NOTIC: [8] Undefined index: is_jump E:\AppServ\www\PHP\yunzhannet\Project\2017\2017-03\z-zhongzhiguohua\Apps\Home\Model\CategoryModel.class.php 第 14 行.
NOTIC: [8] Undefined index: is_jump E:\AppServ\www\PHP\yunzhannet\Project\2017\2017-03\z-zhongzhiguohua\Apps\Home\Model\CategoryModel.class.php 第 14 行.
NOTIC: [8] Undefined index: is_jump E:\AppServ\www\PHP\yunzhannet\Project\2017\2017-03\z-zhongzhiguohua\Apps\Home\Model\CategoryModel.class.php 第 14 行.
NOTIC: [8] Undefined index: is_jump E:\AppServ\www\PHP\yunzhannet\Project\2017\2017-03\z-zhongzhiguohua\Apps\Home\Model\CategoryModel.class.php 第 14 行.
NOTIC: [8] Undefined index: is_jump E:\AppServ\www\PHP\yunzhannet\Project\2017\2017-03\z-zhongzhiguohua\Apps\Home\Model\CategoryModel.class.php 第 14 行.
NOTIC: [8] Undefined index: is_jump E:\AppServ\www\PHP\yunzhannet\Project\2017\2017-03\z-zhongzhiguohua\Apps\Home\Model\CategoryModel.class.php 第 14 行.
NOTIC: [8] Undefined index: is_jump E:\AppServ\www\PHP\yunzhannet\Project\2017\2017-03\z-zhongzhiguohua\Apps\Home\Model\CategoryModel.class.php 第 14 行.
NOTIC: [8] Undefined index: is_jump E:\AppServ\www\PHP\yunzhannet\Project\2017\2017-03\z-zhongzhiguohua\Apps\Home\Model\CategoryModel.class.php 第 14 行.
NOTIC: [8] Undefined index: is_jump E:\AppServ\www\PHP\yunzhannet\Project\2017\2017-03\z-zhongzhiguohua\Apps\Home\Model\CategoryModel.class.php 第 14 行.
NOTIC: [8] Undefined index: is_jump E:\AppServ\www\PHP\yunzhannet\Project\2017\2017-03\z-zhongzhiguohua\Apps\Home\Model\CategoryModel.class.php 第 14 行.
NOTIC: [8] Undefined index: is_jump E:\AppServ\www\PHP\yunzhannet\Project\2017\2017-03\z-zhongzhiguohua\Apps\Home\Model\CategoryModel.class.php 第 14 行.
NOTIC: [8] Undefined index: is_jump E:\AppServ\www\PHP\yunzhannet\Project\2017\2017-03\z-zhongzhiguohua\Apps\Home\Model\CategoryModel.class.php 第 14 行.
NOTIC: [8] Undefined index: is_jump E:\AppServ\www\PHP\yunzhannet\Project\2017\2017-03\z-zhongzhiguohua\Apps\Home\Model\CategoryModel.class.php 第 14 行.
NOTIC: [8] Undefined index: is_jump E:\AppServ\www\PHP\yunzhannet\Project\2017\2017-03\z-zhongzhiguohua\Apps\Home\Model\CategoryModel.class.php 第 14 行.
NOTIC: [8] Undefined index: is_jump E:\AppServ\www\PHP\yunzhannet\Project\2017\2017-03\z-zhongzhiguohua\Apps\Home\Model\CategoryModel.class.php 第 14 行.
NOTIC: [8] Undefined index: is_jump E:\AppServ\www\PHP\yunzhannet\Project\2017\2017-03\z-zhongzhiguohua\Apps\Home\Model\CategoryModel.class.php 第 14 行.
NOTIC: [8] Undefined index: is_jump E:\AppServ\www\PHP\yunzhannet\Project\2017\2017-03\z-zhongzhiguohua\Apps\Home\Model\CategoryModel.class.php 第 14 行.
NOTIC: [8] Undefined index: is_jump E:\AppServ\www\PHP\yunzhannet\Project\2017\2017-03\z-zhongzhiguohua\Apps\Home\Model\CategoryModel.class.php 第 14 行.
NOTIC: [8] Undefined index: is_jump E:\AppServ\www\PHP\yunzhannet\Project\2017\2017-03\z-zhongzhiguohua\Apps\Home\Model\CategoryModel.class.php 第 14 行.
NOTIC: [8] Undefined index: is_jump E:\AppServ\www\PHP\yunzhannet\Project\2017\2017-03\z-zhongzhiguohua\Apps\Home\Model\CategoryModel.class.php 第 14 行.
NOTIC: [8] Undefined index: is_jump E:\AppServ\www\PHP\yunzhannet\Project\2017\2017-03\z-zhongzhiguohua\Apps\Home\Model\CategoryModel.class.php 第 14 行.
NOTIC: [8] Undefined index: is_jump E:\AppServ\www\PHP\yunzhannet\Project\2017\2017-03\z-zhongzhiguohua\Apps\Home\Model\CategoryModel.class.php 第 14 行.
NOTIC: [8] Undefined index: is_jump E:\AppServ\www\PHP\yunzhannet\Project\2017\2017-03\z-zhongzhiguohua\Apps\Home\Model\CategoryModel.class.php 第 14 行.
NOTIC: [8] Undefined index: is_jump E:\AppServ\www\PHP\yunzhannet\Project\2017\2017-03\z-zhongzhiguohua\Apps\Home\Model\CategoryModel.class.php 第 14 行.
NOTIC: [8] Undefined index: is_jump E:\AppServ\www\PHP\yunzhannet\Project\2017\2017-03\z-zhongzhiguohua\Apps\Home\Model\CategoryModel.class.php 第 14 行.
NOTIC: [8] Undefined index: is_jump E:\AppServ\www\PHP\yunzhannet\Project\2017\2017-03\z-zhongzhiguohua\Apps\Home\Model\CategoryModel.class.php 第 14 行.
NOTIC: [8] Undefined index: is_jump E:\AppServ\www\PHP\yunzhannet\Project\2017\2017-03\z-zhongzhiguohua\Apps\Home\Model\CategoryModel.class.php 第 14 行.
NOTIC: [8] Undefined index: is_jump E:\AppServ\www\PHP\yunzhannet\Project\2017\2017-03\z-zhongzhiguohua\Apps\Home\Model\CategoryModel.class.php 第 14 行.
NOTIC: [8] Undefined index: is_jump E:\AppServ\www\PHP\yunzhannet\Project\2017\2017-03\z-zhongzhiguohua\Apps\Home\Model\CategoryModel.class.php 第 14 行.
NOTIC: [8] Undefined index: is_jump E:\AppServ\www\PHP\yunzhannet\Project\2017\2017-03\z-zhongzhiguohua\Apps\Home\Model\CategoryModel.class.php 第 14 行.
NOTIC: [8] Undefined index: is_jump E:\AppServ\www\PHP\yunzhannet\Project\2017\2017-03\z-zhongzhiguohua\Apps\Home\Model\CategoryModel.class.php 第 14 行.
NOTIC: [8] Undefined index: is_jump E:\AppServ\www\PHP\yunzhannet\Project\2017\2017-03\z-zhongzhiguohua\Apps\Home\Model\CategoryModel.class.php 第 14 行.
NOTIC: [8] Undefined index: is_jump E:\AppServ\www\PHP\yunzhannet\Project\2017\2017-03\z-zhongzhiguohua\Apps\Home\Model\CategoryModel.class.php 第 14 行.
NOTIC: [8] Undefined index: is_jump E:\AppServ\www\PHP\yunzhannet\Project\2017\2017-03\z-zhongzhiguohua\Apps\Home\Model\CategoryModel.class.php 第 14 行.
NOTIC: [8] Undefined index: is_jump E:\AppServ\www\PHP\yunzhannet\Project\2017\2017-03\z-zhongzhiguohua\Apps\Home\Model\CategoryModel.class.php 第 14 行.
NOTIC: [8] Undefined index: is_jump E:\AppServ\www\PHP\yunzhannet\Project\2017\2017-03\z-zhongzhiguohua\Apps\Home\Model\CategoryModel.class.php 第 14 行.
NOTIC: [8] Undefined index: 0 E:\AppServ\www\PHP\yunzhannet\Project\2017\2017-03\z-zhongzhiguohua\Apps\Home\Controller\SupportController.class.php 第 21 行.
NOTIC: [8] Undefined index: 0 E:\AppServ\www\PHP\yunzhannet\Project\2017\2017-03\z-zhongzhiguohua\Apps\Home\Controller\SupportController.class.php 第 21 行.
NOTIC: [8] Undefined index: 0 E:\AppServ\www\PHP\yunzhannet\Project\2017\2017-03\z-zhongzhiguohua\Apps\Home\Controller\SupportController.class.php 第 21 行.
NOTIC: [8] Undefined index: 0 E:\AppServ\www\PHP\yunzhannet\Project\2017\2017-03\z-zhongzhiguohua\Apps\Home\Controller\SupportController.class.php 第 21 行.
NOTIC: [8] Undefined index: 0 E:\AppServ\www\PHP\yunzhannet\Project\2017\2017-03\z-zhongzhiguohua\Apps\Home\Controller\SupportController.class.php 第 21 行.
NOTIC: [8] Undefined index: 0 E:\AppServ\www\PHP\yunzhannet\Project\2017\2017-03\z-zhongzhiguohua\Apps\Home\Controller\SupportController.class.php 第 21 行.
NOTIC: [8] Undefined index: 0 E:\AppServ\www\PHP\yunzhannet\Project\2017\2017-03\z-zhongzhiguohua\Apps\Home\Controller\SupportController.class.php 第 21 行.
NOTIC: [8] Undefined index: 0 E:\AppServ\www\PHP\yunzhannet\Project\2017\2017-03\z-zhongzhiguohua\Apps\Home\Controller\SupportController.class.php 第 21 行.
NOTIC: [8] Undefined index: 0 E:\AppServ\www\PHP\yunzhannet\Project\2017\2017-03\z-zhongzhiguohua\Apps\Home\Controller\SupportController.class.php 第 21 行.
NOTIC: [8] Undefined index: 0 E:\AppServ\www\PHP\yunzhannet\Project\2017\2017-03\z-zhongzhiguohua\Apps\Home\Controller\SupportController.class.php 第 21 行.
NOTIC: [8] Undefined index: 0 E:\AppServ\www\PHP\yunzhannet\Project\2017\2017-03\z-zhongzhiguohua\Apps\Home\Controller\SupportController.class.php 第 21 行.
NOTIC: [8] Undefined index: 0 E:\AppServ\www\PHP\yunzhannet\Project\2017\2017-03\z-zhongzhiguohua\Apps\Home\Controller\SupportController.class.php 第 21 行.
SQL: SHOW COLUMNS FROM `yunzhan_category` [ RunTime:0.0041s ]
SQL: SELECT * FROM `yunzhan_category` WHERE `pid` = 0 AND `display` = 1 AND `nav_display` = 1  [ RunTime:0.0005s ]
SQL: SELECT * FROM `yunzhan_category` WHERE `id` = 4 LIMIT 1   [ RunTime:0.0003s ]
SQL: SELECT * FROM `yunzhan_config` WHERE `id` = 1 LIMIT 1   [ RunTime:0.0002s ]
SQL: SELECT * FROM `yunzhan_ads` WHERE `catid` = 3 AND `startdate` <= 1490268546 AND `enddate` >= 1490268546 ORDER BY sort desc, id asc  [ RunTime:0.0003s ]
SQL: SHOW COLUMNS FROM `yunzhan_links` [ RunTime:0.0042s ]
SQL: SELECT * FROM `yunzhan_links` WHERE `catid` = 1 ORDER BY sort asc,id desc  [ RunTime:0.0003s ]
SQL: SELECT * FROM `yunzhan_ads` WHERE `catid` = 5 AND `startdate` <= 1490268546 AND `enddate` >= 1490268546 ORDER BY sort desc, id asc  [ RunTime:0.0005s ]

[ 2017-03-23T19:29:48+08:00 ] 127.0.0.1 /support/index/catid/4.html
INFO: [ app_init ] --START--
INFO: Run Behavior\BuildLiteBehavior [ RunTime:0.000031s ]
INFO: [ app_init ] --END-- [ RunTime:0.000637s ]
INFO: [ app_begin ] --START--
INFO: Run Behavior\ReadHtmlCacheBehavior [ RunTime:0.000949s ]
INFO: [ app_begin ] --END-- [ RunTime:0.001048s ]
SQL: SHOW COLUMNS FROM `yunzhan_stats` [ RunTime:0.0111s ]
SQL: DELETE FROM `yunzhan_stats` WHERE ( access_time < 1970-01-01 ) [ RunTime:0.0007s ]
SQL: SHOW COLUMNS FROM `yunzhan_category` [ RunTime:0.0107s ]
SQL: SHOW COLUMNS FROM `yunzhan_config` [ RunTime:0.0110s ]
SQL: SHOW COLUMNS FROM `yunzhan_pages` [ RunTime:0.0063s ]
SQL: SHOW COLUMNS FROM `yunzhan_ads` [ RunTime:0.0063s ]
SQL: SHOW COLUMNS FROM `yunzhan_article` [ RunTime:0.0081s ]
SQL: SHOW COLUMNS FROM `yunzhan_links` [ RunTime:0.0062s ]
SQL: SELECT * FROM `yunzhan_category` WHERE ( 1=1 ) ORDER BY sort asc, id asc  [ RunTime:0.0009s ]
NOTIC: [8] Undefined index: is_jump E:\AppServ\www\PHP\yunzhannet\Project\2017\2017-03\z-zhongzhiguohua\Apps\Home\Model\CategoryModel.class.php 第 14 行.
NOTIC: [8] Undefined index: is_jump E:\AppServ\www\PHP\yunzhannet\Project\2017\2017-03\z-zhongzhiguohua\Apps\Home\Model\CategoryModel.class.php 第 14 行.
NOTIC: [8] Undefined index: is_jump E:\AppServ\www\PHP\yunzhannet\Project\2017\2017-03\z-zhongzhiguohua\Apps\Home\Model\CategoryModel.class.php 第 14 行.
NOTIC: [8] Undefined index: is_jump E:\AppServ\www\PHP\yunzhannet\Project\2017\2017-03\z-zhongzhiguohua\Apps\Home\Model\CategoryModel.class.php 第 14 行.
NOTIC: [8] Undefined index: is_jump E:\AppServ\www\PHP\yunzhannet\Project\2017\2017-03\z-zhongzhiguohua\Apps\Home\Model\CategoryModel.class.php 第 14 行.
NOTIC: [8] Undefined index: is_jump E:\AppServ\www\PHP\yunzhannet\Project\2017\2017-03\z-zhongzhiguohua\Apps\Home\Model\CategoryModel.class.php 第 14 行.
NOTIC: [8] Undefined index: is_jump E:\AppServ\www\PHP\yunzhannet\Project\2017\2017-03\z-zhongzhiguohua\Apps\Home\Model\CategoryModel.class.php 第 14 行.
NOTIC: [8] Undefined index: is_jump E:\AppServ\www\PHP\yunzhannet\Project\2017\2017-03\z-zhongzhiguohua\Apps\Home\Model\CategoryModel.class.php 第 14 行.
NOTIC: [8] Undefined index: is_jump E:\AppServ\www\PHP\yunzhannet\Project\2017\2017-03\z-zhongzhiguohua\Apps\Home\Model\CategoryModel.class.php 第 14 行.
NOTIC: [8] Undefined index: is_jump E:\AppServ\www\PHP\yunzhannet\Project\2017\2017-03\z-zhongzhiguohua\Apps\Home\Model\CategoryModel.class.php 第 14 行.
NOTIC: [8] Undefined index: is_jump E:\AppServ\www\PHP\yunzhannet\Project\2017\2017-03\z-zhongzhiguohua\Apps\Home\Model\CategoryModel.class.php 第 14 行.
NOTIC: [8] Undefined index: is_jump E:\AppServ\www\PHP\yunzhannet\Project\2017\2017-03\z-zhongzhiguohua\Apps\Home\Model\CategoryModel.class.php 第 14 行.
NOTIC: [8] Undefined index: is_jump E:\AppServ\www\PHP\yunzhannet\Project\2017\2017-03\z-zhongzhiguohua\Apps\Home\Model\CategoryModel.class.php 第 14 行.
NOTIC: [8] Undefined index: is_jump E:\AppServ\www\PHP\yunzhannet\Project\2017\2017-03\z-zhongzhiguohua\Apps\Home\Model\CategoryModel.class.php 第 14 行.
NOTIC: [8] Undefined index: is_jump E:\AppServ\www\PHP\yunzhannet\Project\2017\2017-03\z-zhongzhiguohua\Apps\Home\Model\CategoryModel.class.php 第 14 行.
NOTIC: [8] Undefined index: is_jump E:\AppServ\www\PHP\yunzhannet\Project\2017\2017-03\z-zhongzhiguohua\Apps\Home\Model\CategoryModel.class.php 第 14 行.
NOTIC: [8] Undefined index: is_jump E:\AppServ\www\PHP\yunzhannet\Project\2017\2017-03\z-zhongzhiguohua\Apps\Home\Model\CategoryModel.class.php 第 14 行.
NOTIC: [8] Undefined index: is_jump E:\AppServ\www\PHP\yunzhannet\Project\2017\2017-03\z-zhongzhiguohua\Apps\Home\Model\CategoryModel.class.php 第 14 行.
NOTIC: [8] Undefined index: is_jump E:\AppServ\www\PHP\yunzhannet\Project\2017\2017-03\z-zhongzhiguohua\Apps\Home\Model\CategoryModel.class.php 第 14 行.
NOTIC: [8] Undefined index: is_jump E:\AppServ\www\PHP\yunzhannet\Project\2017\2017-03\z-zhongzhiguohua\Apps\Home\Model\CategoryModel.class.php 第 14 行.
NOTIC: [8] Undefined index: is_jump E:\AppServ\www\PHP\yunzhannet\Project\2017\2017-03\z-zhongzhiguohua\Apps\Home\Model\CategoryModel.class.php 第 14 行.
NOTIC: [8] Undefined index: is_jump E:\AppServ\www\PHP\yunzhannet\Project\2017\2017-03\z-zhongzhiguohua\Apps\Home\Model\CategoryModel.class.php 第 14 行.
NOTIC: [8] Undefined index: is_jump E:\AppServ\www\PHP\yunzhannet\Project\2017\2017-03\z-zhongzhiguohua\Apps\Home\Model\CategoryModel.class.php 第 14 行.
NOTIC: [8] Undefined index: is_jump E:\AppServ\www\PHP\yunzhannet\Project\2017\2017-03\z-zhongzhiguohua\Apps\Home\Model\CategoryModel.class.php 第 14 行.
NOTIC: [8] Undefined index: is_jump E:\AppServ\www\PHP\yunzhannet\Project\2017\2017-03\z-zhongzhiguohua\Apps\Home\Model\CategoryModel.class.php 第 14 行.
NOTIC: [8] Undefined index: is_jump E:\AppServ\www\PHP\yunzhannet\Project\2017\2017-03\z-zhongzhiguohua\Apps\Home\Model\CategoryModel.class.php 第 14 行.
NOTIC: [8] Undefined index: is_jump E:\AppServ\www\PHP\yunzhannet\Project\2017\2017-03\z-zhongzhiguohua\Apps\Home\Model\CategoryModel.class.php 第 14 行.
NOTIC: [8] Undefined index: is_jump E:\AppServ\www\PHP\yunzhannet\Project\2017\2017-03\z-zhongzhiguohua\Apps\Home\Model\CategoryModel.class.php 第 14 行.
NOTIC: [8] Undefined index: is_jump E:\AppServ\www\PHP\yunzhannet\Project\2017\2017-03\z-zhongzhiguohua\Apps\Home\Model\CategoryModel.class.php 第 14 行.
NOTIC: [8] Undefined index: is_jump E:\AppServ\www\PHP\yunzhannet\Project\2017\2017-03\z-zhongzhiguohua\Apps\Home\Model\CategoryModel.class.php 第 14 行.
NOTIC: [8] Undefined index: is_jump E:\AppServ\www\PHP\yunzhannet\Project\2017\2017-03\z-zhongzhiguohua\Apps\Home\Model\CategoryModel.class.php 第 14 行.
NOTIC: [8] Undefined index: is_jump E:\AppServ\www\PHP\yunzhannet\Project\2017\2017-03\z-zhongzhiguohua\Apps\Home\Model\CategoryModel.class.php 第 14 行.
NOTIC: [8] Undefined index: is_jump E:\AppServ\www\PHP\yunzhannet\Project\2017\2017-03\z-zhongzhiguohua\Apps\Home\Model\CategoryModel.class.php 第 14 行.
NOTIC: [8] Undefined index: is_jump E:\AppServ\www\PHP\yunzhannet\Project\2017\2017-03\z-zhongzhiguohua\Apps\Home\Model\CategoryModel.class.php 第 14 行.
NOTIC: [8] Undefined index: is_jump E:\AppServ\www\PHP\yunzhannet\Project\2017\2017-03\z-zhongzhiguohua\Apps\Home\Model\CategoryModel.class.php 第 14 行.
NOTIC: [8] Undefined index: is_jump E:\AppServ\www\PHP\yunzhannet\Project\2017\2017-03\z-zhongzhiguohua\Apps\Home\Model\CategoryModel.class.php 第 14 行.
NOTIC: [8] Undefined index: is_jump E:\AppServ\www\PHP\yunzhannet\Project\2017\2017-03\z-zhongzhiguohua\Apps\Home\Model\CategoryModel.class.php 第 14 行.
NOTIC: [8] Undefined index: is_jump E:\AppServ\www\PHP\yunzhannet\Project\2017\2017-03\z-zhongzhiguohua\Apps\Home\Model\CategoryModel.class.php 第 14 行.
NOTIC: [8] Undefined index: is_jump E:\AppServ\www\PHP\yunzhannet\Project\2017\2017-03\z-zhongzhiguohua\Apps\Home\Model\CategoryModel.class.php 第 14 行.
NOTIC: [8] Undefined index: is_jump E:\AppServ\www\PHP\yunzhannet\Project\2017\2017-03\z-zhongzhiguohua\Apps\Home\Model\CategoryModel.class.php 第 14 行.
NOTIC: [8] Undefined index: is_jump E:\AppServ\www\PHP\yunzhannet\Project\2017\2017-03\z-zhongzhiguohua\Apps\Home\Model\CategoryModel.class.php 第 14 行.
NOTIC: [8] Undefined index: is_jump E:\AppServ\www\PHP\yunzhannet\Project\2017\2017-03\z-zhongzhiguohua\Apps\Home\Model\CategoryModel.class.php 第 14 行.
NOTIC: [8] Undefined index: 0 E:\AppServ\www\PHP\yunzhannet\Project\2017\2017-03\z-zhongzhiguohua\Apps\Home\Controller\SupportController.class.php 第 21 行.
NOTIC: [8] Undefined index: 0 E:\AppServ\www\PHP\yunzhannet\Project\2017\2017-03\z-zhongzhiguohua\Apps\Home\Controller\SupportController.class.php 第 21 行.
NOTIC: [8] Undefined index: 0 E:\AppServ\www\PHP\yunzhannet\Project\2017\2017-03\z-zhongzhiguohua\Apps\Home\Controller\SupportController.class.php 第 21 行.
NOTIC: [8] Undefined index: 0 E:\AppServ\www\PHP\yunzhannet\Project\2017\2017-03\z-zhongzhiguohua\Apps\Home\Controller\SupportController.class.php 第 21 行.
NOTIC: [8] Undefined index: 0 E:\AppServ\www\PHP\yunzhannet\Project\2017\2017-03\z-zhongzhiguohua\Apps\Home\Controller\SupportController.class.php 第 21 行.
NOTIC: [8] Undefined index: 0 E:\AppServ\www\PHP\yunzhannet\Project\2017\2017-03\z-zhongzhiguohua\Apps\Home\Controller\SupportController.class.php 第 21 行.
NOTIC: [8] Undefined index: 0 E:\AppServ\www\PHP\yunzhannet\Project\2017\2017-03\z-zhongzhiguohua\Apps\Home\Controller\SupportController.class.php 第 21 行.
NOTIC: [8] Undefined index: 0 E:\AppServ\www\PHP\yunzhannet\Project\2017\2017-03\z-zhongzhiguohua\Apps\Home\Controller\SupportController.class.php 第 21 行.
NOTIC: [8] Undefined index: 0 E:\AppServ\www\PHP\yunzhannet\Project\2017\2017-03\z-zhongzhiguohua\Apps\Home\Controller\SupportController.class.php 第 21 行.
NOTIC: [8] Undefined index: 0 E:\AppServ\www\PHP\yunzhannet\Project\2017\2017-03\z-zhongzhiguohua\Apps\Home\Controller\SupportController.class.php 第 21 行.
NOTIC: [8] Undefined index: 0 E:\AppServ\www\PHP\yunzhannet\Project\2017\2017-03\z-zhongzhiguohua\Apps\Home\Controller\SupportController.class.php 第 21 行.
NOTIC: [8] Undefined index: 0 E:\AppServ\www\PHP\yunzhannet\Project\2017\2017-03\z-zhongzhiguohua\Apps\Home\Controller\SupportController.class.php 第 21 行.
SQL: SHOW COLUMNS FROM `yunzhan_category` [ RunTime:0.0040s ]
SQL: SELECT * FROM `yunzhan_category` WHERE `pid` = 0 AND `display` = 1 AND `nav_display` = 1  [ RunTime:0.0005s ]
SQL: SELECT * FROM `yunzhan_category` WHERE `id` = 4 LIMIT 1   [ RunTime:0.0003s ]
SQL: SELECT * FROM `yunzhan_config` WHERE `id` = 1 LIMIT 1   [ RunTime:0.0003s ]
SQL: SELECT * FROM `yunzhan_ads` WHERE `catid` = 3 AND `startdate` <= 1490268587 AND `enddate` >= 1490268587 ORDER BY sort desc, id asc  [ RunTime:0.0004s ]
SQL: SHOW COLUMNS FROM `yunzhan_links` [ RunTime:0.0038s ]
SQL: SELECT * FROM `yunzhan_links` WHERE `catid` = 1 ORDER BY sort asc,id desc  [ RunTime:0.0003s ]
SQL: SELECT * FROM `yunzhan_ads` WHERE `catid` = 5 AND `startdate` <= 1490268587 AND `enddate` >= 1490268587 ORDER BY sort desc, id asc  [ RunTime:0.0003s ]
SQL: SHOW COLUMNS FROM `yunzhan_article` [ RunTime:0.0048s ]
SQL: SELECT * FROM `yunzhan_article` WHERE `catid` = 38 AND `status` = 1 ORDER BY sort asc,create_time asc,id desc  [ RunTime:0.0004s ]
SQL: SELECT `id`,`title`,`thumb` FROM `yunzhan_article` WHERE `catid` = 39 AND `status` = 1 ORDER BY sort asc,create_time asc,id desc LIMIT 22   [ RunTime:0.0003s ]
SQL: SELECT * FROM `yunzhan_category` WHERE `id` = 4 LIMIT 1   [ RunTime:0.0003s ]
INFO: [ view_parse ] --START--
INFO: [ template_filter ] --START--
INFO: Run Behavior\ContentReplaceBehavior [ RunTime:0.000113s ]
INFO: [ template_filter ] --END-- [ RunTime:0.000182s ]
SQL: SELECT * FROM `yunzhan_category` WHERE `pid` = 6 AND `display` = 1  [ RunTime:0.0007s ]
SQL: SELECT * FROM `yunzhan_category` WHERE ( id=6 ) LIMIT 1   [ RunTime:0.0005s ]
SQL: SELECT * FROM `yunzhan_category` WHERE `id` = 6 LIMIT 1   [ RunTime:0.0005s ]
SQL: SELECT * FROM `yunzhan_category` WHERE `pid` = 5 AND `display` = 1  [ RunTime:0.0006s ]
SQL: SELECT * FROM `yunzhan_category` WHERE ( id=5 ) LIMIT 1   [ RunTime:0.0006s ]
SQL: SELECT * FROM `yunzhan_category` WHERE `id` = 5 LIMIT 1   [ RunTime:0.0005s ]
INFO: Run Behavior\ParseTemplateBehavior [ RunTime:0.208367s ]
INFO: [ view_parse ] --END-- [ RunTime:0.208484s ]
INFO: [ view_filter ] --START--
INFO: Run Behavior\WriteHtmlCacheBehavior [ RunTime:0.001123s ]
INFO: [ view_filter ] --END-- [ RunTime:0.001242s ]
INFO: [ app_end ] --START--
INFO: Run Behavior\ShowPageTraceBehavior [ RunTime:0.001460s ]
INFO: [ app_end ] --END-- [ RunTime:0.001571s ]

[ 2017-03-23T19:29:58+08:00 ] 127.0.0.1 /Public/Yunzhansystem/js/need/laydate.css
INFO: [ app_init ] --START--
INFO: Run Behavior\BuildLiteBehavior [ RunTime:0.000024s ]
INFO: [ app_init ] --END-- [ RunTime:0.000505s ]
INFO: [ app_begin ] --START--
INFO: Run Behavior\ReadHtmlCacheBehavior [ RunTime:0.001144s ]
INFO: [ app_begin ] --END-- [ RunTime:0.001278s ]
ERR: 无法加载控制器:Public

[ 2017-03-23T19:29:58+08:00 ] 127.0.0.1 /Public/Yunzhansystem/js/skins/default/laydate.css
INFO: [ app_init ] --START--
INFO: Run Behavior\BuildLiteBehavior [ RunTime:0.000029s ]
INFO: [ app_init ] --END-- [ RunTime:0.000514s ]
INFO: [ app_begin ] --START--
INFO: Run Behavior\ReadHtmlCacheBehavior [ RunTime:0.000790s ]
INFO: [ app_begin ] --END-- [ RunTime:0.000878s ]
ERR: 无法加载控制器:Public

[ 2017-03-23T19:30:14+08:00 ] 127.0.0.1 /Public/Yunzhansystem/js/skins/default/laydate.css
INFO: [ app_init ] --START--
INFO: Run Behavior\BuildLiteBehavior [ RunTime:0.000019s ]
INFO: [ app_init ] --END-- [ RunTime:0.000496s ]
INFO: [ app_begin ] --START--
INFO: Run Behavior\ReadHtmlCacheBehavior [ RunTime:0.000898s ]
INFO: [ app_begin ] --END-- [ RunTime:0.000984s ]
ERR: 无法加载控制器:Public

[ 2017-03-23T19:30:14+08:00 ] 127.0.0.1 /Public/Yunzhansystem/js/need/laydate.css
INFO: [ app_init ] --START--
INFO: Run Behavior\BuildLiteBehavior [ RunTime:0.000020s ]
INFO: [ app_init ] --END-- [ RunTime:0.000942s ]
INFO: [ app_begin ] --START--
INFO: Run Behavior\ReadHtmlCacheBehavior [ RunTime:0.003753s ]
INFO: [ app_begin ] --END-- [ RunTime:0.004017s ]
ERR: 无法加载控制器:Public

[ 2017-03-23T19:30:30+08:00 ] 127.0.0.1 /Public/Yunzhansystem/js/skins/default/laydate.css
INFO: [ app_init ] --START--
INFO: Run Behavior\BuildLiteBehavior [ RunTime:0.000031s ]
INFO: [ app_init ] --END-- [ RunTime:0.000721s ]
INFO: [ app_begin ] --START--
INFO: Run Behavior\ReadHtmlCacheBehavior [ RunTime:0.001455s ]
INFO: [ app_begin ] --END-- [ RunTime:0.001619s ]
ERR: 无法加载控制器:Public

[ 2017-03-23T19:30:30+08:00 ] 127.0.0.1 /Public/Yunzhansystem/js/need/laydate.css
INFO: [ app_init ] --START--
INFO: Run Behavior\BuildLiteBehavior [ RunTime:0.000028s ]
INFO: [ app_init ] --END-- [ RunTime:0.000930s ]
INFO: [ app_begin ] --START--
INFO: Run Behavior\ReadHtmlCacheBehavior [ RunTime:0.004383s ]
INFO: [ app_begin ] --END-- [ RunTime:0.004505s ]
ERR: 无法加载控制器:Public

[ 2017-03-23T19:30:44+08:00 ] 127.0.0.1 /support/index/catid/4.html
INFO: [ app_init ] --START--
INFO: Run Behavior\BuildLiteBehavior [ RunTime:0.000025s ]
INFO: [ app_init ] --END-- [ RunTime:0.000448s ]
INFO: [ app_begin ] --START--
INFO: Run Behavior\ReadHtmlCacheBehavior [ RunTime:0.000756s ]
INFO: [ app_begin ] --END-- [ RunTime:0.000847s ]
SQL: SHOW COLUMNS FROM `yunzhan_stats` [ RunTime:0.0111s ]
SQL: DELETE FROM `yunzhan_stats` WHERE ( access_time < 1970-01-01 ) [ RunTime:0.0005s ]
SQL: SHOW COLUMNS FROM `yunzhan_category` [ RunTime:0.0087s ]
SQL: SHOW COLUMNS FROM `yunzhan_config` [ RunTime:0.0067s ]
SQL: SHOW COLUMNS FROM `yunzhan_pages` [ RunTime:0.0073s ]
SQL: SHOW COLUMNS FROM `yunzhan_ads` [ RunTime:0.0060s ]
SQL: SHOW COLUMNS FROM `yunzhan_article` [ RunTime:0.0046s ]
SQL: SHOW COLUMNS FROM `yunzhan_links` [ RunTime:0.0048s ]
SQL: SELECT * FROM `yunzhan_category` WHERE ( 1=1 ) ORDER BY sort asc, id asc  [ RunTime:0.0009s ]
NOTIC: [8] Undefined index: is_jump E:\AppServ\www\PHP\yunzhannet\Project\2017\2017-03\z-zhongzhiguohua\Apps\Home\Model\CategoryModel.class.php 第 14 行.
NOTIC: [8] Undefined index: is_jump E:\AppServ\www\PHP\yunzhannet\Project\2017\2017-03\z-zhongzhiguohua\Apps\Home\Model\CategoryModel.class.php 第 14 行.
NOTIC: [8] Undefined index: is_jump E:\AppServ\www\PHP\yunzhannet\Project\2017\2017-03\z-zhongzhiguohua\Apps\Home\Model\CategoryModel.class.php 第 14 行.
NOTIC: [8] Undefined index: is_jump E:\AppServ\www\PHP\yunzhannet\Project\2017\2017-03\z-zhongzhiguohua\Apps\Home\Model\CategoryModel.class.php 第 14 行.
NOTIC: [8] Undefined index: is_jump E:\AppServ\www\PHP\yunzhannet\Project\2017\2017-03\z-zhongzhiguohua\Apps\Home\Model\CategoryModel.class.php 第 14 行.
NOTIC: [8] Undefined index: is_jump E:\AppServ\www\PHP\yunzhannet\Project\2017\2017-03\z-zhongzhiguohua\Apps\Home\Model\CategoryModel.class.php 第 14 行.
NOTIC: [8] Undefined index: is_jump E:\AppServ\www\PHP\yunzhannet\Project\2017\2017-03\z-zhongzhiguohua\Apps\Home\Model\CategoryModel.class.php 第 14 行.
NOTIC: [8] Undefined index: is_jump E:\AppServ\www\PHP\yunzhannet\Project\2017\2017-03\z-zhongzhiguohua\Apps\Home\Model\CategoryModel.class.php 第 14 行.
NOTIC: [8] Undefined index: is_jump E:\AppServ\www\PHP\yunzhannet\Project\2017\2017-03\z-zhongzhiguohua\Apps\Home\Model\CategoryModel.class.php 第 14 行.
NOTIC: [8] Undefined index: is_jump E:\AppServ\www\PHP\yunzhannet\Project\2017\2017-03\z-zhongzhiguohua\Apps\Home\Model\CategoryModel.class.php 第 14 行.
NOTIC: [8] Undefined index: is_jump E:\AppServ\www\PHP\yunzhannet\Project\2017\2017-03\z-zhongzhiguohua\Apps\Home\Model\CategoryModel.class.php 第 14 行.
NOTIC: [8] Undefined index: is_jump E:\AppServ\www\PHP\yunzhannet\Project\2017\2017-03\z-zhongzhiguohua\Apps\Home\Model\CategoryModel.class.php 第 14 行.
NOTIC: [8] Undefined index: is_jump E:\AppServ\www\PHP\yunzhannet\Project\2017\2017-03\z-zhongzhiguohua\Apps\Home\Model\CategoryModel.class.php 第 14 行.
NOTIC: [8] Undefined index: is_jump E:\AppServ\www\PHP\yunzhannet\Project\2017\2017-03\z-zhongzhiguohua\Apps\Home\Model\CategoryModel.class.php 第 14 行.
NOTIC: [8] Undefined index: is_jump E:\AppServ\www\PHP\yunzhannet\Project\2017\2017-03\z-zhongzhiguohua\Apps\Home\Model\CategoryModel.class.php 第 14 行.
NOTIC: [8] Undefined index: is_jump E:\AppServ\www\PHP\yunzhannet\Project\2017\2017-03\z-zhongzhiguohua\Apps\Home\Model\CategoryModel.class.php 第 14 行.
NOTIC: [8] Undefined index: is_jump E:\AppServ\www\PHP\yunzhannet\Project\2017\2017-03\z-zhongzhiguohua\Apps\Home\Model\CategoryModel.class.php 第 14 行.
NOTIC: [8] Undefined index: is_jump E:\AppServ\www\PHP\yunzhannet\Project\2017\2017-03\z-zhongzhiguohua\Apps\Home\Model\CategoryModel.class.php 第 14 行.
NOTIC: [8] Undefined index: is_jump E:\AppServ\www\PHP\yunzhannet\Project\2017\2017-03\z-zhongzhiguohua\Apps\Home\Model\CategoryModel.class.php 第 14 行.
NOTIC: [8] Undefined index: is_jump E:\AppServ\www\PHP\yunzhannet\Project\2017\2017-03\z-zhongzhiguohua\Apps\Home\Model\CategoryModel.class.php 第 14 行.
NOTIC: [8] Undefined index: is_jump E:\AppServ\www\PHP\yunzhannet\Project\2017\2017-03\z-zhongzhiguohua\Apps\Home\Model\CategoryModel.class.php 第 14 行.
NOTIC: [8] Undefined index: is_jump E:\AppServ\www\PHP\yunzhannet\Project\2017\2017-03\z-zhongzhiguohua\Apps\Home\Model\CategoryModel.class.php 第 14 行.
NOTIC: [8] Undefined index: is_jump E:\AppServ\www\PHP\yunzhannet\Project\2017\2017-03\z-zhongzhiguohua\Apps\Home\Model\CategoryModel.class.php 第 14 行.
NOTIC: [8] Undefined index: is_jump E:\AppServ\www\PHP\yunzhannet\Project\2017\2017-03\z-zhongzhiguohua\Apps\Home\Model\CategoryModel.class.php 第 14 行.
NOTIC: [8] Undefined index: is_jump E:\AppServ\www\PHP\yunzhannet\Project\2017\2017-03\z-zhongzhiguohua\Apps\Home\Model\CategoryModel.class.php 第 14 行.
NOTIC: [8] Undefined index: is_jump E:\AppServ\www\PHP\yunzhannet\Project\2017\2017-03\z-zhongzhiguohua\Apps\Home\Model\CategoryModel.class.php 第 14 行.
NOTIC: [8] Undefined index: is_jump E:\AppServ\www\PHP\yunzhannet\Project\2017\2017-03\z-zhongzhiguohua\Apps\Home\Model\CategoryModel.class.php 第 14 行.
NOTIC: [8] Undefined index: is_jump E:\AppServ\www\PHP\yunzhannet\Project\2017\2017-03\z-zhongzhiguohua\Apps\Home\Model\CategoryModel.class.php 第 14 行.
NOTIC: [8] Undefined index: is_jump E:\AppServ\www\PHP\yunzhannet\Project\2017\2017-03\z-zhongzhiguohua\Apps\Home\Model\CategoryModel.class.php 第 14 行.
NOTIC: [8] Undefined index: is_jump E:\AppServ\www\PHP\yunzhannet\Project\2017\2017-03\z-zhongzhiguohua\Apps\Home\Model\CategoryModel.class.php 第 14 行.
NOTIC: [8] Undefined index: is_jump E:\AppServ\www\PHP\yunzhannet\Project\2017\2017-03\z-zhongzhiguohua\Apps\Home\Model\CategoryModel.class.php 第 14 行.
NOTIC: [8] Undefined index: is_jump E:\AppServ\www\PHP\yunzhannet\Project\2017\2017-03\z-zhongzhiguohua\Apps\Home\Model\CategoryModel.class.php 第 14 行.
NOTIC: [8] Undefined index: is_jump E:\AppServ\www\PHP\yunzhannet\Project\2017\2017-03\z-zhongzhiguohua\Apps\Home\Model\CategoryModel.class.php 第 14 行.
NOTIC: [8] Undefined index: is_jump E:\AppServ\www\PHP\yunzhannet\Project\2017\2017-03\z-zhongzhiguohua\Apps\Home\Model\CategoryModel.class.php 第 14 行.
NOTIC: [8] Undefined index: is_jump E:\AppServ\www\PHP\yunzhannet\Project\2017\2017-03\z-zhongzhiguohua\Apps\Home\Model\CategoryModel.class.php 第 14 行.
NOTIC: [8] Undefined index: is_jump E:\AppServ\www\PHP\yunzhannet\Project\2017\2017-03\z-zhongzhiguohua\Apps\Home\Model\CategoryModel.class.php 第 14 行.
NOTIC: [8] Undefined index: is_jump E:\AppServ\www\PHP\yunzhannet\Project\2017\2017-03\z-zhongzhiguohua\Apps\Home\Model\CategoryModel.class.php 第 14 行.
NOTIC: [8] Undefined index: is_jump E:\AppServ\www\PHP\yunzhannet\Project\2017\2017-03\z-zhongzhiguohua\Apps\Home\Model\CategoryModel.class.php 第 14 行.
NOTIC: [8] Undefined index: is_jump E:\AppServ\www\PHP\yunzhannet\Project\2017\2017-03\z-zhongzhiguohua\Apps\Home\Model\CategoryModel.class.php 第 14 行.
NOTIC: [8] Undefined index: is_jump E:\AppServ\www\PHP\yunzhannet\Project\2017\2017-03\z-zhongzhiguohua\Apps\Home\Model\CategoryModel.class.php 第 14 行.
NOTIC: [8] Undefined index: is_jump E:\AppServ\www\PHP\yunzhannet\Project\2017\2017-03\z-zhongzhiguohua\Apps\Home\Model\CategoryModel.class.php 第 14 行.
NOTIC: [8] Undefined index: is_jump E:\AppServ\www\PHP\yunzhannet\Project\2017\2017-03\z-zhongzhiguohua\Apps\Home\Model\CategoryModel.class.php 第 14 行.
NOTIC: [8] Undefined index: 0 E:\AppServ\www\PHP\yunzhannet\Project\2017\2017-03\z-zhongzhiguohua\Apps\Home\Controller\SupportController.class.php 第 21 行.
NOTIC: [8] Undefined index: 0 E:\AppServ\www\PHP\yunzhannet\Project\2017\2017-03\z-zhongzhiguohua\Apps\Home\Controller\SupportController.class.php 第 21 行.
NOTIC: [8] Undefined index: 0 E:\AppServ\www\PHP\yunzhannet\Project\2017\2017-03\z-zhongzhiguohua\Apps\Home\Controller\SupportController.class.php 第 21 行.
NOTIC: [8] Undefined index: 0 E:\AppServ\www\PHP\yunzhannet\Project\2017\2017-03\z-zhongzhiguohua\Apps\Home\Controller\SupportController.class.php 第 21 行.
NOTIC: [8] Undefined index: 0 E:\AppServ\www\PHP\yunzhannet\Project\2017\2017-03\z-zhongzhiguohua\Apps\Home\Controller\SupportController.class.php 第 21 行.
NOTIC: [8] Undefined index: 0 E:\AppServ\www\PHP\yunzhannet\Project\2017\2017-03\z-zhongzhiguohua\Apps\Home\Controller\SupportController.class.php 第 21 行.
NOTIC: [8] Undefined index: 0 E:\AppServ\www\PHP\yunzhannet\Project\2017\2017-03\z-zhongzhiguohua\Apps\Home\Controller\SupportController.class.php 第 21 行.
NOTIC: [8] Undefined index: 0 E:\AppServ\www\PHP\yunzhannet\Project\2017\2017-03\z-zhongzhiguohua\Apps\Home\Controller\SupportController.class.php 第 21 行.
NOTIC: [8] Undefined index: 0 E:\AppServ\www\PHP\yunzhannet\Project\2017\2017-03\z-zhongzhiguohua\Apps\Home\Controller\SupportController.class.php 第 21 行.
NOTIC: [8] Undefined index: 0 E:\AppServ\www\PHP\yunzhannet\Project\2017\2017-03\z-zhongzhiguohua\Apps\Home\Controller\SupportController.class.php 第 21 行.
NOTIC: [8] Undefined index: 0 E:\AppServ\www\PHP\yunzhannet\Project\2017\2017-03\z-zhongzhiguohua\Apps\Home\Controller\SupportController.class.php 第 21 行.
NOTIC: [8] Undefined index: 0 E:\AppServ\www\PHP\yunzhannet\Project\2017\2017-03\z-zhongzhiguohua\Apps\Home\Controller\SupportController.class.php 第 21 行.
SQL: SHOW COLUMNS FROM `yunzhan_category` [ RunTime:0.0039s ]
SQL: SELECT * FROM `yunzhan_category` WHERE `pid` = 0 AND `display` = 1 AND `nav_display` = 1  [ RunTime:0.0005s ]
SQL: SELECT * FROM `yunzhan_category` WHERE `id` = 4 LIMIT 1   [ RunTime:0.0003s ]
SQL: SELECT * FROM `yunzhan_config` WHERE `id` = 1 LIMIT 1   [ RunTime:0.0002s ]
SQL: SELECT * FROM `yunzhan_ads` WHERE `catid` = 3 AND `startdate` <= 1490268644 AND `enddate` >= 1490268644 ORDER BY sort desc, id asc  [ RunTime:0.0003s ]
SQL: SHOW COLUMNS FROM `yunzhan_links` [ RunTime:0.0046s ]
SQL: SELECT * FROM `yunzhan_links` WHERE `catid` = 1 ORDER BY sort asc,id desc  [ RunTime:0.0004s ]
SQL: SELECT * FROM `yunzhan_ads` WHERE `catid` = 5 AND `startdate` <= 1490268644 AND `enddate` >= 1490268644 ORDER BY sort desc, id asc  [ RunTime:0.0004s ]
SQL: SHOW COLUMNS FROM `yunzhan_article` [ RunTime:0.0042s ]
SQL: SELECT * FROM `yunzhan_article` WHERE `catid` = 38 AND `status` = 1 ORDER BY sort asc,create_time asc,id desc  [ RunTime:0.0004s ]
SQL: SELECT `id`,`title`,`thumb` FROM `yunzhan_article` WHERE `catid` = 39 AND `status` = 1 ORDER BY sort asc,create_time asc,id desc LIMIT 22   [ RunTime:0.0003s ]
SQL: SELECT * FROM `yunzhan_category` WHERE `id` = 4 LIMIT 1   [ RunTime:0.0003s ]
INFO: [ view_parse ] --START--
INFO: [ template_filter ] --START--
INFO: Run Behavior\ContentReplaceBehavior [ RunTime:0.000112s ]
INFO: [ template_filter ] --END-- [ RunTime:0.000180s ]
SQL: SELECT * FROM `yunzhan_category` WHERE `pid` = 6 AND `display` = 1  [ RunTime:0.0005s ]
SQL: SELECT * FROM `yunzhan_category` WHERE ( id=6 ) LIMIT 1   [ RunTime:0.0004s ]
SQL: SELECT * FROM `yunzhan_category` WHERE `id` = 6 LIMIT 1   [ RunTime:0.0003s ]
SQL: SELECT * FROM `yunzhan_category` WHERE `pid` = 5 AND `display` = 1  [ RunTime:0.0003s ]
SQL: SELECT * FROM `yunzhan_category` WHERE ( id=5 ) LIMIT 1   [ RunTime:0.0003s ]
SQL: SELECT * FROM `yunzhan_category` WHERE `id` = 5 LIMIT 1   [ RunTime:0.0003s ]
INFO: Run Behavior\ParseTemplateBehavior [ RunTime:0.145624s ]
INFO: [ view_parse ] --END-- [ RunTime:0.145695s ]
INFO: [ view_filter ] --START--
INFO: Run Behavior\WriteHtmlCacheBehavior [ RunTime:0.000557s ]
INFO: [ view_filter ] --END-- [ RunTime:0.000623s ]
INFO: [ app_end ] --START--
INFO: Run Behavior\ShowPageTraceBehavior [ RunTime:0.000729s ]
INFO: [ app_end ] --END-- [ RunTime:0.000783s ]

[ 2017-03-23T19:31:04+08:00 ] 127.0.0.1 /current_pos_24.html
INFO: [ app_init ] --START--
INFO: Run Behavior\BuildLiteBehavior [ RunTime:0.000018s ]
INFO: [ app_init ] --END-- [ RunTime:0.000888s ]
INFO: [ app_begin ] --START--
INFO: Run Behavior\ReadHtmlCacheBehavior [ RunTime:0.003993s ]
INFO: [ app_begin ] --END-- [ RunTime:0.004078s ]
ERR: 无法加载控制器:Current_pos_24

[ 2017-03-23T22:10:47+08:00 ] 127.0.0.1 /favicon.ico
INFO: [ app_init ] --START--
INFO: Run Behavior\BuildLiteBehavior [ RunTime:0.000023s ]
INFO: [ app_init ] --END-- [ RunTime:0.000534s ]

