[ 2017-04-21T04:45:10+08:00 ] 123.125.71.82 /ueditor/php/upload/image/20170309/1489027698582733.jpg
INFO: [ app_init ] --START--
INFO: Run Behavior\BuildLiteBehavior [ RunTime:0.000056s ]
INFO: [ app_init ] --END-- [ RunTime:0.008022s ]

[ 2017-04-21T05:25:56+08:00 ] 220.181.108.180 /Uploads/Content/2017-03-20/58cf5251aa20c_300-225.png
INFO: [ app_init ] --START--
INFO: Run Behavior\BuildLiteBehavior [ RunTime:0.000020s ]
INFO: [ app_init ] --END-- [ RunTime:0.000399s ]

[ 2017-04-21T05:37:16+08:00 ] 220.181.108.102 /Uploads/Content/2017-03-20/58cf3f7464679_285-380.png
INFO: [ app_init ] --START--
INFO: Run Behavior\BuildLiteBehavior [ RunTime:0.000015s ]
INFO: [ app_init ] --END-- [ RunTime:0.000365s ]

[ 2017-04-21T05:59:34+08:00 ] 123.125.71.44 /Uploads/Content/2017-03-21/58d0f2067f4b7_82-102.jpg
INFO: [ app_init ] --START--
INFO: Run Behavior\BuildLiteBehavior [ RunTime:0.000016s ]
INFO: [ app_init ] --END-- [ RunTime:0.000355s ]

[ 2017-04-21T06:08:08+08:00 ] 220.181.108.107 /Uploads/Content/2017-03-23/58d339a0df611_658-210.png
INFO: [ app_init ] --START--
INFO: Run Behavior\BuildLiteBehavior [ RunTime:0.000019s ]
INFO: [ app_init ] --END-- [ RunTime:0.000410s ]

[ 2017-04-21T06:19:16+08:00 ] 220.181.108.118 /Uploads/Content/2017-03-20/58cf40b351b57_285-380.png
INFO: [ app_init ] --START--
INFO: Run Behavior\BuildLiteBehavior [ RunTime:0.000017s ]
INFO: [ app_init ] --END-- [ RunTime:0.000422s ]

[ 2017-04-21T06:24:59+08:00 ] 123.125.71.56 /Uploads/Content/2017-03-22/58d23bae5d639_285-380.png
INFO: [ app_init ] --START--
INFO: Run Behavior\BuildLiteBehavior [ RunTime:0.000019s ]
INFO: [ app_init ] --END-- [ RunTime:0.000374s ]

[ 2017-04-21T06:35:17+08:00 ] 220.181.108.104 /ueditor/php/upload/image/20170309/1489027735991802.jpg
INFO: [ app_init ] --START--
INFO: Run Behavior\BuildLiteBehavior [ RunTime:0.000016s ]
INFO: [ app_init ] --END-- [ RunTime:0.000377s ]

[ 2017-04-21T06:36:18+08:00 ] 123.125.71.30 /Uploads/Content/2017-03-22/58d21416bcb57_82-102.JPG
INFO: [ app_init ] --START--
INFO: Run Behavior\BuildLiteBehavior [ RunTime:0.000016s ]
INFO: [ app_init ] --END-- [ RunTime:0.000372s ]

[ 2017-04-21T06:48:57+08:00 ] 123.125.71.90 /Uploads/Content/2017-03-20/58cf4bcd1e168_1200-600.png
INFO: [ app_init ] --START--
INFO: Run Behavior\BuildLiteBehavior [ RunTime:0.000037s ]
INFO: [ app_init ] --END-- [ RunTime:0.000387s ]

[ 2017-04-21T07:24:58+08:00 ] 220.181.108.117 /Uploads/Content/2017-03-21/58d0f6591028c_82-102.jpg
INFO: [ app_init ] --START--
INFO: Run Behavior\BuildLiteBehavior [ RunTime:0.000035s ]
INFO: [ app_init ] --END-- [ RunTime:0.001290s ]

[ 2017-04-21T07:52:03+08:00 ] 123.125.71.91 /Uploads/Content/2017-03-20/58cf52b77f32e_300-225.png
INFO: [ app_init ] --START--
INFO: Run Behavior\BuildLiteBehavior [ RunTime:0.000028s ]
INFO: [ app_init ] --END-- [ RunTime:0.000612s ]

[ 2017-04-21T08:05:54+08:00 ] 123.125.71.103 /Uploads/Content/2017-03-23/58d337f879491.jpg
INFO: [ app_init ] --START--
INFO: Run Behavior\BuildLiteBehavior [ RunTime:0.000017s ]
INFO: [ app_init ] --END-- [ RunTime:0.000380s ]

[ 2017-04-21T08:09:13+08:00 ] 123.125.71.80 /Uploads/Content/2017-03-20/58cf51f8d968e_300-225.png
INFO: [ app_init ] --START--
INFO: Run Behavior\BuildLiteBehavior [ RunTime:0.000020s ]
INFO: [ app_init ] --END-- [ RunTime:0.000400s ]

[ 2017-04-21T08:20:38+08:00 ] 123.125.71.36 /Uploads/Content/2017-03-22/58d213aed08bd_780-558.JPG
INFO: [ app_init ] --START--
INFO: Run Behavior\BuildLiteBehavior [ RunTime:0.000017s ]
INFO: [ app_init ] --END-- [ RunTime:0.000389s ]

[ 2017-04-21T08:24:49+08:00 ] 123.125.71.100 /Uploads/Content/2017-03-22/58d21d60d67ae_780-558.jpg
INFO: [ app_init ] --START--
INFO: Run Behavior\BuildLiteBehavior [ RunTime:0.000018s ]
INFO: [ app_init ] --END-- [ RunTime:0.000362s ]

[ 2017-04-21T08:35:33+08:00 ] 220.181.108.182 /Uploads/Content/2017-03-20/58cf979ddd006_1200-600.jpg
INFO: [ app_init ] --START--
INFO: Run Behavior\BuildLiteBehavior [ RunTime:0.000018s ]
INFO: [ app_init ] --END-- [ RunTime:0.000420s ]

[ 2017-04-21T08:36:39+08:00 ] 123.125.71.52 /Uploads/Content/2017-03-22/58d2212c7c3b1_82-102.jpg
INFO: [ app_init ] --START--
INFO: Run Behavior\BuildLiteBehavior [ RunTime:0.000022s ]
INFO: [ app_init ] --END-- [ RunTime:0.000388s ]

[ 2017-04-21T09:16:03+08:00 ] 123.125.71.43 /Uploads/Content/2017-03-23/58d3379dbcfb0.JPG
INFO: [ app_init ] --START--
INFO: Run Behavior\BuildLiteBehavior [ RunTime:0.000020s ]
INFO: [ app_init ] --END-- [ RunTime:0.000399s ]

[ 2017-04-21T09:45:43+08:00 ] 220.181.108.173 /Uploads/Content/2017-03-22/58d240a951121_285-380.png
INFO: [ app_init ] --START--
INFO: Run Behavior\BuildLiteBehavior [ RunTime:0.000018s ]
INFO: [ app_init ] --END-- [ RunTime:0.000419s ]

[ 2017-04-21T15:23:52+08:00 ] 220.181.108.144 /Uploads/Content/2017-03-22/58d222ffd49ca_192-140.jpg
INFO: [ app_init ] --START--
INFO: Run Behavior\BuildLiteBehavior [ RunTime:0.000018s ]
INFO: [ app_init ] --END-- [ RunTime:0.000434s ]

[ 2017-04-21T15:43:39+08:00 ] 61.231.183.69 /fckeditor
INFO: [ app_init ] --START--
INFO: Run Behavior\BuildLiteBehavior [ RunTime:0.000552s ]
INFO: [ app_init ] --END-- [ RunTime:0.006625s ]
INFO: [ app_begin ] --START--
INFO: Run Behavior\ReadHtmlCacheBehavior [ RunTime:0.000655s ]
INFO: [ app_begin ] --END-- [ RunTime:0.000732s ]
ERR: 无法加载控制器:Fckeditor

[ 2017-04-21T15:43:39+08:00 ] 61.231.183.69 /admin/fckeditor
INFO: [ app_init ] --START--
INFO: Run Behavior\BuildLiteBehavior [ RunTime:0.000018s ]
INFO: [ app_init ] --END-- [ RunTime:0.000425s ]
INFO: [ app_begin ] --START--
INFO: Run Behavior\ReadHtmlCacheBehavior [ RunTime:0.000698s ]
INFO: [ app_begin ] --END-- [ RunTime:0.000760s ]
ERR: 无法加载控制器:Admin

[ 2017-04-21T15:43:40+08:00 ] 61.231.183.69 /admin_manage/fckeditor
INFO: [ app_init ] --START--
INFO: Run Behavior\BuildLiteBehavior [ RunTime:0.000016s ]
INFO: [ app_init ] --END-- [ RunTime:0.000360s ]
INFO: [ app_begin ] --START--
INFO: Run Behavior\ReadHtmlCacheBehavior [ RunTime:0.000451s ]
INFO: [ app_begin ] --END-- [ RunTime:0.000506s ]
ERR: 无法加载控制器:Admin_manage

[ 2017-04-21T15:43:40+08:00 ] 61.231.183.69 /web_manage/fckeditor
INFO: [ app_init ] --START--
INFO: Run Behavior\BuildLiteBehavior [ RunTime:0.000019s ]
INFO: [ app_init ] --END-- [ RunTime:0.000386s ]
INFO: [ app_begin ] --START--
INFO: Run Behavior\ReadHtmlCacheBehavior [ RunTime:0.000420s ]
INFO: [ app_begin ] --END-- [ RunTime:0.000483s ]
ERR: 无法加载控制器:Web_manage

[ 2017-04-21T15:43:41+08:00 ] 61.231.183.69 /manager/FCKeditor
INFO: [ app_init ] --START--
INFO: Run Behavior\BuildLiteBehavior [ RunTime:0.000018s ]
INFO: [ app_init ] --END-- [ RunTime:0.000396s ]
INFO: [ app_begin ] --START--
INFO: Run Behavior\ReadHtmlCacheBehavior [ RunTime:0.000415s ]
INFO: [ app_begin ] --END-- [ RunTime:0.000470s ]
ERR: 无法加载控制器:Manager

[ 2017-04-21T15:43:41+08:00 ] 61.231.183.69 /admin/manager/Fckeditor
INFO: [ app_init ] --START--
INFO: Run Behavior\BuildLiteBehavior [ RunTime:0.000020s ]
INFO: [ app_init ] --END-- [ RunTime:0.000373s ]
INFO: [ app_begin ] --START--
INFO: Run Behavior\ReadHtmlCacheBehavior [ RunTime:0.000506s ]
INFO: [ app_begin ] --END-- [ RunTime:0.000570s ]
ERR: 无法加载控制器:Admin

[ 2017-04-21T15:43:41+08:00 ] 61.231.183.69 /public/js/manager/fckeditor
INFO: [ app_init ] --START--
INFO: Run Behavior\BuildLiteBehavior [ RunTime:0.000037s ]
INFO: [ app_init ] --END-- [ RunTime:0.000431s ]
INFO: [ app_begin ] --START--
INFO: Run Behavior\ReadHtmlCacheBehavior [ RunTime:0.000413s ]
INFO: [ app_begin ] --END-- [ RunTime:0.000464s ]
ERR: 无法加载控制器:Public

[ 2017-04-21T15:43:42+08:00 ] 61.231.183.69 /js/fckeditor
INFO: [ app_init ] --START--
INFO: Run Behavior\BuildLiteBehavior [ RunTime:0.000016s ]
INFO: [ app_init ] --END-- [ RunTime:0.000353s ]
INFO: [ app_begin ] --START--
INFO: Run Behavior\ReadHtmlCacheBehavior [ RunTime:0.000439s ]
INFO: [ app_begin ] --END-- [ RunTime:0.000492s ]
ERR: 无法加载控制器:Js

[ 2017-04-21T15:43:43+08:00 ] 61.231.183.69 /include/fckeditor
INFO: [ app_init ] --START--
INFO: Run Behavior\BuildLiteBehavior [ RunTime:0.000017s ]
INFO: [ app_init ] --END-- [ RunTime:0.000405s ]
INFO: [ app_begin ] --START--
INFO: Run Behavior\ReadHtmlCacheBehavior [ RunTime:0.000416s ]
INFO: [ app_begin ] --END-- [ RunTime:0.000469s ]
ERR: 无法加载控制器:Include

[ 2017-04-21T15:43:44+08:00 ] 61.231.183.69 /files/fckeditor
INFO: [ app_init ] --START--
INFO: Run Behavior\BuildLiteBehavior [ RunTime:0.000020s ]
INFO: [ app_init ] --END-- [ RunTime:0.000802s ]
INFO: [ app_begin ] --START--
INFO: Run Behavior\ReadHtmlCacheBehavior [ RunTime:0.000448s ]
INFO: [ app_begin ] --END-- [ RunTime:0.000508s ]
ERR: 无法加载控制器:Files

[ 2017-04-21T15:43:44+08:00 ] 61.231.183.69 /admin2/fckeditor
INFO: [ app_init ] --START--
INFO: Run Behavior\BuildLiteBehavior [ RunTime:0.000019s ]
INFO: [ app_init ] --END-- [ RunTime:0.000401s ]
INFO: [ app_begin ] --START--
INFO: Run Behavior\ReadHtmlCacheBehavior [ RunTime:0.000458s ]
INFO: [ app_begin ] --END-- [ RunTime:0.000511s ]
ERR: 无法加载控制器:Admin2

[ 2017-04-21T15:43:45+08:00 ] 61.231.183.69 /wp-content/plugins/fckeditor_for_wordpress/fckeditor
INFO: [ app_init ] --START--
INFO: Run Behavior\BuildLiteBehavior [ RunTime:0.000016s ]
INFO: [ app_init ] --END-- [ RunTime:0.000386s ]
INFO: [ app_begin ] --START--
INFO: Run Behavior\ReadHtmlCacheBehavior [ RunTime:0.000404s ]
INFO: [ app_begin ] --END-- [ RunTime:0.000457s ]
ERR: 无法加载控制器:Wp-content

[ 2017-04-21T15:43:45+08:00 ] 61.231.183.69 /common/fckeditor
INFO: [ app_init ] --START--
INFO: Run Behavior\BuildLiteBehavior [ RunTime:0.000015s ]
INFO: [ app_init ] --END-- [ RunTime:0.000409s ]
INFO: [ app_begin ] --START--
INFO: Run Behavior\ReadHtmlCacheBehavior [ RunTime:0.000472s ]
INFO: [ app_begin ] --END-- [ RunTime:0.000524s ]
ERR: 无法加载控制器:Common

[ 2017-04-21T16:59:33+08:00 ] 220.181.108.112 /Uploads/Content/2017-03-20/58cfa68a7d124_1920-250.gif
INFO: [ app_init ] --START--
INFO: Run Behavior\BuildLiteBehavior [ RunTime:0.000019s ]
INFO: [ app_init ] --END-- [ RunTime:0.000373s ]

[ 2017-04-21T21:36:19+08:00 ] 157.55.39.3 /robots.txt
INFO: [ app_init ] --START--
INFO: Run Behavior\BuildLiteBehavior [ RunTime:0.000020s ]
INFO: [ app_init ] --END-- [ RunTime:0.000428s ]
INFO: [ app_begin ] --START--
INFO: Run Behavior\ReadHtmlCacheBehavior [ RunTime:0.000730s ]
INFO: [ app_begin ] --END-- [ RunTime:0.000807s ]
ERR: 无法加载控制器:Robots.txt

[ 2017-04-21T21:36:28+08:00 ] 157.55.39.224 /news/view/catid/44/id/8.html
INFO: [ app_init ] --START--
INFO: Run Behavior\BuildLiteBehavior [ RunTime:0.000017s ]
INFO: [ app_init ] --END-- [ RunTime:0.000377s ]
INFO: [ app_begin ] --START--
INFO: Run Behavior\ReadHtmlCacheBehavior [ RunTime:0.000412s ]
INFO: [ app_begin ] --END-- [ RunTime:0.000465s ]
SQL: SHOW COLUMNS FROM `yunzhan_stats` [ RunTime:0.0118s ]
SQL: DELETE FROM `yunzhan_stats` WHERE ( access_time < 1970-01-01 ) [ RunTime:0.0003s ]
SQL: SHOW COLUMNS FROM `yunzhan_category` [ RunTime:0.0007s ]
SQL: SHOW COLUMNS FROM `yunzhan_config` [ RunTime:0.0049s ]
SQL: SHOW COLUMNS FROM `yunzhan_pages` [ RunTime:0.0006s ]
SQL: SHOW COLUMNS FROM `yunzhan_ads` [ RunTime:0.0091s ]
SQL: SHOW COLUMNS FROM `yunzhan_article` [ RunTime:0.0009s ]
SQL: SHOW COLUMNS FROM `yunzhan_links` [ RunTime:0.0049s ]
SQL: SELECT * FROM `yunzhan_category` WHERE ( 1=1 ) ORDER BY sort asc, id asc  [ RunTime:0.0015s ]
NOTIC: [8] Undefined index: is_jump /home/yunzhantest2y3ucnmzfhzaqnlt7ersdt/wwwroot/Apps/Home/Model/CategoryModel.class.php 第 14 行.
NOTIC: [8] Undefined index: is_jump /home/yunzhantest2y3ucnmzfhzaqnlt7ersdt/wwwroot/Apps/Home/Model/CategoryModel.class.php 第 14 行.
NOTIC: [8] Undefined index: is_jump /home/yunzhantest2y3ucnmzfhzaqnlt7ersdt/wwwroot/Apps/Home/Model/CategoryModel.class.php 第 14 行.
NOTIC: [8] Undefined index: is_jump /home/yunzhantest2y3ucnmzfhzaqnlt7ersdt/wwwroot/Apps/Home/Model/CategoryModel.class.php 第 14 行.
NOTIC: [8] Undefined index: is_jump /home/yunzhantest2y3ucnmzfhzaqnlt7ersdt/wwwroot/Apps/Home/Model/CategoryModel.class.php 第 14 行.
NOTIC: [8] Undefined index: is_jump /home/yunzhantest2y3ucnmzfhzaqnlt7ersdt/wwwroot/Apps/Home/Model/CategoryModel.class.php 第 14 行.
NOTIC: [8] Undefined index: is_jump /home/yunzhantest2y3ucnmzfhzaqnlt7ersdt/wwwroot/Apps/Home/Model/CategoryModel.class.php 第 14 行.
NOTIC: [8] Undefined index: is_jump /home/yunzhantest2y3ucnmzfhzaqnlt7ersdt/wwwroot/Apps/Home/Model/CategoryModel.class.php 第 14 行.
NOTIC: [8] Undefined index: is_jump /home/yunzhantest2y3ucnmzfhzaqnlt7ersdt/wwwroot/Apps/Home/Model/CategoryModel.class.php 第 14 行.
NOTIC: [8] Undefined index: is_jump /home/yunzhantest2y3ucnmzfhzaqnlt7ersdt/wwwroot/Apps/Home/Model/CategoryModel.class.php 第 14 行.
NOTIC: [8] Undefined index: is_jump /home/yunzhantest2y3ucnmzfhzaqnlt7ersdt/wwwroot/Apps/Home/Model/CategoryModel.class.php 第 14 行.
NOTIC: [8] Undefined index: is_jump /home/yunzhantest2y3ucnmzfhzaqnlt7ersdt/wwwroot/Apps/Home/Model/CategoryModel.class.php 第 14 行.
NOTIC: [8] Undefined index: is_jump /home/yunzhantest2y3ucnmzfhzaqnlt7ersdt/wwwroot/Apps/Home/Model/CategoryModel.class.php 第 14 行.
NOTIC: [8] Undefined index: is_jump /home/yunzhantest2y3ucnmzfhzaqnlt7ersdt/wwwroot/Apps/Home/Model/CategoryModel.class.php 第 14 行.
NOTIC: [8] Undefined index: is_jump /home/yunzhantest2y3ucnmzfhzaqnlt7ersdt/wwwroot/Apps/Home/Model/CategoryModel.class.php 第 14 行.
NOTIC: [8] Undefined index: is_jump /home/yunzhantest2y3ucnmzfhzaqnlt7ersdt/wwwroot/Apps/Home/Model/CategoryModel.class.php 第 14 行.
NOTIC: [8] Undefined index: is_jump /home/yunzhantest2y3ucnmzfhzaqnlt7ersdt/wwwroot/Apps/Home/Model/CategoryModel.class.php 第 14 行.
NOTIC: [8] Undefined index: is_jump /home/yunzhantest2y3ucnmzfhzaqnlt7ersdt/wwwroot/Apps/Home/Model/CategoryModel.class.php 第 14 行.
NOTIC: [8] Undefined index: is_jump /home/yunzhantest2y3ucnmzfhzaqnlt7ersdt/wwwroot/Apps/Home/Model/CategoryModel.class.php 第 14 行.
NOTIC: [8] Undefined index: is_jump /home/yunzhantest2y3ucnmzfhzaqnlt7ersdt/wwwroot/Apps/Home/Model/CategoryModel.class.php 第 14 行.
NOTIC: [8] Undefined index: is_jump /home/yunzhantest2y3ucnmzfhzaqnlt7ersdt/wwwroot/Apps/Home/Model/CategoryModel.class.php 第 14 行.
NOTIC: [8] Undefined index: is_jump /home/yunzhantest2y3ucnmzfhzaqnlt7ersdt/wwwroot/Apps/Home/Model/CategoryModel.class.php 第 14 行.
NOTIC: [8] Undefined index: is_jump /home/yunzhantest2y3ucnmzfhzaqnlt7ersdt/wwwroot/Apps/Home/Model/CategoryModel.class.php 第 14 行.
NOTIC: [8] Undefined index: is_jump /home/yunzhantest2y3ucnmzfhzaqnlt7ersdt/wwwroot/Apps/Home/Model/CategoryModel.class.php 第 14 行.
NOTIC: [8] Undefined index: is_jump /home/yunzhantest2y3ucnmzfhzaqnlt7ersdt/wwwroot/Apps/Home/Model/CategoryModel.class.php 第 14 行.
NOTIC: [8] Undefined index: is_jump /home/yunzhantest2y3ucnmzfhzaqnlt7ersdt/wwwroot/Apps/Home/Model/CategoryModel.class.php 第 14 行.
NOTIC: [8] Undefined index: is_jump /home/yunzhantest2y3ucnmzfhzaqnlt7ersdt/wwwroot/Apps/Home/Model/CategoryModel.class.php 第 14 行.
NOTIC: [8] Undefined index: is_jump /home/yunzhantest2y3ucnmzfhzaqnlt7ersdt/wwwroot/Apps/Home/Model/CategoryModel.class.php 第 14 行.
NOTIC: [8] Undefined index: is_jump /home/yunzhantest2y3ucnmzfhzaqnlt7ersdt/wwwroot/Apps/Home/Model/CategoryModel.class.php 第 14 行.
NOTIC: [8] Undefined index: is_jump /home/yunzhantest2y3ucnmzfhzaqnlt7ersdt/wwwroot/Apps/Home/Model/CategoryModel.class.php 第 14 行.
NOTIC: [8] Undefined index: is_jump /home/yunzhantest2y3ucnmzfhzaqnlt7ersdt/wwwroot/Apps/Home/Model/CategoryModel.class.php 第 14 行.
NOTIC: [8] Undefined index: is_jump /home/yunzhantest2y3ucnmzfhzaqnlt7ersdt/wwwroot/Apps/Home/Model/CategoryModel.class.php 第 14 行.
NOTIC: [8] Undefined index: is_jump /home/yunzhantest2y3ucnmzfhzaqnlt7ersdt/wwwroot/Apps/Home/Model/CategoryModel.class.php 第 14 行.
NOTIC: [8] Undefined index: is_jump /home/yunzhantest2y3ucnmzfhzaqnlt7ersdt/wwwroot/Apps/Home/Model/CategoryModel.class.php 第 14 行.
NOTIC: [8] Undefined index: is_jump /home/yunzhantest2y3ucnmzfhzaqnlt7ersdt/wwwroot/Apps/Home/Model/CategoryModel.class.php 第 14 行.
NOTIC: [8] Undefined index: is_jump /home/yunzhantest2y3ucnmzfhzaqnlt7ersdt/wwwroot/Apps/Home/Model/CategoryModel.class.php 第 14 行.
NOTIC: [8] Undefined index: is_jump /home/yunzhantest2y3ucnmzfhzaqnlt7ersdt/wwwroot/Apps/Home/Model/CategoryModel.class.php 第 14 行.
NOTIC: [8] Undefined index: is_jump /home/yunzhantest2y3ucnmzfhzaqnlt7ersdt/wwwroot/Apps/Home/Model/CategoryModel.class.php 第 14 行.
NOTIC: [8] Undefined index: is_jump /home/yunzhantest2y3ucnmzfhzaqnlt7ersdt/wwwroot/Apps/Home/Model/CategoryModel.class.php 第 14 行.
NOTIC: [8] Undefined index: is_jump /home/yunzhantest2y3ucnmzfhzaqnlt7ersdt/wwwroot/Apps/Home/Model/CategoryModel.class.php 第 14 行.
NOTIC: [8] Undefined index: is_jump /home/yunzhantest2y3ucnmzfhzaqnlt7ersdt/wwwroot/Apps/Home/Model/CategoryModel.class.php 第 14 行.
NOTIC: [8] Undefined index: is_jump /home/yunzhantest2y3ucnmzfhzaqnlt7ersdt/wwwroot/Apps/Home/Model/CategoryModel.class.php 第 14 行.
NOTIC: [8] Undefined index: is_jump /home/yunzhantest2y3ucnmzfhzaqnlt7ersdt/wwwroot/Apps/Home/Model/CategoryModel.class.php 第 14 行.
NOTIC: [8] Undefined index: is_jump /home/yunzhantest2y3ucnmzfhzaqnlt7ersdt/wwwroot/Apps/Home/Model/CategoryModel.class.php 第 14 行.
NOTIC: [8] Undefined index: is_jump /home/yunzhantest2y3ucnmzfhzaqnlt7ersdt/wwwroot/Apps/Home/Model/CategoryModel.class.php 第 14 行.
NOTIC: [8] Undefined index: is_jump /home/yunzhantest2y3ucnmzfhzaqnlt7ersdt/wwwroot/Apps/Home/Model/CategoryModel.class.php 第 14 行.
NOTIC: [8] Undefined index: is_jump /home/yunzhantest2y3ucnmzfhzaqnlt7ersdt/wwwroot/Apps/Home/Model/CategoryModel.class.php 第 14 行.
NOTIC: [8] Undefined index: is_jump /home/yunzhantest2y3ucnmzfhzaqnlt7ersdt/wwwroot/Apps/Home/Model/CategoryModel.class.php 第 14 行.
NOTIC: [8] Undefined index: is_jump /home/yunzhantest2y3ucnmzfhzaqnlt7ersdt/wwwroot/Apps/Home/Model/CategoryModel.class.php 第 14 行.
SQL: SHOW COLUMNS FROM `yunzhan_category` [ RunTime:0.0006s ]
SQL: SELECT * FROM `yunzhan_category` WHERE `pid` = 0 AND `display` = 1 AND `nav_display` = 1  [ RunTime:0.0004s ]
SQL: SELECT * FROM `yunzhan_category` WHERE `id` = 6 LIMIT 1   [ RunTime:0.0003s ]
SQL: SELECT * FROM `yunzhan_config` WHERE `id` = 1 LIMIT 1   [ RunTime:0.0059s ]
SQL: SELECT * FROM `yunzhan_ads` WHERE `catid` = 3 AND `startdate` <= 1492781788 AND `enddate` >= 1492781788 ORDER BY sort desc, id asc  [ RunTime:0.0020s ]
SQL: SHOW COLUMNS FROM `yunzhan_links` [ RunTime:0.0004s ]
SQL: SELECT * FROM `yunzhan_links` WHERE `catid` = 1 ORDER BY sort asc,id desc  [ RunTime:0.0019s ]
SQL: SELECT * FROM `yunzhan_category` WHERE `id` = 44 LIMIT 1   [ RunTime:0.0002s ]
SQL: SHOW COLUMNS FROM `yunzhan_service` [ RunTime:0.0005s ]
SQL: SELECT * FROM `yunzhan_service` WHERE `catid` = 6 ORDER BY sort asc,id desc  [ RunTime:0.0004s ]
SQL: SELECT * FROM `yunzhan_article` WHERE `id` = 8 LIMIT 1   [ RunTime:0.0004s ]
INFO: [ view_parse ] --START--
INFO: [ template_filter ] --START--
INFO: Run Behavior\ContentReplaceBehavior [ RunTime:0.000124s ]
INFO: [ template_filter ] --END-- [ RunTime:0.000189s ]
SQL: SELECT * FROM `yunzhan_category` WHERE ( 1=1 ) ORDER BY sort asc, id asc  [ RunTime:0.0002s ]
NOTIC: [8] Undefined index: is_jump /home/yunzhantest2y3ucnmzfhzaqnlt7ersdt/wwwroot/Apps/Home/Model/CategoryModel.class.php 第 14 行.
NOTIC: [8] Undefined index: is_jump /home/yunzhantest2y3ucnmzfhzaqnlt7ersdt/wwwroot/Apps/Home/Model/CategoryModel.class.php 第 14 行.
NOTIC: [8] Undefined index: is_jump /home/yunzhantest2y3ucnmzfhzaqnlt7ersdt/wwwroot/Apps/Home/Model/CategoryModel.class.php 第 14 行.
NOTIC: [8] Undefined index: is_jump /home/yunzhantest2y3ucnmzfhzaqnlt7ersdt/wwwroot/Apps/Home/Model/CategoryModel.class.php 第 14 行.
NOTIC: [8] Undefined index: is_jump /home/yunzhantest2y3ucnmzfhzaqnlt7ersdt/wwwroot/Apps/Home/Model/CategoryModel.class.php 第 14 行.
NOTIC: [8] Undefined index: is_jump /home/yunzhantest2y3ucnmzfhzaqnlt7ersdt/wwwroot/Apps/Home/Model/CategoryModel.class.php 第 14 行.
NOTIC: [8] Undefined index: is_jump /home/yunzhantest2y3ucnmzfhzaqnlt7ersdt/wwwroot/Apps/Home/Model/CategoryModel.class.php 第 14 行.
NOTIC: [8] Undefined index: is_jump /home/yunzhantest2y3ucnmzfhzaqnlt7ersdt/wwwroot/Apps/Home/Model/CategoryModel.class.php 第 14 行.
NOTIC: [8] Undefined index: is_jump /home/yunzhantest2y3ucnmzfhzaqnlt7ersdt/wwwroot/Apps/Home/Model/CategoryModel.class.php 第 14 行.
NOTIC: [8] Undefined index: is_jump /home/yunzhantest2y3ucnmzfhzaqnlt7ersdt/wwwroot/Apps/Home/Model/CategoryModel.class.php 第 14 行.
NOTIC: [8] Undefined index: is_jump /home/yunzhantest2y3ucnmzfhzaqnlt7ersdt/wwwroot/Apps/Home/Model/CategoryModel.class.php 第 14 行.
NOTIC: [8] Undefined index: is_jump /home/yunzhantest2y3ucnmzfhzaqnlt7ersdt/wwwroot/Apps/Home/Model/CategoryModel.class.php 第 14 行.
NOTIC: [8] Undefined index: is_jump /home/yunzhantest2y3ucnmzfhzaqnlt7ersdt/wwwroot/Apps/Home/Model/CategoryModel.class.php 第 14 行.
NOTIC: [8] Undefined index: is_jump /home/yunzhantest2y3ucnmzfhzaqnlt7ersdt/wwwroot/Apps/Home/Model/CategoryModel.class.php 第 14 行.
NOTIC: [8] Undefined index: is_jump /home/yunzhantest2y3ucnmzfhzaqnlt7ersdt/wwwroot/Apps/Home/Model/CategoryModel.class.php 第 14 行.
NOTIC: [8] Undefined index: is_jump /home/yunzhantest2y3ucnmzfhzaqnlt7ersdt/wwwroot/Apps/Home/Model/CategoryModel.class.php 第 14 行.
NOTIC: [8] Undefined index: is_jump /home/yunzhantest2y3ucnmzfhzaqnlt7ersdt/wwwroot/Apps/Home/Model/CategoryModel.class.php 第 14 行.
NOTIC: [8] Undefined index: is_jump /home/yunzhantest2y3ucnmzfhzaqnlt7ersdt/wwwroot/Apps/Home/Model/CategoryModel.class.php 第 14 行.
NOTIC: [8] Undefined index: is_jump /home/yunzhantest2y3ucnmzfhzaqnlt7ersdt/wwwroot/Apps/Home/Model/CategoryModel.class.php 第 14 行.
NOTIC: [8] Undefined index: is_jump /home/yunzhantest2y3ucnmzfhzaqnlt7ersdt/wwwroot/Apps/Home/Model/CategoryModel.class.php 第 14 行.
NOTIC: [8] Undefined index: is_jump /home/yunzhantest2y3ucnmzfhzaqnlt7ersdt/wwwroot/Apps/Home/Model/CategoryModel.class.php 第 14 行.
NOTIC: [8] Undefined index: is_jump /home/yunzhantest2y3ucnmzfhzaqnlt7ersdt/wwwroot/Apps/Home/Model/CategoryModel.class.php 第 14 行.
NOTIC: [8] Undefined index: is_jump /home/yunzhantest2y3ucnmzfhzaqnlt7ersdt/wwwroot/Apps/Home/Model/CategoryModel.class.php 第 14 行.
NOTIC: [8] Undefined index: is_jump /home/yunzhantest2y3ucnmzfhzaqnlt7ersdt/wwwroot/Apps/Home/Model/CategoryModel.class.php 第 14 行.
NOTIC: [8] Undefined index: is_jump /home/yunzhantest2y3ucnmzfhzaqnlt7ersdt/wwwroot/Apps/Home/Model/CategoryModel.class.php 第 14 行.
NOTIC: [8] Undefined index: is_jump /home/yunzhantest2y3ucnmzfhzaqnlt7ersdt/wwwroot/Apps/Home/Model/CategoryModel.class.php 第 14 行.
NOTIC: [8] Undefined index: is_jump /home/yunzhantest2y3ucnmzfhzaqnlt7ersdt/wwwroot/Apps/Home/Model/CategoryModel.class.php 第 14 行.
NOTIC: [8] Undefined index: is_jump /home/yunzhantest2y3ucnmzfhzaqnlt7ersdt/wwwroot/Apps/Home/Model/CategoryModel.class.php 第 14 行.
NOTIC: [8] Undefined index: is_jump /home/yunzhantest2y3ucnmzfhzaqnlt7ersdt/wwwroot/Apps/Home/Model/CategoryModel.class.php 第 14 行.
NOTIC: [8] Undefined index: is_jump /home/yunzhantest2y3ucnmzfhzaqnlt7ersdt/wwwroot/Apps/Home/Model/CategoryModel.class.php 第 14 行.
NOTIC: [8] Undefined index: is_jump /home/yunzhantest2y3ucnmzfhzaqnlt7ersdt/wwwroot/Apps/Home/Model/CategoryModel.class.php 第 14 行.
NOTIC: [8] Undefined index: is_jump /home/yunzhantest2y3ucnmzfhzaqnlt7ersdt/wwwroot/Apps/Home/Model/CategoryModel.class.php 第 14 行.
NOTIC: [8] Undefined index: is_jump /home/yunzhantest2y3ucnmzfhzaqnlt7ersdt/wwwroot/Apps/Home/Model/CategoryModel.class.php 第 14 行.
NOTIC: [8] Undefined index: is_jump /home/yunzhantest2y3ucnmzfhzaqnlt7ersdt/wwwroot/Apps/Home/Model/CategoryModel.class.php 第 14 行.
NOTIC: [8] Undefined index: is_jump /home/yunzhantest2y3ucnmzfhzaqnlt7ersdt/wwwroot/Apps/Home/Model/CategoryModel.class.php 第 14 行.
NOTIC: [8] Undefined index: is_jump /home/yunzhantest2y3ucnmzfhzaqnlt7ersdt/wwwroot/Apps/Home/Model/CategoryModel.class.php 第 14 行.
NOTIC: [8] Undefined index: is_jump /home/yunzhantest2y3ucnmzfhzaqnlt7ersdt/wwwroot/Apps/Home/Model/CategoryModel.class.php 第 14 行.
NOTIC: [8] Undefined index: is_jump /home/yunzhantest2y3ucnmzfhzaqnlt7ersdt/wwwroot/Apps/Home/Model/CategoryModel.class.php 第 14 行.
NOTIC: [8] Undefined index: is_jump /home/yunzhantest2y3ucnmzfhzaqnlt7ersdt/wwwroot/Apps/Home/Model/CategoryModel.class.php 第 14 行.
NOTIC: [8] Undefined index: is_jump /home/yunzhantest2y3ucnmzfhzaqnlt7ersdt/wwwroot/Apps/Home/Model/CategoryModel.class.php 第 14 行.
NOTIC: [8] Undefined index: is_jump /home/yunzhantest2y3ucnmzfhzaqnlt7ersdt/wwwroot/Apps/Home/Model/CategoryModel.class.php 第 14 行.
NOTIC: [8] Undefined index: is_jump /home/yunzhantest2y3ucnmzfhzaqnlt7ersdt/wwwroot/Apps/Home/Model/CategoryModel.class.php 第 14 行.
NOTIC: [8] Undefined index: is_jump /home/yunzhantest2y3ucnmzfhzaqnlt7ersdt/wwwroot/Apps/Home/Model/CategoryModel.class.php 第 14 行.
NOTIC: [8] Undefined index: is_jump /home/yunzhantest2y3ucnmzfhzaqnlt7ersdt/wwwroot/Apps/Home/Model/CategoryModel.class.php 第 14 行.
NOTIC: [8] Undefined index: is_jump /home/yunzhantest2y3ucnmzfhzaqnlt7ersdt/wwwroot/Apps/Home/Model/CategoryModel.class.php 第 14 行.
NOTIC: [8] Undefined index: is_jump /home/yunzhantest2y3ucnmzfhzaqnlt7ersdt/wwwroot/Apps/Home/Model/CategoryModel.class.php 第 14 行.
NOTIC: [8] Undefined index: is_jump /home/yunzhantest2y3ucnmzfhzaqnlt7ersdt/wwwroot/Apps/Home/Model/CategoryModel.class.php 第 14 行.
NOTIC: [8] Undefined index: is_jump /home/yunzhantest2y3ucnmzfhzaqnlt7ersdt/wwwroot/Apps/Home/Model/CategoryModel.class.php 第 14 行.
NOTIC: [8] Undefined index: is_jump /home/yunzhantest2y3ucnmzfhzaqnlt7ersdt/wwwroot/Apps/Home/Model/CategoryModel.class.php 第 14 行.
SQL: SELECT * FROM `yunzhan_category` WHERE ( 1=1 ) ORDER BY sort asc, id asc  [ RunTime:0.0001s ]
NOTIC: [8] Undefined index: is_jump /home/yunzhantest2y3ucnmzfhzaqnlt7ersdt/wwwroot/Apps/Home/Model/CategoryModel.class.php 第 14 行.
NOTIC: [8] Undefined index: is_jump /home/yunzhantest2y3ucnmzfhzaqnlt7ersdt/wwwroot/Apps/Home/Model/CategoryModel.class.php 第 14 行.
NOTIC: [8] Undefined index: is_jump /home/yunzhantest2y3ucnmzfhzaqnlt7ersdt/wwwroot/Apps/Home/Model/CategoryModel.class.php 第 14 行.
NOTIC: [8] Undefined index: is_jump /home/yunzhantest2y3ucnmzfhzaqnlt7ersdt/wwwroot/Apps/Home/Model/CategoryModel.class.php 第 14 行.
NOTIC: [8] Undefined index: is_jump /home/yunzhantest2y3ucnmzfhzaqnlt7ersdt/wwwroot/Apps/Home/Model/CategoryModel.class.php 第 14 行.
NOTIC: [8] Undefined index: is_jump /home/yunzhantest2y3ucnmzfhzaqnlt7ersdt/wwwroot/Apps/Home/Model/CategoryModel.class.php 第 14 行.
NOTIC: [8] Undefined index: is_jump /home/yunzhantest2y3ucnmzfhzaqnlt7ersdt/wwwroot/Apps/Home/Model/CategoryModel.class.php 第 14 行.
NOTIC: [8] Undefined index: is_jump /home/yunzhantest2y3ucnmzfhzaqnlt7ersdt/wwwroot/Apps/Home/Model/CategoryModel.class.php 第 14 行.
NOTIC: [8] Undefined index: is_jump /home/yunzhantest2y3ucnmzfhzaqnlt7ersdt/wwwroot/Apps/Home/Model/CategoryModel.class.php 第 14 行.
NOTIC: [8] Undefined index: is_jump /home/yunzhantest2y3ucnmzfhzaqnlt7ersdt/wwwroot/Apps/Home/Model/CategoryModel.class.php 第 14 行.
NOTIC: [8] Undefined index: is_jump /home/yunzhantest2y3ucnmzfhzaqnlt7ersdt/wwwroot/Apps/Home/Model/CategoryModel.class.php 第 14 行.
NOTIC: [8] Undefined index: is_jump /home/yunzhantest2y3ucnmzfhzaqnlt7ersdt/wwwroot/Apps/Home/Model/CategoryModel.class.php 第 14 行.
NOTIC: [8] Undefined index: is_jump /home/yunzhantest2y3ucnmzfhzaqnlt7ersdt/wwwroot/Apps/Home/Model/CategoryModel.class.php 第 14 行.
NOTIC: [8] Undefined index: is_jump /home/yunzhantest2y3ucnmzfhzaqnlt7ersdt/wwwroot/Apps/Home/Model/CategoryModel.class.php 第 14 行.
NOTIC: [8] Undefined index: is_jump /home/yunzhantest2y3ucnmzfhzaqnlt7ersdt/wwwroot/Apps/Home/Model/CategoryModel.class.php 第 14 行.
NOTIC: [8] Undefined index: is_jump /home/yunzhantest2y3ucnmzfhzaqnlt7ersdt/wwwroot/Apps/Home/Model/CategoryModel.class.php 第 14 行.
NOTIC: [8] Undefined index: is_jump /home/yunzhantest2y3ucnmzfhzaqnlt7ersdt/wwwroot/Apps/Home/Model/CategoryModel.class.php 第 14 行.
NOTIC: [8] Undefined index: is_jump /home/yunzhantest2y3ucnmzfhzaqnlt7ersdt/wwwroot/Apps/Home/Model/CategoryModel.class.php 第 14 行.
NOTIC: [8] Undefined index: is_jump /home/yunzhantest2y3ucnmzfhzaqnlt7ersdt/wwwroot/Apps/Home/Model/CategoryModel.class.php 第 14 行.
NOTIC: [8] Undefined index: is_jump /home/yunzhantest2y3ucnmzfhzaqnlt7ersdt/wwwroot/Apps/Home/Model/CategoryModel.class.php 第 14 行.
NOTIC: [8] Undefined index: is_jump /home/yunzhantest2y3ucnmzfhzaqnlt7ersdt/wwwroot/Apps/Home/Model/CategoryModel.class.php 第 14 行.
NOTIC: [8] Undefined index: is_jump /home/yunzhantest2y3ucnmzfhzaqnlt7ersdt/wwwroot/Apps/Home/Model/CategoryModel.class.php 第 14 行.
NOTIC: [8] Undefined index: is_jump /home/yunzhantest2y3ucnmzfhzaqnlt7ersdt/wwwroot/Apps/Home/Model/CategoryModel.class.php 第 14 行.
NOTIC: [8] Undefined index: is_jump /home/yunzhantest2y3ucnmzfhzaqnlt7ersdt/wwwroot/Apps/Home/Model/CategoryModel.class.php 第 14 行.
NOTIC: [8] Undefined index: is_jump /home/yunzhantest2y3ucnmzfhzaqnlt7ersdt/wwwroot/Apps/Home/Model/CategoryModel.class.php 第 14 行.
NOTIC: [8] Undefined index: is_jump /home/yunzhantest2y3ucnmzfhzaqnlt7ersdt/wwwroot/Apps/Home/Model/CategoryModel.class.php 第 14 行.
NOTIC: [8] Undefined index: is_jump /home/yunzhantest2y3ucnmzfhzaqnlt7ersdt/wwwroot/Apps/Home/Model/CategoryModel.class.php 第 14 行.
NOTIC: [8] Undefined index: is_jump /home/yunzhantest2y3ucnmzfhzaqnlt7ersdt/wwwroot/Apps/Home/Model/CategoryModel.class.php 第 14 行.
NOTIC: [8] Undefined index: is_jump /home/yunzhantest2y3ucnmzfhzaqnlt7ersdt/wwwroot/Apps/Home/Model/CategoryModel.class.php 第 14 行.
NOTIC: [8] Undefined index: is_jump /home/yunzhantest2y3ucnmzfhzaqnlt7ersdt/wwwroot/Apps/Home/Model/CategoryModel.class.php 第 14 行.
NOTIC: [8] Undefined index: is_jump /home/yunzhantest2y3ucnmzfhzaqnlt7ersdt/wwwroot/Apps/Home/Model/CategoryModel.class.php 第 14 行.
NOTIC: [8] Undefined index: is_jump /home/yunzhantest2y3ucnmzfhzaqnlt7ersdt/wwwroot/Apps/Home/Model/CategoryModel.class.php 第 14 行.
NOTIC: [8] Undefined index: is_jump /home/yunzhantest2y3ucnmzfhzaqnlt7ersdt/wwwroot/Apps/Home/Model/CategoryModel.class.php 第 14 行.
NOTIC: [8] Undefined index: is_jump /home/yunzhantest2y3ucnmzfhzaqnlt7ersdt/wwwroot/Apps/Home/Model/CategoryModel.class.php 第 14 行.
NOTIC: [8] Undefined index: is_jump /home/yunzhantest2y3ucnmzfhzaqnlt7ersdt/wwwroot/Apps/Home/Model/CategoryModel.class.php 第 14 行.
NOTIC: [8] Undefined index: is_jump /home/yunzhantest2y3ucnmzfhzaqnlt7ersdt/wwwroot/Apps/Home/Model/CategoryModel.class.php 第 14 行.
NOTIC: [8] Undefined index: is_jump /home/yunzhantest2y3ucnmzfhzaqnlt7ersdt/wwwroot/Apps/Home/Model/CategoryModel.class.php 第 14 行.
NOTIC: [8] Undefined index: is_jump /home/yunzhantest2y3ucnmzfhzaqnlt7ersdt/wwwroot/Apps/Home/Model/CategoryModel.class.php 第 14 行.
NOTIC: [8] Undefined index: is_jump /home/yunzhantest2y3ucnmzfhzaqnlt7ersdt/wwwroot/Apps/Home/Model/CategoryModel.class.php 第 14 行.
NOTIC: [8] Undefined index: is_jump /home/yunzhantest2y3ucnmzfhzaqnlt7ersdt/wwwroot/Apps/Home/Model/CategoryModel.class.php 第 14 行.
NOTIC: [8] Undefined index: is_jump /home/yunzhantest2y3ucnmzfhzaqnlt7ersdt/wwwroot/Apps/Home/Model/CategoryModel.class.php 第 14 行.
NOTIC: [8] Undefined index: is_jump /home/yunzhantest2y3ucnmzfhzaqnlt7ersdt/wwwroot/Apps/Home/Model/CategoryModel.class.php 第 14 行.
NOTIC: [8] Undefined index: is_jump /home/yunzhantest2y3ucnmzfhzaqnlt7ersdt/wwwroot/Apps/Home/Model/CategoryModel.class.php 第 14 行.
NOTIC: [8] Undefined index: is_jump /home/yunzhantest2y3ucnmzfhzaqnlt7ersdt/wwwroot/Apps/Home/Model/CategoryModel.class.php 第 14 行.
NOTIC: [8] Undefined index: is_jump /home/yunzhantest2y3ucnmzfhzaqnlt7ersdt/wwwroot/Apps/Home/Model/CategoryModel.class.php 第 14 行.
NOTIC: [8] Undefined index: is_jump /home/yunzhantest2y3ucnmzfhzaqnlt7ersdt/wwwroot/Apps/Home/Model/CategoryModel.class.php 第 14 行.
NOTIC: [8] Undefined index: is_jump /home/yunzhantest2y3ucnmzfhzaqnlt7ersdt/wwwroot/Apps/Home/Model/CategoryModel.class.php 第 14 行.
NOTIC: [8] Undefined index: is_jump /home/yunzhantest2y3ucnmzfhzaqnlt7ersdt/wwwroot/Apps/Home/Model/CategoryModel.class.php 第 14 行.
NOTIC: [8] Undefined index: is_jump /home/yunzhantest2y3ucnmzfhzaqnlt7ersdt/wwwroot/Apps/Home/Model/CategoryModel.class.php 第 14 行.
SQL: SELECT * FROM `yunzhan_category` WHERE ( 1=1 ) ORDER BY sort asc, id asc  [ RunTime:0.0001s ]
NOTIC: [8] Undefined index: is_jump /home/yunzhantest2y3ucnmzfhzaqnlt7ersdt/wwwroot/Apps/Home/Model/CategoryModel.class.php 第 14 行.
NOTIC: [8] Undefined index: is_jump /home/yunzhantest2y3ucnmzfhzaqnlt7ersdt/wwwroot/Apps/Home/Model/CategoryModel.class.php 第 14 行.
NOTIC: [8] Undefined index: is_jump /home/yunzhantest2y3ucnmzfhzaqnlt7ersdt/wwwroot/Apps/Home/Model/CategoryModel.class.php 第 14 行.
NOTIC: [8] Undefined index: is_jump /home/yunzhantest2y3ucnmzfhzaqnlt7ersdt/wwwroot/Apps/Home/Model/CategoryModel.class.php 第 14 行.
NOTIC: [8] Undefined index: is_jump /home/yunzhantest2y3ucnmzfhzaqnlt7ersdt/wwwroot/Apps/Home/Model/CategoryModel.class.php 第 14 行.
NOTIC: [8] Undefined index: is_jump /home/yunzhantest2y3ucnmzfhzaqnlt7ersdt/wwwroot/Apps/Home/Model/CategoryModel.class.php 第 14 行.
NOTIC: [8] Undefined index: is_jump /home/yunzhantest2y3ucnmzfhzaqnlt7ersdt/wwwroot/Apps/Home/Model/CategoryModel.class.php 第 14 行.
NOTIC: [8] Undefined index: is_jump /home/yunzhantest2y3ucnmzfhzaqnlt7ersdt/wwwroot/Apps/Home/Model/CategoryModel.class.php 第 14 行.
NOTIC: [8] Undefined index: is_jump /home/yunzhantest2y3ucnmzfhzaqnlt7ersdt/wwwroot/Apps/Home/Model/CategoryModel.class.php 第 14 行.
NOTIC: [8] Undefined index: is_jump /home/yunzhantest2y3ucnmzfhzaqnlt7ersdt/wwwroot/Apps/Home/Model/CategoryModel.class.php 第 14 行.
NOTIC: [8] Undefined index: is_jump /home/yunzhantest2y3ucnmzfhzaqnlt7ersdt/wwwroot/Apps/Home/Model/CategoryModel.class.php 第 14 行.
NOTIC: [8] Undefined index: is_jump /home/yunzhantest2y3ucnmzfhzaqnlt7ersdt/wwwroot/Apps/Home/Model/CategoryModel.class.php 第 14 行.
NOTIC: [8] Undefined index: is_jump /home/yunzhantest2y3ucnmzfhzaqnlt7ersdt/wwwroot/Apps/Home/Model/CategoryModel.class.php 第 14 行.
NOTIC: [8] Undefined index: is_jump /home/yunzhantest2y3ucnmzfhzaqnlt7ersdt/wwwroot/Apps/Home/Model/CategoryModel.class.php 第 14 行.
NOTIC: [8] Undefined index: is_jump /home/yunzhantest2y3ucnmzfhzaqnlt7ersdt/wwwroot/Apps/Home/Model/CategoryModel.class.php 第 14 行.
NOTIC: [8] Undefined index: is_jump /home/yunzhantest2y3ucnmzfhzaqnlt7ersdt/wwwroot/Apps/Home/Model/CategoryModel.class.php 第 14 行.
NOTIC: [8] Undefined index: is_jump /home/yunzhantest2y3ucnmzfhzaqnlt7ersdt/wwwroot/Apps/Home/Model/CategoryModel.class.php 第 14 行.
NOTIC: [8] Undefined index: is_jump /home/yunzhantest2y3ucnmzfhzaqnlt7ersdt/wwwroot/Apps/Home/Model/CategoryModel.class.php 第 14 行.
NOTIC: [8] Undefined index: is_jump /home/yunzhantest2y3ucnmzfhzaqnlt7ersdt/wwwroot/Apps/Home/Model/CategoryModel.class.php 第 14 行.
NOTIC: [8] Undefined index: is_jump /home/yunzhantest2y3ucnmzfhzaqnlt7ersdt/wwwroot/Apps/Home/Model/CategoryModel.class.php 第 14 行.
NOTIC: [8] Undefined index: is_jump /home/yunzhantest2y3ucnmzfhzaqnlt7ersdt/wwwroot/Apps/Home/Model/CategoryModel.class.php 第 14 行.
NOTIC: [8] Undefined index: is_jump /home/yunzhantest2y3ucnmzfhzaqnlt7ersdt/wwwroot/Apps/Home/Model/CategoryModel.class.php 第 14 行.
NOTIC: [8] Undefined index: is_jump /home/yunzhantest2y3ucnmzfhzaqnlt7ersdt/wwwroot/Apps/Home/Model/CategoryModel.class.php 第 14 行.
NOTIC: [8] Undefined index: is_jump /home/yunzhantest2y3ucnmzfhzaqnlt7ersdt/wwwroot/Apps/Home/Model/CategoryModel.class.php 第 14 行.
NOTIC: [8] Undefined index: is_jump /home/yunzhantest2y3ucnmzfhzaqnlt7ersdt/wwwroot/Apps/Home/Model/CategoryModel.class.php 第 14 行.
NOTIC: [8] Undefined index: is_jump /home/yunzhantest2y3ucnmzfhzaqnlt7ersdt/wwwroot/Apps/Home/Model/CategoryModel.class.php 第 14 行.
NOTIC: [8] Undefined index: is_jump /home/yunzhantest2y3ucnmzfhzaqnlt7ersdt/wwwroot/Apps/Home/Model/CategoryModel.class.php 第 14 行.
NOTIC: [8] Undefined index: is_jump /home/yunzhantest2y3ucnmzfhzaqnlt7ersdt/wwwroot/Apps/Home/Model/CategoryModel.class.php 第 14 行.
NOTIC: [8] Undefined index: is_jump /home/yunzhantest2y3ucnmzfhzaqnlt7ersdt/wwwroot/Apps/Home/Model/CategoryModel.class.php 第 14 行.
NOTIC: [8] Undefined index: is_jump /home/yunzhantest2y3ucnmzfhzaqnlt7ersdt/wwwroot/Apps/Home/Model/CategoryModel.class.php 第 14 行.
NOTIC: [8] Undefined index: is_jump /home/yunzhantest2y3ucnmzfhzaqnlt7ersdt/wwwroot/Apps/Home/Model/CategoryModel.class.php 第 14 行.
NOTIC: [8] Undefined index: is_jump /home/yunzhantest2y3ucnmzfhzaqnlt7ersdt/wwwroot/Apps/Home/Model/CategoryModel.class.php 第 14 行.
NOTIC: [8] Undefined index: is_jump /home/yunzhantest2y3ucnmzfhzaqnlt7ersdt/wwwroot/Apps/Home/Model/CategoryModel.class.php 第 14 行.
NOTIC: [8] Undefined index: is_jump /home/yunzhantest2y3ucnmzfhzaqnlt7ersdt/wwwroot/Apps/Home/Model/CategoryModel.class.php 第 14 行.
NOTIC: [8] Undefined index: is_jump /home/yunzhantest2y3ucnmzfhzaqnlt7ersdt/wwwroot/Apps/Home/Model/CategoryModel.class.php 第 14 行.
NOTIC: [8] Undefined index: is_jump /home/yunzhantest2y3ucnmzfhzaqnlt7ersdt/wwwroot/Apps/Home/Model/CategoryModel.class.php 第 14 行.
NOTIC: [8] Undefined index: is_jump /home/yunzhantest2y3ucnmzfhzaqnlt7ersdt/wwwroot/Apps/Home/Model/CategoryModel.class.php 第 14 行.
NOTIC: [8] Undefined index: is_jump /home/yunzhantest2y3ucnmzfhzaqnlt7ersdt/wwwroot/Apps/Home/Model/CategoryModel.class.php 第 14 行.
NOTIC: [8] Undefined index: is_jump /home/yunzhantest2y3ucnmzfhzaqnlt7ersdt/wwwroot/Apps/Home/Model/CategoryModel.class.php 第 14 行.
NOTIC: [8] Undefined index: is_jump /home/yunzhantest2y3ucnmzfhzaqnlt7ersdt/wwwroot/Apps/Home/Model/CategoryModel.class.php 第 14 行.
NOTIC: [8] Undefined index: is_jump /home/yunzhantest2y3ucnmzfhzaqnlt7ersdt/wwwroot/Apps/Home/Model/CategoryModel.class.php 第 14 行.
NOTIC: [8] Undefined index: is_jump /home/yunzhantest2y3ucnmzfhzaqnlt7ersdt/wwwroot/Apps/Home/Model/CategoryModel.class.php 第 14 行.
NOTIC: [8] Undefined index: is_jump /home/yunzhantest2y3ucnmzfhzaqnlt7ersdt/wwwroot/Apps/Home/Model/CategoryModel.class.php 第 14 行.
NOTIC: [8] Undefined index: is_jump /home/yunzhantest2y3ucnmzfhzaqnlt7ersdt/wwwroot/Apps/Home/Model/CategoryModel.class.php 第 14 行.
NOTIC: [8] Undefined index: is_jump /home/yunzhantest2y3ucnmzfhzaqnlt7ersdt/wwwroot/Apps/Home/Model/CategoryModel.class.php 第 14 行.
NOTIC: [8] Undefined index: is_jump /home/yunzhantest2y3ucnmzfhzaqnlt7ersdt/wwwroot/Apps/Home/Model/CategoryModel.class.php 第 14 行.
NOTIC: [8] Undefined index: is_jump /home/yunzhantest2y3ucnmzfhzaqnlt7ersdt/wwwroot/Apps/Home/Model/CategoryModel.class.php 第 14 行.
NOTIC: [8] Undefined index: is_jump /home/yunzhantest2y3ucnmzfhzaqnlt7ersdt/wwwroot/Apps/Home/Model/CategoryModel.class.php 第 14 行.
NOTIC: [8] Undefined index: is_jump /home/yunzhantest2y3ucnmzfhzaqnlt7ersdt/wwwroot/Apps/Home/Model/CategoryModel.class.php 第 14 行.
SQL: SELECT * FROM `yunzhan_category` WHERE `pid` = 6 AND `display` = 1  [ RunTime:0.0004s ]
SQL: SELECT * FROM `yunzhan_category` WHERE `pid` = 6 AND `display` = 1  [ RunTime:0.0001s ]
SQL: SELECT * FROM `yunzhan_category` WHERE `pid` = 5 AND `display` = 1  [ RunTime:0.0003s ]
INFO: Run Behavior\ParseTemplateBehavior [ RunTime:0.029581s ]
INFO: [ view_parse ] --END-- [ RunTime:0.029634s ]
INFO: [ view_filter ] --START--
INFO: Run Behavior\WriteHtmlCacheBehavior [ RunTime:0.000228s ]
INFO: [ view_filter ] --END-- [ RunTime:0.000268s ]
INFO: [ app_end ] --START--
INFO: Run Behavior\ShowPageTraceBehavior [ RunTime:0.000478s ]
INFO: [ app_end ] --END-- [ RunTime:0.000527s ]

