[ 2017-05-12T00:31:36+08:00 ] 140.205.201.35 /index.php?m=wap&a=index&siteid=1
INFO: [ app_init ] --START--
INFO: Run Behavior\BuildLiteBehavior [ RunTime:0.000000s ]
INFO: [ app_init ] --END-- [ RunTime:0.000000s ]
INFO: [ app_begin ] --START--
INFO: Run Behavior\ReadHtmlCacheBehavior [ RunTime:0.000000s ]
INFO: [ app_begin ] --END-- [ RunTime:0.000000s ]
SQL: SHOW COLUMNS FROM `yunzhan_stats` [ RunTime:0.0000s ]
SQL: DELETE FROM `yunzhan_stats` WHERE ( access_time < 1970-01-01 ) [ RunTime:0.0000s ]
SQL: SHOW COLUMNS FROM `yunzhan_category` [ RunTime:0.0000s ]
SQL: SHOW COLUMNS FROM `yunzhan_config` [ RunTime:0.0000s ]
SQL: SHOW COLUMNS FROM `yunzhan_case` [ RunTime:0.0000s ]
SQL: SHOW COLUMNS FROM `yunzhan_ads` [ RunTime:0.0000s ]
SQL: SHOW COLUMNS FROM `yunzhan_article` [ RunTime:0.0156s ]
SQL: SHOW COLUMNS FROM `yunzhan_links` [ RunTime:0.0000s ]
SQL: SHOW COLUMNS FROM `yunzhan_service` [ RunTime:0.0000s ]
SQL: SELECT * FROM `yunzhan_category` WHERE ( 1=1 ) ORDER BY sort asc, id asc  [ RunTime:0.0000s ]
NOTIC: [8] Undefined index: is_jump D:\virtualhost\ZZGHFTP\Apps\Wap\Model\CategoryModel.class.php 第 14 行.
NOTIC: [8] Undefined index: is_jump D:\virtualhost\ZZGHFTP\Apps\Wap\Model\CategoryModel.class.php 第 14 行.
NOTIC: [8] Undefined index: is_jump D:\virtualhost\ZZGHFTP\Apps\Wap\Model\CategoryModel.class.php 第 14 行.
NOTIC: [8] Undefined index: is_jump D:\virtualhost\ZZGHFTP\Apps\Wap\Model\CategoryModel.class.php 第 14 行.
NOTIC: [8] Undefined index: is_jump D:\virtualhost\ZZGHFTP\Apps\Wap\Model\CategoryModel.class.php 第 14 行.
NOTIC: [8] Undefined index: is_jump D:\virtualhost\ZZGHFTP\Apps\Wap\Model\CategoryModel.class.php 第 14 行.
NOTIC: [8] Undefined index: is_jump D:\virtualhost\ZZGHFTP\Apps\Wap\Model\CategoryModel.class.php 第 14 行.
NOTIC: [8] Undefined index: is_jump D:\virtualhost\ZZGHFTP\Apps\Wap\Model\CategoryModel.class.php 第 14 行.
NOTIC: [8] Undefined index: is_jump D:\virtualhost\ZZGHFTP\Apps\Wap\Model\CategoryModel.class.php 第 14 行.
NOTIC: [8] Undefined index: is_jump D:\virtualhost\ZZGHFTP\Apps\Wap\Model\CategoryModel.class.php 第 14 行.
NOTIC: [8] Undefined index: is_jump D:\virtualhost\ZZGHFTP\Apps\Wap\Model\CategoryModel.class.php 第 14 行.
NOTIC: [8] Undefined index: is_jump D:\virtualhost\ZZGHFTP\Apps\Wap\Model\CategoryModel.class.php 第 14 行.
NOTIC: [8] Undefined index: is_jump D:\virtualhost\ZZGHFTP\Apps\Wap\Model\CategoryModel.class.php 第 14 行.
NOTIC: [8] Undefined index: is_jump D:\virtualhost\ZZGHFTP\Apps\Wap\Model\CategoryModel.class.php 第 14 行.
NOTIC: [8] Undefined index: is_jump D:\virtualhost\ZZGHFTP\Apps\Wap\Model\CategoryModel.class.php 第 14 行.
NOTIC: [8] Undefined index: is_jump D:\virtualhost\ZZGHFTP\Apps\Wap\Model\CategoryModel.class.php 第 14 行.
NOTIC: [8] Undefined index: is_jump D:\virtualhost\ZZGHFTP\Apps\Wap\Model\CategoryModel.class.php 第 14 行.
NOTIC: [8] Undefined index: is_jump D:\virtualhost\ZZGHFTP\Apps\Wap\Model\CategoryModel.class.php 第 14 行.
NOTIC: [8] Undefined index: is_jump D:\virtualhost\ZZGHFTP\Apps\Wap\Model\CategoryModel.class.php 第 14 行.
NOTIC: [8] Undefined index: is_jump D:\virtualhost\ZZGHFTP\Apps\Wap\Model\CategoryModel.class.php 第 14 行.
NOTIC: [8] Undefined index: is_jump D:\virtualhost\ZZGHFTP\Apps\Wap\Model\CategoryModel.class.php 第 14 行.
NOTIC: [8] Undefined index: is_jump D:\virtualhost\ZZGHFTP\Apps\Wap\Model\CategoryModel.class.php 第 14 行.
NOTIC: [8] Undefined index: is_jump D:\virtualhost\ZZGHFTP\Apps\Wap\Model\CategoryModel.class.php 第 14 行.
NOTIC: [8] Undefined index: is_jump D:\virtualhost\ZZGHFTP\Apps\Wap\Model\CategoryModel.class.php 第 14 行.
NOTIC: [8] Undefined index: is_jump D:\virtualhost\ZZGHFTP\Apps\Wap\Model\CategoryModel.class.php 第 14 行.
NOTIC: [8] Undefined index: is_jump D:\virtualhost\ZZGHFTP\Apps\Wap\Model\CategoryModel.class.php 第 14 行.
NOTIC: [8] Undefined index: is_jump D:\virtualhost\ZZGHFTP\Apps\Wap\Model\CategoryModel.class.php 第 14 行.
NOTIC: [8] Undefined index: is_jump D:\virtualhost\ZZGHFTP\Apps\Wap\Model\CategoryModel.class.php 第 14 行.
NOTIC: [8] Undefined index: is_jump D:\virtualhost\ZZGHFTP\Apps\Wap\Model\CategoryModel.class.php 第 14 行.
NOTIC: [8] Undefined index: is_jump D:\virtualhost\ZZGHFTP\Apps\Wap\Model\CategoryModel.class.php 第 14 行.
NOTIC: [8] Undefined index: is_jump D:\virtualhost\ZZGHFTP\Apps\Wap\Model\CategoryModel.class.php 第 14 行.
NOTIC: [8] Undefined index: is_jump D:\virtualhost\ZZGHFTP\Apps\Wap\Model\CategoryModel.class.php 第 14 行.
NOTIC: [8] Undefined index: is_jump D:\virtualhost\ZZGHFTP\Apps\Wap\Model\CategoryModel.class.php 第 14 行.
NOTIC: [8] Undefined index: is_jump D:\virtualhost\ZZGHFTP\Apps\Wap\Model\CategoryModel.class.php 第 14 行.
NOTIC: [8] Undefined index: is_jump D:\virtualhost\ZZGHFTP\Apps\Wap\Model\CategoryModel.class.php 第 14 行.
NOTIC: [8] Undefined index: is_jump D:\virtualhost\ZZGHFTP\Apps\Wap\Model\CategoryModel.class.php 第 14 行.
NOTIC: [8] Undefined index: is_jump D:\virtualhost\ZZGHFTP\Apps\Wap\Model\CategoryModel.class.php 第 14 行.
NOTIC: [8] Undefined index: is_jump D:\virtualhost\ZZGHFTP\Apps\Wap\Model\CategoryModel.class.php 第 14 行.
NOTIC: [8] Undefined index: is_jump D:\virtualhost\ZZGHFTP\Apps\Wap\Model\CategoryModel.class.php 第 14 行.
NOTIC: [8] Undefined index: is_jump D:\virtualhost\ZZGHFTP\Apps\Wap\Model\CategoryModel.class.php 第 14 行.
NOTIC: [8] Undefined index: is_jump D:\virtualhost\ZZGHFTP\Apps\Wap\Model\CategoryModel.class.php 第 14 行.
NOTIC: [8] Undefined index: is_jump D:\virtualhost\ZZGHFTP\Apps\Wap\Model\CategoryModel.class.php 第 14 行.
NOTIC: [8] Undefined index: is_jump D:\virtualhost\ZZGHFTP\Apps\Wap\Model\CategoryModel.class.php 第 14 行.
NOTIC: [8] Undefined index: is_jump D:\virtualhost\ZZGHFTP\Apps\Wap\Model\CategoryModel.class.php 第 14 行.
NOTIC: [8] Undefined index: is_jump D:\virtualhost\ZZGHFTP\Apps\Wap\Model\CategoryModel.class.php 第 14 行.
NOTIC: [8] Undefined index: is_jump D:\virtualhost\ZZGHFTP\Apps\Wap\Model\CategoryModel.class.php 第 14 行.
NOTIC: [8] Undefined index: is_jump D:\virtualhost\ZZGHFTP\Apps\Wap\Model\CategoryModel.class.php 第 14 行.
NOTIC: [8] Undefined index: is_jump D:\virtualhost\ZZGHFTP\Apps\Wap\Model\CategoryModel.class.php 第 14 行.
NOTIC: [8] Undefined index: is_jump D:\virtualhost\ZZGHFTP\Apps\Wap\Model\CategoryModel.class.php 第 14 行.
NOTIC: [8] Undefined index: is_jump D:\virtualhost\ZZGHFTP\Apps\Wap\Model\CategoryModel.class.php 第 14 行.
NOTIC: [8] Undefined index: is_jump D:\virtualhost\ZZGHFTP\Apps\Wap\Model\CategoryModel.class.php 第 14 行.
SQL: SHOW COLUMNS FROM `yunzhan_category` [ RunTime:0.0000s ]
SQL: SELECT * FROM `yunzhan_category` WHERE `pid` = 0 AND `display` = 1 AND `nav_display` = 1  [ RunTime:0.0000s ]
NOTIC: [8] Undefined offset: 0 D:\virtualhost\ZZGHFTP\Apps\Wap\Controller\IndexController.class.php 第 23 行.
NOTIC: [8] Undefined offset: 0 D:\virtualhost\ZZGHFTP\Apps\Wap\Controller\IndexController.class.php 第 23 行.
NOTIC: [8] Undefined index:  D:\virtualhost\ZZGHFTP\Apps\Wap\Controller\IndexController.class.php 第 23 行.
NOTIC: [8] Undefined offset: 0 D:\virtualhost\ZZGHFTP\Apps\Wap\Controller\IndexController.class.php 第 23 行.
NOTIC: [8] Undefined offset: 0 D:\virtualhost\ZZGHFTP\Apps\Wap\Controller\IndexController.class.php 第 23 行.
NOTIC: [8] Undefined index:  D:\virtualhost\ZZGHFTP\Apps\Wap\Controller\IndexController.class.php 第 23 行.
NOTIC: [8] Undefined offset: 0 D:\virtualhost\ZZGHFTP\Apps\Wap\Controller\IndexController.class.php 第 23 行.
NOTIC: [8] Undefined offset: 0 D:\virtualhost\ZZGHFTP\Apps\Wap\Controller\IndexController.class.php 第 23 行.
NOTIC: [8] Undefined index:  D:\virtualhost\ZZGHFTP\Apps\Wap\Controller\IndexController.class.php 第 23 行.
NOTIC: [8] Undefined offset: 0 D:\virtualhost\ZZGHFTP\Apps\Wap\Controller\IndexController.class.php 第 23 行.
NOTIC: [8] Undefined offset: 0 D:\virtualhost\ZZGHFTP\Apps\Wap\Controller\IndexController.class.php 第 23 行.
NOTIC: [8] Undefined index:  D:\virtualhost\ZZGHFTP\Apps\Wap\Controller\IndexController.class.php 第 23 行.
NOTIC: [8] Undefined offset: 0 D:\virtualhost\ZZGHFTP\Apps\Wap\Controller\IndexController.class.php 第 23 行.
NOTIC: [8] Undefined offset: 0 D:\virtualhost\ZZGHFTP\Apps\Wap\Controller\IndexController.class.php 第 23 行.
NOTIC: [8] Undefined index:  D:\virtualhost\ZZGHFTP\Apps\Wap\Controller\IndexController.class.php 第 23 行.
NOTIC: [8] Undefined offset: 0 D:\virtualhost\ZZGHFTP\Apps\Wap\Controller\IndexController.class.php 第 23 行.
NOTIC: [8] Undefined offset: 0 D:\virtualhost\ZZGHFTP\Apps\Wap\Controller\IndexController.class.php 第 23 行.
NOTIC: [8] Undefined index:  D:\virtualhost\ZZGHFTP\Apps\Wap\Controller\IndexController.class.php 第 23 行.
NOTIC: [8] Undefined offset: 0 D:\virtualhost\ZZGHFTP\Apps\Wap\Controller\IndexController.class.php 第 23 行.
NOTIC: [8] Undefined offset: 0 D:\virtualhost\ZZGHFTP\Apps\Wap\Controller\IndexController.class.php 第 23 行.
NOTIC: [8] Undefined index:  D:\virtualhost\ZZGHFTP\Apps\Wap\Controller\IndexController.class.php 第 23 行.
NOTIC: [8] Undefined offset: 0 D:\virtualhost\ZZGHFTP\Apps\Wap\Controller\IndexController.class.php 第 23 行.
NOTIC: [8] Undefined offset: 0 D:\virtualhost\ZZGHFTP\Apps\Wap\Controller\IndexController.class.php 第 23 行.
NOTIC: [8] Undefined index:  D:\virtualhost\ZZGHFTP\Apps\Wap\Controller\IndexController.class.php 第 23 行.
NOTIC: [8] Undefined offset: 0 D:\virtualhost\ZZGHFTP\Apps\Wap\Controller\IndexController.class.php 第 23 行.
NOTIC: [8] Undefined offset: 0 D:\virtualhost\ZZGHFTP\Apps\Wap\Controller\IndexController.class.php 第 23 行.
NOTIC: [8] Undefined index:  D:\virtualhost\ZZGHFTP\Apps\Wap\Controller\IndexController.class.php 第 23 行.
NOTIC: [8] Undefined offset: 0 D:\virtualhost\ZZGHFTP\Apps\Wap\Controller\IndexController.class.php 第 23 行.
NOTIC: [8] Undefined offset: 0 D:\virtualhost\ZZGHFTP\Apps\Wap\Controller\IndexController.class.php 第 23 行.
NOTIC: [8] Undefined index:  D:\virtualhost\ZZGHFTP\Apps\Wap\Controller\IndexController.class.php 第 23 行.
SQL: SELECT * FROM `yunzhan_category` LIMIT 1   [ RunTime:0.0000s ]
SQL: SELECT * FROM `yunzhan_config` WHERE `id` = 1 LIMIT 1   [ RunTime:0.0000s ]
SQL: SELECT * FROM `yunzhan_service` WHERE `catid` = 1  [ RunTime:0.0000s ]
SQL: SELECT * FROM `yunzhan_article` WHERE `catid` = 2  [ RunTime:0.0156s ]
SQL: SELECT * FROM `yunzhan_ads` WHERE `catid` = 1 AND `startdate` <= 1494520296 AND `enddate` >= 1494520296 ORDER BY sort desc, id asc LIMIT 1   [ RunTime:0.0000s ]
SQL: SELECT * FROM `yunzhan_ads` WHERE `catid` = 2 AND `startdate` <= 1494520296 AND `enddate` >= 1494520296 ORDER BY sort desc, id asc  [ RunTime:0.0000s ]
SQL: SELECT * FROM `yunzhan_category` WHERE `pid` = 6 AND `display` = 1  [ RunTime:0.0000s ]
SQL: SELECT * FROM `yunzhan_article` WHERE `is_recom` = 1 AND `status` = 1 AND `catid` IN ('44','45','46','6','') ORDER BY sort asc,id desc LIMIT 4   [ RunTime:0.0000s ]
INFO: [ view_parse ] --START--
INFO: [ template_filter ] --START--
INFO: Run Behavior\ContentReplaceBehavior [ RunTime:0.000000s ]
INFO: [ template_filter ] --END-- [ RunTime:0.000000s ]
NOTIC: [8] Undefined index: alt D:\virtualhost\ZZGHFTP\Apps\Runtime\Cache\Wap\6617b4edc5280633f38c47dad5e4e8de.php 第 66 行.
NOTIC: [8] Undefined index: alt D:\virtualhost\ZZGHFTP\Apps\Runtime\Cache\Wap\6617b4edc5280633f38c47dad5e4e8de.php 第 66 行.
NOTIC: [8] Undefined index: alt D:\virtualhost\ZZGHFTP\Apps\Runtime\Cache\Wap\6617b4edc5280633f38c47dad5e4e8de.php 第 66 行.
NOTIC: [8] Undefined index: alt D:\virtualhost\ZZGHFTP\Apps\Runtime\Cache\Wap\6617b4edc5280633f38c47dad5e4e8de.php 第 66 行.
SQL: SELECT * FROM `yunzhan_category` WHERE `pid` = 47 AND `display` = 1  [ RunTime:0.0000s ]
SQL: SELECT * FROM `yunzhan_category` WHERE `pid` = 4 AND `display` = 1  [ RunTime:0.0000s ]
SQL: SELECT * FROM `yunzhan_category` WHERE `pid` = 5 AND `display` = 1  [ RunTime:0.0000s ]
INFO: Run Behavior\ParseTemplateBehavior [ RunTime:0.031251s ]
INFO: [ view_parse ] --END-- [ RunTime:0.031251s ]
INFO: [ view_filter ] --START--
INFO: Run Behavior\WriteHtmlCacheBehavior [ RunTime:0.000000s ]
INFO: [ view_filter ] --END-- [ RunTime:0.000000s ]
INFO: [ app_end ] --START--
INFO: Run Behavior\ShowPageTraceBehavior [ RunTime:0.000000s ]
INFO: [ app_end ] --END-- [ RunTime:0.000000s ]

[ 2017-05-12T09:39:57+08:00 ] 61.151.218.119 /wap
INFO: [ app_init ] --START--
INFO: Run Behavior\BuildLiteBehavior [ RunTime:0.000000s ]
INFO: [ app_init ] --END-- [ RunTime:0.000000s ]
INFO: [ app_begin ] --START--
INFO: Run Behavior\ReadHtmlCacheBehavior [ RunTime:0.000000s ]
INFO: [ app_begin ] --END-- [ RunTime:0.000000s ]
SQL: SHOW COLUMNS FROM `yunzhan_stats` [ RunTime:0.0000s ]
SQL: DELETE FROM `yunzhan_stats` WHERE ( access_time < 1970-01-01 ) [ RunTime:0.0000s ]
SQL: SHOW COLUMNS FROM `yunzhan_category` [ RunTime:0.0000s ]
SQL: SHOW COLUMNS FROM `yunzhan_config` [ RunTime:0.0000s ]
SQL: SHOW COLUMNS FROM `yunzhan_case` [ RunTime:0.0000s ]
SQL: SHOW COLUMNS FROM `yunzhan_ads` [ RunTime:0.0000s ]
SQL: SHOW COLUMNS FROM `yunzhan_article` [ RunTime:0.0000s ]
SQL: SHOW COLUMNS FROM `yunzhan_links` [ RunTime:0.0156s ]
SQL: SHOW COLUMNS FROM `yunzhan_service` [ RunTime:0.0000s ]
SQL: SELECT * FROM `yunzhan_category` WHERE ( 1=1 ) ORDER BY sort asc, id asc  [ RunTime:0.0000s ]
NOTIC: [8] Undefined index: is_jump D:\virtualhost\ZZGHFTP\Apps\Wap\Model\CategoryModel.class.php 第 14 行.
NOTIC: [8] Undefined index: is_jump D:\virtualhost\ZZGHFTP\Apps\Wap\Model\CategoryModel.class.php 第 14 行.
NOTIC: [8] Undefined index: is_jump D:\virtualhost\ZZGHFTP\Apps\Wap\Model\CategoryModel.class.php 第 14 行.
NOTIC: [8] Undefined index: is_jump D:\virtualhost\ZZGHFTP\Apps\Wap\Model\CategoryModel.class.php 第 14 行.
NOTIC: [8] Undefined index: is_jump D:\virtualhost\ZZGHFTP\Apps\Wap\Model\CategoryModel.class.php 第 14 行.
NOTIC: [8] Undefined index: is_jump D:\virtualhost\ZZGHFTP\Apps\Wap\Model\CategoryModel.class.php 第 14 行.
NOTIC: [8] Undefined index: is_jump D:\virtualhost\ZZGHFTP\Apps\Wap\Model\CategoryModel.class.php 第 14 行.
NOTIC: [8] Undefined index: is_jump D:\virtualhost\ZZGHFTP\Apps\Wap\Model\CategoryModel.class.php 第 14 行.
NOTIC: [8] Undefined index: is_jump D:\virtualhost\ZZGHFTP\Apps\Wap\Model\CategoryModel.class.php 第 14 行.
NOTIC: [8] Undefined index: is_jump D:\virtualhost\ZZGHFTP\Apps\Wap\Model\CategoryModel.class.php 第 14 行.
NOTIC: [8] Undefined index: is_jump D:\virtualhost\ZZGHFTP\Apps\Wap\Model\CategoryModel.class.php 第 14 行.
NOTIC: [8] Undefined index: is_jump D:\virtualhost\ZZGHFTP\Apps\Wap\Model\CategoryModel.class.php 第 14 行.
NOTIC: [8] Undefined index: is_jump D:\virtualhost\ZZGHFTP\Apps\Wap\Model\CategoryModel.class.php 第 14 行.
NOTIC: [8] Undefined index: is_jump D:\virtualhost\ZZGHFTP\Apps\Wap\Model\CategoryModel.class.php 第 14 行.
NOTIC: [8] Undefined index: is_jump D:\virtualhost\ZZGHFTP\Apps\Wap\Model\CategoryModel.class.php 第 14 行.
NOTIC: [8] Undefined index: is_jump D:\virtualhost\ZZGHFTP\Apps\Wap\Model\CategoryModel.class.php 第 14 行.
NOTIC: [8] Undefined index: is_jump D:\virtualhost\ZZGHFTP\Apps\Wap\Model\CategoryModel.class.php 第 14 行.
NOTIC: [8] Undefined index: is_jump D:\virtualhost\ZZGHFTP\Apps\Wap\Model\CategoryModel.class.php 第 14 行.
NOTIC: [8] Undefined index: is_jump D:\virtualhost\ZZGHFTP\Apps\Wap\Model\CategoryModel.class.php 第 14 行.
NOTIC: [8] Undefined index: is_jump D:\virtualhost\ZZGHFTP\Apps\Wap\Model\CategoryModel.class.php 第 14 行.
NOTIC: [8] Undefined index: is_jump D:\virtualhost\ZZGHFTP\Apps\Wap\Model\CategoryModel.class.php 第 14 行.
NOTIC: [8] Undefined index: is_jump D:\virtualhost\ZZGHFTP\Apps\Wap\Model\CategoryModel.class.php 第 14 行.
NOTIC: [8] Undefined index: is_jump D:\virtualhost\ZZGHFTP\Apps\Wap\Model\CategoryModel.class.php 第 14 行.
NOTIC: [8] Undefined index: is_jump D:\virtualhost\ZZGHFTP\Apps\Wap\Model\CategoryModel.class.php 第 14 行.
NOTIC: [8] Undefined index: is_jump D:\virtualhost\ZZGHFTP\Apps\Wap\Model\CategoryModel.class.php 第 14 行.
NOTIC: [8] Undefined index: is_jump D:\virtualhost\ZZGHFTP\Apps\Wap\Model\CategoryModel.class.php 第 14 行.
NOTIC: [8] Undefined index: is_jump D:\virtualhost\ZZGHFTP\Apps\Wap\Model\CategoryModel.class.php 第 14 行.
NOTIC: [8] Undefined index: is_jump D:\virtualhost\ZZGHFTP\Apps\Wap\Model\CategoryModel.class.php 第 14 行.
NOTIC: [8] Undefined index: is_jump D:\virtualhost\ZZGHFTP\Apps\Wap\Model\CategoryModel.class.php 第 14 行.
NOTIC: [8] Undefined index: is_jump D:\virtualhost\ZZGHFTP\Apps\Wap\Model\CategoryModel.class.php 第 14 行.
NOTIC: [8] Undefined index: is_jump D:\virtualhost\ZZGHFTP\Apps\Wap\Model\CategoryModel.class.php 第 14 行.
NOTIC: [8] Undefined index: is_jump D:\virtualhost\ZZGHFTP\Apps\Wap\Model\CategoryModel.class.php 第 14 行.
NOTIC: [8] Undefined index: is_jump D:\virtualhost\ZZGHFTP\Apps\Wap\Model\CategoryModel.class.php 第 14 行.
NOTIC: [8] Undefined index: is_jump D:\virtualhost\ZZGHFTP\Apps\Wap\Model\CategoryModel.class.php 第 14 行.
NOTIC: [8] Undefined index: is_jump D:\virtualhost\ZZGHFTP\Apps\Wap\Model\CategoryModel.class.php 第 14 行.
NOTIC: [8] Undefined index: is_jump D:\virtualhost\ZZGHFTP\Apps\Wap\Model\CategoryModel.class.php 第 14 行.
NOTIC: [8] Undefined index: is_jump D:\virtualhost\ZZGHFTP\Apps\Wap\Model\CategoryModel.class.php 第 14 行.
NOTIC: [8] Undefined index: is_jump D:\virtualhost\ZZGHFTP\Apps\Wap\Model\CategoryModel.class.php 第 14 行.
NOTIC: [8] Undefined index: is_jump D:\virtualhost\ZZGHFTP\Apps\Wap\Model\CategoryModel.class.php 第 14 行.
NOTIC: [8] Undefined index: is_jump D:\virtualhost\ZZGHFTP\Apps\Wap\Model\CategoryModel.class.php 第 14 行.
NOTIC: [8] Undefined index: is_jump D:\virtualhost\ZZGHFTP\Apps\Wap\Model\CategoryModel.class.php 第 14 行.
NOTIC: [8] Undefined index: is_jump D:\virtualhost\ZZGHFTP\Apps\Wap\Model\CategoryModel.class.php 第 14 行.
NOTIC: [8] Undefined index: is_jump D:\virtualhost\ZZGHFTP\Apps\Wap\Model\CategoryModel.class.php 第 14 行.
NOTIC: [8] Undefined index: is_jump D:\virtualhost\ZZGHFTP\Apps\Wap\Model\CategoryModel.class.php 第 14 行.
NOTIC: [8] Undefined index: is_jump D:\virtualhost\ZZGHFTP\Apps\Wap\Model\CategoryModel.class.php 第 14 行.
NOTIC: [8] Undefined index: is_jump D:\virtualhost\ZZGHFTP\Apps\Wap\Model\CategoryModel.class.php 第 14 行.
NOTIC: [8] Undefined index: is_jump D:\virtualhost\ZZGHFTP\Apps\Wap\Model\CategoryModel.class.php 第 14 行.
NOTIC: [8] Undefined index: is_jump D:\virtualhost\ZZGHFTP\Apps\Wap\Model\CategoryModel.class.php 第 14 行.
NOTIC: [8] Undefined index: is_jump D:\virtualhost\ZZGHFTP\Apps\Wap\Model\CategoryModel.class.php 第 14 行.
NOTIC: [8] Undefined index: is_jump D:\virtualhost\ZZGHFTP\Apps\Wap\Model\CategoryModel.class.php 第 14 行.
NOTIC: [8] Undefined index: is_jump D:\virtualhost\ZZGHFTP\Apps\Wap\Model\CategoryModel.class.php 第 14 行.
SQL: SHOW COLUMNS FROM `yunzhan_category` [ RunTime:0.0000s ]
SQL: SELECT * FROM `yunzhan_category` WHERE `pid` = 0 AND `display` = 1 AND `nav_display` = 1  [ RunTime:0.0000s ]
NOTIC: [8] Undefined offset: 0 D:\virtualhost\ZZGHFTP\Apps\Wap\Controller\IndexController.class.php 第 23 行.
NOTIC: [8] Undefined offset: 0 D:\virtualhost\ZZGHFTP\Apps\Wap\Controller\IndexController.class.php 第 23 行.
NOTIC: [8] Undefined index:  D:\virtualhost\ZZGHFTP\Apps\Wap\Controller\IndexController.class.php 第 23 行.
NOTIC: [8] Undefined offset: 0 D:\virtualhost\ZZGHFTP\Apps\Wap\Controller\IndexController.class.php 第 23 行.
NOTIC: [8] Undefined offset: 0 D:\virtualhost\ZZGHFTP\Apps\Wap\Controller\IndexController.class.php 第 23 行.
NOTIC: [8] Undefined index:  D:\virtualhost\ZZGHFTP\Apps\Wap\Controller\IndexController.class.php 第 23 行.
NOTIC: [8] Undefined offset: 0 D:\virtualhost\ZZGHFTP\Apps\Wap\Controller\IndexController.class.php 第 23 行.
NOTIC: [8] Undefined offset: 0 D:\virtualhost\ZZGHFTP\Apps\Wap\Controller\IndexController.class.php 第 23 行.
NOTIC: [8] Undefined index:  D:\virtualhost\ZZGHFTP\Apps\Wap\Controller\IndexController.class.php 第 23 行.
NOTIC: [8] Undefined offset: 0 D:\virtualhost\ZZGHFTP\Apps\Wap\Controller\IndexController.class.php 第 23 行.
NOTIC: [8] Undefined offset: 0 D:\virtualhost\ZZGHFTP\Apps\Wap\Controller\IndexController.class.php 第 23 行.
NOTIC: [8] Undefined index:  D:\virtualhost\ZZGHFTP\Apps\Wap\Controller\IndexController.class.php 第 23 行.
NOTIC: [8] Undefined offset: 0 D:\virtualhost\ZZGHFTP\Apps\Wap\Controller\IndexController.class.php 第 23 行.
NOTIC: [8] Undefined offset: 0 D:\virtualhost\ZZGHFTP\Apps\Wap\Controller\IndexController.class.php 第 23 行.
NOTIC: [8] Undefined index:  D:\virtualhost\ZZGHFTP\Apps\Wap\Controller\IndexController.class.php 第 23 行.
NOTIC: [8] Undefined offset: 0 D:\virtualhost\ZZGHFTP\Apps\Wap\Controller\IndexController.class.php 第 23 行.
NOTIC: [8] Undefined offset: 0 D:\virtualhost\ZZGHFTP\Apps\Wap\Controller\IndexController.class.php 第 23 行.
NOTIC: [8] Undefined index:  D:\virtualhost\ZZGHFTP\Apps\Wap\Controller\IndexController.class.php 第 23 行.
NOTIC: [8] Undefined offset: 0 D:\virtualhost\ZZGHFTP\Apps\Wap\Controller\IndexController.class.php 第 23 行.
NOTIC: [8] Undefined offset: 0 D:\virtualhost\ZZGHFTP\Apps\Wap\Controller\IndexController.class.php 第 23 行.
NOTIC: [8] Undefined index:  D:\virtualhost\ZZGHFTP\Apps\Wap\Controller\IndexController.class.php 第 23 行.
NOTIC: [8] Undefined offset: 0 D:\virtualhost\ZZGHFTP\Apps\Wap\Controller\IndexController.class.php 第 23 行.
NOTIC: [8] Undefined offset: 0 D:\virtualhost\ZZGHFTP\Apps\Wap\Controller\IndexController.class.php 第 23 行.
NOTIC: [8] Undefined index:  D:\virtualhost\ZZGHFTP\Apps\Wap\Controller\IndexController.class.php 第 23 行.
NOTIC: [8] Undefined offset: 0 D:\virtualhost\ZZGHFTP\Apps\Wap\Controller\IndexController.class.php 第 23 行.
NOTIC: [8] Undefined offset: 0 D:\virtualhost\ZZGHFTP\Apps\Wap\Controller\IndexController.class.php 第 23 行.
NOTIC: [8] Undefined index:  D:\virtualhost\ZZGHFTP\Apps\Wap\Controller\IndexController.class.php 第 23 行.
NOTIC: [8] Undefined offset: 0 D:\virtualhost\ZZGHFTP\Apps\Wap\Controller\IndexController.class.php 第 23 行.
NOTIC: [8] Undefined offset: 0 D:\virtualhost\ZZGHFTP\Apps\Wap\Controller\IndexController.class.php 第 23 行.
NOTIC: [8] Undefined index:  D:\virtualhost\ZZGHFTP\Apps\Wap\Controller\IndexController.class.php 第 23 行.
SQL: SELECT * FROM `yunzhan_category` LIMIT 1   [ RunTime:0.0000s ]
SQL: SELECT * FROM `yunzhan_config` WHERE `id` = 1 LIMIT 1   [ RunTime:0.0000s ]
SQL: SELECT * FROM `yunzhan_service` WHERE `catid` = 1  [ RunTime:0.0156s ]
SQL: SELECT * FROM `yunzhan_article` WHERE `catid` = 2  [ RunTime:0.0000s ]
SQL: SELECT * FROM `yunzhan_ads` WHERE `catid` = 1 AND `startdate` <= 1494553197 AND `enddate` >= 1494553197 ORDER BY sort desc, id asc LIMIT 1   [ RunTime:0.0000s ]
SQL: SELECT * FROM `yunzhan_ads` WHERE `catid` = 2 AND `startdate` <= 1494553197 AND `enddate` >= 1494553197 ORDER BY sort desc, id asc  [ RunTime:0.0000s ]
SQL: SELECT * FROM `yunzhan_category` WHERE `pid` = 6 AND `display` = 1  [ RunTime:0.0000s ]
SQL: SELECT * FROM `yunzhan_article` WHERE `is_recom` = 1 AND `status` = 1 AND `catid` IN ('44','45','46','6','') ORDER BY sort asc,id desc LIMIT 4   [ RunTime:0.0000s ]
INFO: [ view_parse ] --START--
INFO: [ template_filter ] --START--
INFO: Run Behavior\ContentReplaceBehavior [ RunTime:0.000000s ]
INFO: [ template_filter ] --END-- [ RunTime:0.000000s ]
NOTIC: [8] Undefined index: alt D:\virtualhost\ZZGHFTP\Apps\Runtime\Cache\Wap\6617b4edc5280633f38c47dad5e4e8de.php 第 66 行.
NOTIC: [8] Undefined index: alt D:\virtualhost\ZZGHFTP\Apps\Runtime\Cache\Wap\6617b4edc5280633f38c47dad5e4e8de.php 第 66 行.
NOTIC: [8] Undefined index: alt D:\virtualhost\ZZGHFTP\Apps\Runtime\Cache\Wap\6617b4edc5280633f38c47dad5e4e8de.php 第 66 行.
NOTIC: [8] Undefined index: alt D:\virtualhost\ZZGHFTP\Apps\Runtime\Cache\Wap\6617b4edc5280633f38c47dad5e4e8de.php 第 66 行.
SQL: SELECT * FROM `yunzhan_category` WHERE `pid` = 47 AND `display` = 1  [ RunTime:0.0000s ]
SQL: SELECT * FROM `yunzhan_category` WHERE `pid` = 4 AND `display` = 1  [ RunTime:0.0000s ]
SQL: SELECT * FROM `yunzhan_category` WHERE `pid` = 5 AND `display` = 1  [ RunTime:0.0000s ]
INFO: Run Behavior\ParseTemplateBehavior [ RunTime:0.031251s ]
INFO: [ view_parse ] --END-- [ RunTime:0.031251s ]
INFO: [ view_filter ] --START--
INFO: Run Behavior\WriteHtmlCacheBehavior [ RunTime:0.000000s ]
INFO: [ view_filter ] --END-- [ RunTime:0.015626s ]
INFO: [ app_end ] --START--
INFO: Run Behavior\ShowPageTraceBehavior [ RunTime:0.000000s ]
INFO: [ app_end ] --END-- [ RunTime:0.000000s ]

[ 2017-05-12T17:16:10+08:00 ] 101.226.33.239 /wap
INFO: [ app_init ] --START--
INFO: Run Behavior\BuildLiteBehavior [ RunTime:0.000000s ]
INFO: [ app_init ] --END-- [ RunTime:0.000000s ]
INFO: [ app_begin ] --START--
INFO: Run Behavior\ReadHtmlCacheBehavior [ RunTime:0.000000s ]
INFO: [ app_begin ] --END-- [ RunTime:0.000000s ]
SQL: SHOW COLUMNS FROM `yunzhan_stats` [ RunTime:0.0000s ]
SQL: DELETE FROM `yunzhan_stats` WHERE ( access_time < 1970-01-01 ) [ RunTime:0.0000s ]
SQL: SHOW COLUMNS FROM `yunzhan_category` [ RunTime:0.0000s ]
SQL: SHOW COLUMNS FROM `yunzhan_config` [ RunTime:0.0000s ]
SQL: SHOW COLUMNS FROM `yunzhan_case` [ RunTime:0.0000s ]
SQL: SHOW COLUMNS FROM `yunzhan_ads` [ RunTime:0.0000s ]
SQL: SHOW COLUMNS FROM `yunzhan_article` [ RunTime:0.0000s ]
SQL: SHOW COLUMNS FROM `yunzhan_links` [ RunTime:0.0000s ]
SQL: SHOW COLUMNS FROM `yunzhan_service` [ RunTime:0.0000s ]
SQL: SELECT * FROM `yunzhan_category` WHERE ( 1=1 ) ORDER BY sort asc, id asc  [ RunTime:0.0000s ]
NOTIC: [8] Undefined index: is_jump D:\virtualhost\ZZGHFTP\Apps\Wap\Model\CategoryModel.class.php 第 14 行.
NOTIC: [8] Undefined index: is_jump D:\virtualhost\ZZGHFTP\Apps\Wap\Model\CategoryModel.class.php 第 14 行.
NOTIC: [8] Undefined index: is_jump D:\virtualhost\ZZGHFTP\Apps\Wap\Model\CategoryModel.class.php 第 14 行.
NOTIC: [8] Undefined index: is_jump D:\virtualhost\ZZGHFTP\Apps\Wap\Model\CategoryModel.class.php 第 14 行.
NOTIC: [8] Undefined index: is_jump D:\virtualhost\ZZGHFTP\Apps\Wap\Model\CategoryModel.class.php 第 14 行.
NOTIC: [8] Undefined index: is_jump D:\virtualhost\ZZGHFTP\Apps\Wap\Model\CategoryModel.class.php 第 14 行.
NOTIC: [8] Undefined index: is_jump D:\virtualhost\ZZGHFTP\Apps\Wap\Model\CategoryModel.class.php 第 14 行.
NOTIC: [8] Undefined index: is_jump D:\virtualhost\ZZGHFTP\Apps\Wap\Model\CategoryModel.class.php 第 14 行.
NOTIC: [8] Undefined index: is_jump D:\virtualhost\ZZGHFTP\Apps\Wap\Model\CategoryModel.class.php 第 14 行.
NOTIC: [8] Undefined index: is_jump D:\virtualhost\ZZGHFTP\Apps\Wap\Model\CategoryModel.class.php 第 14 行.
NOTIC: [8] Undefined index: is_jump D:\virtualhost\ZZGHFTP\Apps\Wap\Model\CategoryModel.class.php 第 14 行.
NOTIC: [8] Undefined index: is_jump D:\virtualhost\ZZGHFTP\Apps\Wap\Model\CategoryModel.class.php 第 14 行.
NOTIC: [8] Undefined index: is_jump D:\virtualhost\ZZGHFTP\Apps\Wap\Model\CategoryModel.class.php 第 14 行.
NOTIC: [8] Undefined index: is_jump D:\virtualhost\ZZGHFTP\Apps\Wap\Model\CategoryModel.class.php 第 14 行.
NOTIC: [8] Undefined index: is_jump D:\virtualhost\ZZGHFTP\Apps\Wap\Model\CategoryModel.class.php 第 14 行.
NOTIC: [8] Undefined index: is_jump D:\virtualhost\ZZGHFTP\Apps\Wap\Model\CategoryModel.class.php 第 14 行.
NOTIC: [8] Undefined index: is_jump D:\virtualhost\ZZGHFTP\Apps\Wap\Model\CategoryModel.class.php 第 14 行.
NOTIC: [8] Undefined index: is_jump D:\virtualhost\ZZGHFTP\Apps\Wap\Model\CategoryModel.class.php 第 14 行.
NOTIC: [8] Undefined index: is_jump D:\virtualhost\ZZGHFTP\Apps\Wap\Model\CategoryModel.class.php 第 14 行.
NOTIC: [8] Undefined index: is_jump D:\virtualhost\ZZGHFTP\Apps\Wap\Model\CategoryModel.class.php 第 14 行.
NOTIC: [8] Undefined index: is_jump D:\virtualhost\ZZGHFTP\Apps\Wap\Model\CategoryModel.class.php 第 14 行.
NOTIC: [8] Undefined index: is_jump D:\virtualhost\ZZGHFTP\Apps\Wap\Model\CategoryModel.class.php 第 14 行.
NOTIC: [8] Undefined index: is_jump D:\virtualhost\ZZGHFTP\Apps\Wap\Model\CategoryModel.class.php 第 14 行.
NOTIC: [8] Undefined index: is_jump D:\virtualhost\ZZGHFTP\Apps\Wap\Model\CategoryModel.class.php 第 14 行.
NOTIC: [8] Undefined index: is_jump D:\virtualhost\ZZGHFTP\Apps\Wap\Model\CategoryModel.class.php 第 14 行.
NOTIC: [8] Undefined index: is_jump D:\virtualhost\ZZGHFTP\Apps\Wap\Model\CategoryModel.class.php 第 14 行.
NOTIC: [8] Undefined index: is_jump D:\virtualhost\ZZGHFTP\Apps\Wap\Model\CategoryModel.class.php 第 14 行.
NOTIC: [8] Undefined index: is_jump D:\virtualhost\ZZGHFTP\Apps\Wap\Model\CategoryModel.class.php 第 14 行.
NOTIC: [8] Undefined index: is_jump D:\virtualhost\ZZGHFTP\Apps\Wap\Model\CategoryModel.class.php 第 14 行.
NOTIC: [8] Undefined index: is_jump D:\virtualhost\ZZGHFTP\Apps\Wap\Model\CategoryModel.class.php 第 14 行.
NOTIC: [8] Undefined index: is_jump D:\virtualhost\ZZGHFTP\Apps\Wap\Model\CategoryModel.class.php 第 14 行.
NOTIC: [8] Undefined index: is_jump D:\virtualhost\ZZGHFTP\Apps\Wap\Model\CategoryModel.class.php 第 14 行.
NOTIC: [8] Undefined index: is_jump D:\virtualhost\ZZGHFTP\Apps\Wap\Model\CategoryModel.class.php 第 14 行.
NOTIC: [8] Undefined index: is_jump D:\virtualhost\ZZGHFTP\Apps\Wap\Model\CategoryModel.class.php 第 14 行.
NOTIC: [8] Undefined index: is_jump D:\virtualhost\ZZGHFTP\Apps\Wap\Model\CategoryModel.class.php 第 14 行.
NOTIC: [8] Undefined index: is_jump D:\virtualhost\ZZGHFTP\Apps\Wap\Model\CategoryModel.class.php 第 14 行.
NOTIC: [8] Undefined index: is_jump D:\virtualhost\ZZGHFTP\Apps\Wap\Model\CategoryModel.class.php 第 14 行.
NOTIC: [8] Undefined index: is_jump D:\virtualhost\ZZGHFTP\Apps\Wap\Model\CategoryModel.class.php 第 14 行.
NOTIC: [8] Undefined index: is_jump D:\virtualhost\ZZGHFTP\Apps\Wap\Model\CategoryModel.class.php 第 14 行.
NOTIC: [8] Undefined index: is_jump D:\virtualhost\ZZGHFTP\Apps\Wap\Model\CategoryModel.class.php 第 14 行.
NOTIC: [8] Undefined index: is_jump D:\virtualhost\ZZGHFTP\Apps\Wap\Model\CategoryModel.class.php 第 14 行.
NOTIC: [8] Undefined index: is_jump D:\virtualhost\ZZGHFTP\Apps\Wap\Model\CategoryModel.class.php 第 14 行.
NOTIC: [8] Undefined index: is_jump D:\virtualhost\ZZGHFTP\Apps\Wap\Model\CategoryModel.class.php 第 14 行.
NOTIC: [8] Undefined index: is_jump D:\virtualhost\ZZGHFTP\Apps\Wap\Model\CategoryModel.class.php 第 14 行.
NOTIC: [8] Undefined index: is_jump D:\virtualhost\ZZGHFTP\Apps\Wap\Model\CategoryModel.class.php 第 14 行.
NOTIC: [8] Undefined index: is_jump D:\virtualhost\ZZGHFTP\Apps\Wap\Model\CategoryModel.class.php 第 14 行.
NOTIC: [8] Undefined index: is_jump D:\virtualhost\ZZGHFTP\Apps\Wap\Model\CategoryModel.class.php 第 14 行.
NOTIC: [8] Undefined index: is_jump D:\virtualhost\ZZGHFTP\Apps\Wap\Model\CategoryModel.class.php 第 14 行.
NOTIC: [8] Undefined index: is_jump D:\virtualhost\ZZGHFTP\Apps\Wap\Model\CategoryModel.class.php 第 14 行.
NOTIC: [8] Undefined index: is_jump D:\virtualhost\ZZGHFTP\Apps\Wap\Model\CategoryModel.class.php 第 14 行.
NOTIC: [8] Undefined index: is_jump D:\virtualhost\ZZGHFTP\Apps\Wap\Model\CategoryModel.class.php 第 14 行.
SQL: SHOW COLUMNS FROM `yunzhan_category` [ RunTime:0.0000s ]
SQL: SELECT * FROM `yunzhan_category` WHERE `pid` = 0 AND `display` = 1 AND `nav_display` = 1  [ RunTime:0.0000s ]
NOTIC: [8] Undefined offset: 0 D:\virtualhost\ZZGHFTP\Apps\Wap\Controller\IndexController.class.php 第 23 行.
NOTIC: [8] Undefined offset: 0 D:\virtualhost\ZZGHFTP\Apps\Wap\Controller\IndexController.class.php 第 23 行.
NOTIC: [8] Undefined index:  D:\virtualhost\ZZGHFTP\Apps\Wap\Controller\IndexController.class.php 第 23 行.
NOTIC: [8] Undefined offset: 0 D:\virtualhost\ZZGHFTP\Apps\Wap\Controller\IndexController.class.php 第 23 行.
NOTIC: [8] Undefined offset: 0 D:\virtualhost\ZZGHFTP\Apps\Wap\Controller\IndexController.class.php 第 23 行.
NOTIC: [8] Undefined index:  D:\virtualhost\ZZGHFTP\Apps\Wap\Controller\IndexController.class.php 第 23 行.
NOTIC: [8] Undefined offset: 0 D:\virtualhost\ZZGHFTP\Apps\Wap\Controller\IndexController.class.php 第 23 行.
NOTIC: [8] Undefined offset: 0 D:\virtualhost\ZZGHFTP\Apps\Wap\Controller\IndexController.class.php 第 23 行.
NOTIC: [8] Undefined index:  D:\virtualhost\ZZGHFTP\Apps\Wap\Controller\IndexController.class.php 第 23 行.
NOTIC: [8] Undefined offset: 0 D:\virtualhost\ZZGHFTP\Apps\Wap\Controller\IndexController.class.php 第 23 行.
NOTIC: [8] Undefined offset: 0 D:\virtualhost\ZZGHFTP\Apps\Wap\Controller\IndexController.class.php 第 23 行.
NOTIC: [8] Undefined index:  D:\virtualhost\ZZGHFTP\Apps\Wap\Controller\IndexController.class.php 第 23 行.
NOTIC: [8] Undefined offset: 0 D:\virtualhost\ZZGHFTP\Apps\Wap\Controller\IndexController.class.php 第 23 行.
NOTIC: [8] Undefined offset: 0 D:\virtualhost\ZZGHFTP\Apps\Wap\Controller\IndexController.class.php 第 23 行.
NOTIC: [8] Undefined index:  D:\virtualhost\ZZGHFTP\Apps\Wap\Controller\IndexController.class.php 第 23 行.
NOTIC: [8] Undefined offset: 0 D:\virtualhost\ZZGHFTP\Apps\Wap\Controller\IndexController.class.php 第 23 行.
NOTIC: [8] Undefined offset: 0 D:\virtualhost\ZZGHFTP\Apps\Wap\Controller\IndexController.class.php 第 23 行.
NOTIC: [8] Undefined index:  D:\virtualhost\ZZGHFTP\Apps\Wap\Controller\IndexController.class.php 第 23 行.
NOTIC: [8] Undefined offset: 0 D:\virtualhost\ZZGHFTP\Apps\Wap\Controller\IndexController.class.php 第 23 行.
NOTIC: [8] Undefined offset: 0 D:\virtualhost\ZZGHFTP\Apps\Wap\Controller\IndexController.class.php 第 23 行.
NOTIC: [8] Undefined index:  D:\virtualhost\ZZGHFTP\Apps\Wap\Controller\IndexController.class.php 第 23 行.
NOTIC: [8] Undefined offset: 0 D:\virtualhost\ZZGHFTP\Apps\Wap\Controller\IndexController.class.php 第 23 行.
NOTIC: [8] Undefined offset: 0 D:\virtualhost\ZZGHFTP\Apps\Wap\Controller\IndexController.class.php 第 23 行.
NOTIC: [8] Undefined index:  D:\virtualhost\ZZGHFTP\Apps\Wap\Controller\IndexController.class.php 第 23 行.
NOTIC: [8] Undefined offset: 0 D:\virtualhost\ZZGHFTP\Apps\Wap\Controller\IndexController.class.php 第 23 行.
NOTIC: [8] Undefined offset: 0 D:\virtualhost\ZZGHFTP\Apps\Wap\Controller\IndexController.class.php 第 23 行.
NOTIC: [8] Undefined index:  D:\virtualhost\ZZGHFTP\Apps\Wap\Controller\IndexController.class.php 第 23 行.
NOTIC: [8] Undefined offset: 0 D:\virtualhost\ZZGHFTP\Apps\Wap\Controller\IndexController.class.php 第 23 行.
NOTIC: [8] Undefined offset: 0 D:\virtualhost\ZZGHFTP\Apps\Wap\Controller\IndexController.class.php 第 23 行.
NOTIC: [8] Undefined index:  D:\virtualhost\ZZGHFTP\Apps\Wap\Controller\IndexController.class.php 第 23 行.
SQL: SELECT * FROM `yunzhan_category` LIMIT 1   [ RunTime:0.0000s ]
SQL: SELECT * FROM `yunzhan_config` WHERE `id` = 1 LIMIT 1   [ RunTime:0.0000s ]
SQL: SELECT * FROM `yunzhan_service` WHERE `catid` = 1  [ RunTime:0.0000s ]
SQL: SELECT * FROM `yunzhan_article` WHERE `catid` = 2  [ RunTime:0.0000s ]
SQL: SELECT * FROM `yunzhan_ads` WHERE `catid` = 1 AND `startdate` <= 1494580570 AND `enddate` >= 1494580570 ORDER BY sort desc, id asc LIMIT 1   [ RunTime:0.0000s ]
SQL: SELECT * FROM `yunzhan_ads` WHERE `catid` = 2 AND `startdate` <= 1494580570 AND `enddate` >= 1494580570 ORDER BY sort desc, id asc  [ RunTime:0.0000s ]
SQL: SELECT * FROM `yunzhan_category` WHERE `pid` = 6 AND `display` = 1  [ RunTime:0.0000s ]
SQL: SELECT * FROM `yunzhan_article` WHERE `is_recom` = 1 AND `status` = 1 AND `catid` IN ('44','45','46','6','') ORDER BY sort asc,id desc LIMIT 4   [ RunTime:0.0000s ]
INFO: [ view_parse ] --START--
INFO: [ template_filter ] --START--
INFO: Run Behavior\ContentReplaceBehavior [ RunTime:0.000000s ]
INFO: [ template_filter ] --END-- [ RunTime:0.000000s ]
NOTIC: [8] Undefined index: alt D:\virtualhost\ZZGHFTP\Apps\Runtime\Cache\Wap\6617b4edc5280633f38c47dad5e4e8de.php 第 66 行.
NOTIC: [8] Undefined index: alt D:\virtualhost\ZZGHFTP\Apps\Runtime\Cache\Wap\6617b4edc5280633f38c47dad5e4e8de.php 第 66 行.
NOTIC: [8] Undefined index: alt D:\virtualhost\ZZGHFTP\Apps\Runtime\Cache\Wap\6617b4edc5280633f38c47dad5e4e8de.php 第 66 行.
NOTIC: [8] Undefined index: alt D:\virtualhost\ZZGHFTP\Apps\Runtime\Cache\Wap\6617b4edc5280633f38c47dad5e4e8de.php 第 66 行.
SQL: SELECT * FROM `yunzhan_category` WHERE `pid` = 47 AND `display` = 1  [ RunTime:0.0000s ]
SQL: SELECT * FROM `yunzhan_category` WHERE `pid` = 4 AND `display` = 1  [ RunTime:0.0000s ]
SQL: SELECT * FROM `yunzhan_category` WHERE `pid` = 5 AND `display` = 1  [ RunTime:0.0000s ]
INFO: Run Behavior\ParseTemplateBehavior [ RunTime:0.015625s ]
INFO: [ view_parse ] --END-- [ RunTime:0.015625s ]
INFO: [ view_filter ] --START--
INFO: Run Behavior\WriteHtmlCacheBehavior [ RunTime:0.000000s ]
INFO: [ view_filter ] --END-- [ RunTime:0.000000s ]
INFO: [ app_end ] --START--
INFO: Run Behavior\ShowPageTraceBehavior [ RunTime:0.000000s ]
INFO: [ app_end ] --END-- [ RunTime:0.000000s ]

[ 2017-05-12T17:17:09+08:00 ] 121.101.208.18 /wap/
INFO: [ app_init ] --START--
INFO: Run Behavior\BuildLiteBehavior [ RunTime:0.000000s ]
INFO: [ app_init ] --END-- [ RunTime:0.000000s ]
INFO: [ app_begin ] --START--
INFO: Run Behavior\ReadHtmlCacheBehavior [ RunTime:0.000000s ]
INFO: [ app_begin ] --END-- [ RunTime:0.000000s ]
SQL: SHOW COLUMNS FROM `yunzhan_stats` [ RunTime:0.0000s ]
SQL: DELETE FROM `yunzhan_stats` WHERE ( access_time < 1970-01-01 ) [ RunTime:0.0000s ]
SQL: SHOW COLUMNS FROM `yunzhan_category` [ RunTime:0.0000s ]
SQL: SHOW COLUMNS FROM `yunzhan_config` [ RunTime:0.0000s ]
SQL: SHOW COLUMNS FROM `yunzhan_case` [ RunTime:0.0000s ]
SQL: SHOW COLUMNS FROM `yunzhan_ads` [ RunTime:0.0000s ]
SQL: SHOW COLUMNS FROM `yunzhan_article` [ RunTime:0.0000s ]
SQL: SHOW COLUMNS FROM `yunzhan_links` [ RunTime:0.0156s ]
SQL: SHOW COLUMNS FROM `yunzhan_service` [ RunTime:0.0000s ]
SQL: SELECT * FROM `yunzhan_category` WHERE ( 1=1 ) ORDER BY sort asc, id asc  [ RunTime:0.0000s ]
NOTIC: [8] Undefined index: is_jump D:\virtualhost\ZZGHFTP\Apps\Wap\Model\CategoryModel.class.php 第 14 行.
NOTIC: [8] Undefined index: is_jump D:\virtualhost\ZZGHFTP\Apps\Wap\Model\CategoryModel.class.php 第 14 行.
NOTIC: [8] Undefined index: is_jump D:\virtualhost\ZZGHFTP\Apps\Wap\Model\CategoryModel.class.php 第 14 行.
NOTIC: [8] Undefined index: is_jump D:\virtualhost\ZZGHFTP\Apps\Wap\Model\CategoryModel.class.php 第 14 行.
NOTIC: [8] Undefined index: is_jump D:\virtualhost\ZZGHFTP\Apps\Wap\Model\CategoryModel.class.php 第 14 行.
NOTIC: [8] Undefined index: is_jump D:\virtualhost\ZZGHFTP\Apps\Wap\Model\CategoryModel.class.php 第 14 行.
NOTIC: [8] Undefined index: is_jump D:\virtualhost\ZZGHFTP\Apps\Wap\Model\CategoryModel.class.php 第 14 行.
NOTIC: [8] Undefined index: is_jump D:\virtualhost\ZZGHFTP\Apps\Wap\Model\CategoryModel.class.php 第 14 行.
NOTIC: [8] Undefined index: is_jump D:\virtualhost\ZZGHFTP\Apps\Wap\Model\CategoryModel.class.php 第 14 行.
NOTIC: [8] Undefined index: is_jump D:\virtualhost\ZZGHFTP\Apps\Wap\Model\CategoryModel.class.php 第 14 行.
NOTIC: [8] Undefined index: is_jump D:\virtualhost\ZZGHFTP\Apps\Wap\Model\CategoryModel.class.php 第 14 行.
NOTIC: [8] Undefined index: is_jump D:\virtualhost\ZZGHFTP\Apps\Wap\Model\CategoryModel.class.php 第 14 行.
NOTIC: [8] Undefined index: is_jump D:\virtualhost\ZZGHFTP\Apps\Wap\Model\CategoryModel.class.php 第 14 行.
NOTIC: [8] Undefined index: is_jump D:\virtualhost\ZZGHFTP\Apps\Wap\Model\CategoryModel.class.php 第 14 行.
NOTIC: [8] Undefined index: is_jump D:\virtualhost\ZZGHFTP\Apps\Wap\Model\CategoryModel.class.php 第 14 行.
NOTIC: [8] Undefined index: is_jump D:\virtualhost\ZZGHFTP\Apps\Wap\Model\CategoryModel.class.php 第 14 行.
NOTIC: [8] Undefined index: is_jump D:\virtualhost\ZZGHFTP\Apps\Wap\Model\CategoryModel.class.php 第 14 行.
NOTIC: [8] Undefined index: is_jump D:\virtualhost\ZZGHFTP\Apps\Wap\Model\CategoryModel.class.php 第 14 行.
NOTIC: [8] Undefined index: is_jump D:\virtualhost\ZZGHFTP\Apps\Wap\Model\CategoryModel.class.php 第 14 行.
NOTIC: [8] Undefined index: is_jump D:\virtualhost\ZZGHFTP\Apps\Wap\Model\CategoryModel.class.php 第 14 行.
NOTIC: [8] Undefined index: is_jump D:\virtualhost\ZZGHFTP\Apps\Wap\Model\CategoryModel.class.php 第 14 行.
NOTIC: [8] Undefined index: is_jump D:\virtualhost\ZZGHFTP\Apps\Wap\Model\CategoryModel.class.php 第 14 行.
NOTIC: [8] Undefined index: is_jump D:\virtualhost\ZZGHFTP\Apps\Wap\Model\CategoryModel.class.php 第 14 行.
NOTIC: [8] Undefined index: is_jump D:\virtualhost\ZZGHFTP\Apps\Wap\Model\CategoryModel.class.php 第 14 行.
NOTIC: [8] Undefined index: is_jump D:\virtualhost\ZZGHFTP\Apps\Wap\Model\CategoryModel.class.php 第 14 行.
NOTIC: [8] Undefined index: is_jump D:\virtualhost\ZZGHFTP\Apps\Wap\Model\CategoryModel.class.php 第 14 行.
NOTIC: [8] Undefined index: is_jump D:\virtualhost\ZZGHFTP\Apps\Wap\Model\CategoryModel.class.php 第 14 行.
NOTIC: [8] Undefined index: is_jump D:\virtualhost\ZZGHFTP\Apps\Wap\Model\CategoryModel.class.php 第 14 行.
NOTIC: [8] Undefined index: is_jump D:\virtualhost\ZZGHFTP\Apps\Wap\Model\CategoryModel.class.php 第 14 行.
NOTIC: [8] Undefined index: is_jump D:\virtualhost\ZZGHFTP\Apps\Wap\Model\CategoryModel.class.php 第 14 行.
NOTIC: [8] Undefined index: is_jump D:\virtualhost\ZZGHFTP\Apps\Wap\Model\CategoryModel.class.php 第 14 行.
NOTIC: [8] Undefined index: is_jump D:\virtualhost\ZZGHFTP\Apps\Wap\Model\CategoryModel.class.php 第 14 行.
NOTIC: [8] Undefined index: is_jump D:\virtualhost\ZZGHFTP\Apps\Wap\Model\CategoryModel.class.php 第 14 行.
NOTIC: [8] Undefined index: is_jump D:\virtualhost\ZZGHFTP\Apps\Wap\Model\CategoryModel.class.php 第 14 行.
NOTIC: [8] Undefined index: is_jump D:\virtualhost\ZZGHFTP\Apps\Wap\Model\CategoryModel.class.php 第 14 行.
NOTIC: [8] Undefined index: is_jump D:\virtualhost\ZZGHFTP\Apps\Wap\Model\CategoryModel.class.php 第 14 行.
NOTIC: [8] Undefined index: is_jump D:\virtualhost\ZZGHFTP\Apps\Wap\Model\CategoryModel.class.php 第 14 行.
NOTIC: [8] Undefined index: is_jump D:\virtualhost\ZZGHFTP\Apps\Wap\Model\CategoryModel.class.php 第 14 行.
NOTIC: [8] Undefined index: is_jump D:\virtualhost\ZZGHFTP\Apps\Wap\Model\CategoryModel.class.php 第 14 行.
NOTIC: [8] Undefined index: is_jump D:\virtualhost\ZZGHFTP\Apps\Wap\Model\CategoryModel.class.php 第 14 行.
NOTIC: [8] Undefined index: is_jump D:\virtualhost\ZZGHFTP\Apps\Wap\Model\CategoryModel.class.php 第 14 行.
NOTIC: [8] Undefined index: is_jump D:\virtualhost\ZZGHFTP\Apps\Wap\Model\CategoryModel.class.php 第 14 行.
NOTIC: [8] Undefined index: is_jump D:\virtualhost\ZZGHFTP\Apps\Wap\Model\CategoryModel.class.php 第 14 行.
NOTIC: [8] Undefined index: is_jump D:\virtualhost\ZZGHFTP\Apps\Wap\Model\CategoryModel.class.php 第 14 行.
NOTIC: [8] Undefined index: is_jump D:\virtualhost\ZZGHFTP\Apps\Wap\Model\CategoryModel.class.php 第 14 行.
NOTIC: [8] Undefined index: is_jump D:\virtualhost\ZZGHFTP\Apps\Wap\Model\CategoryModel.class.php 第 14 行.
NOTIC: [8] Undefined index: is_jump D:\virtualhost\ZZGHFTP\Apps\Wap\Model\CategoryModel.class.php 第 14 行.
NOTIC: [8] Undefined index: is_jump D:\virtualhost\ZZGHFTP\Apps\Wap\Model\CategoryModel.class.php 第 14 行.
NOTIC: [8] Undefined index: is_jump D:\virtualhost\ZZGHFTP\Apps\Wap\Model\CategoryModel.class.php 第 14 行.
NOTIC: [8] Undefined index: is_jump D:\virtualhost\ZZGHFTP\Apps\Wap\Model\CategoryModel.class.php 第 14 行.
NOTIC: [8] Undefined index: is_jump D:\virtualhost\ZZGHFTP\Apps\Wap\Model\CategoryModel.class.php 第 14 行.
SQL: SHOW COLUMNS FROM `yunzhan_category` [ RunTime:0.0000s ]
SQL: SELECT * FROM `yunzhan_category` WHERE `pid` = 0 AND `display` = 1 AND `nav_display` = 1  [ RunTime:0.0000s ]
NOTIC: [8] Undefined offset: 0 D:\virtualhost\ZZGHFTP\Apps\Wap\Controller\IndexController.class.php 第 23 行.
NOTIC: [8] Undefined offset: 0 D:\virtualhost\ZZGHFTP\Apps\Wap\Controller\IndexController.class.php 第 23 行.
NOTIC: [8] Undefined index:  D:\virtualhost\ZZGHFTP\Apps\Wap\Controller\IndexController.class.php 第 23 行.
NOTIC: [8] Undefined offset: 0 D:\virtualhost\ZZGHFTP\Apps\Wap\Controller\IndexController.class.php 第 23 行.
NOTIC: [8] Undefined offset: 0 D:\virtualhost\ZZGHFTP\Apps\Wap\Controller\IndexController.class.php 第 23 行.
NOTIC: [8] Undefined index:  D:\virtualhost\ZZGHFTP\Apps\Wap\Controller\IndexController.class.php 第 23 行.
NOTIC: [8] Undefined offset: 0 D:\virtualhost\ZZGHFTP\Apps\Wap\Controller\IndexController.class.php 第 23 行.
NOTIC: [8] Undefined offset: 0 D:\virtualhost\ZZGHFTP\Apps\Wap\Controller\IndexController.class.php 第 23 行.
NOTIC: [8] Undefined index:  D:\virtualhost\ZZGHFTP\Apps\Wap\Controller\IndexController.class.php 第 23 行.
NOTIC: [8] Undefined offset: 0 D:\virtualhost\ZZGHFTP\Apps\Wap\Controller\IndexController.class.php 第 23 行.
NOTIC: [8] Undefined offset: 0 D:\virtualhost\ZZGHFTP\Apps\Wap\Controller\IndexController.class.php 第 23 行.
NOTIC: [8] Undefined index:  D:\virtualhost\ZZGHFTP\Apps\Wap\Controller\IndexController.class.php 第 23 行.
NOTIC: [8] Undefined offset: 0 D:\virtualhost\ZZGHFTP\Apps\Wap\Controller\IndexController.class.php 第 23 行.
NOTIC: [8] Undefined offset: 0 D:\virtualhost\ZZGHFTP\Apps\Wap\Controller\IndexController.class.php 第 23 行.
NOTIC: [8] Undefined index:  D:\virtualhost\ZZGHFTP\Apps\Wap\Controller\IndexController.class.php 第 23 行.
NOTIC: [8] Undefined offset: 0 D:\virtualhost\ZZGHFTP\Apps\Wap\Controller\IndexController.class.php 第 23 行.
NOTIC: [8] Undefined offset: 0 D:\virtualhost\ZZGHFTP\Apps\Wap\Controller\IndexController.class.php 第 23 行.
NOTIC: [8] Undefined index:  D:\virtualhost\ZZGHFTP\Apps\Wap\Controller\IndexController.class.php 第 23 行.
NOTIC: [8] Undefined offset: 0 D:\virtualhost\ZZGHFTP\Apps\Wap\Controller\IndexController.class.php 第 23 行.
NOTIC: [8] Undefined offset: 0 D:\virtualhost\ZZGHFTP\Apps\Wap\Controller\IndexController.class.php 第 23 行.
NOTIC: [8] Undefined index:  D:\virtualhost\ZZGHFTP\Apps\Wap\Controller\IndexController.class.php 第 23 行.
NOTIC: [8] Undefined offset: 0 D:\virtualhost\ZZGHFTP\Apps\Wap\Controller\IndexController.class.php 第 23 行.
NOTIC: [8] Undefined offset: 0 D:\virtualhost\ZZGHFTP\Apps\Wap\Controller\IndexController.class.php 第 23 行.
NOTIC: [8] Undefined index:  D:\virtualhost\ZZGHFTP\Apps\Wap\Controller\IndexController.class.php 第 23 行.
NOTIC: [8] Undefined offset: 0 D:\virtualhost\ZZGHFTP\Apps\Wap\Controller\IndexController.class.php 第 23 行.
NOTIC: [8] Undefined offset: 0 D:\virtualhost\ZZGHFTP\Apps\Wap\Controller\IndexController.class.php 第 23 行.
NOTIC: [8] Undefined index:  D:\virtualhost\ZZGHFTP\Apps\Wap\Controller\IndexController.class.php 第 23 行.
NOTIC: [8] Undefined offset: 0 D:\virtualhost\ZZGHFTP\Apps\Wap\Controller\IndexController.class.php 第 23 行.
NOTIC: [8] Undefined offset: 0 D:\virtualhost\ZZGHFTP\Apps\Wap\Controller\IndexController.class.php 第 23 行.
NOTIC: [8] Undefined index:  D:\virtualhost\ZZGHFTP\Apps\Wap\Controller\IndexController.class.php 第 23 行.
SQL: SELECT * FROM `yunzhan_category` LIMIT 1   [ RunTime:0.0000s ]
SQL: SELECT * FROM `yunzhan_config` WHERE `id` = 1 LIMIT 1   [ RunTime:0.0000s ]
SQL: SELECT * FROM `yunzhan_service` WHERE `catid` = 1  [ RunTime:0.0000s ]
SQL: SELECT * FROM `yunzhan_article` WHERE `catid` = 2  [ RunTime:0.0000s ]
SQL: SELECT * FROM `yunzhan_ads` WHERE `catid` = 1 AND `startdate` <= 1494580629 AND `enddate` >= 1494580629 ORDER BY sort desc, id asc LIMIT 1   [ RunTime:0.0000s ]
SQL: SELECT * FROM `yunzhan_ads` WHERE `catid` = 2 AND `startdate` <= 1494580629 AND `enddate` >= 1494580629 ORDER BY sort desc, id asc  [ RunTime:0.0000s ]
SQL: SELECT * FROM `yunzhan_category` WHERE `pid` = 6 AND `display` = 1  [ RunTime:0.0000s ]
SQL: SELECT * FROM `yunzhan_article` WHERE `is_recom` = 1 AND `status` = 1 AND `catid` IN ('44','45','46','6','') ORDER BY sort asc,id desc LIMIT 4   [ RunTime:0.0000s ]
INFO: [ view_parse ] --START--
INFO: [ template_filter ] --START--
INFO: Run Behavior\ContentReplaceBehavior [ RunTime:0.000000s ]
INFO: [ template_filter ] --END-- [ RunTime:0.000000s ]
NOTIC: [8] Undefined index: alt D:\virtualhost\ZZGHFTP\Apps\Runtime\Cache\Wap\6617b4edc5280633f38c47dad5e4e8de.php 第 66 行.
NOTIC: [8] Undefined index: alt D:\virtualhost\ZZGHFTP\Apps\Runtime\Cache\Wap\6617b4edc5280633f38c47dad5e4e8de.php 第 66 行.
NOTIC: [8] Undefined index: alt D:\virtualhost\ZZGHFTP\Apps\Runtime\Cache\Wap\6617b4edc5280633f38c47dad5e4e8de.php 第 66 行.
NOTIC: [8] Undefined index: alt D:\virtualhost\ZZGHFTP\Apps\Runtime\Cache\Wap\6617b4edc5280633f38c47dad5e4e8de.php 第 66 行.
SQL: SELECT * FROM `yunzhan_category` WHERE `pid` = 47 AND `display` = 1  [ RunTime:0.0000s ]
SQL: SELECT * FROM `yunzhan_category` WHERE `pid` = 4 AND `display` = 1  [ RunTime:0.0000s ]
SQL: SELECT * FROM `yunzhan_category` WHERE `pid` = 5 AND `display` = 1  [ RunTime:0.0000s ]
INFO: Run Behavior\ParseTemplateBehavior [ RunTime:0.031250s ]
INFO: [ view_parse ] --END-- [ RunTime:0.031250s ]
INFO: [ view_filter ] --START--
INFO: Run Behavior\WriteHtmlCacheBehavior [ RunTime:0.000000s ]
INFO: [ view_filter ] --END-- [ RunTime:0.000000s ]
INFO: [ app_end ] --START--
INFO: Run Behavior\ShowPageTraceBehavior [ RunTime:0.000000s ]
INFO: [ app_end ] --END-- [ RunTime:0.000000s ]

[ 2017-05-12T17:17:10+08:00 ] 121.101.208.18 /wap/undefined
INFO: [ app_init ] --START--
INFO: Run Behavior\BuildLiteBehavior [ RunTime:0.000000s ]
INFO: [ app_init ] --END-- [ RunTime:0.000000s ]
INFO: [ app_begin ] --START--
INFO: Run Behavior\ReadHtmlCacheBehavior [ RunTime:0.000000s ]
INFO: [ app_begin ] --END-- [ RunTime:0.000000s ]
ERR: 无法加载控制器:Undefined

[ 2017-05-12T17:17:14+08:00 ] 121.101.208.18 /wap/service/view/catid/1/id/1.html
INFO: [ app_init ] --START--
INFO: Run Behavior\BuildLiteBehavior [ RunTime:0.000000s ]
INFO: [ app_init ] --END-- [ RunTime:0.000000s ]
INFO: [ app_begin ] --START--
INFO: Run Behavior\ReadHtmlCacheBehavior [ RunTime:0.000000s ]
INFO: [ app_begin ] --END-- [ RunTime:0.000000s ]
SQL: SHOW COLUMNS FROM `yunzhan_stats` [ RunTime:0.0000s ]
SQL: DELETE FROM `yunzhan_stats` WHERE ( access_time < 1970-01-01 ) [ RunTime:0.0000s ]
SQL: SHOW COLUMNS FROM `yunzhan_category` [ RunTime:0.0000s ]
SQL: SHOW COLUMNS FROM `yunzhan_config` [ RunTime:0.0000s ]
SQL: SHOW COLUMNS FROM `yunzhan_pages` [ RunTime:0.0000s ]
SQL: SHOW COLUMNS FROM `yunzhan_ads` [ RunTime:0.0000s ]
SQL: SHOW COLUMNS FROM `yunzhan_article` [ RunTime:0.0000s ]
SQL: SHOW COLUMNS FROM `yunzhan_links` [ RunTime:0.0000s ]
SQL: SHOW COLUMNS FROM `yunzhan_service` [ RunTime:0.0000s ]
SQL: SELECT * FROM `yunzhan_category` WHERE ( 1=1 ) ORDER BY sort asc, id asc  [ RunTime:0.0000s ]
NOTIC: [8] Undefined index: is_jump D:\virtualhost\ZZGHFTP\Apps\Wap\Model\CategoryModel.class.php 第 14 行.
NOTIC: [8] Undefined index: is_jump D:\virtualhost\ZZGHFTP\Apps\Wap\Model\CategoryModel.class.php 第 14 行.
NOTIC: [8] Undefined index: is_jump D:\virtualhost\ZZGHFTP\Apps\Wap\Model\CategoryModel.class.php 第 14 行.
NOTIC: [8] Undefined index: is_jump D:\virtualhost\ZZGHFTP\Apps\Wap\Model\CategoryModel.class.php 第 14 行.
NOTIC: [8] Undefined index: is_jump D:\virtualhost\ZZGHFTP\Apps\Wap\Model\CategoryModel.class.php 第 14 行.
NOTIC: [8] Undefined index: is_jump D:\virtualhost\ZZGHFTP\Apps\Wap\Model\CategoryModel.class.php 第 14 行.
NOTIC: [8] Undefined index: is_jump D:\virtualhost\ZZGHFTP\Apps\Wap\Model\CategoryModel.class.php 第 14 行.
NOTIC: [8] Undefined index: is_jump D:\virtualhost\ZZGHFTP\Apps\Wap\Model\CategoryModel.class.php 第 14 行.
NOTIC: [8] Undefined index: is_jump D:\virtualhost\ZZGHFTP\Apps\Wap\Model\CategoryModel.class.php 第 14 行.
NOTIC: [8] Undefined index: is_jump D:\virtualhost\ZZGHFTP\Apps\Wap\Model\CategoryModel.class.php 第 14 行.
NOTIC: [8] Undefined index: is_jump D:\virtualhost\ZZGHFTP\Apps\Wap\Model\CategoryModel.class.php 第 14 行.
NOTIC: [8] Undefined index: is_jump D:\virtualhost\ZZGHFTP\Apps\Wap\Model\CategoryModel.class.php 第 14 行.
NOTIC: [8] Undefined index: is_jump D:\virtualhost\ZZGHFTP\Apps\Wap\Model\CategoryModel.class.php 第 14 行.
NOTIC: [8] Undefined index: is_jump D:\virtualhost\ZZGHFTP\Apps\Wap\Model\CategoryModel.class.php 第 14 行.
NOTIC: [8] Undefined index: is_jump D:\virtualhost\ZZGHFTP\Apps\Wap\Model\CategoryModel.class.php 第 14 行.
NOTIC: [8] Undefined index: is_jump D:\virtualhost\ZZGHFTP\Apps\Wap\Model\CategoryModel.class.php 第 14 行.
NOTIC: [8] Undefined index: is_jump D:\virtualhost\ZZGHFTP\Apps\Wap\Model\CategoryModel.class.php 第 14 行.
NOTIC: [8] Undefined index: is_jump D:\virtualhost\ZZGHFTP\Apps\Wap\Model\CategoryModel.class.php 第 14 行.
NOTIC: [8] Undefined index: is_jump D:\virtualhost\ZZGHFTP\Apps\Wap\Model\CategoryModel.class.php 第 14 行.
NOTIC: [8] Undefined index: is_jump D:\virtualhost\ZZGHFTP\Apps\Wap\Model\CategoryModel.class.php 第 14 行.
NOTIC: [8] Undefined index: is_jump D:\virtualhost\ZZGHFTP\Apps\Wap\Model\CategoryModel.class.php 第 14 行.
NOTIC: [8] Undefined index: is_jump D:\virtualhost\ZZGHFTP\Apps\Wap\Model\CategoryModel.class.php 第 14 行.
NOTIC: [8] Undefined index: is_jump D:\virtualhost\ZZGHFTP\Apps\Wap\Model\CategoryModel.class.php 第 14 行.
NOTIC: [8] Undefined index: is_jump D:\virtualhost\ZZGHFTP\Apps\Wap\Model\CategoryModel.class.php 第 14 行.
NOTIC: [8] Undefined index: is_jump D:\virtualhost\ZZGHFTP\Apps\Wap\Model\CategoryModel.class.php 第 14 行.
NOTIC: [8] Undefined index: is_jump D:\virtualhost\ZZGHFTP\Apps\Wap\Model\CategoryModel.class.php 第 14 行.
NOTIC: [8] Undefined index: is_jump D:\virtualhost\ZZGHFTP\Apps\Wap\Model\CategoryModel.class.php 第 14 行.
NOTIC: [8] Undefined index: is_jump D:\virtualhost\ZZGHFTP\Apps\Wap\Model\CategoryModel.class.php 第 14 行.
NOTIC: [8] Undefined index: is_jump D:\virtualhost\ZZGHFTP\Apps\Wap\Model\CategoryModel.class.php 第 14 行.
NOTIC: [8] Undefined index: is_jump D:\virtualhost\ZZGHFTP\Apps\Wap\Model\CategoryModel.class.php 第 14 行.
NOTIC: [8] Undefined index: is_jump D:\virtualhost\ZZGHFTP\Apps\Wap\Model\CategoryModel.class.php 第 14 行.
NOTIC: [8] Undefined index: is_jump D:\virtualhost\ZZGHFTP\Apps\Wap\Model\CategoryModel.class.php 第 14 行.
NOTIC: [8] Undefined index: is_jump D:\virtualhost\ZZGHFTP\Apps\Wap\Model\CategoryModel.class.php 第 14 行.
NOTIC: [8] Undefined index: is_jump D:\virtualhost\ZZGHFTP\Apps\Wap\Model\CategoryModel.class.php 第 14 行.
NOTIC: [8] Undefined index: is_jump D:\virtualhost\ZZGHFTP\Apps\Wap\Model\CategoryModel.class.php 第 14 行.
NOTIC: [8] Undefined index: is_jump D:\virtualhost\ZZGHFTP\Apps\Wap\Model\CategoryModel.class.php 第 14 行.
NOTIC: [8] Undefined index: is_jump D:\virtualhost\ZZGHFTP\Apps\Wap\Model\CategoryModel.class.php 第 14 行.
NOTIC: [8] Undefined index: is_jump D:\virtualhost\ZZGHFTP\Apps\Wap\Model\CategoryModel.class.php 第 14 行.
NOTIC: [8] Undefined index: is_jump D:\virtualhost\ZZGHFTP\Apps\Wap\Model\CategoryModel.class.php 第 14 行.
NOTIC: [8] Undefined index: is_jump D:\virtualhost\ZZGHFTP\Apps\Wap\Model\CategoryModel.class.php 第 14 行.
NOTIC: [8] Undefined index: is_jump D:\virtualhost\ZZGHFTP\Apps\Wap\Model\CategoryModel.class.php 第 14 行.
NOTIC: [8] Undefined index: is_jump D:\virtualhost\ZZGHFTP\Apps\Wap\Model\CategoryModel.class.php 第 14 行.
NOTIC: [8] Undefined index: is_jump D:\virtualhost\ZZGHFTP\Apps\Wap\Model\CategoryModel.class.php 第 14 行.
NOTIC: [8] Undefined index: is_jump D:\virtualhost\ZZGHFTP\Apps\Wap\Model\CategoryModel.class.php 第 14 行.
NOTIC: [8] Undefined index: is_jump D:\virtualhost\ZZGHFTP\Apps\Wap\Model\CategoryModel.class.php 第 14 行.
NOTIC: [8] Undefined index: is_jump D:\virtualhost\ZZGHFTP\Apps\Wap\Model\CategoryModel.class.php 第 14 行.
NOTIC: [8] Undefined index: is_jump D:\virtualhost\ZZGHFTP\Apps\Wap\Model\CategoryModel.class.php 第 14 行.
NOTIC: [8] Undefined index: is_jump D:\virtualhost\ZZGHFTP\Apps\Wap\Model\CategoryModel.class.php 第 14 行.
NOTIC: [8] Undefined index: is_jump D:\virtualhost\ZZGHFTP\Apps\Wap\Model\CategoryModel.class.php 第 14 行.
NOTIC: [8] Undefined index: is_jump D:\virtualhost\ZZGHFTP\Apps\Wap\Model\CategoryModel.class.php 第 14 行.
NOTIC: [8] Undefined index: is_jump D:\virtualhost\ZZGHFTP\Apps\Wap\Model\CategoryModel.class.php 第 14 行.
NOTIC: [8] Undefined offset: 0 D:\virtualhost\ZZGHFTP\Apps\Wap\Controller\ServiceController.class.php 第 22 行.
NOTIC: [8] Undefined offset: 0 D:\virtualhost\ZZGHFTP\Apps\Wap\Controller\ServiceController.class.php 第 22 行.
NOTIC: [8] Undefined offset: 0 D:\virtualhost\ZZGHFTP\Apps\Wap\Controller\ServiceController.class.php 第 22 行.
NOTIC: [8] Undefined offset: 0 D:\virtualhost\ZZGHFTP\Apps\Wap\Controller\ServiceController.class.php 第 22 行.
NOTIC: [8] Undefined offset: 0 D:\virtualhost\ZZGHFTP\Apps\Wap\Controller\ServiceController.class.php 第 22 行.
NOTIC: [8] Undefined offset: 0 D:\virtualhost\ZZGHFTP\Apps\Wap\Controller\ServiceController.class.php 第 22 行.
NOTIC: [8] Undefined offset: 0 D:\virtualhost\ZZGHFTP\Apps\Wap\Controller\ServiceController.class.php 第 22 行.
NOTIC: [8] Undefined offset: 0 D:\virtualhost\ZZGHFTP\Apps\Wap\Controller\ServiceController.class.php 第 22 行.
NOTIC: [8] Undefined offset: 0 D:\virtualhost\ZZGHFTP\Apps\Wap\Controller\ServiceController.class.php 第 22 行.
SQL: SHOW COLUMNS FROM `yunzhan_category` [ RunTime:0.0000s ]
SQL: SELECT * FROM `yunzhan_category` WHERE `pid` = 0 AND `display` = 1 AND `nav_display` = 1  [ RunTime:0.0000s ]
SQL: SELECT * FROM `yunzhan_category` WHERE `id` = 1 LIMIT 1   [ RunTime:0.0000s ]
SQL: SELECT * FROM `yunzhan_config` WHERE `id` = 1 LIMIT 1   [ RunTime:0.0000s ]
SQL: SELECT * FROM `yunzhan_service` WHERE `catid` = 1  [ RunTime:0.0000s ]
SQL: SELECT * FROM `yunzhan_article` WHERE `catid` = 2  [ RunTime:0.0000s ]
SQL: SELECT * FROM `yunzhan_category` WHERE `id` = 1 LIMIT 1   [ RunTime:0.0000s ]
SQL: SHOW COLUMNS FROM `yunzhan_service` [ RunTime:0.0156s ]
SQL: SELECT * FROM `yunzhan_service` WHERE `catid` = 1 ORDER BY sort asc,id desc  [ RunTime:0.0000s ]
SQL: SELECT * FROM `yunzhan_service` WHERE `id` = 1 LIMIT 1   [ RunTime:0.0000s ]
INFO: [ view_parse ] --START--
INFO: [ template_filter ] --START--
INFO: Run Behavior\ContentReplaceBehavior [ RunTime:0.000000s ]
INFO: [ template_filter ] --END-- [ RunTime:0.000000s ]
SQL: SELECT * FROM `yunzhan_category` WHERE ( 1=1 ) ORDER BY sort asc, id asc  [ RunTime:0.0000s ]
NOTIC: [8] Undefined index: is_jump D:\virtualhost\ZZGHFTP\Apps\Wap\Model\CategoryModel.class.php 第 14 行.
NOTIC: [8] Undefined index: is_jump D:\virtualhost\ZZGHFTP\Apps\Wap\Model\CategoryModel.class.php 第 14 行.
NOTIC: [8] Undefined index: is_jump D:\virtualhost\ZZGHFTP\Apps\Wap\Model\CategoryModel.class.php 第 14 行.
NOTIC: [8] Undefined index: is_jump D:\virtualhost\ZZGHFTP\Apps\Wap\Model\CategoryModel.class.php 第 14 行.
NOTIC: [8] Undefined index: is_jump D:\virtualhost\ZZGHFTP\Apps\Wap\Model\CategoryModel.class.php 第 14 行.
NOTIC: [8] Undefined index: is_jump D:\virtualhost\ZZGHFTP\Apps\Wap\Model\CategoryModel.class.php 第 14 行.
NOTIC: [8] Undefined index: is_jump D:\virtualhost\ZZGHFTP\Apps\Wap\Model\CategoryModel.class.php 第 14 行.
NOTIC: [8] Undefined index: is_jump D:\virtualhost\ZZGHFTP\Apps\Wap\Model\CategoryModel.class.php 第 14 行.
NOTIC: [8] Undefined index: is_jump D:\virtualhost\ZZGHFTP\Apps\Wap\Model\CategoryModel.class.php 第 14 行.
NOTIC: [8] Undefined index: is_jump D:\virtualhost\ZZGHFTP\Apps\Wap\Model\CategoryModel.class.php 第 14 行.
NOTIC: [8] Undefined index: is_jump D:\virtualhost\ZZGHFTP\Apps\Wap\Model\CategoryModel.class.php 第 14 行.
NOTIC: [8] Undefined index: is_jump D:\virtualhost\ZZGHFTP\Apps\Wap\Model\CategoryModel.class.php 第 14 行.
NOTIC: [8] Undefined index: is_jump D:\virtualhost\ZZGHFTP\Apps\Wap\Model\CategoryModel.class.php 第 14 行.
NOTIC: [8] Undefined index: is_jump D:\virtualhost\ZZGHFTP\Apps\Wap\Model\CategoryModel.class.php 第 14 行.
NOTIC: [8] Undefined index: is_jump D:\virtualhost\ZZGHFTP\Apps\Wap\Model\CategoryModel.class.php 第 14 行.
NOTIC: [8] Undefined index: is_jump D:\virtualhost\ZZGHFTP\Apps\Wap\Model\CategoryModel.class.php 第 14 行.
NOTIC: [8] Undefined index: is_jump D:\virtualhost\ZZGHFTP\Apps\Wap\Model\CategoryModel.class.php 第 14 行.
NOTIC: [8] Undefined index: is_jump D:\virtualhost\ZZGHFTP\Apps\Wap\Model\CategoryModel.class.php 第 14 行.
NOTIC: [8] Undefined index: is_jump D:\virtualhost\ZZGHFTP\Apps\Wap\Model\CategoryModel.class.php 第 14 行.
NOTIC: [8] Undefined index: is_jump D:\virtualhost\ZZGHFTP\Apps\Wap\Model\CategoryModel.class.php 第 14 行.
NOTIC: [8] Undefined index: is_jump D:\virtualhost\ZZGHFTP\Apps\Wap\Model\CategoryModel.class.php 第 14 行.
NOTIC: [8] Undefined index: is_jump D:\virtualhost\ZZGHFTP\Apps\Wap\Model\CategoryModel.class.php 第 14 行.
NOTIC: [8] Undefined index: is_jump D:\virtualhost\ZZGHFTP\Apps\Wap\Model\CategoryModel.class.php 第 14 行.
NOTIC: [8] Undefined index: is_jump D:\virtualhost\ZZGHFTP\Apps\Wap\Model\CategoryModel.class.php 第 14 行.
NOTIC: [8] Undefined index: is_jump D:\virtualhost\ZZGHFTP\Apps\Wap\Model\CategoryModel.class.php 第 14 行.
NOTIC: [8] Undefined index: is_jump D:\virtualhost\ZZGHFTP\Apps\Wap\Model\CategoryModel.class.php 第 14 行.
NOTIC: [8] Undefined index: is_jump D:\virtualhost\ZZGHFTP\Apps\Wap\Model\CategoryModel.class.php 第 14 行.
NOTIC: [8] Undefined index: is_jump D:\virtualhost\ZZGHFTP\Apps\Wap\Model\CategoryModel.class.php 第 14 行.
NOTIC: [8] Undefined index: is_jump D:\virtualhost\ZZGHFTP\Apps\Wap\Model\CategoryModel.class.php 第 14 行.
NOTIC: [8] Undefined index: is_jump D:\virtualhost\ZZGHFTP\Apps\Wap\Model\CategoryModel.class.php 第 14 行.
NOTIC: [8] Undefined index: is_jump D:\virtualhost\ZZGHFTP\Apps\Wap\Model\CategoryModel.class.php 第 14 行.
NOTIC: [8] Undefined index: is_jump D:\virtualhost\ZZGHFTP\Apps\Wap\Model\CategoryModel.class.php 第 14 行.
NOTIC: [8] Undefined index: is_jump D:\virtualhost\ZZGHFTP\Apps\Wap\Model\CategoryModel.class.php 第 14 行.
NOTIC: [8] Undefined index: is_jump D:\virtualhost\ZZGHFTP\Apps\Wap\Model\CategoryModel.class.php 第 14 行.
NOTIC: [8] Undefined index: is_jump D:\virtualhost\ZZGHFTP\Apps\Wap\Model\CategoryModel.class.php 第 14 行.
NOTIC: [8] Undefined index: is_jump D:\virtualhost\ZZGHFTP\Apps\Wap\Model\CategoryModel.class.php 第 14 行.
NOTIC: [8] Undefined index: is_jump D:\virtualhost\ZZGHFTP\Apps\Wap\Model\CategoryModel.class.php 第 14 行.
NOTIC: [8] Undefined index: is_jump D:\virtualhost\ZZGHFTP\Apps\Wap\Model\CategoryModel.class.php 第 14 行.
NOTIC: [8] Undefined index: is_jump D:\virtualhost\ZZGHFTP\Apps\Wap\Model\CategoryModel.class.php 第 14 行.
NOTIC: [8] Undefined index: is_jump D:\virtualhost\ZZGHFTP\Apps\Wap\Model\CategoryModel.class.php 第 14 行.
NOTIC: [8] Undefined index: is_jump D:\virtualhost\ZZGHFTP\Apps\Wap\Model\CategoryModel.class.php 第 14 行.
NOTIC: [8] Undefined index: is_jump D:\virtualhost\ZZGHFTP\Apps\Wap\Model\CategoryModel.class.php 第 14 行.
NOTIC: [8] Undefined index: is_jump D:\virtualhost\ZZGHFTP\Apps\Wap\Model\CategoryModel.class.php 第 14 行.
NOTIC: [8] Undefined index: is_jump D:\virtualhost\ZZGHFTP\Apps\Wap\Model\CategoryModel.class.php 第 14 行.
NOTIC: [8] Undefined index: is_jump D:\virtualhost\ZZGHFTP\Apps\Wap\Model\CategoryModel.class.php 第 14 行.
NOTIC: [8] Undefined index: is_jump D:\virtualhost\ZZGHFTP\Apps\Wap\Model\CategoryModel.class.php 第 14 行.
NOTIC: [8] Undefined index: is_jump D:\virtualhost\ZZGHFTP\Apps\Wap\Model\CategoryModel.class.php 第 14 行.
NOTIC: [8] Undefined index: is_jump D:\virtualhost\ZZGHFTP\Apps\Wap\Model\CategoryModel.class.php 第 14 行.
NOTIC: [8] Undefined index: is_jump D:\virtualhost\ZZGHFTP\Apps\Wap\Model\CategoryModel.class.php 第 14 行.
NOTIC: [8] Undefined index: is_jump D:\virtualhost\ZZGHFTP\Apps\Wap\Model\CategoryModel.class.php 第 14 行.
NOTIC: [8] Undefined index: is_jump D:\virtualhost\ZZGHFTP\Apps\Wap\Model\CategoryModel.class.php 第 14 行.
SQL: SELECT * FROM `yunzhan_category` WHERE ( 1=1 ) ORDER BY sort asc, id asc  [ RunTime:0.0000s ]
NOTIC: [8] Undefined index: is_jump D:\virtualhost\ZZGHFTP\Apps\Wap\Model\CategoryModel.class.php 第 14 行.
NOTIC: [8] Undefined index: is_jump D:\virtualhost\ZZGHFTP\Apps\Wap\Model\CategoryModel.class.php 第 14 行.
NOTIC: [8] Undefined index: is_jump D:\virtualhost\ZZGHFTP\Apps\Wap\Model\CategoryModel.class.php 第 14 行.
NOTIC: [8] Undefined index: is_jump D:\virtualhost\ZZGHFTP\Apps\Wap\Model\CategoryModel.class.php 第 14 行.
NOTIC: [8] Undefined index: is_jump D:\virtualhost\ZZGHFTP\Apps\Wap\Model\CategoryModel.class.php 第 14 行.
NOTIC: [8] Undefined index: is_jump D:\virtualhost\ZZGHFTP\Apps\Wap\Model\CategoryModel.class.php 第 14 行.
NOTIC: [8] Undefined index: is_jump D:\virtualhost\ZZGHFTP\Apps\Wap\Model\CategoryModel.class.php 第 14 行.
NOTIC: [8] Undefined index: is_jump D:\virtualhost\ZZGHFTP\Apps\Wap\Model\CategoryModel.class.php 第 14 行.
NOTIC: [8] Undefined index: is_jump D:\virtualhost\ZZGHFTP\Apps\Wap\Model\CategoryModel.class.php 第 14 行.
NOTIC: [8] Undefined index: is_jump D:\virtualhost\ZZGHFTP\Apps\Wap\Model\CategoryModel.class.php 第 14 行.
NOTIC: [8] Undefined index: is_jump D:\virtualhost\ZZGHFTP\Apps\Wap\Model\CategoryModel.class.php 第 14 行.
NOTIC: [8] Undefined index: is_jump D:\virtualhost\ZZGHFTP\Apps\Wap\Model\CategoryModel.class.php 第 14 行.
NOTIC: [8] Undefined index: is_jump D:\virtualhost\ZZGHFTP\Apps\Wap\Model\CategoryModel.class.php 第 14 行.
NOTIC: [8] Undefined index: is_jump D:\virtualhost\ZZGHFTP\Apps\Wap\Model\CategoryModel.class.php 第 14 行.
NOTIC: [8] Undefined index: is_jump D:\virtualhost\ZZGHFTP\Apps\Wap\Model\CategoryModel.class.php 第 14 行.
NOTIC: [8] Undefined index: is_jump D:\virtualhost\ZZGHFTP\Apps\Wap\Model\CategoryModel.class.php 第 14 行.
NOTIC: [8] Undefined index: is_jump D:\virtualhost\ZZGHFTP\Apps\Wap\Model\CategoryModel.class.php 第 14 行.
NOTIC: [8] Undefined index: is_jump D:\virtualhost\ZZGHFTP\Apps\Wap\Model\CategoryModel.class.php 第 14 行.
NOTIC: [8] Undefined index: is_jump D:\virtualhost\ZZGHFTP\Apps\Wap\Model\CategoryModel.class.php 第 14 行.
NOTIC: [8] Undefined index: is_jump D:\virtualhost\ZZGHFTP\Apps\Wap\Model\CategoryModel.class.php 第 14 行.
NOTIC: [8] Undefined index: is_jump D:\virtualhost\ZZGHFTP\Apps\Wap\Model\CategoryModel.class.php 第 14 行.
NOTIC: [8] Undefined index: is_jump D:\virtualhost\ZZGHFTP\Apps\Wap\Model\CategoryModel.class.php 第 14 行.
NOTIC: [8] Undefined index: is_jump D:\virtualhost\ZZGHFTP\Apps\Wap\Model\CategoryModel.class.php 第 14 行.
NOTIC: [8] Undefined index: is_jump D:\virtualhost\ZZGHFTP\Apps\Wap\Model\CategoryModel.class.php 第 14 行.
NOTIC: [8] Undefined index: is_jump D:\virtualhost\ZZGHFTP\Apps\Wap\Model\CategoryModel.class.php 第 14 行.
NOTIC: [8] Undefined index: is_jump D:\virtualhost\ZZGHFTP\Apps\Wap\Model\CategoryModel.class.php 第 14 行.
NOTIC: [8] Undefined index: is_jump D:\virtualhost\ZZGHFTP\Apps\Wap\Model\CategoryModel.class.php 第 14 行.
NOTIC: [8] Undefined index: is_jump D:\virtualhost\ZZGHFTP\Apps\Wap\Model\CategoryModel.class.php 第 14 行.
NOTIC: [8] Undefined index: is_jump D:\virtualhost\ZZGHFTP\Apps\Wap\Model\CategoryModel.class.php 第 14 行.
NOTIC: [8] Undefined index: is_jump D:\virtualhost\ZZGHFTP\Apps\Wap\Model\CategoryModel.class.php 第 14 行.
NOTIC: [8] Undefined index: is_jump D:\virtualhost\ZZGHFTP\Apps\Wap\Model\CategoryModel.class.php 第 14 行.
NOTIC: [8] Undefined index: is_jump D:\virtualhost\ZZGHFTP\Apps\Wap\Model\CategoryModel.class.php 第 14 行.
NOTIC: [8] Undefined index: is_jump D:\virtualhost\ZZGHFTP\Apps\Wap\Model\CategoryModel.class.php 第 14 行.
NOTIC: [8] Undefined index: is_jump D:\virtualhost\ZZGHFTP\Apps\Wap\Model\CategoryModel.class.php 第 14 行.
NOTIC: [8] Undefined index: is_jump D:\virtualhost\ZZGHFTP\Apps\Wap\Model\CategoryModel.class.php 第 14 行.
NOTIC: [8] Undefined index: is_jump D:\virtualhost\ZZGHFTP\Apps\Wap\Model\CategoryModel.class.php 第 14 行.
NOTIC: [8] Undefined index: is_jump D:\virtualhost\ZZGHFTP\Apps\Wap\Model\CategoryModel.class.php 第 14 行.
NOTIC: [8] Undefined index: is_jump D:\virtualhost\ZZGHFTP\Apps\Wap\Model\CategoryModel.class.php 第 14 行.
NOTIC: [8] Undefined index: is_jump D:\virtualhost\ZZGHFTP\Apps\Wap\Model\CategoryModel.class.php 第 14 行.
NOTIC: [8] Undefined index: is_jump D:\virtualhost\ZZGHFTP\Apps\Wap\Model\CategoryModel.class.php 第 14 行.
NOTIC: [8] Undefined index: is_jump D:\virtualhost\ZZGHFTP\Apps\Wap\Model\CategoryModel.class.php 第 14 行.
NOTIC: [8] Undefined index: is_jump D:\virtualhost\ZZGHFTP\Apps\Wap\Model\CategoryModel.class.php 第 14 行.
NOTIC: [8] Undefined index: is_jump D:\virtualhost\ZZGHFTP\Apps\Wap\Model\CategoryModel.class.php 第 14 行.
NOTIC: [8] Undefined index: is_jump D:\virtualhost\ZZGHFTP\Apps\Wap\Model\CategoryModel.class.php 第 14 行.
NOTIC: [8] Undefined index: is_jump D:\virtualhost\ZZGHFTP\Apps\Wap\Model\CategoryModel.class.php 第 14 行.
NOTIC: [8] Undefined index: is_jump D:\virtualhost\ZZGHFTP\Apps\Wap\Model\CategoryModel.class.php 第 14 行.
NOTIC: [8] Undefined index: is_jump D:\virtualhost\ZZGHFTP\Apps\Wap\Model\CategoryModel.class.php 第 14 行.
NOTIC: [8] Undefined index: is_jump D:\virtualhost\ZZGHFTP\Apps\Wap\Model\CategoryModel.class.php 第 14 行.
NOTIC: [8] Undefined index: is_jump D:\virtualhost\ZZGHFTP\Apps\Wap\Model\CategoryModel.class.php 第 14 行.
NOTIC: [8] Undefined index: is_jump D:\virtualhost\ZZGHFTP\Apps\Wap\Model\CategoryModel.class.php 第 14 行.
NOTIC: [8] Undefined index: is_jump D:\virtualhost\ZZGHFTP\Apps\Wap\Model\CategoryModel.class.php 第 14 行.
SQL: SELECT * FROM `yunzhan_category` WHERE `pid` = 47 AND `display` = 1  [ RunTime:0.0000s ]
SQL: SELECT * FROM `yunzhan_category` WHERE `pid` = 4 AND `display` = 1  [ RunTime:0.0000s ]
SQL: SELECT * FROM `yunzhan_category` WHERE `pid` = 5 AND `display` = 1  [ RunTime:0.0000s ]
INFO: Run Behavior\ParseTemplateBehavior [ RunTime:0.015626s ]
INFO: [ view_parse ] --END-- [ RunTime:0.015626s ]
INFO: [ view_filter ] --START--
INFO: Run Behavior\WriteHtmlCacheBehavior [ RunTime:0.000000s ]
INFO: [ view_filter ] --END-- [ RunTime:0.000000s ]
INFO: [ app_end ] --START--
INFO: Run Behavior\ShowPageTraceBehavior [ RunTime:0.000000s ]
INFO: [ app_end ] --END-- [ RunTime:0.000000s ]

