[ 2017-03-20T16:43:22+08:00 ] 127.0.0.1 /yunzhansystem/
INFO: [ app_init ] --START--
INFO: Run Behavior\BuildLiteBehavior [ RunTime:0.000015s ]
INFO: [ app_init ] --END-- [ RunTime:0.000359s ]
INFO: [ app_begin ] --START--
INFO: Run Behavior\ReadHtmlCacheBehavior [ RunTime:0.000574s ]
INFO: [ app_begin ] --END-- [ RunTime:0.000659s ]
SQL: SHOW COLUMNS FROM `yunzhan_menu` [ RunTime:0.0521s ]
SQL: SELECT * FROM `yunzhan_menu` WHERE ( pid=0 and display=1  ) ORDER BY sort asc,id asc  [ RunTime:0.0009s ]
INFO: [ view_parse ] --START--
INFO: [ template_filter ] --START--
INFO: Run Behavior\ContentReplaceBehavior [ RunTime:0.000229s ]
INFO: [ template_filter ] --END-- [ RunTime:0.000407s ]
INFO: Run Behavior\ParseTemplateBehavior [ RunTime:0.066069s ]
INFO: [ view_parse ] --END-- [ RunTime:0.066281s ]
INFO: [ view_filter ] --START--
INFO: Run Behavior\WriteHtmlCacheBehavior [ RunTime:0.002127s ]
INFO: [ view_filter ] --END-- [ RunTime:0.002359s ]
INFO: [ app_end ] --START--
INFO: Run Behavior\ShowPageTraceBehavior [ RunTime:0.001861s ]
INFO: [ app_end ] --END-- [ RunTime:0.002051s ]

[ 2017-03-20T16:43:24+08:00 ] 127.0.0.1 /index.php?m=Yunzhansystem&c=Public&a=login
INFO: [ app_init ] --START--
INFO: Run Behavior\BuildLiteBehavior [ RunTime:0.000016s ]
INFO: [ app_init ] --END-- [ RunTime:0.000354s ]
INFO: [ app_begin ] --START--
INFO: Run Behavior\ReadHtmlCacheBehavior [ RunTime:0.000489s ]
INFO: [ app_begin ] --END-- [ RunTime:0.000553s ]
SQL: SHOW COLUMNS FROM `yunzhan_admin` [ RunTime:0.0968s ]
SQL: SHOW COLUMNS FROM `yunzhan_menu` [ RunTime:0.0064s ]
INFO: [ view_parse ] --START--
INFO: [ template_filter ] --START--
INFO: Run Behavior\ContentReplaceBehavior [ RunTime:0.000142s ]
INFO: [ template_filter ] --END-- [ RunTime:0.000273s ]
INFO: Run Behavior\ParseTemplateBehavior [ RunTime:0.037905s ]
INFO: [ view_parse ] --END-- [ RunTime:0.038055s ]
INFO: [ view_filter ] --START--
INFO: Run Behavior\WriteHtmlCacheBehavior [ RunTime:0.001069s ]
INFO: [ view_filter ] --END-- [ RunTime:0.001186s ]
INFO: [ app_end ] --START--
INFO: Run Behavior\ShowPageTraceBehavior [ RunTime:0.002112s ]
INFO: [ app_end ] --END-- [ RunTime:0.002283s ]

[ 2017-03-20T16:43:25+08:00 ] 127.0.0.1 /index.php?m=Yunzhansystem&c=Public&a=verify
INFO: [ app_init ] --START--
INFO: Run Behavior\BuildLiteBehavior [ RunTime:0.000016s ]
INFO: [ app_init ] --END-- [ RunTime:0.000419s ]
INFO: [ app_begin ] --START--
INFO: Run Behavior\ReadHtmlCacheBehavior [ RunTime:0.000662s ]
INFO: [ app_begin ] --END-- [ RunTime:0.000728s ]
SQL: SHOW COLUMNS FROM `yunzhan_admin` [ RunTime:0.0107s ]
SQL: SHOW COLUMNS FROM `yunzhan_menu` [ RunTime:0.0089s ]
INFO: [ app_end ] --START--
INFO: Run Behavior\ShowPageTraceBehavior [ RunTime:0.001041s ]
INFO: [ app_end ] --END-- [ RunTime:0.001155s ]

[ 2017-03-20T16:43:36+08:00 ] 127.0.0.1 /index.php?m=Yunzhansystem&c=Public&a=login
INFO: [ app_init ] --START--
INFO: Run Behavior\BuildLiteBehavior [ RunTime:0.000020s ]
INFO: [ app_init ] --END-- [ RunTime:0.000429s ]
INFO: [ app_begin ] --START--
INFO: Run Behavior\ReadHtmlCacheBehavior [ RunTime:0.000570s ]
INFO: [ app_begin ] --END-- [ RunTime:0.000653s ]
SQL: SHOW COLUMNS FROM `yunzhan_admin` [ RunTime:0.0111s ]
SQL: SHOW COLUMNS FROM `yunzhan_menu` [ RunTime:0.0103s ]
SQL: SELECT `id`,`username`,`userpwd`,`status`,`level`,`create_time`,`root`,`last_login_time`,`last_login_ip` FROM `yunzhan_admin` WHERE `username` = 'admin' LIMIT 1   [ RunTime:0.0095s ]
SQL: UPDATE `yunzhan_admin` SET `last_login_time`='1489999416',`last_login_ip`='127.0.0.1' WHERE ( id=1 ) [ RunTime:0.0012s ]

[ 2017-03-20T16:43:37+08:00 ] 127.0.0.1 /index.php?m=Yunzhansystem&c=Index&a=index
INFO: [ app_init ] --START--
INFO: Run Behavior\BuildLiteBehavior [ RunTime:0.000027s ]
INFO: [ app_init ] --END-- [ RunTime:0.000730s ]
INFO: [ app_begin ] --START--
INFO: Run Behavior\ReadHtmlCacheBehavior [ RunTime:0.001190s ]
INFO: [ app_begin ] --END-- [ RunTime:0.001316s ]
SQL: SHOW COLUMNS FROM `yunzhan_menu` [ RunTime:0.1690s ]
SQL: SELECT * FROM `yunzhan_menu` WHERE ( pid=0 and display=1  ) ORDER BY sort asc,id asc  [ RunTime:0.0003s ]
INFO: [ view_parse ] --START--
INFO: [ template_filter ] --START--
INFO: Run Behavior\ContentReplaceBehavior [ RunTime:0.000112s ]
INFO: [ template_filter ] --END-- [ RunTime:0.000202s ]
INFO: Run Behavior\ParseTemplateBehavior [ RunTime:0.011726s ]
INFO: [ view_parse ] --END-- [ RunTime:0.011806s ]
INFO: [ view_filter ] --START--
INFO: Run Behavior\WriteHtmlCacheBehavior [ RunTime:0.000533s ]
INFO: [ view_filter ] --END-- [ RunTime:0.000586s ]
INFO: [ app_end ] --START--
INFO: Run Behavior\ShowPageTraceBehavior [ RunTime:0.000731s ]
INFO: [ app_end ] --END-- [ RunTime:0.000801s ]

[ 2017-03-20T16:43:39+08:00 ] 127.0.0.1 /index.php?m=Yunzhansystem&c=Index&a=indexs
INFO: [ app_init ] --START--
INFO: Run Behavior\BuildLiteBehavior [ RunTime:0.000023s ]
INFO: [ app_init ] --END-- [ RunTime:0.000569s ]
INFO: [ app_begin ] --START--
INFO: Run Behavior\ReadHtmlCacheBehavior [ RunTime:0.000900s ]
INFO: [ app_begin ] --END-- [ RunTime:0.000981s ]
SQL: SHOW COLUMNS FROM `yunzhan_config` [ RunTime:0.0039s ]
SQL: SELECT * FROM `yunzhan_config` WHERE `id` = 1 LIMIT 1   [ RunTime:0.0003s ]
SQL: SHOW COLUMNS FROM `yunzhan_article` [ RunTime:0.0040s ]
SQL: SELECT * FROM `yunzhan_article` ORDER BY sort asc,create_time desc,id desc LIMIT 7   [ RunTime:0.0012s ]
INFO: [ view_parse ] --START--
INFO: [ template_filter ] --START--
INFO: Run Behavior\ContentReplaceBehavior [ RunTime:0.000212s ]
INFO: [ template_filter ] --END-- [ RunTime:0.000448s ]
SQL: select version() as v; [ RunTime:0.0313s ]
INFO: Run Behavior\ParseTemplateBehavior [ RunTime:0.071088s ]
INFO: [ view_parse ] --END-- [ RunTime:0.071245s ]
INFO: [ view_filter ] --START--
INFO: Run Behavior\WriteHtmlCacheBehavior [ RunTime:0.000991s ]
INFO: [ view_filter ] --END-- [ RunTime:0.001078s ]
INFO: [ app_end ] --START--
INFO: Run Behavior\ShowPageTraceBehavior [ RunTime:0.001172s ]
INFO: [ app_end ] --END-- [ RunTime:0.001260s ]

[ 2017-03-20T16:43:40+08:00 ] 127.0.0.1 /index.php?m=Yunzhansystem&c=Public&a=menu
INFO: [ app_init ] --START--
INFO: Run Behavior\BuildLiteBehavior [ RunTime:0.000016s ]
INFO: [ app_init ] --END-- [ RunTime:0.000446s ]
INFO: [ app_begin ] --START--
INFO: Run Behavior\ReadHtmlCacheBehavior [ RunTime:0.000736s ]
INFO: [ app_begin ] --END-- [ RunTime:0.000808s ]
SQL: SHOW COLUMNS FROM `yunzhan_admin` [ RunTime:0.0110s ]
SQL: SHOW COLUMNS FROM `yunzhan_menu` [ RunTime:0.0117s ]
SQL: SELECT * FROM `yunzhan_admin` WHERE `id` = 1 LIMIT 1   [ RunTime:0.0010s ]
NOTIC: [8] Undefined variable: Arr_str E:\AppServ\www\PHP\yunzhannet\Project\2017\2017-03\z-zhongzhiguohua\Apps\Yunzhansystem\Controller\PublicController.class.php 第 91 行.
SQL: SELECT * FROM `yunzhan_menu` WHERE ( pid=1 and display=1 ) ORDER BY sort asc,id desc  [ RunTime:0.0012s ]
INFO: [ view_parse ] --START--
INFO: [ template_filter ] --START--
INFO: Run Behavior\ContentReplaceBehavior [ RunTime:0.000083s ]
INFO: [ template_filter ] --END-- [ RunTime:0.000169s ]
SQL: SHOW COLUMNS FROM `yunzhan_menu` [ RunTime:0.0051s ]
SQL: SELECT * FROM `yunzhan_menu` WHERE ( pid=7 and display=1 ) ORDER BY sort asc,id desc  [ RunTime:0.0004s ]
INFO: Run Behavior\ParseTemplateBehavior [ RunTime:0.055440s ]
INFO: [ view_parse ] --END-- [ RunTime:0.055689s ]
INFO: [ view_filter ] --START--
INFO: Run Behavior\WriteHtmlCacheBehavior [ RunTime:0.000908s ]
INFO: [ view_filter ] --END-- [ RunTime:0.000982s ]
INFO: [ app_end ] --START--
INFO: Run Behavior\ShowPageTraceBehavior [ RunTime:0.001037s ]
INFO: [ app_end ] --END-- [ RunTime:0.001113s ]

[ 2017-03-20T16:51:34+08:00 ] 127.0.0.1 /index.php?m=Yunzhansystem&c=Public&a=menu&mid=3
INFO: [ app_init ] --START--
INFO: Run Behavior\BuildLiteBehavior [ RunTime:0.000016s ]
INFO: [ app_init ] --END-- [ RunTime:0.000342s ]
INFO: [ app_begin ] --START--
INFO: Run Behavior\ReadHtmlCacheBehavior [ RunTime:0.000699s ]
INFO: [ app_begin ] --END-- [ RunTime:0.000775s ]
SQL: SHOW COLUMNS FROM `yunzhan_admin` [ RunTime:0.0104s ]
SQL: SHOW COLUMNS FROM `yunzhan_menu` [ RunTime:0.0100s ]
SQL: SELECT * FROM `yunzhan_admin` WHERE `id` = 1 LIMIT 1   [ RunTime:0.0008s ]
NOTIC: [8] Undefined variable: Arr_str E:\AppServ\www\PHP\yunzhannet\Project\2017\2017-03\z-zhongzhiguohua\Apps\Yunzhansystem\Controller\PublicController.class.php 第 91 行.
SQL: SELECT * FROM `yunzhan_menu` WHERE ( pid=3 and display=1 ) ORDER BY sort asc,id desc  [ RunTime:0.0008s ]
INFO: [ view_parse ] --START--
INFO: [ template_filter ] --START--
INFO: Run Behavior\ContentReplaceBehavior [ RunTime:0.000104s ]
INFO: [ template_filter ] --END-- [ RunTime:0.000226s ]
SQL: SHOW COLUMNS FROM `yunzhan_menu` [ RunTime:0.0061s ]
SQL: SELECT * FROM `yunzhan_menu` WHERE ( pid=10 and display=1 ) ORDER BY sort asc,id desc  [ RunTime:0.0006s ]
SQL: SELECT * FROM `yunzhan_menu` WHERE ( pid=13 and display=1 ) ORDER BY sort asc,id desc  [ RunTime:0.0005s ]
SQL: SELECT * FROM `yunzhan_menu` WHERE ( pid=16 and display=1 ) ORDER BY sort asc,id desc  [ RunTime:0.0005s ]
INFO: Run Behavior\ParseTemplateBehavior [ RunTime:0.035900s ]
INFO: [ view_parse ] --END-- [ RunTime:0.036072s ]
INFO: [ view_filter ] --START--
INFO: Run Behavior\WriteHtmlCacheBehavior [ RunTime:0.001182s ]
INFO: [ view_filter ] --END-- [ RunTime:0.001282s ]
INFO: [ app_end ] --START--
INFO: Run Behavior\ShowPageTraceBehavior [ RunTime:0.001763s ]
INFO: [ app_end ] --END-- [ RunTime:0.001884s ]

[ 2017-03-20T16:51:36+08:00 ] 127.0.0.1 /index.php?m=Yunzhansystem&c=Article&a=index
INFO: [ app_init ] --START--
INFO: Run Behavior\BuildLiteBehavior [ RunTime:0.000018s ]
INFO: [ app_init ] --END-- [ RunTime:0.000413s ]
INFO: [ app_begin ] --START--
INFO: Run Behavior\ReadHtmlCacheBehavior [ RunTime:0.000766s ]
INFO: [ app_begin ] --END-- [ RunTime:0.000842s ]
SQL: SHOW COLUMNS FROM `yunzhan_article` [ RunTime:0.0061s ]
SQL: SHOW COLUMNS FROM `yunzhan_category` [ RunTime:0.0064s ]
SQL: SELECT COUNT(*) AS tp_count FROM `yunzhan_article` WHERE ( 1=1  ) LIMIT 1   [ RunTime:0.0004s ]
SQL: SELECT * FROM `yunzhan_article` WHERE ( 1=1  ) ORDER BY sort asc,id desc LIMIT 0,15   [ RunTime:0.0013s ]
SQL: SELECT COUNT(*) AS tp_count FROM `yunzhan_article` WHERE ( 1=1  ) LIMIT 1   [ RunTime:0.0004s ]
SQL: SELECT `id`,`pid`,`title`,`english`,`type`,`image`,`description`,`setting`,`sort`,`lists_tpl`,`view_tpl`,`is_lower`,`is_delete`,`display`,`nav_display`,`seo_title`,`seo_keyword`,`seo_desc` FROM `yunzhan_category`  [ RunTime:0.0004s ]
INFO: [ view_parse ] --START--
INFO: [ template_filter ] --START--
INFO: Run Behavior\ContentReplaceBehavior [ RunTime:0.000215s ]
INFO: [ template_filter ] --END-- [ RunTime:0.000584s ]
NOTIC: [8] Undefined variable: catename E:\AppServ\www\PHP\yunzhannet\Project\2017\2017-03\z-zhongzhiguohua\Apps\Runtime\Cache\Yunzhansystem\9e25058e9ac11c0df0e059cc9d90f2be.php 第 76 行.
NOTIC: [8] Undefined index: 7 E:\AppServ\www\PHP\yunzhannet\Project\2017\2017-03\z-zhongzhiguohua\Apps\Runtime\Cache\Yunzhansystem\9e25058e9ac11c0df0e059cc9d90f2be.php 第 107 行.
NOTIC: [8] Undefined index: 7 E:\AppServ\www\PHP\yunzhannet\Project\2017\2017-03\z-zhongzhiguohua\Apps\Runtime\Cache\Yunzhansystem\9e25058e9ac11c0df0e059cc9d90f2be.php 第 107 行.
NOTIC: [8] Undefined index: 19 E:\AppServ\www\PHP\yunzhannet\Project\2017\2017-03\z-zhongzhiguohua\Apps\Runtime\Cache\Yunzhansystem\9e25058e9ac11c0df0e059cc9d90f2be.php 第 107 行.
NOTIC: [8] Undefined index: 19 E:\AppServ\www\PHP\yunzhannet\Project\2017\2017-03\z-zhongzhiguohua\Apps\Runtime\Cache\Yunzhansystem\9e25058e9ac11c0df0e059cc9d90f2be.php 第 107 行.
NOTIC: [8] Undefined index: 19 E:\AppServ\www\PHP\yunzhannet\Project\2017\2017-03\z-zhongzhiguohua\Apps\Runtime\Cache\Yunzhansystem\9e25058e9ac11c0df0e059cc9d90f2be.php 第 107 行.
NOTIC: [8] Undefined index: 19 E:\AppServ\www\PHP\yunzhannet\Project\2017\2017-03\z-zhongzhiguohua\Apps\Runtime\Cache\Yunzhansystem\9e25058e9ac11c0df0e059cc9d90f2be.php 第 107 行.
NOTIC: [8] Undefined index: 19 E:\AppServ\www\PHP\yunzhannet\Project\2017\2017-03\z-zhongzhiguohua\Apps\Runtime\Cache\Yunzhansystem\9e25058e9ac11c0df0e059cc9d90f2be.php 第 107 行.
NOTIC: [8] Undefined index: 19 E:\AppServ\www\PHP\yunzhannet\Project\2017\2017-03\z-zhongzhiguohua\Apps\Runtime\Cache\Yunzhansystem\9e25058e9ac11c0df0e059cc9d90f2be.php 第 107 行.
NOTIC: [8] Undefined index: 19 E:\AppServ\www\PHP\yunzhannet\Project\2017\2017-03\z-zhongzhiguohua\Apps\Runtime\Cache\Yunzhansystem\9e25058e9ac11c0df0e059cc9d90f2be.php 第 107 行.
NOTIC: [8] Undefined index: 19 E:\AppServ\www\PHP\yunzhannet\Project\2017\2017-03\z-zhongzhiguohua\Apps\Runtime\Cache\Yunzhansystem\9e25058e9ac11c0df0e059cc9d90f2be.php 第 107 行.
NOTIC: [8] Undefined index: 19 E:\AppServ\www\PHP\yunzhannet\Project\2017\2017-03\z-zhongzhiguohua\Apps\Runtime\Cache\Yunzhansystem\9e25058e9ac11c0df0e059cc9d90f2be.php 第 107 行.
NOTIC: [8] Undefined index: 19 E:\AppServ\www\PHP\yunzhannet\Project\2017\2017-03\z-zhongzhiguohua\Apps\Runtime\Cache\Yunzhansystem\9e25058e9ac11c0df0e059cc9d90f2be.php 第 107 行.
NOTIC: [8] Undefined index: 19 E:\AppServ\www\PHP\yunzhannet\Project\2017\2017-03\z-zhongzhiguohua\Apps\Runtime\Cache\Yunzhansystem\9e25058e9ac11c0df0e059cc9d90f2be.php 第 107 行.
NOTIC: [8] Undefined index: 19 E:\AppServ\www\PHP\yunzhannet\Project\2017\2017-03\z-zhongzhiguohua\Apps\Runtime\Cache\Yunzhansystem\9e25058e9ac11c0df0e059cc9d90f2be.php 第 107 行.
NOTIC: [8] Undefined index: 19 E:\AppServ\www\PHP\yunzhannet\Project\2017\2017-03\z-zhongzhiguohua\Apps\Runtime\Cache\Yunzhansystem\9e25058e9ac11c0df0e059cc9d90f2be.php 第 107 行.
INFO: Run Behavior\ParseTemplateBehavior [ RunTime:0.068865s ]
INFO: [ view_parse ] --END-- [ RunTime:0.068950s ]
INFO: [ view_filter ] --START--
INFO: Run Behavior\WriteHtmlCacheBehavior [ RunTime:0.000593s ]
INFO: [ view_filter ] --END-- [ RunTime:0.000649s ]
INFO: [ app_end ] --START--
INFO: Run Behavior\ShowPageTraceBehavior [ RunTime:0.000945s ]
INFO: [ app_end ] --END-- [ RunTime:0.001027s ]

