[ 2017-02-27T14:56:19+08:00 ] 127.0.0.1 /index.php?m=Yunzhansystem&c=Public&a=login
INFO: [ app_init ] --START--
INFO: Run Behavior\BuildLiteBehavior [ RunTime:0.000000s ]
INFO: [ app_init ] --END-- [ RunTime:0.000000s ]
INFO: [ app_begin ] --START--
INFO: Run Behavior\ReadHtmlCacheBehavior [ RunTime:0.001000s ]
INFO: [ app_begin ] --END-- [ RunTime:0.001000s ]
SQL: SHOW COLUMNS FROM `yunzhan_admin` [ RunTime:0.0090s ]
SQL: SHOW COLUMNS FROM `yunzhan_menu` [ RunTime:0.0100s ]
INFO: [ view_parse ] --START--
INFO: [ template_filter ] --START--
INFO: Run Behavior\ContentReplaceBehavior [ RunTime:0.000000s ]
INFO: [ template_filter ] --END-- [ RunTime:0.001000s ]
INFO: Run Behavior\ParseTemplateBehavior [ RunTime:0.027002s ]
INFO: [ view_parse ] --END-- [ RunTime:0.027002s ]
INFO: [ view_filter ] --START--
INFO: Run Behavior\WriteHtmlCacheBehavior [ RunTime:0.001000s ]
INFO: [ view_filter ] --END-- [ RunTime:0.001000s ]
INFO: [ app_end ] --START--
INFO: Run Behavior\ShowPageTraceBehavior [ RunTime:0.001000s ]
INFO: [ app_end ] --END-- [ RunTime:0.001000s ]

[ 2017-02-27T14:56:20+08:00 ] 127.0.0.1 /index.php?m=Yunzhansystem&c=Public&a=verify
INFO: [ app_init ] --START--
INFO: Run Behavior\BuildLiteBehavior [ RunTime:0.000000s ]
INFO: [ app_init ] --END-- [ RunTime:0.000000s ]
INFO: [ app_begin ] --START--
INFO: Run Behavior\ReadHtmlCacheBehavior [ RunTime:0.000000s ]
INFO: [ app_begin ] --END-- [ RunTime:0.000000s ]
SQL: SHOW COLUMNS FROM `yunzhan_admin` [ RunTime:0.0030s ]
SQL: SHOW COLUMNS FROM `yunzhan_menu` [ RunTime:0.0030s ]
INFO: [ app_end ] --START--
INFO: Run Behavior\ShowPageTraceBehavior [ RunTime:0.001000s ]
INFO: [ app_end ] --END-- [ RunTime:0.001000s ]

[ 2017-02-27T14:56:22+08:00 ] 127.0.0.1 /index.php?m=Yunzhansystem&c=Public&a=login
INFO: [ app_init ] --START--
INFO: Run Behavior\BuildLiteBehavior [ RunTime:0.000000s ]
INFO: [ app_init ] --END-- [ RunTime:0.000000s ]
INFO: [ app_begin ] --START--
INFO: Run Behavior\ReadHtmlCacheBehavior [ RunTime:0.001000s ]
INFO: [ app_begin ] --END-- [ RunTime:0.001000s ]
SQL: SHOW COLUMNS FROM `yunzhan_admin` [ RunTime:0.0030s ]
SQL: SHOW COLUMNS FROM `yunzhan_menu` [ RunTime:0.0030s ]
INFO: [ view_parse ] --START--
INFO: [ template_filter ] --START--
INFO: Run Behavior\ContentReplaceBehavior [ RunTime:0.001000s ]
INFO: [ template_filter ] --END-- [ RunTime:0.001000s ]
INFO: Run Behavior\ParseTemplateBehavior [ RunTime:0.006001s ]
INFO: [ view_parse ] --END-- [ RunTime:0.006001s ]
INFO: [ view_filter ] --START--
INFO: Run Behavior\WriteHtmlCacheBehavior [ RunTime:0.001000s ]
INFO: [ view_filter ] --END-- [ RunTime:0.001000s ]
INFO: [ app_end ] --START--
INFO: Run Behavior\ShowPageTraceBehavior [ RunTime:0.001000s ]
INFO: [ app_end ] --END-- [ RunTime:0.001000s ]

[ 2017-02-27T14:56:22+08:00 ] 127.0.0.1 /index.php?m=Yunzhansystem&c=Public&a=verify
INFO: [ app_init ] --START--
INFO: Run Behavior\BuildLiteBehavior [ RunTime:0.000000s ]
INFO: [ app_init ] --END-- [ RunTime:0.000000s ]
INFO: [ app_begin ] --START--
INFO: Run Behavior\ReadHtmlCacheBehavior [ RunTime:0.000000s ]
INFO: [ app_begin ] --END-- [ RunTime:0.000000s ]
SQL: SHOW COLUMNS FROM `yunzhan_admin` [ RunTime:0.0030s ]
SQL: SHOW COLUMNS FROM `yunzhan_menu` [ RunTime:0.0030s ]
INFO: [ app_end ] --START--
INFO: Run Behavior\ShowPageTraceBehavior [ RunTime:0.001000s ]
INFO: [ app_end ] --END-- [ RunTime:0.001000s ]

[ 2017-02-27T14:56:31+08:00 ] 127.0.0.1 /index.php?m=Yunzhansystem&c=Public&a=login
INFO: [ app_init ] --START--
INFO: Run Behavior\BuildLiteBehavior [ RunTime:0.000000s ]
INFO: [ app_init ] --END-- [ RunTime:0.001000s ]
INFO: [ app_begin ] --START--
INFO: Run Behavior\ReadHtmlCacheBehavior [ RunTime:0.001000s ]
INFO: [ app_begin ] --END-- [ RunTime:0.001000s ]
SQL: SHOW COLUMNS FROM `yunzhan_admin` [ RunTime:0.0520s ]
SQL: SHOW COLUMNS FROM `yunzhan_menu` [ RunTime:0.0070s ]
SQL: SELECT `id`,`username`,`userpwd`,`status`,`level`,`create_time`,`root`,`last_login_time`,`last_login_ip` FROM `yunzhan_admin` WHERE `username` = 'admin' LIMIT 1   [ RunTime:0.0150s ]
SQL: UPDATE `yunzhan_admin` SET `last_login_time`='1488178591',`last_login_ip`='127.0.0.1' WHERE ( id=1 ) [ RunTime:0.0000s ]

[ 2017-02-27T14:56:31+08:00 ] 127.0.0.1 /index.php?m=Yunzhansystem&c=Index&a=index
INFO: [ app_init ] --START--
INFO: Run Behavior\BuildLiteBehavior [ RunTime:0.000000s ]
INFO: [ app_init ] --END-- [ RunTime:0.001000s ]
INFO: [ app_begin ] --START--
INFO: Run Behavior\ReadHtmlCacheBehavior [ RunTime:0.001000s ]
INFO: [ app_begin ] --END-- [ RunTime:0.001000s ]
SQL: SHOW COLUMNS FROM `yunzhan_menu` [ RunTime:0.0030s ]
SQL: SELECT * FROM `yunzhan_menu` WHERE ( pid=0 and display=1  ) ORDER BY sort asc,id asc  [ RunTime:0.0040s ]
INFO: [ view_parse ] --START--
INFO: [ template_filter ] --START--
INFO: Run Behavior\ContentReplaceBehavior [ RunTime:0.000000s ]
INFO: [ template_filter ] --END-- [ RunTime:0.000000s ]
INFO: Run Behavior\ParseTemplateBehavior [ RunTime:0.008001s ]
INFO: [ view_parse ] --END-- [ RunTime:0.008001s ]
INFO: [ view_filter ] --START--
INFO: Run Behavior\WriteHtmlCacheBehavior [ RunTime:0.001000s ]
INFO: [ view_filter ] --END-- [ RunTime:0.001000s ]
INFO: [ app_end ] --START--
INFO: Run Behavior\ShowPageTraceBehavior [ RunTime:0.001000s ]
INFO: [ app_end ] --END-- [ RunTime:0.001000s ]

[ 2017-02-27T14:56:31+08:00 ] 127.0.0.1 /index.php?m=Yunzhansystem&c=Public&a=menu
INFO: [ app_init ] --START--
INFO: Run Behavior\BuildLiteBehavior [ RunTime:0.000000s ]
INFO: [ app_init ] --END-- [ RunTime:0.000000s ]
INFO: [ app_begin ] --START--
INFO: Run Behavior\ReadHtmlCacheBehavior [ RunTime:0.000000s ]
INFO: [ app_begin ] --END-- [ RunTime:0.000000s ]
SQL: SHOW COLUMNS FROM `yunzhan_admin` [ RunTime:0.0030s ]
SQL: SHOW COLUMNS FROM `yunzhan_menu` [ RunTime:0.0020s ]
SQL: SELECT * FROM `yunzhan_admin` WHERE `id` = 1 LIMIT 1   [ RunTime:0.0000s ]
NOTIC: [8] Undefined variable: Arr_str D:\xiaochen\2017\2017-02\s-shixiwang\Apps\Yunzhansystem\Controller\PublicController.class.php 第 91 行.
SQL: SELECT * FROM `yunzhan_menu` WHERE ( pid=1 and display=1 ) ORDER BY sort asc,id desc  [ RunTime:0.0000s ]
INFO: [ view_parse ] --START--
INFO: [ template_filter ] --START--
INFO: Run Behavior\ContentReplaceBehavior [ RunTime:0.000000s ]
INFO: [ template_filter ] --END-- [ RunTime:0.000000s ]
SQL: SHOW COLUMNS FROM `yunzhan_menu` [ RunTime:0.0030s ]
SQL: SELECT * FROM `yunzhan_menu` WHERE ( pid=7 and display=1 ) ORDER BY sort asc,id desc  [ RunTime:0.0000s ]
INFO: Run Behavior\ParseTemplateBehavior [ RunTime:0.027001s ]
INFO: [ view_parse ] --END-- [ RunTime:0.027001s ]
INFO: [ view_filter ] --START--
INFO: Run Behavior\WriteHtmlCacheBehavior [ RunTime:0.001000s ]
INFO: [ view_filter ] --END-- [ RunTime:0.001000s ]
INFO: [ app_end ] --START--
INFO: Run Behavior\ShowPageTraceBehavior [ RunTime:0.001000s ]
INFO: [ app_end ] --END-- [ RunTime:0.001000s ]

[ 2017-02-27T14:56:32+08:00 ] 127.0.0.1 /index.php?m=Yunzhansystem&c=Index&a=indexs
INFO: [ app_init ] --START--
INFO: Run Behavior\BuildLiteBehavior [ RunTime:0.000000s ]
INFO: [ app_init ] --END-- [ RunTime:0.001000s ]
INFO: [ app_begin ] --START--
INFO: Run Behavior\ReadHtmlCacheBehavior [ RunTime:0.001000s ]
INFO: [ app_begin ] --END-- [ RunTime:0.001000s ]
SQL: SHOW COLUMNS FROM `yunzhan_config` [ RunTime:0.0030s ]
SQL: SELECT * FROM `yunzhan_config` WHERE `id` = 1 LIMIT 1   [ RunTime:0.0000s ]
SQL: SHOW COLUMNS FROM `yunzhan_article` [ RunTime:0.0030s ]
SQL: SELECT * FROM `yunzhan_article` ORDER BY sort asc,create_time desc,id desc LIMIT 7   [ RunTime:0.0000s ]
INFO: [ view_parse ] --START--
INFO: [ template_filter ] --START--
INFO: Run Behavior\ContentReplaceBehavior [ RunTime:0.000000s ]
INFO: [ template_filter ] --END-- [ RunTime:0.000000s ]
SQL: select version() as v; [ RunTime:0.0000s ]
INFO: Run Behavior\ParseTemplateBehavior [ RunTime:0.007000s ]
INFO: [ view_parse ] --END-- [ RunTime:0.007000s ]
INFO: [ view_filter ] --START--
INFO: Run Behavior\WriteHtmlCacheBehavior [ RunTime:0.001000s ]
INFO: [ view_filter ] --END-- [ RunTime:0.001000s ]
INFO: [ app_end ] --START--
INFO: Run Behavior\ShowPageTraceBehavior [ RunTime:0.000000s ]
INFO: [ app_end ] --END-- [ RunTime:0.000000s ]

[ 2017-02-27T14:56:41+08:00 ] 127.0.0.1 /index.php?m=Yunzhansystem&c=Public&a=menu&mid=3
INFO: [ app_init ] --START--
INFO: Run Behavior\BuildLiteBehavior [ RunTime:0.000000s ]
INFO: [ app_init ] --END-- [ RunTime:0.001001s ]
INFO: [ app_begin ] --START--
INFO: Run Behavior\ReadHtmlCacheBehavior [ RunTime:0.000000s ]
INFO: [ app_begin ] --END-- [ RunTime:0.000000s ]
SQL: SHOW COLUMNS FROM `yunzhan_admin` [ RunTime:0.0030s ]
SQL: SHOW COLUMNS FROM `yunzhan_menu` [ RunTime:0.0030s ]
SQL: SELECT * FROM `yunzhan_admin` WHERE `id` = 1 LIMIT 1   [ RunTime:0.0000s ]
NOTIC: [8] Undefined variable: Arr_str D:\xiaochen\2017\2017-02\s-shixiwang\Apps\Yunzhansystem\Controller\PublicController.class.php 第 91 行.
SQL: SELECT * FROM `yunzhan_menu` WHERE ( pid=3 and display=1 ) ORDER BY sort asc,id desc  [ RunTime:0.0000s ]
INFO: [ view_parse ] --START--
INFO: [ template_filter ] --START--
INFO: Run Behavior\ContentReplaceBehavior [ RunTime:0.000000s ]
INFO: [ template_filter ] --END-- [ RunTime:0.001000s ]
SQL: SHOW COLUMNS FROM `yunzhan_menu` [ RunTime:0.0030s ]
SQL: SELECT * FROM `yunzhan_menu` WHERE ( pid=10 and display=1 ) ORDER BY sort asc,id desc  [ RunTime:0.0010s ]
SQL: SELECT * FROM `yunzhan_menu` WHERE ( pid=13 and display=1 ) ORDER BY sort asc,id desc  [ RunTime:0.0000s ]
SQL: SELECT * FROM `yunzhan_menu` WHERE ( pid=16 and display=1 ) ORDER BY sort asc,id desc  [ RunTime:0.0000s ]
INFO: Run Behavior\ParseTemplateBehavior [ RunTime:0.011001s ]
INFO: [ view_parse ] --END-- [ RunTime:0.011001s ]
INFO: [ view_filter ] --START--
INFO: Run Behavior\WriteHtmlCacheBehavior [ RunTime:0.001000s ]
INFO: [ view_filter ] --END-- [ RunTime:0.001000s ]
INFO: [ app_end ] --START--
INFO: Run Behavior\ShowPageTraceBehavior [ RunTime:0.001000s ]
INFO: [ app_end ] --END-- [ RunTime:0.001000s ]

[ 2017-02-27T14:56:43+08:00 ] 127.0.0.1 /index.php?m=Yunzhansystem&c=Pages&a=index
INFO: [ app_init ] --START--
INFO: Run Behavior\BuildLiteBehavior [ RunTime:0.000000s ]
INFO: [ app_init ] --END-- [ RunTime:0.000000s ]
INFO: [ app_begin ] --START--
INFO: Run Behavior\ReadHtmlCacheBehavior [ RunTime:0.001000s ]
INFO: [ app_begin ] --END-- [ RunTime:0.001000s ]
SQL: SHOW COLUMNS FROM `yunzhan_pages` [ RunTime:0.0030s ]
SQL: SHOW COLUMNS FROM `yunzhan_category` [ RunTime:0.0040s ]
SQL: SELECT `id`,`pid`,`title`,`is_jump`,`jump_url`,`type`,`image`,`description`,`setting`,`sort`,`lists_tpl`,`view_tpl`,`is_lower`,`is_delete`,`display`,`nav_display`,`seo_title`,`seo_keyword`,`seo_desc` FROM `yunzhan_category` ORDER BY sort asc, id asc  [ RunTime:0.0000s ]
SQL: SELECT `id`,`pid`,`title`,`is_jump`,`jump_url`,`type`,`image`,`description`,`setting`,`sort`,`lists_tpl`,`view_tpl`,`is_lower`,`is_delete`,`display`,`nav_display`,`seo_title`,`seo_keyword`,`seo_desc` FROM `yunzhan_category`  [ RunTime:0.0000s ]
INFO: [ view_parse ] --START--
INFO: [ template_filter ] --START--
INFO: Run Behavior\ContentReplaceBehavior [ RunTime:0.000000s ]
INFO: [ template_filter ] --END-- [ RunTime:0.000000s ]
NOTIC: [8] Undefined variable: page D:\xiaochen\2017\2017-02\s-shixiwang\Apps\Runtime\Cache\Yunzhansystem\dd2d6f2277434bd94a60d3845fb9832f.php 第 50 行.
INFO: Run Behavior\ParseTemplateBehavior [ RunTime:0.007000s ]
INFO: [ view_parse ] --END-- [ RunTime:0.007000s ]
INFO: [ view_filter ] --START--
INFO: Run Behavior\WriteHtmlCacheBehavior [ RunTime:0.000000s ]
INFO: [ view_filter ] --END-- [ RunTime:0.000000s ]
INFO: [ app_end ] --START--
INFO: Run Behavior\ShowPageTraceBehavior [ RunTime:0.001000s ]
INFO: [ app_end ] --END-- [ RunTime:0.001000s ]

[ 2017-02-27T14:56:45+08:00 ] 127.0.0.1 /index.php?m=Yunzhansystem&c=Pages&a=edit&id=4
INFO: [ app_init ] --START--
INFO: Run Behavior\BuildLiteBehavior [ RunTime:0.000000s ]
INFO: [ app_init ] --END-- [ RunTime:0.001000s ]
INFO: [ app_begin ] --START--
INFO: Run Behavior\ReadHtmlCacheBehavior [ RunTime:0.001000s ]
INFO: [ app_begin ] --END-- [ RunTime:0.001000s ]
SQL: SHOW COLUMNS FROM `yunzhan_pages` [ RunTime:0.0040s ]
SQL: SHOW COLUMNS FROM `yunzhan_category` [ RunTime:0.0030s ]
SQL: SELECT * FROM `yunzhan_pages` WHERE ( catid=4 ) LIMIT 1   [ RunTime:0.0010s ]
INFO: [ view_parse ] --START--
INFO: [ template_filter ] --START--
INFO: Run Behavior\ContentReplaceBehavior [ RunTime:0.000000s ]
INFO: [ template_filter ] --END-- [ RunTime:0.000000s ]
INFO: Run Behavior\ParseTemplateBehavior [ RunTime:0.006000s ]
INFO: [ view_parse ] --END-- [ RunTime:0.006000s ]
INFO: [ view_filter ] --START--
INFO: Run Behavior\WriteHtmlCacheBehavior [ RunTime:0.001000s ]
INFO: [ view_filter ] --END-- [ RunTime:0.001000s ]
INFO: [ app_end ] --START--
INFO: Run Behavior\ShowPageTraceBehavior [ RunTime:0.000000s ]
INFO: [ app_end ] --END-- [ RunTime:0.000000s ]

[ 2017-02-27T14:56:57+08:00 ] 127.0.0.1 /index.php?m=Yunzhansystem&c=Pages&a=edit&id=4
INFO: [ app_init ] --START--
INFO: Run Behavior\BuildLiteBehavior [ RunTime:0.000000s ]
INFO: [ app_init ] --END-- [ RunTime:0.000000s ]
INFO: [ app_begin ] --START--
INFO: Run Behavior\ReadHtmlCacheBehavior [ RunTime:0.001000s ]
INFO: [ app_begin ] --END-- [ RunTime:0.001000s ]
SQL: SHOW COLUMNS FROM `yunzhan_pages` [ RunTime:0.0030s ]
SQL: SHOW COLUMNS FROM `yunzhan_category` [ RunTime:0.0030s ]
SQL: UPDATE `yunzhan_pages` SET `seo_keyword`='',`description`='',`content`='&lt;p&gt;北京拓壳咨询有限公司&lt;br/&gt;Add：北京市海淀区双清路学研大厦&lt;br/&gt;Tel:(+86)(10)57484888&lt;br/&gt;Fax:(+86)(10)62791237&lt;br/&gt;E-mail：shixiwang71@163.com&lt;br/&gt;Website：www.shishuxili.com&lt;/p&gt;' WHERE `id` = 1 [ RunTime:0.0190s ]
INFO: [ view_parse ] --START--
INFO: [ template_filter ] --START--
INFO: Run Behavior\ContentReplaceBehavior [ RunTime:0.000000s ]
INFO: [ template_filter ] --END-- [ RunTime:0.000000s ]
INFO: Run Behavior\ParseTemplateBehavior [ RunTime:0.014001s ]
INFO: [ view_parse ] --END-- [ RunTime:0.015001s ]
INFO: [ view_filter ] --START--
INFO: Run Behavior\WriteHtmlCacheBehavior [ RunTime:0.000000s ]
INFO: [ view_filter ] --END-- [ RunTime:0.000000s ]

[ 2017-02-27T14:56:58+08:00 ] 127.0.0.1 /index.php?m=Yunzhansystem&c=Pages&a=edit&id=4
INFO: [ app_init ] --START--
INFO: Run Behavior\BuildLiteBehavior [ RunTime:0.000000s ]
INFO: [ app_init ] --END-- [ RunTime:0.000000s ]
INFO: [ app_begin ] --START--
INFO: Run Behavior\ReadHtmlCacheBehavior [ RunTime:0.000000s ]
INFO: [ app_begin ] --END-- [ RunTime:0.000000s ]
SQL: SHOW COLUMNS FROM `yunzhan_pages` [ RunTime:0.0030s ]
SQL: SHOW COLUMNS FROM `yunzhan_category` [ RunTime:0.0040s ]
SQL: SELECT * FROM `yunzhan_pages` WHERE ( catid=4 ) LIMIT 1   [ RunTime:0.0010s ]
INFO: [ view_parse ] --START--
INFO: [ template_filter ] --START--
INFO: Run Behavior\ContentReplaceBehavior [ RunTime:0.000000s ]
INFO: [ template_filter ] --END-- [ RunTime:0.000000s ]
INFO: Run Behavior\ParseTemplateBehavior [ RunTime:0.019002s ]
INFO: [ view_parse ] --END-- [ RunTime:0.019002s ]
INFO: [ view_filter ] --START--
INFO: Run Behavior\WriteHtmlCacheBehavior [ RunTime:0.001000s ]
INFO: [ view_filter ] --END-- [ RunTime:0.001000s ]
INFO: [ app_end ] --START--
INFO: Run Behavior\ShowPageTraceBehavior [ RunTime:0.000000s ]
INFO: [ app_end ] --END-- [ RunTime:0.000000s ]

[ 2017-02-27T15:15:27+08:00 ] 127.0.0.1 /index.php?m=Yunzhansystem&c=Public&a=menu&mid=6
INFO: [ app_init ] --START--
INFO: Run Behavior\BuildLiteBehavior [ RunTime:0.000000s ]
INFO: [ app_init ] --END-- [ RunTime:0.001000s ]
INFO: [ app_begin ] --START--
INFO: Run Behavior\ReadHtmlCacheBehavior [ RunTime:0.001001s ]
INFO: [ app_begin ] --END-- [ RunTime:0.001001s ]
SQL: SHOW COLUMNS FROM `yunzhan_admin` [ RunTime:0.0030s ]
SQL: SHOW COLUMNS FROM `yunzhan_menu` [ RunTime:0.0030s ]
SQL: SELECT * FROM `yunzhan_admin` WHERE `id` = 1 LIMIT 1   [ RunTime:0.0000s ]
NOTIC: [8] Undefined variable: Arr_str D:\xiaochen\2017\2017-02\s-shixiwang\Apps\Yunzhansystem\Controller\PublicController.class.php 第 91 行.
SQL: SELECT * FROM `yunzhan_menu` WHERE ( pid=6 and display=1 ) ORDER BY sort asc,id desc  [ RunTime:0.0000s ]
INFO: [ view_parse ] --START--
INFO: [ template_filter ] --START--
INFO: Run Behavior\ContentReplaceBehavior [ RunTime:0.000000s ]
INFO: [ template_filter ] --END-- [ RunTime:0.000000s ]
SQL: SHOW COLUMNS FROM `yunzhan_menu` [ RunTime:0.0030s ]
SQL: SELECT * FROM `yunzhan_menu` WHERE ( pid=23 and display=1 ) ORDER BY sort asc,id desc  [ RunTime:0.0000s ]
INFO: Run Behavior\ParseTemplateBehavior [ RunTime:0.011000s ]
INFO: [ view_parse ] --END-- [ RunTime:0.011000s ]
INFO: [ view_filter ] --START--
INFO: Run Behavior\WriteHtmlCacheBehavior [ RunTime:0.001000s ]
INFO: [ view_filter ] --END-- [ RunTime:0.001000s ]
INFO: [ app_end ] --START--
INFO: Run Behavior\ShowPageTraceBehavior [ RunTime:0.000000s ]
INFO: [ app_end ] --END-- [ RunTime:0.000000s ]

[ 2017-02-27T15:15:28+08:00 ] 127.0.0.1 /index.php?m=Yunzhansystem&c=Config&a=index
INFO: [ app_init ] --START--
INFO: Run Behavior\BuildLiteBehavior [ RunTime:0.000000s ]
INFO: [ app_init ] --END-- [ RunTime:0.000000s ]
INFO: [ app_begin ] --START--
INFO: Run Behavior\ReadHtmlCacheBehavior [ RunTime:0.000000s ]
INFO: [ app_begin ] --END-- [ RunTime:0.000000s ]
SQL: SHOW COLUMNS FROM `yunzhan_config` [ RunTime:0.0040s ]
SQL: SELECT * FROM `yunzhan_config` WHERE `id` = 1 LIMIT 1   [ RunTime:0.0000s ]
INFO: [ view_parse ] --START--
INFO: [ template_filter ] --START--
INFO: Run Behavior\ContentReplaceBehavior [ RunTime:0.000000s ]
INFO: [ template_filter ] --END-- [ RunTime:0.000000s ]
INFO: Run Behavior\ParseTemplateBehavior [ RunTime:0.007000s ]
INFO: [ view_parse ] --END-- [ RunTime:0.007000s ]
INFO: [ view_filter ] --START--
INFO: Run Behavior\WriteHtmlCacheBehavior [ RunTime:0.001000s ]
INFO: [ view_filter ] --END-- [ RunTime:0.001000s ]
INFO: [ app_end ] --START--
INFO: Run Behavior\ShowPageTraceBehavior [ RunTime:0.001000s ]
INFO: [ app_end ] --END-- [ RunTime:0.001000s ]

[ 2017-02-27T15:16:11+08:00 ] 127.0.0.1 /index.php?m=Yunzhansystem&c=Config&a=index
INFO: [ app_init ] --START--
INFO: Run Behavior\BuildLiteBehavior [ RunTime:0.000000s ]
INFO: [ app_init ] --END-- [ RunTime:0.001000s ]
INFO: [ app_begin ] --START--
INFO: Run Behavior\ReadHtmlCacheBehavior [ RunTime:0.001000s ]
INFO: [ app_begin ] --END-- [ RunTime:0.001000s ]
SQL: SHOW COLUMNS FROM `yunzhan_config` [ RunTime:0.0030s ]
SQL: SELECT * FROM `yunzhan_config` WHERE `id` = 1 LIMIT 1   [ RunTime:0.0000s ]
INFO: [ view_parse ] --START--
INFO: [ template_filter ] --START--
INFO: Run Behavior\ContentReplaceBehavior [ RunTime:0.000000s ]
INFO: [ template_filter ] --END-- [ RunTime:0.000000s ]
INFO: Run Behavior\ParseTemplateBehavior [ RunTime:0.006001s ]
INFO: [ view_parse ] --END-- [ RunTime:0.006001s ]
INFO: [ view_filter ] --START--
INFO: Run Behavior\WriteHtmlCacheBehavior [ RunTime:0.000000s ]
INFO: [ view_filter ] --END-- [ RunTime:0.000000s ]
INFO: [ app_end ] --START--
INFO: Run Behavior\ShowPageTraceBehavior [ RunTime:0.001000s ]
INFO: [ app_end ] --END-- [ RunTime:0.001000s ]

[ 2017-02-27T15:16:52+08:00 ] 127.0.0.1 /index.php?m=Yunzhansystem&c=Config&a=index
INFO: [ app_init ] --START--
INFO: Run Behavior\BuildLiteBehavior [ RunTime:0.000000s ]
INFO: [ app_init ] --END-- [ RunTime:0.001000s ]
INFO: [ app_begin ] --START--
INFO: Run Behavior\ReadHtmlCacheBehavior [ RunTime:0.001000s ]
INFO: [ app_begin ] --END-- [ RunTime:0.001000s ]
SQL: SHOW COLUMNS FROM `yunzhan_config` [ RunTime:0.0040s ]
SQL: UPDATE `yunzhan_config` SET `content`='京ICP备13002620号-2　信息网络传播视听节目许可证0107195号　全国党建和廉政课程精准化培训对接平台 Copyright 宣讲家 | 首页 | 特色课程 | 精品课程 | 名师推介 | 关于我们 | 客服服务热线：010-84195119 13161404371 | 客服QQ：2106046078 地址：湖南省长沙市岳麓区石佳冲109号 邮编：410079 电话：0731-88684661 E-mail：pxzx@hnu.edu.cn
',`site_url`='http://www.IAA.com',`title`='IAA',`keyword`='IAA',`description`='IAA' WHERE `id` = 1 [ RunTime:0.0000s ]
INFO: [ view_parse ] --START--
INFO: [ template_filter ] --START--
INFO: Run Behavior\ContentReplaceBehavior [ RunTime:0.000000s ]
INFO: [ template_filter ] --END-- [ RunTime:0.000000s ]
INFO: Run Behavior\ParseTemplateBehavior [ RunTime:0.006001s ]
INFO: [ view_parse ] --END-- [ RunTime:0.006001s ]
INFO: [ view_filter ] --START--
INFO: Run Behavior\WriteHtmlCacheBehavior [ RunTime:0.001000s ]
INFO: [ view_filter ] --END-- [ RunTime:0.001000s ]

[ 2017-02-27T15:16:53+08:00 ] 127.0.0.1 /index.php?m=Yunzhansystem&c=Config&a=index
INFO: [ app_init ] --START--
INFO: Run Behavior\BuildLiteBehavior [ RunTime:0.000000s ]
INFO: [ app_init ] --END-- [ RunTime:0.000000s ]
INFO: [ app_begin ] --START--
INFO: Run Behavior\ReadHtmlCacheBehavior [ RunTime:0.001000s ]
INFO: [ app_begin ] --END-- [ RunTime:0.001000s ]
SQL: SHOW COLUMNS FROM `yunzhan_config` [ RunTime:0.0030s ]
SQL: SELECT * FROM `yunzhan_config` WHERE `id` = 1 LIMIT 1   [ RunTime:0.0000s ]
INFO: [ view_parse ] --START--
INFO: [ template_filter ] --START--
INFO: Run Behavior\ContentReplaceBehavior [ RunTime:0.000000s ]
INFO: [ template_filter ] --END-- [ RunTime:0.000000s ]
INFO: Run Behavior\ParseTemplateBehavior [ RunTime:0.006000s ]
INFO: [ view_parse ] --END-- [ RunTime:0.006000s ]
INFO: [ view_filter ] --START--
INFO: Run Behavior\WriteHtmlCacheBehavior [ RunTime:0.001000s ]
INFO: [ view_filter ] --END-- [ RunTime:0.001000s ]
INFO: [ app_end ] --START--
INFO: Run Behavior\ShowPageTraceBehavior [ RunTime:0.000000s ]
INFO: [ app_end ] --END-- [ RunTime:0.000000s ]

[ 2017-02-27T15:16:58+08:00 ] 127.0.0.1 /index.php?m=Yunzhansystem&c=Index&a=index
INFO: [ app_init ] --START--
INFO: Run Behavior\BuildLiteBehavior [ RunTime:0.000000s ]
INFO: [ app_init ] --END-- [ RunTime:0.000000s ]
INFO: [ app_begin ] --START--
INFO: Run Behavior\ReadHtmlCacheBehavior [ RunTime:0.001000s ]
INFO: [ app_begin ] --END-- [ RunTime:0.001000s ]
SQL: SHOW COLUMNS FROM `yunzhan_menu` [ RunTime:0.0030s ]
SQL: SELECT * FROM `yunzhan_menu` WHERE ( pid=0 and display=1  ) ORDER BY sort asc,id asc  [ RunTime:0.0000s ]
INFO: [ view_parse ] --START--
INFO: [ template_filter ] --START--
INFO: Run Behavior\ContentReplaceBehavior [ RunTime:0.000000s ]
INFO: [ template_filter ] --END-- [ RunTime:0.000000s ]
INFO: Run Behavior\ParseTemplateBehavior [ RunTime:0.008000s ]
INFO: [ view_parse ] --END-- [ RunTime:0.008000s ]
INFO: [ view_filter ] --START--
INFO: Run Behavior\WriteHtmlCacheBehavior [ RunTime:0.000000s ]
INFO: [ view_filter ] --END-- [ RunTime:0.000000s ]
INFO: [ app_end ] --START--
INFO: Run Behavior\ShowPageTraceBehavior [ RunTime:0.001000s ]
INFO: [ app_end ] --END-- [ RunTime:0.001000s ]

[ 2017-02-27T15:16:58+08:00 ] 127.0.0.1 /index.php?m=Yunzhansystem&c=Index&a=indexs
INFO: [ app_init ] --START--
INFO: Run Behavior\BuildLiteBehavior [ RunTime:0.001000s ]
INFO: [ app_init ] --END-- [ RunTime:0.001000s ]
INFO: [ app_begin ] --START--
INFO: Run Behavior\ReadHtmlCacheBehavior [ RunTime:0.000000s ]
INFO: [ app_begin ] --END-- [ RunTime:0.000000s ]
SQL: SHOW COLUMNS FROM `yunzhan_config` [ RunTime:0.0040s ]
SQL: SELECT * FROM `yunzhan_config` WHERE `id` = 1 LIMIT 1   [ RunTime:0.0000s ]
SQL: SHOW COLUMNS FROM `yunzhan_article` [ RunTime:0.0040s ]
SQL: SELECT * FROM `yunzhan_article` ORDER BY sort asc,create_time desc,id desc LIMIT 7   [ RunTime:0.0000s ]
INFO: [ view_parse ] --START--
INFO: [ template_filter ] --START--
INFO: Run Behavior\ContentReplaceBehavior [ RunTime:0.001000s ]
INFO: [ template_filter ] --END-- [ RunTime:0.001000s ]
SQL: select version() as v; [ RunTime:0.0000s ]
INFO: Run Behavior\ParseTemplateBehavior [ RunTime:0.007001s ]
INFO: [ view_parse ] --END-- [ RunTime:0.007001s ]
INFO: [ view_filter ] --START--
INFO: Run Behavior\WriteHtmlCacheBehavior [ RunTime:0.001000s ]
INFO: [ view_filter ] --END-- [ RunTime:0.001000s ]
INFO: [ app_end ] --START--
INFO: Run Behavior\ShowPageTraceBehavior [ RunTime:0.001000s ]
INFO: [ app_end ] --END-- [ RunTime:0.001000s ]

[ 2017-02-27T15:16:58+08:00 ] 127.0.0.1 /index.php?m=Yunzhansystem&c=Public&a=menu
INFO: [ app_init ] --START--
INFO: Run Behavior\BuildLiteBehavior [ RunTime:0.000000s ]
INFO: [ app_init ] --END-- [ RunTime:0.000000s ]
INFO: [ app_begin ] --START--
INFO: Run Behavior\ReadHtmlCacheBehavior [ RunTime:0.000000s ]
INFO: [ app_begin ] --END-- [ RunTime:0.000000s ]
SQL: SHOW COLUMNS FROM `yunzhan_admin` [ RunTime:0.0030s ]
SQL: SHOW COLUMNS FROM `yunzhan_menu` [ RunTime:0.0030s ]
SQL: SELECT * FROM `yunzhan_admin` WHERE `id` = 1 LIMIT 1   [ RunTime:0.0000s ]
NOTIC: [8] Undefined variable: Arr_str D:\xiaochen\2017\2017-02\s-shixiwang\Apps\Yunzhansystem\Controller\PublicController.class.php 第 91 行.
SQL: SELECT * FROM `yunzhan_menu` WHERE ( pid=1 and display=1 ) ORDER BY sort asc,id desc  [ RunTime:0.0010s ]
INFO: [ view_parse ] --START--
INFO: [ template_filter ] --START--
INFO: Run Behavior\ContentReplaceBehavior [ RunTime:0.000000s ]
INFO: [ template_filter ] --END-- [ RunTime:0.000000s ]
SQL: SHOW COLUMNS FROM `yunzhan_menu` [ RunTime:0.0030s ]
SQL: SELECT * FROM `yunzhan_menu` WHERE ( pid=7 and display=1 ) ORDER BY sort asc,id desc  [ RunTime:0.0000s ]
INFO: Run Behavior\ParseTemplateBehavior [ RunTime:0.011000s ]
INFO: [ view_parse ] --END-- [ RunTime:0.011000s ]
INFO: [ view_filter ] --START--
INFO: Run Behavior\WriteHtmlCacheBehavior [ RunTime:0.000000s ]
INFO: [ view_filter ] --END-- [ RunTime:0.000000s ]
INFO: [ app_end ] --START--
INFO: Run Behavior\ShowPageTraceBehavior [ RunTime:0.000000s ]
INFO: [ app_end ] --END-- [ RunTime:0.001000s ]

[ 2017-02-27T15:17:00+08:00 ] 127.0.0.1 /index.php?m=Yunzhansystem&c=Public&a=menu&mid=6
INFO: [ app_init ] --START--
INFO: Run Behavior\BuildLiteBehavior [ RunTime:0.000000s ]
INFO: [ app_init ] --END-- [ RunTime:0.001000s ]
INFO: [ app_begin ] --START--
INFO: Run Behavior\ReadHtmlCacheBehavior [ RunTime:0.001000s ]
INFO: [ app_begin ] --END-- [ RunTime:0.001000s ]
SQL: SHOW COLUMNS FROM `yunzhan_admin` [ RunTime:0.0040s ]
SQL: SHOW COLUMNS FROM `yunzhan_menu` [ RunTime:0.0040s ]
SQL: SELECT * FROM `yunzhan_admin` WHERE `id` = 1 LIMIT 1   [ RunTime:0.0000s ]
NOTIC: [8] Undefined variable: Arr_str D:\xiaochen\2017\2017-02\s-shixiwang\Apps\Yunzhansystem\Controller\PublicController.class.php 第 91 行.
SQL: SELECT * FROM `yunzhan_menu` WHERE ( pid=6 and display=1 ) ORDER BY sort asc,id desc  [ RunTime:0.0010s ]
INFO: [ view_parse ] --START--
INFO: [ template_filter ] --START--
INFO: Run Behavior\ContentReplaceBehavior [ RunTime:0.000000s ]
INFO: [ template_filter ] --END-- [ RunTime:0.000000s ]
SQL: SHOW COLUMNS FROM `yunzhan_menu` [ RunTime:0.0030s ]
SQL: SELECT * FROM `yunzhan_menu` WHERE ( pid=23 and display=1 ) ORDER BY sort asc,id desc  [ RunTime:0.0010s ]
INFO: Run Behavior\ParseTemplateBehavior [ RunTime:0.011001s ]
INFO: [ view_parse ] --END-- [ RunTime:0.011001s ]
INFO: [ view_filter ] --START--
INFO: Run Behavior\WriteHtmlCacheBehavior [ RunTime:0.000000s ]
INFO: [ view_filter ] --END-- [ RunTime:0.000000s ]
INFO: [ app_end ] --START--
INFO: Run Behavior\ShowPageTraceBehavior [ RunTime:0.001000s ]
INFO: [ app_end ] --END-- [ RunTime:0.001000s ]

[ 2017-02-27T15:17:01+08:00 ] 127.0.0.1 /index.php?m=Yunzhansystem&c=Public&a=menu&mid=6
INFO: [ app_init ] --START--
INFO: Run Behavior\BuildLiteBehavior [ RunTime:0.000000s ]
INFO: [ app_init ] --END-- [ RunTime:0.000000s ]
INFO: [ app_begin ] --START--
INFO: Run Behavior\ReadHtmlCacheBehavior [ RunTime:0.001000s ]
INFO: [ app_begin ] --END-- [ RunTime:0.001000s ]
SQL: SHOW COLUMNS FROM `yunzhan_admin` [ RunTime:0.0030s ]
SQL: SHOW COLUMNS FROM `yunzhan_menu` [ RunTime:0.0020s ]
SQL: SELECT * FROM `yunzhan_admin` WHERE `id` = 1 LIMIT 1   [ RunTime:0.0000s ]
NOTIC: [8] Undefined variable: Arr_str D:\xiaochen\2017\2017-02\s-shixiwang\Apps\Yunzhansystem\Controller\PublicController.class.php 第 91 行.
SQL: SELECT * FROM `yunzhan_menu` WHERE ( pid=6 and display=1 ) ORDER BY sort asc,id desc  [ RunTime:0.0000s ]
INFO: [ view_parse ] --START--
INFO: [ template_filter ] --START--
INFO: Run Behavior\ContentReplaceBehavior [ RunTime:0.000000s ]
INFO: [ template_filter ] --END-- [ RunTime:0.000000s ]
SQL: SHOW COLUMNS FROM `yunzhan_menu` [ RunTime:0.0030s ]
SQL: SELECT * FROM `yunzhan_menu` WHERE ( pid=23 and display=1 ) ORDER BY sort asc,id desc  [ RunTime:0.0010s ]
INFO: Run Behavior\ParseTemplateBehavior [ RunTime:0.011000s ]
INFO: [ view_parse ] --END-- [ RunTime:0.011000s ]
INFO: [ view_filter ] --START--
INFO: Run Behavior\WriteHtmlCacheBehavior [ RunTime:0.000000s ]
INFO: [ view_filter ] --END-- [ RunTime:0.000000s ]
INFO: [ app_end ] --START--
INFO: Run Behavior\ShowPageTraceBehavior [ RunTime:0.001000s ]
INFO: [ app_end ] --END-- [ RunTime:0.001000s ]

[ 2017-02-27T15:17:04+08:00 ] 127.0.0.1 /index.php?m=Yunzhansystem&c=Config&a=index
INFO: [ app_init ] --START--
INFO: Run Behavior\BuildLiteBehavior [ RunTime:0.000000s ]
INFO: [ app_init ] --END-- [ RunTime:0.000000s ]
INFO: [ app_begin ] --START--
INFO: Run Behavior\ReadHtmlCacheBehavior [ RunTime:0.001000s ]
INFO: [ app_begin ] --END-- [ RunTime:0.001000s ]
SQL: SHOW COLUMNS FROM `yunzhan_config` [ RunTime:0.0040s ]
SQL: SELECT * FROM `yunzhan_config` WHERE `id` = 1 LIMIT 1   [ RunTime:0.0000s ]
INFO: [ view_parse ] --START--
INFO: [ template_filter ] --START--
INFO: Run Behavior\ContentReplaceBehavior [ RunTime:0.000000s ]
INFO: [ template_filter ] --END-- [ RunTime:0.000000s ]
INFO: Run Behavior\ParseTemplateBehavior [ RunTime:0.006001s ]
INFO: [ view_parse ] --END-- [ RunTime:0.007001s ]
INFO: [ view_filter ] --START--
INFO: Run Behavior\WriteHtmlCacheBehavior [ RunTime:0.000000s ]
INFO: [ view_filter ] --END-- [ RunTime:0.000000s ]
INFO: [ app_end ] --START--
INFO: Run Behavior\ShowPageTraceBehavior [ RunTime:0.001000s ]
INFO: [ app_end ] --END-- [ RunTime:0.001000s ]

[ 2017-02-27T15:17:29+08:00 ] 127.0.0.1 /index.php?m=Yunzhansystem&c=Config&a=index
INFO: [ app_init ] --START--
INFO: Run Behavior\BuildLiteBehavior [ RunTime:0.000000s ]
INFO: [ app_init ] --END-- [ RunTime:0.000000s ]
INFO: [ app_begin ] --START--
INFO: Run Behavior\ReadHtmlCacheBehavior [ RunTime:0.000000s ]
INFO: [ app_begin ] --END-- [ RunTime:0.000000s ]
SQL: SHOW COLUMNS FROM `yunzhan_config` [ RunTime:0.0040s ]
SQL: UPDATE `yunzhan_config` SET `content`='京ICP备13002620号-2　信息网络传播视听节目许可证0107195号　全国党建和廉政课程精准化培训对接平台 Copyright 宣讲家 | 首页 | 特色课程 | 精品课程 | 名师推介 | 关于我们 | 客服服务热线：010-84195119 13161404371 | 客服QQ：2106046078 地址：湖南省长沙市岳麓区石佳冲109号 邮编：410079 电话：0731-88684661 E-mail：pxzx@hnu.edu.cn
',`site_url`='http://www.IAA.com',`title`='识习网',`keyword`='识习网',`description`='识习网' WHERE `id` = 1 [ RunTime:0.0000s ]
INFO: [ view_parse ] --START--
INFO: [ template_filter ] --START--
INFO: Run Behavior\ContentReplaceBehavior [ RunTime:0.000000s ]
INFO: [ template_filter ] --END-- [ RunTime:0.000000s ]
INFO: Run Behavior\ParseTemplateBehavior [ RunTime:0.005000s ]
INFO: [ view_parse ] --END-- [ RunTime:0.005000s ]
INFO: [ view_filter ] --START--
INFO: Run Behavior\WriteHtmlCacheBehavior [ RunTime:0.000000s ]
INFO: [ view_filter ] --END-- [ RunTime:0.000000s ]

[ 2017-02-27T15:17:30+08:00 ] 127.0.0.1 /index.php?m=Yunzhansystem&c=Config&a=index
INFO: [ app_init ] --START--
INFO: Run Behavior\BuildLiteBehavior [ RunTime:0.000000s ]
INFO: [ app_init ] --END-- [ RunTime:0.000000s ]
INFO: [ app_begin ] --START--
INFO: Run Behavior\ReadHtmlCacheBehavior [ RunTime:0.001000s ]
INFO: [ app_begin ] --END-- [ RunTime:0.001000s ]
SQL: SHOW COLUMNS FROM `yunzhan_config` [ RunTime:0.0030s ]
SQL: SELECT * FROM `yunzhan_config` WHERE `id` = 1 LIMIT 1   [ RunTime:0.0000s ]
INFO: [ view_parse ] --START--
INFO: [ template_filter ] --START--
INFO: Run Behavior\ContentReplaceBehavior [ RunTime:0.000000s ]
INFO: [ template_filter ] --END-- [ RunTime:0.000000s ]
INFO: Run Behavior\ParseTemplateBehavior [ RunTime:0.006000s ]
INFO: [ view_parse ] --END-- [ RunTime:0.006000s ]
INFO: [ view_filter ] --START--
INFO: Run Behavior\WriteHtmlCacheBehavior [ RunTime:0.000000s ]
INFO: [ view_filter ] --END-- [ RunTime:0.000000s ]
INFO: [ app_end ] --START--
INFO: Run Behavior\ShowPageTraceBehavior [ RunTime:0.001000s ]
INFO: [ app_end ] --END-- [ RunTime:0.001000s ]

[ 2017-02-27T15:22:27+08:00 ] 127.0.0.1 /index.php?m=Yunzhansystem&c=Config&a=index
INFO: [ app_init ] --START--
INFO: Run Behavior\BuildLiteBehavior [ RunTime:0.000000s ]
INFO: [ app_init ] --END-- [ RunTime:0.000000s ]
INFO: [ app_begin ] --START--
INFO: Run Behavior\ReadHtmlCacheBehavior [ RunTime:0.001000s ]
INFO: [ app_begin ] --END-- [ RunTime:0.001000s ]
SQL: SHOW COLUMNS FROM `yunzhan_config` [ RunTime:0.0040s ]
SQL: UPDATE `yunzhan_config` SET `content`='京ICP备13002620号-2　信息网络传播视听节目许可证0107195号　全国党建和廉政课程精准化培训对接平台&lt;br/&gt; Copyright 宣讲家 | 首页 | 特色课程 | 精品课程 | 名师推介 | 关于我们 | 客服服务热线：010-84195119 13161404371 | 客服QQ：2106046078 &lt;br/&gt;地址：湖南省长沙市岳麓区石佳冲109号 邮编：410079 电话：0731-88684661 E-mail：pxzx@hnu.edu.cn
',`site_url`='http://www.IAA.com',`title`='识习网',`keyword`='识习网',`description`='识习网' WHERE `id` = 1 [ RunTime:0.0010s ]
INFO: [ view_parse ] --START--
INFO: [ template_filter ] --START--
INFO: Run Behavior\ContentReplaceBehavior [ RunTime:0.000000s ]
INFO: [ template_filter ] --END-- [ RunTime:0.000000s ]
INFO: Run Behavior\ParseTemplateBehavior [ RunTime:0.006000s ]
INFO: [ view_parse ] --END-- [ RunTime:0.006000s ]
INFO: [ view_filter ] --START--
INFO: Run Behavior\WriteHtmlCacheBehavior [ RunTime:0.000000s ]
INFO: [ view_filter ] --END-- [ RunTime:0.000000s ]

[ 2017-02-27T15:22:29+08:00 ] 127.0.0.1 /index.php?m=Yunzhansystem&c=Config&a=index
INFO: [ app_init ] --START--
INFO: Run Behavior\BuildLiteBehavior [ RunTime:0.000000s ]
INFO: [ app_init ] --END-- [ RunTime:0.001000s ]
INFO: [ app_begin ] --START--
INFO: Run Behavior\ReadHtmlCacheBehavior [ RunTime:0.000000s ]
INFO: [ app_begin ] --END-- [ RunTime:0.000000s ]
SQL: SHOW COLUMNS FROM `yunzhan_config` [ RunTime:0.0040s ]
SQL: SELECT * FROM `yunzhan_config` WHERE `id` = 1 LIMIT 1   [ RunTime:0.0000s ]
INFO: [ view_parse ] --START--
INFO: [ template_filter ] --START--
INFO: Run Behavior\ContentReplaceBehavior [ RunTime:0.000000s ]
INFO: [ template_filter ] --END-- [ RunTime:0.000000s ]
INFO: Run Behavior\ParseTemplateBehavior [ RunTime:0.007001s ]
INFO: [ view_parse ] --END-- [ RunTime:0.007001s ]
INFO: [ view_filter ] --START--
INFO: Run Behavior\WriteHtmlCacheBehavior [ RunTime:0.001000s ]
INFO: [ view_filter ] --END-- [ RunTime:0.001000s ]
INFO: [ app_end ] --START--
INFO: Run Behavior\ShowPageTraceBehavior [ RunTime:0.001000s ]
INFO: [ app_end ] --END-- [ RunTime:0.001000s ]

[ 2017-02-27T15:25:25+08:00 ] 127.0.0.1 /index.php?m=Yunzhansystem&c=Public&a=menu&mid=3
INFO: [ app_init ] --START--
INFO: Run Behavior\BuildLiteBehavior [ RunTime:0.000000s ]
INFO: [ app_init ] --END-- [ RunTime:0.000000s ]
INFO: [ app_begin ] --START--
INFO: Run Behavior\ReadHtmlCacheBehavior [ RunTime:0.000000s ]
INFO: [ app_begin ] --END-- [ RunTime:0.000000s ]
SQL: SHOW COLUMNS FROM `yunzhan_admin` [ RunTime:0.0030s ]
SQL: SHOW COLUMNS FROM `yunzhan_menu` [ RunTime:0.0030s ]
SQL: SELECT * FROM `yunzhan_admin` WHERE `id` = 1 LIMIT 1   [ RunTime:0.0000s ]
NOTIC: [8] Undefined variable: Arr_str D:\xiaochen\2017\2017-02\s-shixiwang\Apps\Yunzhansystem\Controller\PublicController.class.php 第 91 行.
SQL: SELECT * FROM `yunzhan_menu` WHERE ( pid=3 and display=1 ) ORDER BY sort asc,id desc  [ RunTime:0.0000s ]
INFO: [ view_parse ] --START--
INFO: [ template_filter ] --START--
INFO: Run Behavior\ContentReplaceBehavior [ RunTime:0.000000s ]
INFO: [ template_filter ] --END-- [ RunTime:0.001000s ]
SQL: SHOW COLUMNS FROM `yunzhan_menu` [ RunTime:0.0040s ]
SQL: SELECT * FROM `yunzhan_menu` WHERE ( pid=10 and display=1 ) ORDER BY sort asc,id desc  [ RunTime:0.0000s ]
SQL: SELECT * FROM `yunzhan_menu` WHERE ( pid=13 and display=1 ) ORDER BY sort asc,id desc  [ RunTime:0.0010s ]
SQL: SELECT * FROM `yunzhan_menu` WHERE ( pid=16 and display=1 ) ORDER BY sort asc,id desc  [ RunTime:0.0000s ]
INFO: Run Behavior\ParseTemplateBehavior [ RunTime:0.012000s ]
INFO: [ view_parse ] --END-- [ RunTime:0.012000s ]
INFO: [ view_filter ] --START--
INFO: Run Behavior\WriteHtmlCacheBehavior [ RunTime:0.001000s ]
INFO: [ view_filter ] --END-- [ RunTime:0.001000s ]
INFO: [ app_end ] --START--
INFO: Run Behavior\ShowPageTraceBehavior [ RunTime:0.000000s ]
INFO: [ app_end ] --END-- [ RunTime:0.001000s ]

[ 2017-02-27T15:25:26+08:00 ] 127.0.0.1 /index.php?m=Yunzhansystem&c=Pages&a=index
INFO: [ app_init ] --START--
INFO: Run Behavior\BuildLiteBehavior [ RunTime:0.000000s ]
INFO: [ app_init ] --END-- [ RunTime:0.000000s ]
INFO: [ app_begin ] --START--
INFO: Run Behavior\ReadHtmlCacheBehavior [ RunTime:0.001000s ]
INFO: [ app_begin ] --END-- [ RunTime:0.001000s ]
SQL: SHOW COLUMNS FROM `yunzhan_pages` [ RunTime:0.0030s ]
SQL: SHOW COLUMNS FROM `yunzhan_category` [ RunTime:0.0030s ]
SQL: SELECT `id`,`pid`,`title`,`is_jump`,`jump_url`,`type`,`image`,`description`,`setting`,`sort`,`lists_tpl`,`view_tpl`,`is_lower`,`is_delete`,`display`,`nav_display`,`seo_title`,`seo_keyword`,`seo_desc` FROM `yunzhan_category` ORDER BY sort asc, id asc  [ RunTime:0.0000s ]
SQL: SELECT `id`,`pid`,`title`,`is_jump`,`jump_url`,`type`,`image`,`description`,`setting`,`sort`,`lists_tpl`,`view_tpl`,`is_lower`,`is_delete`,`display`,`nav_display`,`seo_title`,`seo_keyword`,`seo_desc` FROM `yunzhan_category`  [ RunTime:0.0010s ]
INFO: [ view_parse ] --START--
INFO: [ template_filter ] --START--
INFO: Run Behavior\ContentReplaceBehavior [ RunTime:0.000000s ]
INFO: [ template_filter ] --END-- [ RunTime:0.000000s ]
NOTIC: [8] Undefined variable: page D:\xiaochen\2017\2017-02\s-shixiwang\Apps\Runtime\Cache\Yunzhansystem\dd2d6f2277434bd94a60d3845fb9832f.php 第 50 行.
INFO: Run Behavior\ParseTemplateBehavior [ RunTime:0.010001s ]
INFO: [ view_parse ] --END-- [ RunTime:0.010001s ]
INFO: [ view_filter ] --START--
INFO: Run Behavior\WriteHtmlCacheBehavior [ RunTime:0.000000s ]
INFO: [ view_filter ] --END-- [ RunTime:0.000000s ]
INFO: [ app_end ] --START--
INFO: Run Behavior\ShowPageTraceBehavior [ RunTime:0.001000s ]
INFO: [ app_end ] --END-- [ RunTime:0.001000s ]

[ 2017-02-27T15:25:29+08:00 ] 127.0.0.1 /index.php?m=Yunzhansystem&c=Pages&a=edit&id=4
INFO: [ app_init ] --START--
INFO: Run Behavior\BuildLiteBehavior [ RunTime:0.000000s ]
INFO: [ app_init ] --END-- [ RunTime:0.000000s ]
INFO: [ app_begin ] --START--
INFO: Run Behavior\ReadHtmlCacheBehavior [ RunTime:0.001000s ]
INFO: [ app_begin ] --END-- [ RunTime:0.001000s ]
SQL: SHOW COLUMNS FROM `yunzhan_pages` [ RunTime:0.0030s ]
SQL: SHOW COLUMNS FROM `yunzhan_category` [ RunTime:0.0030s ]
SQL: SELECT * FROM `yunzhan_pages` WHERE ( catid=4 ) LIMIT 1   [ RunTime:0.0010s ]
INFO: [ view_parse ] --START--
INFO: [ template_filter ] --START--
INFO: Run Behavior\ContentReplaceBehavior [ RunTime:0.001000s ]
INFO: [ template_filter ] --END-- [ RunTime:0.001000s ]
INFO: Run Behavior\ParseTemplateBehavior [ RunTime:0.007000s ]
INFO: [ view_parse ] --END-- [ RunTime:0.007000s ]
INFO: [ view_filter ] --START--
INFO: Run Behavior\WriteHtmlCacheBehavior [ RunTime:0.000000s ]
INFO: [ view_filter ] --END-- [ RunTime:0.000000s ]
INFO: [ app_end ] --START--
INFO: Run Behavior\ShowPageTraceBehavior [ RunTime:0.001000s ]
INFO: [ app_end ] --END-- [ RunTime:0.001000s ]

[ 2017-02-27T15:25:41+08:00 ] 127.0.0.1 /index.php?m=Yunzhansystem&c=Pages&a=edit&id=4
INFO: [ app_init ] --START--
INFO: Run Behavior\BuildLiteBehavior [ RunTime:0.000000s ]
INFO: [ app_init ] --END-- [ RunTime:0.000000s ]
INFO: [ app_begin ] --START--
INFO: Run Behavior\ReadHtmlCacheBehavior [ RunTime:0.001000s ]
INFO: [ app_begin ] --END-- [ RunTime:0.001000s ]
SQL: SHOW COLUMNS FROM `yunzhan_pages` [ RunTime:0.0150s ]
SQL: SHOW COLUMNS FROM `yunzhan_category` [ RunTime:0.0040s ]
SQL: UPDATE `yunzhan_pages` SET `seo_keyword`='',`description`='',`content`='&lt;p style=&quot;line-height: 1.75em;&quot;&gt;北京拓壳咨询有限公司&lt;br/&gt;Add：北京市海淀区双清路学研大厦&lt;br/&gt;Tel:(+86)(10)57484888&lt;br/&gt;Fax:(+86)(10)62791237&lt;br/&gt;E-mail：shixiwang71@163.com&lt;br/&gt;Website：www.shishuxili.com&lt;/p&gt;' WHERE `id` = 1 [ RunTime:0.0090s ]
INFO: [ view_parse ] --START--
INFO: [ template_filter ] --START--
INFO: Run Behavior\ContentReplaceBehavior [ RunTime:0.001000s ]
INFO: [ template_filter ] --END-- [ RunTime:0.001000s ]
INFO: Run Behavior\ParseTemplateBehavior [ RunTime:0.006001s ]
INFO: [ view_parse ] --END-- [ RunTime:0.006001s ]
INFO: [ view_filter ] --START--
INFO: Run Behavior\WriteHtmlCacheBehavior [ RunTime:0.001000s ]
INFO: [ view_filter ] --END-- [ RunTime:0.001000s ]

[ 2017-02-27T15:25:42+08:00 ] 127.0.0.1 /index.php?m=Yunzhansystem&c=Pages&a=edit&id=4
INFO: [ app_init ] --START--
INFO: Run Behavior\BuildLiteBehavior [ RunTime:0.000000s ]
INFO: [ app_init ] --END-- [ RunTime:0.000000s ]
INFO: [ app_begin ] --START--
INFO: Run Behavior\ReadHtmlCacheBehavior [ RunTime:0.000000s ]
INFO: [ app_begin ] --END-- [ RunTime:0.001000s ]
SQL: SHOW COLUMNS FROM `yunzhan_pages` [ RunTime:0.0030s ]
SQL: SHOW COLUMNS FROM `yunzhan_category` [ RunTime:0.0030s ]
SQL: SELECT * FROM `yunzhan_pages` WHERE ( catid=4 ) LIMIT 1   [ RunTime:0.0000s ]
INFO: [ view_parse ] --START--
INFO: [ template_filter ] --START--
INFO: Run Behavior\ContentReplaceBehavior [ RunTime:0.000000s ]
INFO: [ template_filter ] --END-- [ RunTime:0.000000s ]
INFO: Run Behavior\ParseTemplateBehavior [ RunTime:0.018001s ]
INFO: [ view_parse ] --END-- [ RunTime:0.018001s ]
INFO: [ view_filter ] --START--
INFO: Run Behavior\WriteHtmlCacheBehavior [ RunTime:0.001000s ]
INFO: [ view_filter ] --END-- [ RunTime:0.001000s ]
INFO: [ app_end ] --START--
INFO: Run Behavior\ShowPageTraceBehavior [ RunTime:0.001000s ]
INFO: [ app_end ] --END-- [ RunTime:0.001000s ]

[ 2017-02-27T16:07:59+08:00 ] 127.0.0.1 /index.php?m=Yunzhansystem&c=Index&a=index
INFO: [ app_init ] --START--
INFO: Run Behavior\BuildLiteBehavior [ RunTime:0.000000s ]
INFO: [ app_init ] --END-- [ RunTime:0.000000s ]
INFO: [ app_begin ] --START--
INFO: Run Behavior\ReadHtmlCacheBehavior [ RunTime:0.001000s ]
INFO: [ app_begin ] --END-- [ RunTime:0.001000s ]
SQL: SHOW COLUMNS FROM `yunzhan_menu` [ RunTime:0.0040s ]
SQL: SELECT * FROM `yunzhan_menu` WHERE ( pid=0 and display=1  ) ORDER BY sort asc,id asc  [ RunTime:0.0010s ]
INFO: [ view_parse ] --START--
INFO: [ template_filter ] --START--
INFO: Run Behavior\ContentReplaceBehavior [ RunTime:0.001000s ]
INFO: [ template_filter ] --END-- [ RunTime:0.001000s ]
INFO: Run Behavior\ParseTemplateBehavior [ RunTime:0.008000s ]
INFO: [ view_parse ] --END-- [ RunTime:0.008000s ]
INFO: [ view_filter ] --START--
INFO: Run Behavior\WriteHtmlCacheBehavior [ RunTime:0.001000s ]
INFO: [ view_filter ] --END-- [ RunTime:0.001000s ]
INFO: [ app_end ] --START--
INFO: Run Behavior\ShowPageTraceBehavior [ RunTime:0.001000s ]
INFO: [ app_end ] --END-- [ RunTime:0.001000s ]

[ 2017-02-27T16:07:59+08:00 ] 127.0.0.1 /index.php?m=Yunzhansystem&c=Index&a=indexs
INFO: [ app_init ] --START--
INFO: Run Behavior\BuildLiteBehavior [ RunTime:0.000000s ]
INFO: [ app_init ] --END-- [ RunTime:0.000000s ]
INFO: [ app_begin ] --START--
INFO: Run Behavior\ReadHtmlCacheBehavior [ RunTime:0.001000s ]
INFO: [ app_begin ] --END-- [ RunTime:0.001000s ]
SQL: SHOW COLUMNS FROM `yunzhan_config` [ RunTime:0.0030s ]
SQL: SELECT * FROM `yunzhan_config` WHERE `id` = 1 LIMIT 1   [ RunTime:0.0010s ]
SQL: SHOW COLUMNS FROM `yunzhan_article` [ RunTime:0.0030s ]
SQL: SELECT * FROM `yunzhan_article` ORDER BY sort asc,create_time desc,id desc LIMIT 7   [ RunTime:0.0010s ]
INFO: [ view_parse ] --START--
INFO: [ template_filter ] --START--
INFO: Run Behavior\ContentReplaceBehavior [ RunTime:0.000000s ]
INFO: [ template_filter ] --END-- [ RunTime:0.000000s ]
SQL: select version() as v; [ RunTime:0.0000s ]
INFO: Run Behavior\ParseTemplateBehavior [ RunTime:0.008001s ]
INFO: [ view_parse ] --END-- [ RunTime:0.008001s ]
INFO: [ view_filter ] --START--
INFO: Run Behavior\WriteHtmlCacheBehavior [ RunTime:0.001000s ]
INFO: [ view_filter ] --END-- [ RunTime:0.001000s ]
INFO: [ app_end ] --START--
INFO: Run Behavior\ShowPageTraceBehavior [ RunTime:0.001000s ]
INFO: [ app_end ] --END-- [ RunTime:0.001000s ]

[ 2017-02-27T16:07:59+08:00 ] 127.0.0.1 /index.php?m=Yunzhansystem&c=Public&a=menu
INFO: [ app_init ] --START--
INFO: Run Behavior\BuildLiteBehavior [ RunTime:0.000000s ]
INFO: [ app_init ] --END-- [ RunTime:0.001000s ]
INFO: [ app_begin ] --START--
INFO: Run Behavior\ReadHtmlCacheBehavior [ RunTime:0.000000s ]
INFO: [ app_begin ] --END-- [ RunTime:0.000000s ]
SQL: SHOW COLUMNS FROM `yunzhan_admin` [ RunTime:0.0040s ]
SQL: SHOW COLUMNS FROM `yunzhan_menu` [ RunTime:0.0040s ]
SQL: SELECT * FROM `yunzhan_admin` WHERE `id` = 1 LIMIT 1   [ RunTime:0.0000s ]
NOTIC: [8] Undefined variable: Arr_str D:\xiaochen\2017\2017-02\s-shixiwang\Apps\Yunzhansystem\Controller\PublicController.class.php 第 91 行.
SQL: SELECT * FROM `yunzhan_menu` WHERE ( pid=1 and display=1 ) ORDER BY sort asc,id desc  [ RunTime:0.0000s ]
INFO: [ view_parse ] --START--
INFO: [ template_filter ] --START--
INFO: Run Behavior\ContentReplaceBehavior [ RunTime:0.000000s ]
INFO: [ template_filter ] --END-- [ RunTime:0.000000s ]
SQL: SHOW COLUMNS FROM `yunzhan_menu` [ RunTime:0.0030s ]
SQL: SELECT * FROM `yunzhan_menu` WHERE ( pid=7 and display=1 ) ORDER BY sort asc,id desc  [ RunTime:0.0010s ]
INFO: Run Behavior\ParseTemplateBehavior [ RunTime:0.011000s ]
INFO: [ view_parse ] --END-- [ RunTime:0.011000s ]
INFO: [ view_filter ] --START--
INFO: Run Behavior\WriteHtmlCacheBehavior [ RunTime:0.000000s ]
INFO: [ view_filter ] --END-- [ RunTime:0.000000s ]
INFO: [ app_end ] --START--
INFO: Run Behavior\ShowPageTraceBehavior [ RunTime:0.001000s ]
INFO: [ app_end ] --END-- [ RunTime:0.001000s ]

[ 2017-02-27T16:08:01+08:00 ] 127.0.0.1 /index.php?m=Yunzhansystem&c=Public&a=menu&mid=3
INFO: [ app_init ] --START--
INFO: Run Behavior\BuildLiteBehavior [ RunTime:0.000000s ]
INFO: [ app_init ] --END-- [ RunTime:0.000000s ]
INFO: [ app_begin ] --START--
INFO: Run Behavior\ReadHtmlCacheBehavior [ RunTime:0.002000s ]
INFO: [ app_begin ] --END-- [ RunTime:0.002000s ]
SQL: SHOW COLUMNS FROM `yunzhan_admin` [ RunTime:0.0040s ]
SQL: SHOW COLUMNS FROM `yunzhan_menu` [ RunTime:0.0040s ]
SQL: SELECT * FROM `yunzhan_admin` WHERE `id` = 1 LIMIT 1   [ RunTime:0.0000s ]
NOTIC: [8] Undefined variable: Arr_str D:\xiaochen\2017\2017-02\s-shixiwang\Apps\Yunzhansystem\Controller\PublicController.class.php 第 91 行.
SQL: SELECT * FROM `yunzhan_menu` WHERE ( pid=3 and display=1 ) ORDER BY sort asc,id desc  [ RunTime:0.0000s ]
INFO: [ view_parse ] --START--
INFO: [ template_filter ] --START--
INFO: Run Behavior\ContentReplaceBehavior [ RunTime:0.000000s ]
INFO: [ template_filter ] --END-- [ RunTime:0.000000s ]
SQL: SHOW COLUMNS FROM `yunzhan_menu` [ RunTime:0.0030s ]
SQL: SELECT * FROM `yunzhan_menu` WHERE ( pid=10 and display=1 ) ORDER BY sort asc,id desc  [ RunTime:0.0000s ]
SQL: SELECT * FROM `yunzhan_menu` WHERE ( pid=13 and display=1 ) ORDER BY sort asc,id desc  [ RunTime:0.0000s ]
SQL: SELECT * FROM `yunzhan_menu` WHERE ( pid=16 and display=1 ) ORDER BY sort asc,id desc  [ RunTime:0.0000s ]
INFO: Run Behavior\ParseTemplateBehavior [ RunTime:0.013000s ]
INFO: [ view_parse ] --END-- [ RunTime:0.013000s ]
INFO: [ view_filter ] --START--
INFO: Run Behavior\WriteHtmlCacheBehavior [ RunTime:0.001000s ]
INFO: [ view_filter ] --END-- [ RunTime:0.001000s ]
INFO: [ app_end ] --START--
INFO: Run Behavior\ShowPageTraceBehavior [ RunTime:0.001000s ]
INFO: [ app_end ] --END-- [ RunTime:0.001000s ]

[ 2017-02-27T16:08:02+08:00 ] 127.0.0.1 /index.php?m=Yunzhansystem&c=Category&a=index
INFO: [ app_init ] --START--
INFO: Run Behavior\BuildLiteBehavior [ RunTime:0.000000s ]
INFO: [ app_init ] --END-- [ RunTime:0.000000s ]
INFO: [ app_begin ] --START--
INFO: Run Behavior\ReadHtmlCacheBehavior [ RunTime:0.001000s ]
INFO: [ app_begin ] --END-- [ RunTime:0.001000s ]
SQL: SHOW COLUMNS FROM `yunzhan_category` [ RunTime:0.0040s ]
SQL: SHOW COLUMNS FROM `yunzhan_pages` [ RunTime:0.0030s ]
SQL: SHOW COLUMNS FROM `yunzhan_article` [ RunTime:0.0040s ]
SQL: SELECT `id`,`pid`,`title`,`is_jump`,`jump_url`,`type`,`image`,`description`,`setting`,`sort`,`lists_tpl`,`view_tpl`,`is_lower`,`is_delete`,`display`,`nav_display`,`seo_title`,`seo_keyword`,`seo_desc` FROM `yunzhan_category` ORDER BY sort asc, id asc  [ RunTime:0.0000s ]
NOTIC: [8] Undefined index:  D:\xiaochen\2017\2017-02\s-shixiwang\Apps\Yunzhansystem\Controller\CategoryController.class.php 第 24 行.
NOTIC: [8] Undefined index:  D:\xiaochen\2017\2017-02\s-shixiwang\Apps\Yunzhansystem\Controller\CategoryController.class.php 第 24 行.
SQL: SHOW COLUMNS FROM `yunzhan_category` [ RunTime:0.0040s ]
SQL: SELECT COUNT(*) AS tp_count FROM `yunzhan_category` LIMIT 1   [ RunTime:0.0000s ]
INFO: [ view_parse ] --START--
INFO: [ template_filter ] --START--
INFO: Run Behavior\ContentReplaceBehavior [ RunTime:0.000000s ]
INFO: [ template_filter ] --END-- [ RunTime:0.000000s ]
INFO: Run Behavior\ParseTemplateBehavior [ RunTime:0.008001s ]
INFO: [ view_parse ] --END-- [ RunTime:0.008001s ]
INFO: [ view_filter ] --START--
INFO: Run Behavior\WriteHtmlCacheBehavior [ RunTime:0.001000s ]
INFO: [ view_filter ] --END-- [ RunTime:0.001000s ]
INFO: [ app_end ] --START--
INFO: Run Behavior\ShowPageTraceBehavior [ RunTime:0.000000s ]
INFO: [ app_end ] --END-- [ RunTime:0.000000s ]

[ 2017-02-27T16:08:06+08:00 ] 127.0.0.1 /index.php?m=Yunzhansystem&c=Category&a=edit&id=4
INFO: [ app_init ] --START--
INFO: Run Behavior\BuildLiteBehavior [ RunTime:0.000000s ]
INFO: [ app_init ] --END-- [ RunTime:0.001000s ]
INFO: [ app_begin ] --START--
INFO: Run Behavior\ReadHtmlCacheBehavior [ RunTime:0.001000s ]
INFO: [ app_begin ] --END-- [ RunTime:0.001000s ]
SQL: SHOW COLUMNS FROM `yunzhan_category` [ RunTime:0.0040s ]
SQL: SHOW COLUMNS FROM `yunzhan_pages` [ RunTime:0.0030s ]
SQL: SHOW COLUMNS FROM `yunzhan_article` [ RunTime:0.0030s ]
SQL: SELECT * FROM `yunzhan_category`  [ RunTime:0.0000s ]
SQL: SELECT * FROM `yunzhan_category` WHERE `id` = 4 LIMIT 1   [ RunTime:0.0000s ]
SQL: SELECT `id`,`pid`,`title`,`is_jump`,`jump_url`,`type`,`image`,`description`,`setting`,`sort`,`lists_tpl`,`view_tpl`,`is_lower`,`is_delete`,`display`,`nav_display`,`seo_title`,`seo_keyword`,`seo_desc` FROM `yunzhan_category` ORDER BY sort asc, id asc  [ RunTime:0.0000s ]
INFO: [ view_parse ] --START--
INFO: [ template_filter ] --START--
INFO: Run Behavior\ContentReplaceBehavior [ RunTime:0.000000s ]
INFO: [ template_filter ] --END-- [ RunTime:0.000000s ]
NOTIC: [8] Undefined variable: catid D:\xiaochen\2017\2017-02\s-shixiwang\Apps\Runtime\Cache\Yunzhansystem\a6f387c775181363b01269813e865e3c.php 第 42 行.
NOTIC: [8] Undefined index: english D:\xiaochen\2017\2017-02\s-shixiwang\Apps\Runtime\Cache\Yunzhansystem\a6f387c775181363b01269813e865e3c.php 第 54 行.
INFO: Run Behavior\ParseTemplateBehavior [ RunTime:0.012001s ]
INFO: [ view_parse ] --END-- [ RunTime:0.012001s ]
INFO: [ view_filter ] --START--
INFO: Run Behavior\WriteHtmlCacheBehavior [ RunTime:0.001000s ]
INFO: [ view_filter ] --END-- [ RunTime:0.001000s ]
INFO: [ app_end ] --START--
INFO: Run Behavior\ShowPageTraceBehavior [ RunTime:0.001000s ]
INFO: [ app_end ] --END-- [ RunTime:0.001000s ]

[ 2017-02-27T16:08:14+08:00 ] 127.0.0.1 /index.php?m=Yunzhansystem&c=Tool&a=uploadImage&id=0
INFO: [ app_init ] --START--
INFO: Run Behavior\BuildLiteBehavior [ RunTime:0.000000s ]
INFO: [ app_init ] --END-- [ RunTime:0.000000s ]
INFO: [ app_begin ] --START--
INFO: Run Behavior\ReadHtmlCacheBehavior [ RunTime:0.001000s ]
INFO: [ app_begin ] --END-- [ RunTime:0.001000s ]
INFO: [ view_parse ] --START--
INFO: [ template_filter ] --START--
INFO: Run Behavior\ContentReplaceBehavior [ RunTime:0.000000s ]
INFO: [ template_filter ] --END-- [ RunTime:0.000000s ]
INFO: Run Behavior\ParseTemplateBehavior [ RunTime:0.029002s ]
INFO: [ view_parse ] --END-- [ RunTime:0.029002s ]
INFO: [ view_filter ] --START--
INFO: Run Behavior\WriteHtmlCacheBehavior [ RunTime:0.001000s ]
INFO: [ view_filter ] --END-- [ RunTime:0.001000s ]
INFO: [ app_end ] --START--
INFO: Run Behavior\ShowPageTraceBehavior [ RunTime:0.001000s ]
INFO: [ app_end ] --END-- [ RunTime:0.001000s ]

[ 2017-02-27T16:08:26+08:00 ] 127.0.0.1 /index.php?m=Yunzhansystem&c=Tool&a=uploadImage&id=0
INFO: [ app_init ] --START--
INFO: Run Behavior\BuildLiteBehavior [ RunTime:0.000000s ]
INFO: [ app_init ] --END-- [ RunTime:0.001000s ]
INFO: [ app_begin ] --START--
INFO: Run Behavior\ReadHtmlCacheBehavior [ RunTime:0.001000s ]
INFO: [ app_begin ] --END-- [ RunTime:0.001000s ]
NOTIC: [2] call_user_func() expects parameter 1 to be a valid callback, no array or string given D:\xiaochen\2017\2017-02\s-shixiwang\ThinkPHP\Library\Think\Upload.class.php 第 170 行.

[ 2017-02-27T16:08:28+08:00 ] 127.0.0.1 /index.php?m=Yunzhansystem&c=Category&a=edit&id=4
INFO: [ app_init ] --START--
INFO: Run Behavior\BuildLiteBehavior [ RunTime:0.000000s ]
INFO: [ app_init ] --END-- [ RunTime:0.001000s ]
INFO: [ app_begin ] --START--
INFO: Run Behavior\ReadHtmlCacheBehavior [ RunTime:0.001000s ]
INFO: [ app_begin ] --END-- [ RunTime:0.001000s ]
SQL: SHOW COLUMNS FROM `yunzhan_category` [ RunTime:0.0030s ]
SQL: SHOW COLUMNS FROM `yunzhan_pages` [ RunTime:0.0030s ]
SQL: SHOW COLUMNS FROM `yunzhan_article` [ RunTime:0.0030s ]
SQL: SELECT * FROM `yunzhan_category`  [ RunTime:0.0000s ]
SQL: UPDATE `yunzhan_category` SET `type`='Pages',`pid`='0',`title`='联系我们',`sort`='0',`image`='Content/2017-02-27/58b3de7a729c8.jpg',`description`='',`display`='1',`nav_display`='1',`is_jump`='0',`jump_url`='',`seo_title`='',`seo_keyword`='',`seo_desc`='',`lists_tpl`='',`view_tpl`='pages' WHERE `id` = 4 [ RunTime:0.0380s ]
SQL: SELECT * FROM `yunzhan_pages` WHERE ( catid=4 ) LIMIT 1   [ RunTime:0.0010s ]
SQL: UPDATE `yunzhan_pages` SET `title`='联系我们',`catid`='4' WHERE ( catid=4 ) [ RunTime:0.0490s ]
INFO: [ view_parse ] --START--
INFO: [ template_filter ] --START--
INFO: Run Behavior\ContentReplaceBehavior [ RunTime:0.000000s ]
INFO: [ template_filter ] --END-- [ RunTime:0.000000s ]
INFO: Run Behavior\ParseTemplateBehavior [ RunTime:0.006001s ]
INFO: [ view_parse ] --END-- [ RunTime:0.006001s ]
INFO: [ view_filter ] --START--
INFO: Run Behavior\WriteHtmlCacheBehavior [ RunTime:0.000000s ]
INFO: [ view_filter ] --END-- [ RunTime:0.000000s ]

[ 2017-02-27T16:08:29+08:00 ] 127.0.0.1 /index.php?m=Yunzhansystem&c=Category&a=index
INFO: [ app_init ] --START--
INFO: Run Behavior\BuildLiteBehavior [ RunTime:0.000000s ]
INFO: [ app_init ] --END-- [ RunTime:0.000000s ]
INFO: [ app_begin ] --START--
INFO: Run Behavior\ReadHtmlCacheBehavior [ RunTime:0.001000s ]
INFO: [ app_begin ] --END-- [ RunTime:0.001000s ]
SQL: SHOW COLUMNS FROM `yunzhan_category` [ RunTime:0.0040s ]
SQL: SHOW COLUMNS FROM `yunzhan_pages` [ RunTime:0.0030s ]
SQL: SHOW COLUMNS FROM `yunzhan_article` [ RunTime:0.0030s ]
SQL: SELECT `id`,`pid`,`title`,`is_jump`,`jump_url`,`type`,`image`,`description`,`setting`,`sort`,`lists_tpl`,`view_tpl`,`is_lower`,`is_delete`,`display`,`nav_display`,`seo_title`,`seo_keyword`,`seo_desc` FROM `yunzhan_category` ORDER BY sort asc, id asc  [ RunTime:0.0000s ]
NOTIC: [8] Undefined index:  D:\xiaochen\2017\2017-02\s-shixiwang\Apps\Yunzhansystem\Controller\CategoryController.class.php 第 24 行.
NOTIC: [8] Undefined index:  D:\xiaochen\2017\2017-02\s-shixiwang\Apps\Yunzhansystem\Controller\CategoryController.class.php 第 24 行.
SQL: SHOW COLUMNS FROM `yunzhan_category` [ RunTime:0.0030s ]
SQL: SELECT COUNT(*) AS tp_count FROM `yunzhan_category` LIMIT 1   [ RunTime:0.0000s ]
INFO: [ view_parse ] --START--
INFO: [ template_filter ] --START--
INFO: Run Behavior\ContentReplaceBehavior [ RunTime:0.000000s ]
INFO: [ template_filter ] --END-- [ RunTime:0.000000s ]
INFO: Run Behavior\ParseTemplateBehavior [ RunTime:0.009000s ]
INFO: [ view_parse ] --END-- [ RunTime:0.009000s ]
INFO: [ view_filter ] --START--
INFO: Run Behavior\WriteHtmlCacheBehavior [ RunTime:0.000000s ]
INFO: [ view_filter ] --END-- [ RunTime:0.000000s ]
INFO: [ app_end ] --START--
INFO: Run Behavior\ShowPageTraceBehavior [ RunTime:0.000000s ]
INFO: [ app_end ] --END-- [ RunTime:0.000000s ]

[ 2017-02-27T17:11:46+08:00 ] 127.0.0.1 /index.php?m=Yunzhansystem&c=Index&a=index
INFO: [ app_init ] --START--
INFO: Run Behavior\BuildLiteBehavior [ RunTime:0.000000s ]
INFO: [ app_init ] --END-- [ RunTime:0.000000s ]
INFO: [ app_begin ] --START--
INFO: Run Behavior\ReadHtmlCacheBehavior [ RunTime:0.000000s ]
INFO: [ app_begin ] --END-- [ RunTime:0.001000s ]
SQL: SHOW COLUMNS FROM `yunzhan_menu` [ RunTime:0.0040s ]
SQL: SELECT * FROM `yunzhan_menu` WHERE ( pid=0 and display=1  ) ORDER BY sort asc,id asc  [ RunTime:0.0000s ]
INFO: [ view_parse ] --START--
INFO: [ template_filter ] --START--
INFO: Run Behavior\ContentReplaceBehavior [ RunTime:0.000000s ]
INFO: [ template_filter ] --END-- [ RunTime:0.000000s ]
INFO: Run Behavior\ParseTemplateBehavior [ RunTime:0.013000s ]
INFO: [ view_parse ] --END-- [ RunTime:0.013000s ]
INFO: [ view_filter ] --START--
INFO: Run Behavior\WriteHtmlCacheBehavior [ RunTime:0.000000s ]
INFO: [ view_filter ] --END-- [ RunTime:0.000000s ]
INFO: [ app_end ] --START--
INFO: Run Behavior\ShowPageTraceBehavior [ RunTime:0.000000s ]
INFO: [ app_end ] --END-- [ RunTime:0.000000s ]

[ 2017-02-27T17:11:47+08:00 ] 127.0.0.1 /index.php?m=Yunzhansystem&c=Index&a=indexs
INFO: [ app_init ] --START--
INFO: Run Behavior\BuildLiteBehavior [ RunTime:0.000000s ]
INFO: [ app_init ] --END-- [ RunTime:0.000000s ]
INFO: [ app_begin ] --START--
INFO: Run Behavior\ReadHtmlCacheBehavior [ RunTime:0.000000s ]
INFO: [ app_begin ] --END-- [ RunTime:0.000000s ]
SQL: SHOW COLUMNS FROM `yunzhan_config` [ RunTime:0.0220s ]
SQL: SELECT * FROM `yunzhan_config` WHERE `id` = 1 LIMIT 1   [ RunTime:0.0000s ]
SQL: SHOW COLUMNS FROM `yunzhan_article` [ RunTime:0.0030s ]
SQL: SELECT * FROM `yunzhan_article` ORDER BY sort asc,create_time desc,id desc LIMIT 7   [ RunTime:0.0000s ]
INFO: [ view_parse ] --START--
INFO: [ template_filter ] --START--
INFO: Run Behavior\ContentReplaceBehavior [ RunTime:0.000000s ]
INFO: [ template_filter ] --END-- [ RunTime:0.000000s ]
SQL: select version() as v; [ RunTime:0.0000s ]
INFO: Run Behavior\ParseTemplateBehavior [ RunTime:0.023001s ]
INFO: [ view_parse ] --END-- [ RunTime:0.023001s ]
INFO: [ view_filter ] --START--
INFO: Run Behavior\WriteHtmlCacheBehavior [ RunTime:0.001000s ]
INFO: [ view_filter ] --END-- [ RunTime:0.001000s ]
INFO: [ app_end ] --START--
INFO: Run Behavior\ShowPageTraceBehavior [ RunTime:0.001000s ]
INFO: [ app_end ] --END-- [ RunTime:0.001000s ]

[ 2017-02-27T17:11:47+08:00 ] 127.0.0.1 /index.php?m=Yunzhansystem&c=Public&a=menu
INFO: [ app_init ] --START--
INFO: Run Behavior\BuildLiteBehavior [ RunTime:0.000000s ]
INFO: [ app_init ] --END-- [ RunTime:0.001000s ]
INFO: [ app_begin ] --START--
INFO: Run Behavior\ReadHtmlCacheBehavior [ RunTime:0.001001s ]
INFO: [ app_begin ] --END-- [ RunTime:0.001001s ]
SQL: SHOW COLUMNS FROM `yunzhan_admin` [ RunTime:0.0250s ]
SQL: SHOW COLUMNS FROM `yunzhan_menu` [ RunTime:0.0030s ]
SQL: SELECT * FROM `yunzhan_admin` WHERE `id` = 1 LIMIT 1   [ RunTime:0.0000s ]
NOTIC: [8] Undefined variable: Arr_str D:\xiaochen\2017\2017-02\s-shixiwang\Apps\Yunzhansystem\Controller\PublicController.class.php 第 91 行.
SQL: SELECT * FROM `yunzhan_menu` WHERE ( pid=1 and display=1 ) ORDER BY sort asc,id desc  [ RunTime:0.0000s ]
INFO: [ view_parse ] --START--
INFO: [ template_filter ] --START--
INFO: Run Behavior\ContentReplaceBehavior [ RunTime:0.000000s ]
INFO: [ template_filter ] --END-- [ RunTime:0.000000s ]
SQL: SHOW COLUMNS FROM `yunzhan_menu` [ RunTime:0.0040s ]
SQL: SELECT * FROM `yunzhan_menu` WHERE ( pid=7 and display=1 ) ORDER BY sort asc,id desc  [ RunTime:0.0010s ]
INFO: Run Behavior\ParseTemplateBehavior [ RunTime:0.029002s ]
INFO: [ view_parse ] --END-- [ RunTime:0.029002s ]
INFO: [ view_filter ] --START--
INFO: Run Behavior\WriteHtmlCacheBehavior [ RunTime:0.000000s ]
INFO: [ view_filter ] --END-- [ RunTime:0.000000s ]
INFO: [ app_end ] --START--
INFO: Run Behavior\ShowPageTraceBehavior [ RunTime:0.001000s ]
INFO: [ app_end ] --END-- [ RunTime:0.001000s ]

[ 2017-02-27T17:11:49+08:00 ] 127.0.0.1 /index.php?m=Yunzhansystem&c=Public&a=menu&mid=3
INFO: [ app_init ] --START--
INFO: Run Behavior\BuildLiteBehavior [ RunTime:0.000000s ]
INFO: [ app_init ] --END-- [ RunTime:0.000000s ]
INFO: [ app_begin ] --START--
INFO: Run Behavior\ReadHtmlCacheBehavior [ RunTime:0.000000s ]
INFO: [ app_begin ] --END-- [ RunTime:0.000000s ]
SQL: SHOW COLUMNS FROM `yunzhan_admin` [ RunTime:0.0030s ]
SQL: SHOW COLUMNS FROM `yunzhan_menu` [ RunTime:0.0030s ]
SQL: SELECT * FROM `yunzhan_admin` WHERE `id` = 1 LIMIT 1   [ RunTime:0.0000s ]
NOTIC: [8] Undefined variable: Arr_str D:\xiaochen\2017\2017-02\s-shixiwang\Apps\Yunzhansystem\Controller\PublicController.class.php 第 91 行.
SQL: SELECT * FROM `yunzhan_menu` WHERE ( pid=3 and display=1 ) ORDER BY sort asc,id desc  [ RunTime:0.0000s ]
INFO: [ view_parse ] --START--
INFO: [ template_filter ] --START--
INFO: Run Behavior\ContentReplaceBehavior [ RunTime:0.000000s ]
INFO: [ template_filter ] --END-- [ RunTime:0.001000s ]
SQL: SHOW COLUMNS FROM `yunzhan_menu` [ RunTime:0.0030s ]
SQL: SELECT * FROM `yunzhan_menu` WHERE ( pid=10 and display=1 ) ORDER BY sort asc,id desc  [ RunTime:0.0000s ]
SQL: SELECT * FROM `yunzhan_menu` WHERE ( pid=13 and display=1 ) ORDER BY sort asc,id desc  [ RunTime:0.0010s ]
SQL: SELECT * FROM `yunzhan_menu` WHERE ( pid=16 and display=1 ) ORDER BY sort asc,id desc  [ RunTime:0.0000s ]
INFO: Run Behavior\ParseTemplateBehavior [ RunTime:0.010000s ]
INFO: [ view_parse ] --END-- [ RunTime:0.010000s ]
INFO: [ view_filter ] --START--
INFO: Run Behavior\WriteHtmlCacheBehavior [ RunTime:0.001001s ]
INFO: [ view_filter ] --END-- [ RunTime:0.001001s ]
INFO: [ app_end ] --START--
INFO: Run Behavior\ShowPageTraceBehavior [ RunTime:0.000000s ]
INFO: [ app_end ] --END-- [ RunTime:0.000000s ]

[ 2017-02-27T17:11:50+08:00 ] 127.0.0.1 /index.php?m=Yunzhansystem&c=Category&a=index
INFO: [ app_init ] --START--
INFO: Run Behavior\BuildLiteBehavior [ RunTime:0.001000s ]
INFO: [ app_init ] --END-- [ RunTime:0.001000s ]
INFO: [ app_begin ] --START--
INFO: Run Behavior\ReadHtmlCacheBehavior [ RunTime:0.001000s ]
INFO: [ app_begin ] --END-- [ RunTime:0.001000s ]
SQL: SHOW COLUMNS FROM `yunzhan_category` [ RunTime:0.0190s ]
SQL: SHOW COLUMNS FROM `yunzhan_pages` [ RunTime:0.0030s ]
SQL: SHOW COLUMNS FROM `yunzhan_article` [ RunTime:0.0030s ]
SQL: SELECT `id`,`pid`,`title`,`type`,`image`,`description`,`setting`,`sort`,`lists_tpl`,`view_tpl`,`is_lower`,`is_delete`,`display`,`nav_display`,`seo_title`,`seo_keyword`,`seo_desc` FROM `yunzhan_category` ORDER BY sort asc, id asc  [ RunTime:0.0000s ]
NOTIC: [8] Undefined index:  D:\xiaochen\2017\2017-02\s-shixiwang\Apps\Yunzhansystem\Controller\CategoryController.class.php 第 24 行.
NOTIC: [8] Undefined index: Teacher D:\xiaochen\2017\2017-02\s-shixiwang\Apps\Yunzhansystem\Controller\CategoryController.class.php 第 24 行.
NOTIC: [8] Undefined index: Teacher D:\xiaochen\2017\2017-02\s-shixiwang\Apps\Yunzhansystem\Controller\CategoryController.class.php 第 24 行.
NOTIC: [8] Undefined index: Teacher D:\xiaochen\2017\2017-02\s-shixiwang\Apps\Yunzhansystem\Controller\CategoryController.class.php 第 24 行.
NOTIC: [8] Undefined index: Teacher D:\xiaochen\2017\2017-02\s-shixiwang\Apps\Yunzhansystem\Controller\CategoryController.class.php 第 24 行.
NOTIC: [8] Undefined index: Teacher D:\xiaochen\2017\2017-02\s-shixiwang\Apps\Yunzhansystem\Controller\CategoryController.class.php 第 24 行.
NOTIC: [8] Undefined index:  D:\xiaochen\2017\2017-02\s-shixiwang\Apps\Yunzhansystem\Controller\CategoryController.class.php 第 24 行.
NOTIC: [8] Undefined index:  D:\xiaochen\2017\2017-02\s-shixiwang\Apps\Yunzhansystem\Controller\CategoryController.class.php 第 24 行.
NOTIC: [8] Undefined index:  D:\xiaochen\2017\2017-02\s-shixiwang\Apps\Yunzhansystem\Controller\CategoryController.class.php 第 24 行.
NOTIC: [8] Undefined index:  D:\xiaochen\2017\2017-02\s-shixiwang\Apps\Yunzhansystem\Controller\CategoryController.class.php 第 24 行.
NOTIC: [8] Undefined index:  D:\xiaochen\2017\2017-02\s-shixiwang\Apps\Yunzhansystem\Controller\CategoryController.class.php 第 24 行.
NOTIC: [8] Undefined index:  D:\xiaochen\2017\2017-02\s-shixiwang\Apps\Yunzhansystem\Controller\CategoryController.class.php 第 24 行.
NOTIC: [8] Undefined index:  D:\xiaochen\2017\2017-02\s-shixiwang\Apps\Yunzhansystem\Controller\CategoryController.class.php 第 24 行.
NOTIC: [8] Undefined index:  D:\xiaochen\2017\2017-02\s-shixiwang\Apps\Yunzhansystem\Controller\CategoryController.class.php 第 24 行.
NOTIC: [8] Undefined index:  D:\xiaochen\2017\2017-02\s-shixiwang\Apps\Yunzhansystem\Controller\CategoryController.class.php 第 24 行.
NOTIC: [8] Undefined index:  D:\xiaochen\2017\2017-02\s-shixiwang\Apps\Yunzhansystem\Controller\CategoryController.class.php 第 24 行.
SQL: SHOW COLUMNS FROM `yunzhan_category` [ RunTime:0.0030s ]
SQL: SELECT COUNT(*) AS tp_count FROM `yunzhan_category` LIMIT 1   [ RunTime:0.0000s ]
INFO: [ view_parse ] --START--
INFO: [ template_filter ] --START--
INFO: Run Behavior\ContentReplaceBehavior [ RunTime:0.000000s ]
INFO: [ template_filter ] --END-- [ RunTime:0.000000s ]
INFO: Run Behavior\ParseTemplateBehavior [ RunTime:0.016001s ]
INFO: [ view_parse ] --END-- [ RunTime:0.016001s ]
INFO: [ view_filter ] --START--
INFO: Run Behavior\WriteHtmlCacheBehavior [ RunTime:0.001000s ]
INFO: [ view_filter ] --END-- [ RunTime:0.001000s ]
INFO: [ app_end ] --START--
INFO: Run Behavior\ShowPageTraceBehavior [ RunTime:0.001001s ]
INFO: [ app_end ] --END-- [ RunTime:0.001001s ]

[ 2017-02-27T17:11:54+08:00 ] 127.0.0.1 /index.php?m=Yunzhansystem&c=Category&a=edit&id=5
INFO: [ app_init ] --START--
INFO: Run Behavior\BuildLiteBehavior [ RunTime:0.000000s ]
INFO: [ app_init ] --END-- [ RunTime:0.000000s ]
INFO: [ app_begin ] --START--
INFO: Run Behavior\ReadHtmlCacheBehavior [ RunTime:0.001000s ]
INFO: [ app_begin ] --END-- [ RunTime:0.001000s ]
SQL: SHOW COLUMNS FROM `yunzhan_category` [ RunTime:0.0030s ]
SQL: SHOW COLUMNS FROM `yunzhan_pages` [ RunTime:0.0030s ]
SQL: SHOW COLUMNS FROM `yunzhan_article` [ RunTime:0.0030s ]
SQL: SELECT * FROM `yunzhan_category`  [ RunTime:0.0000s ]
SQL: SELECT * FROM `yunzhan_category` WHERE `id` = 5 LIMIT 1   [ RunTime:0.0000s ]
SQL: SELECT `id`,`pid`,`title`,`type`,`image`,`description`,`setting`,`sort`,`lists_tpl`,`view_tpl`,`is_lower`,`is_delete`,`display`,`nav_display`,`seo_title`,`seo_keyword`,`seo_desc` FROM `yunzhan_category` ORDER BY sort asc, id asc  [ RunTime:0.0000s ]
INFO: [ view_parse ] --START--
INFO: [ template_filter ] --START--
INFO: Run Behavior\ContentReplaceBehavior [ RunTime:0.000000s ]
INFO: [ template_filter ] --END-- [ RunTime:0.000000s ]
NOTIC: [8] Undefined variable: catid D:\xiaochen\2017\2017-02\s-shixiwang\Apps\Runtime\Cache\Yunzhansystem\a6f387c775181363b01269813e865e3c.php 第 42 行.
NOTIC: [8] Undefined index: english D:\xiaochen\2017\2017-02\s-shixiwang\Apps\Runtime\Cache\Yunzhansystem\a6f387c775181363b01269813e865e3c.php 第 54 行.
NOTIC: [8] Undefined index: is_jump D:\xiaochen\2017\2017-02\s-shixiwang\Apps\Runtime\Cache\Yunzhansystem\a6f387c775181363b01269813e865e3c.php 第 105 行.
NOTIC: [8] Undefined index: is_jump D:\xiaochen\2017\2017-02\s-shixiwang\Apps\Runtime\Cache\Yunzhansystem\a6f387c775181363b01269813e865e3c.php 第 106 行.
NOTIC: [8] Undefined index: jump_url D:\xiaochen\2017\2017-02\s-shixiwang\Apps\Runtime\Cache\Yunzhansystem\a6f387c775181363b01269813e865e3c.php 第 112 行.
INFO: Run Behavior\ParseTemplateBehavior [ RunTime:0.021001s ]
INFO: [ view_parse ] --END-- [ RunTime:0.021001s ]
INFO: [ view_filter ] --START--
INFO: Run Behavior\WriteHtmlCacheBehavior [ RunTime:0.000000s ]
INFO: [ view_filter ] --END-- [ RunTime:0.000000s ]
INFO: [ app_end ] --START--
INFO: Run Behavior\ShowPageTraceBehavior [ RunTime:0.001000s ]
INFO: [ app_end ] --END-- [ RunTime:0.001000s ]

[ 2017-02-27T17:11:56+08:00 ] 127.0.0.1 /index.php?m=Yunzhansystem&c=Tool&a=uploadImage&id=0
INFO: [ app_init ] --START--
INFO: Run Behavior\BuildLiteBehavior [ RunTime:0.000000s ]
INFO: [ app_init ] --END-- [ RunTime:0.001000s ]
INFO: [ app_begin ] --START--
INFO: Run Behavior\ReadHtmlCacheBehavior [ RunTime:0.001000s ]
INFO: [ app_begin ] --END-- [ RunTime:0.001000s ]
INFO: [ view_parse ] --START--
INFO: [ template_filter ] --START--
INFO: Run Behavior\ContentReplaceBehavior [ RunTime:0.000000s ]
INFO: [ template_filter ] --END-- [ RunTime:0.000000s ]
INFO: Run Behavior\ParseTemplateBehavior [ RunTime:0.013000s ]
INFO: [ view_parse ] --END-- [ RunTime:0.013000s ]
INFO: [ view_filter ] --START--
INFO: Run Behavior\WriteHtmlCacheBehavior [ RunTime:0.001000s ]
INFO: [ view_filter ] --END-- [ RunTime:0.001000s ]
INFO: [ app_end ] --START--
INFO: Run Behavior\ShowPageTraceBehavior [ RunTime:0.001000s ]
INFO: [ app_end ] --END-- [ RunTime:0.001000s ]

[ 2017-02-27T17:12:00+08:00 ] 127.0.0.1 /index.php?m=Yunzhansystem&c=Tool&a=uploadImage&id=0
INFO: [ app_init ] --START--
INFO: Run Behavior\BuildLiteBehavior [ RunTime:0.000000s ]
INFO: [ app_init ] --END-- [ RunTime:0.000000s ]
INFO: [ app_begin ] --START--
INFO: Run Behavior\ReadHtmlCacheBehavior [ RunTime:0.001000s ]
INFO: [ app_begin ] --END-- [ RunTime:0.001000s ]
NOTIC: [2] call_user_func() expects parameter 1 to be a valid callback, no array or string given D:\xiaochen\2017\2017-02\s-shixiwang\ThinkPHP\Library\Think\Upload.class.php 第 170 行.

[ 2017-02-27T17:12:02+08:00 ] 127.0.0.1 /index.php?m=Yunzhansystem&c=Category&a=edit&id=5
INFO: [ app_init ] --START--
INFO: Run Behavior\BuildLiteBehavior [ RunTime:0.000000s ]
INFO: [ app_init ] --END-- [ RunTime:0.001000s ]
INFO: [ app_begin ] --START--
INFO: Run Behavior\ReadHtmlCacheBehavior [ RunTime:0.001000s ]
INFO: [ app_begin ] --END-- [ RunTime:0.001000s ]
SQL: SHOW COLUMNS FROM `yunzhan_category` [ RunTime:0.0040s ]
SQL: SHOW COLUMNS FROM `yunzhan_pages` [ RunTime:0.0030s ]
SQL: SHOW COLUMNS FROM `yunzhan_article` [ RunTime:0.0040s ]
SQL: SELECT * FROM `yunzhan_category`  [ RunTime:0.0000s ]
SQL: UPDATE `yunzhan_category` SET `type`=' ',`pid`='2',`title`='名家专栏',`sort`='0',`image`='Content/2017-02-27/58b3ed601fa29.jpg',`description`='',`display`='1',`nav_display`='0',`seo_title`='',`seo_keyword`='',`seo_desc`='',`lists_tpl`=' ',`view_tpl`='' WHERE `id` = 5 [ RunTime:0.0440s ]
SQL: SELECT * FROM `yunzhan_pages` WHERE ( catid=5 ) LIMIT 1   [ RunTime:0.0010s ]
INFO: [ view_parse ] --START--
INFO: [ template_filter ] --START--
INFO: Run Behavior\ContentReplaceBehavior [ RunTime:0.000000s ]
INFO: [ template_filter ] --END-- [ RunTime:0.000000s ]
INFO: Run Behavior\ParseTemplateBehavior [ RunTime:0.016000s ]
INFO: [ view_parse ] --END-- [ RunTime:0.016000s ]
INFO: [ view_filter ] --START--
INFO: Run Behavior\WriteHtmlCacheBehavior [ RunTime:0.001001s ]
INFO: [ view_filter ] --END-- [ RunTime:0.001001s ]

[ 2017-02-27T17:12:03+08:00 ] 127.0.0.1 /index.php?m=Yunzhansystem&c=Category&a=index
INFO: [ app_init ] --START--
INFO: Run Behavior\BuildLiteBehavior [ RunTime:0.000000s ]
INFO: [ app_init ] --END-- [ RunTime:0.000000s ]
INFO: [ app_begin ] --START--
INFO: Run Behavior\ReadHtmlCacheBehavior [ RunTime:0.001000s ]
INFO: [ app_begin ] --END-- [ RunTime:0.002000s ]
SQL: SHOW COLUMNS FROM `yunzhan_category` [ RunTime:0.0030s ]
SQL: SHOW COLUMNS FROM `yunzhan_pages` [ RunTime:0.0030s ]
SQL: SHOW COLUMNS FROM `yunzhan_article` [ RunTime:0.0030s ]
SQL: SELECT `id`,`pid`,`title`,`type`,`image`,`description`,`setting`,`sort`,`lists_tpl`,`view_tpl`,`is_lower`,`is_delete`,`display`,`nav_display`,`seo_title`,`seo_keyword`,`seo_desc` FROM `yunzhan_category` ORDER BY sort asc, id asc  [ RunTime:0.0010s ]
NOTIC: [8] Undefined index:  D:\xiaochen\2017\2017-02\s-shixiwang\Apps\Yunzhansystem\Controller\CategoryController.class.php 第 24 行.
NOTIC: [8] Undefined index: Teacher D:\xiaochen\2017\2017-02\s-shixiwang\Apps\Yunzhansystem\Controller\CategoryController.class.php 第 24 行.
NOTIC: [8] Undefined index:  D:\xiaochen\2017\2017-02\s-shixiwang\Apps\Yunzhansystem\Controller\CategoryController.class.php 第 24 行.
NOTIC: [8] Undefined index: Teacher D:\xiaochen\2017\2017-02\s-shixiwang\Apps\Yunzhansystem\Controller\CategoryController.class.php 第 24 行.
NOTIC: [8] Undefined index: Teacher D:\xiaochen\2017\2017-02\s-shixiwang\Apps\Yunzhansystem\Controller\CategoryController.class.php 第 24 行.
NOTIC: [8] Undefined index: Teacher D:\xiaochen\2017\2017-02\s-shixiwang\Apps\Yunzhansystem\Controller\CategoryController.class.php 第 24 行.
NOTIC: [8] Undefined index:  D:\xiaochen\2017\2017-02\s-shixiwang\Apps\Yunzhansystem\Controller\CategoryController.class.php 第 24 行.
NOTIC: [8] Undefined index:  D:\xiaochen\2017\2017-02\s-shixiwang\Apps\Yunzhansystem\Controller\CategoryController.class.php 第 24 行.
NOTIC: [8] Undefined index:  D:\xiaochen\2017\2017-02\s-shixiwang\Apps\Yunzhansystem\Controller\CategoryController.class.php 第 24 行.
NOTIC: [8] Undefined index:  D:\xiaochen\2017\2017-02\s-shixiwang\Apps\Yunzhansystem\Controller\CategoryController.class.php 第 24 行.
NOTIC: [8] Undefined index:  D:\xiaochen\2017\2017-02\s-shixiwang\Apps\Yunzhansystem\Controller\CategoryController.class.php 第 24 行.
NOTIC: [8] Undefined index:  D:\xiaochen\2017\2017-02\s-shixiwang\Apps\Yunzhansystem\Controller\CategoryController.class.php 第 24 行.
NOTIC: [8] Undefined index:  D:\xiaochen\2017\2017-02\s-shixiwang\Apps\Yunzhansystem\Controller\CategoryController.class.php 第 24 行.
NOTIC: [8] Undefined index:  D:\xiaochen\2017\2017-02\s-shixiwang\Apps\Yunzhansystem\Controller\CategoryController.class.php 第 24 行.
NOTIC: [8] Undefined index:  D:\xiaochen\2017\2017-02\s-shixiwang\Apps\Yunzhansystem\Controller\CategoryController.class.php 第 24 行.
NOTIC: [8] Undefined index:  D:\xiaochen\2017\2017-02\s-shixiwang\Apps\Yunzhansystem\Controller\CategoryController.class.php 第 24 行.
SQL: SHOW COLUMNS FROM `yunzhan_category` [ RunTime:0.0040s ]
SQL: SELECT COUNT(*) AS tp_count FROM `yunzhan_category` LIMIT 1   [ RunTime:0.0000s ]
INFO: [ view_parse ] --START--
INFO: [ template_filter ] --START--
INFO: Run Behavior\ContentReplaceBehavior [ RunTime:0.000000s ]
INFO: [ template_filter ] --END-- [ RunTime:0.000000s ]
INFO: Run Behavior\ParseTemplateBehavior [ RunTime:0.010000s ]
INFO: [ view_parse ] --END-- [ RunTime:0.010000s ]
INFO: [ view_filter ] --START--
INFO: Run Behavior\WriteHtmlCacheBehavior [ RunTime:0.001000s ]
INFO: [ view_filter ] --END-- [ RunTime:0.001000s ]
INFO: [ app_end ] --START--
INFO: Run Behavior\ShowPageTraceBehavior [ RunTime:0.002000s ]
INFO: [ app_end ] --END-- [ RunTime:0.002000s ]

[ 2017-02-27T17:12:07+08:00 ] 127.0.0.1 /index.php?m=Yunzhansystem&c=Category&a=edit&id=6
INFO: [ app_init ] --START--
INFO: Run Behavior\BuildLiteBehavior [ RunTime:0.000000s ]
INFO: [ app_init ] --END-- [ RunTime:0.000000s ]
INFO: [ app_begin ] --START--
INFO: Run Behavior\ReadHtmlCacheBehavior [ RunTime:0.001000s ]
INFO: [ app_begin ] --END-- [ RunTime:0.001000s ]
SQL: SHOW COLUMNS FROM `yunzhan_category` [ RunTime:0.0040s ]
SQL: SHOW COLUMNS FROM `yunzhan_pages` [ RunTime:0.0030s ]
SQL: SHOW COLUMNS FROM `yunzhan_article` [ RunTime:0.0030s ]
SQL: SELECT * FROM `yunzhan_category`  [ RunTime:0.0000s ]
SQL: SELECT * FROM `yunzhan_category` WHERE `id` = 6 LIMIT 1   [ RunTime:0.0010s ]
SQL: SELECT `id`,`pid`,`title`,`type`,`image`,`description`,`setting`,`sort`,`lists_tpl`,`view_tpl`,`is_lower`,`is_delete`,`display`,`nav_display`,`seo_title`,`seo_keyword`,`seo_desc` FROM `yunzhan_category` ORDER BY sort asc, id asc  [ RunTime:0.0000s ]
INFO: [ view_parse ] --START--
INFO: [ template_filter ] --START--
INFO: Run Behavior\ContentReplaceBehavior [ RunTime:0.000000s ]
INFO: [ template_filter ] --END-- [ RunTime:0.000000s ]
NOTIC: [8] Undefined variable: catid D:\xiaochen\2017\2017-02\s-shixiwang\Apps\Runtime\Cache\Yunzhansystem\a6f387c775181363b01269813e865e3c.php 第 42 行.
NOTIC: [8] Undefined index: english D:\xiaochen\2017\2017-02\s-shixiwang\Apps\Runtime\Cache\Yunzhansystem\a6f387c775181363b01269813e865e3c.php 第 54 行.
NOTIC: [8] Undefined index: is_jump D:\xiaochen\2017\2017-02\s-shixiwang\Apps\Runtime\Cache\Yunzhansystem\a6f387c775181363b01269813e865e3c.php 第 105 行.
NOTIC: [8] Undefined index: is_jump D:\xiaochen\2017\2017-02\s-shixiwang\Apps\Runtime\Cache\Yunzhansystem\a6f387c775181363b01269813e865e3c.php 第 106 行.
NOTIC: [8] Undefined index: jump_url D:\xiaochen\2017\2017-02\s-shixiwang\Apps\Runtime\Cache\Yunzhansystem\a6f387c775181363b01269813e865e3c.php 第 112 行.
INFO: Run Behavior\ParseTemplateBehavior [ RunTime:0.014000s ]
INFO: [ view_parse ] --END-- [ RunTime:0.014000s ]
INFO: [ view_filter ] --START--
INFO: Run Behavior\WriteHtmlCacheBehavior [ RunTime:0.001001s ]
INFO: [ view_filter ] --END-- [ RunTime:0.001001s ]
INFO: [ app_end ] --START--
INFO: Run Behavior\ShowPageTraceBehavior [ RunTime:0.001000s ]
INFO: [ app_end ] --END-- [ RunTime:0.001000s ]

[ 2017-02-27T17:12:09+08:00 ] 127.0.0.1 /index.php?m=Yunzhansystem&c=Tool&a=uploadImage&id=0
INFO: [ app_init ] --START--
INFO: Run Behavior\BuildLiteBehavior [ RunTime:0.000000s ]
INFO: [ app_init ] --END-- [ RunTime:0.001000s ]
INFO: [ app_begin ] --START--
INFO: Run Behavior\ReadHtmlCacheBehavior [ RunTime:0.001000s ]
INFO: [ app_begin ] --END-- [ RunTime:0.001000s ]
INFO: [ view_parse ] --START--
INFO: [ template_filter ] --START--
INFO: Run Behavior\ContentReplaceBehavior [ RunTime:0.000000s ]
INFO: [ template_filter ] --END-- [ RunTime:0.000000s ]
INFO: Run Behavior\ParseTemplateBehavior [ RunTime:0.006000s ]
INFO: [ view_parse ] --END-- [ RunTime:0.006000s ]
INFO: [ view_filter ] --START--
INFO: Run Behavior\WriteHtmlCacheBehavior [ RunTime:0.001000s ]
INFO: [ view_filter ] --END-- [ RunTime:0.001000s ]
INFO: [ app_end ] --START--
INFO: Run Behavior\ShowPageTraceBehavior [ RunTime:0.001001s ]
INFO: [ app_end ] --END-- [ RunTime:0.001001s ]

[ 2017-02-27T17:12:12+08:00 ] 127.0.0.1 /index.php?m=Yunzhansystem&c=Tool&a=uploadImage&id=0
INFO: [ app_init ] --START--
INFO: Run Behavior\BuildLiteBehavior [ RunTime:0.000000s ]
INFO: [ app_init ] --END-- [ RunTime:0.000000s ]
INFO: [ app_begin ] --START--
INFO: Run Behavior\ReadHtmlCacheBehavior [ RunTime:0.001000s ]
INFO: [ app_begin ] --END-- [ RunTime:0.001000s ]
NOTIC: [2] call_user_func() expects parameter 1 to be a valid callback, no array or string given D:\xiaochen\2017\2017-02\s-shixiwang\ThinkPHP\Library\Think\Upload.class.php 第 170 行.

[ 2017-02-27T17:12:13+08:00 ] 127.0.0.1 /index.php?m=Yunzhansystem&c=Category&a=edit&id=6
INFO: [ app_init ] --START--
INFO: Run Behavior\BuildLiteBehavior [ RunTime:0.000000s ]
INFO: [ app_init ] --END-- [ RunTime:0.000000s ]
INFO: [ app_begin ] --START--
INFO: Run Behavior\ReadHtmlCacheBehavior [ RunTime:0.001000s ]
INFO: [ app_begin ] --END-- [ RunTime:0.001000s ]
SQL: SHOW COLUMNS FROM `yunzhan_category` [ RunTime:0.0150s ]
SQL: SHOW COLUMNS FROM `yunzhan_pages` [ RunTime:0.0030s ]
SQL: SHOW COLUMNS FROM `yunzhan_article` [ RunTime:0.0030s ]
SQL: SELECT * FROM `yunzhan_category`  [ RunTime:0.0000s ]
SQL: UPDATE `yunzhan_category` SET `type`=' ',`pid`='2',`title`='学科新锐',`sort`='0',`image`='Content/2017-02-27/58b3ed6c2fac3.jpg',`description`='',`display`='1',`nav_display`='0',`seo_title`='',`seo_keyword`='',`seo_desc`='',`lists_tpl`=' ',`view_tpl`='' WHERE `id` = 6 [ RunTime:0.0510s ]
SQL: SELECT * FROM `yunzhan_pages` WHERE ( catid=6 ) LIMIT 1   [ RunTime:0.0000s ]
INFO: [ view_parse ] --START--
INFO: [ template_filter ] --START--
INFO: Run Behavior\ContentReplaceBehavior [ RunTime:0.000000s ]
INFO: [ template_filter ] --END-- [ RunTime:0.000000s ]
INFO: Run Behavior\ParseTemplateBehavior [ RunTime:0.006000s ]
INFO: [ view_parse ] --END-- [ RunTime:0.006000s ]
INFO: [ view_filter ] --START--
INFO: Run Behavior\WriteHtmlCacheBehavior [ RunTime:0.001000s ]
INFO: [ view_filter ] --END-- [ RunTime:0.001000s ]

[ 2017-02-27T17:12:14+08:00 ] 127.0.0.1 /index.php?m=Yunzhansystem&c=Category&a=index
INFO: [ app_init ] --START--
INFO: Run Behavior\BuildLiteBehavior [ RunTime:0.000000s ]
INFO: [ app_init ] --END-- [ RunTime:0.001000s ]
INFO: [ app_begin ] --START--
INFO: Run Behavior\ReadHtmlCacheBehavior [ RunTime:0.000000s ]
INFO: [ app_begin ] --END-- [ RunTime:0.001000s ]
SQL: SHOW COLUMNS FROM `yunzhan_category` [ RunTime:0.0040s ]
SQL: SHOW COLUMNS FROM `yunzhan_pages` [ RunTime:0.0030s ]
SQL: SHOW COLUMNS FROM `yunzhan_article` [ RunTime:0.0030s ]
SQL: SELECT `id`,`pid`,`title`,`type`,`image`,`description`,`setting`,`sort`,`lists_tpl`,`view_tpl`,`is_lower`,`is_delete`,`display`,`nav_display`,`seo_title`,`seo_keyword`,`seo_desc` FROM `yunzhan_category` ORDER BY sort asc, id asc  [ RunTime:0.0000s ]
NOTIC: [8] Undefined index:  D:\xiaochen\2017\2017-02\s-shixiwang\Apps\Yunzhansystem\Controller\CategoryController.class.php 第 24 行.
NOTIC: [8] Undefined index: Teacher D:\xiaochen\2017\2017-02\s-shixiwang\Apps\Yunzhansystem\Controller\CategoryController.class.php 第 24 行.
NOTIC: [8] Undefined index:  D:\xiaochen\2017\2017-02\s-shixiwang\Apps\Yunzhansystem\Controller\CategoryController.class.php 第 24 行.
NOTIC: [8] Undefined index:  D:\xiaochen\2017\2017-02\s-shixiwang\Apps\Yunzhansystem\Controller\CategoryController.class.php 第 24 行.
NOTIC: [8] Undefined index: Teacher D:\xiaochen\2017\2017-02\s-shixiwang\Apps\Yunzhansystem\Controller\CategoryController.class.php 第 24 行.
NOTIC: [8] Undefined index: Teacher D:\xiaochen\2017\2017-02\s-shixiwang\Apps\Yunzhansystem\Controller\CategoryController.class.php 第 24 行.
NOTIC: [8] Undefined index:  D:\xiaochen\2017\2017-02\s-shixiwang\Apps\Yunzhansystem\Controller\CategoryController.class.php 第 24 行.
NOTIC: [8] Undefined index:  D:\xiaochen\2017\2017-02\s-shixiwang\Apps\Yunzhansystem\Controller\CategoryController.class.php 第 24 行.
NOTIC: [8] Undefined index:  D:\xiaochen\2017\2017-02\s-shixiwang\Apps\Yunzhansystem\Controller\CategoryController.class.php 第 24 行.
NOTIC: [8] Undefined index:  D:\xiaochen\2017\2017-02\s-shixiwang\Apps\Yunzhansystem\Controller\CategoryController.class.php 第 24 行.
NOTIC: [8] Undefined index:  D:\xiaochen\2017\2017-02\s-shixiwang\Apps\Yunzhansystem\Controller\CategoryController.class.php 第 24 行.
NOTIC: [8] Undefined index:  D:\xiaochen\2017\2017-02\s-shixiwang\Apps\Yunzhansystem\Controller\CategoryController.class.php 第 24 行.
NOTIC: [8] Undefined index:  D:\xiaochen\2017\2017-02\s-shixiwang\Apps\Yunzhansystem\Controller\CategoryController.class.php 第 24 行.
NOTIC: [8] Undefined index:  D:\xiaochen\2017\2017-02\s-shixiwang\Apps\Yunzhansystem\Controller\CategoryController.class.php 第 24 行.
NOTIC: [8] Undefined index:  D:\xiaochen\2017\2017-02\s-shixiwang\Apps\Yunzhansystem\Controller\CategoryController.class.php 第 24 行.
NOTIC: [8] Undefined index:  D:\xiaochen\2017\2017-02\s-shixiwang\Apps\Yunzhansystem\Controller\CategoryController.class.php 第 24 行.
SQL: SHOW COLUMNS FROM `yunzhan_category` [ RunTime:0.0030s ]
SQL: SELECT COUNT(*) AS tp_count FROM `yunzhan_category` LIMIT 1   [ RunTime:0.0000s ]
INFO: [ view_parse ] --START--
INFO: [ template_filter ] --START--
INFO: Run Behavior\ContentReplaceBehavior [ RunTime:0.000000s ]
INFO: [ template_filter ] --END-- [ RunTime:0.000000s ]
INFO: Run Behavior\ParseTemplateBehavior [ RunTime:0.009001s ]
INFO: [ view_parse ] --END-- [ RunTime:0.009001s ]
INFO: [ view_filter ] --START--
INFO: Run Behavior\WriteHtmlCacheBehavior [ RunTime:0.001000s ]
INFO: [ view_filter ] --END-- [ RunTime:0.001000s ]
INFO: [ app_end ] --START--
INFO: Run Behavior\ShowPageTraceBehavior [ RunTime:0.001000s ]
INFO: [ app_end ] --END-- [ RunTime:0.001000s ]

[ 2017-02-27T17:22:06+08:00 ] 127.0.0.1 /index.php?m=Yunzhansystem&c=Index&a=index
INFO: [ app_init ] --START--
INFO: Run Behavior\BuildLiteBehavior [ RunTime:0.000000s ]
INFO: [ app_init ] --END-- [ RunTime:0.001000s ]
INFO: [ app_begin ] --START--
INFO: Run Behavior\ReadHtmlCacheBehavior [ RunTime:0.001000s ]
INFO: [ app_begin ] --END-- [ RunTime:0.001000s ]
SQL: SHOW COLUMNS FROM `yunzhan_menu` [ RunTime:0.0030s ]
SQL: SELECT * FROM `yunzhan_menu` WHERE ( pid=0 and display=1  ) ORDER BY sort asc,id asc  [ RunTime:0.0010s ]
INFO: [ view_parse ] --START--
INFO: [ template_filter ] --START--
INFO: Run Behavior\ContentReplaceBehavior [ RunTime:0.000000s ]
INFO: [ template_filter ] --END-- [ RunTime:0.001000s ]
INFO: Run Behavior\ParseTemplateBehavior [ RunTime:0.008000s ]
INFO: [ view_parse ] --END-- [ RunTime:0.008000s ]
INFO: [ view_filter ] --START--
INFO: Run Behavior\WriteHtmlCacheBehavior [ RunTime:0.001000s ]
INFO: [ view_filter ] --END-- [ RunTime:0.001000s ]
INFO: [ app_end ] --START--
INFO: Run Behavior\ShowPageTraceBehavior [ RunTime:0.000000s ]
INFO: [ app_end ] --END-- [ RunTime:0.000000s ]

[ 2017-02-27T17:22:06+08:00 ] 127.0.0.1 /index.php?m=Yunzhansystem&c=Index&a=indexs
INFO: [ app_init ] --START--
INFO: Run Behavior\BuildLiteBehavior [ RunTime:0.000000s ]
INFO: [ app_init ] --END-- [ RunTime:0.000000s ]
INFO: [ app_begin ] --START--
INFO: Run Behavior\ReadHtmlCacheBehavior [ RunTime:0.001000s ]
INFO: [ app_begin ] --END-- [ RunTime:0.001000s ]
SQL: SHOW COLUMNS FROM `yunzhan_config` [ RunTime:0.0030s ]
SQL: SELECT * FROM `yunzhan_config` WHERE `id` = 1 LIMIT 1   [ RunTime:0.0000s ]
SQL: SHOW COLUMNS FROM `yunzhan_article` [ RunTime:0.0030s ]
SQL: SELECT * FROM `yunzhan_article` ORDER BY sort asc,create_time desc,id desc LIMIT 7   [ RunTime:0.0000s ]
INFO: [ view_parse ] --START--
INFO: [ template_filter ] --START--
INFO: Run Behavior\ContentReplaceBehavior [ RunTime:0.000000s ]
INFO: [ template_filter ] --END-- [ RunTime:0.000000s ]
SQL: select version() as v; [ RunTime:0.0010s ]
INFO: Run Behavior\ParseTemplateBehavior [ RunTime:0.008000s ]
INFO: [ view_parse ] --END-- [ RunTime:0.008000s ]
INFO: [ view_filter ] --START--
INFO: Run Behavior\WriteHtmlCacheBehavior [ RunTime:0.000000s ]
INFO: [ view_filter ] --END-- [ RunTime:0.000000s ]
INFO: [ app_end ] --START--
INFO: Run Behavior\ShowPageTraceBehavior [ RunTime:0.001000s ]
INFO: [ app_end ] --END-- [ RunTime:0.001000s ]

[ 2017-02-27T17:22:06+08:00 ] 127.0.0.1 /index.php?m=Yunzhansystem&c=Public&a=menu
INFO: [ app_init ] --START--
INFO: Run Behavior\BuildLiteBehavior [ RunTime:0.000000s ]
INFO: [ app_init ] --END-- [ RunTime:0.000000s ]
INFO: [ app_begin ] --START--
INFO: Run Behavior\ReadHtmlCacheBehavior [ RunTime:0.000000s ]
INFO: [ app_begin ] --END-- [ RunTime:0.001000s ]
SQL: SHOW COLUMNS FROM `yunzhan_admin` [ RunTime:0.0030s ]
SQL: SHOW COLUMNS FROM `yunzhan_menu` [ RunTime:0.0030s ]
SQL: SELECT * FROM `yunzhan_admin` WHERE `id` = 1 LIMIT 1   [ RunTime:0.0010s ]
NOTIC: [8] Undefined variable: Arr_str D:\xiaochen\2017\2017-02\s-shixiwang\Apps\Yunzhansystem\Controller\PublicController.class.php 第 91 行.
SQL: SELECT * FROM `yunzhan_menu` WHERE ( pid=1 and display=1 ) ORDER BY sort asc,id desc  [ RunTime:0.0000s ]
INFO: [ view_parse ] --START--
INFO: [ template_filter ] --START--
INFO: Run Behavior\ContentReplaceBehavior [ RunTime:0.000000s ]
INFO: [ template_filter ] --END-- [ RunTime:0.000000s ]
SQL: SHOW COLUMNS FROM `yunzhan_menu` [ RunTime:0.0030s ]
SQL: SELECT * FROM `yunzhan_menu` WHERE ( pid=7 and display=1 ) ORDER BY sort asc,id desc  [ RunTime:0.0010s ]
INFO: Run Behavior\ParseTemplateBehavior [ RunTime:0.012001s ]
INFO: [ view_parse ] --END-- [ RunTime:0.012001s ]
INFO: [ view_filter ] --START--
INFO: Run Behavior\WriteHtmlCacheBehavior [ RunTime:0.001000s ]
INFO: [ view_filter ] --END-- [ RunTime:0.001000s ]
INFO: [ app_end ] --START--
INFO: Run Behavior\ShowPageTraceBehavior [ RunTime:0.000000s ]
INFO: [ app_end ] --END-- [ RunTime:0.000000s ]

[ 2017-02-27T17:22:07+08:00 ] 127.0.0.1 /index.php?m=Yunzhansystem&c=Index&a=index
INFO: [ app_init ] --START--
INFO: Run Behavior\BuildLiteBehavior [ RunTime:0.000000s ]
INFO: [ app_init ] --END-- [ RunTime:0.000000s ]
INFO: [ app_begin ] --START--
INFO: Run Behavior\ReadHtmlCacheBehavior [ RunTime:0.001000s ]
INFO: [ app_begin ] --END-- [ RunTime:0.001000s ]
SQL: SHOW COLUMNS FROM `yunzhan_menu` [ RunTime:0.0030s ]
SQL: SELECT * FROM `yunzhan_menu` WHERE ( pid=0 and display=1  ) ORDER BY sort asc,id asc  [ RunTime:0.0000s ]
INFO: [ view_parse ] --START--
INFO: [ template_filter ] --START--
INFO: Run Behavior\ContentReplaceBehavior [ RunTime:0.000000s ]
INFO: [ template_filter ] --END-- [ RunTime:0.001000s ]
INFO: Run Behavior\ParseTemplateBehavior [ RunTime:0.008000s ]
INFO: [ view_parse ] --END-- [ RunTime:0.009000s ]
INFO: [ view_filter ] --START--
INFO: Run Behavior\WriteHtmlCacheBehavior [ RunTime:0.001000s ]
INFO: [ view_filter ] --END-- [ RunTime:0.001000s ]
INFO: [ app_end ] --START--
INFO: Run Behavior\ShowPageTraceBehavior [ RunTime:0.001000s ]
INFO: [ app_end ] --END-- [ RunTime:0.001000s ]

[ 2017-02-27T17:22:07+08:00 ] 127.0.0.1 /index.php?m=Yunzhansystem&c=Index&a=indexs
INFO: [ app_init ] --START--
INFO: Run Behavior\BuildLiteBehavior [ RunTime:0.000000s ]
INFO: [ app_init ] --END-- [ RunTime:0.000000s ]
INFO: [ app_begin ] --START--
INFO: Run Behavior\ReadHtmlCacheBehavior [ RunTime:0.000000s ]
INFO: [ app_begin ] --END-- [ RunTime:0.000000s ]
SQL: SHOW COLUMNS FROM `yunzhan_config` [ RunTime:0.0040s ]
SQL: SELECT * FROM `yunzhan_config` WHERE `id` = 1 LIMIT 1   [ RunTime:0.0000s ]
SQL: SHOW COLUMNS FROM `yunzhan_article` [ RunTime:0.0040s ]
SQL: SELECT * FROM `yunzhan_article` ORDER BY sort asc,create_time desc,id desc LIMIT 7   [ RunTime:0.0000s ]
INFO: [ view_parse ] --START--
INFO: [ template_filter ] --START--
INFO: Run Behavior\ContentReplaceBehavior [ RunTime:0.000000s ]
INFO: [ template_filter ] --END-- [ RunTime:0.000000s ]
SQL: select version() as v; [ RunTime:0.0000s ]
INFO: Run Behavior\ParseTemplateBehavior [ RunTime:0.007000s ]
INFO: [ view_parse ] --END-- [ RunTime:0.007000s ]
INFO: [ view_filter ] --START--
INFO: Run Behavior\WriteHtmlCacheBehavior [ RunTime:0.001000s ]
INFO: [ view_filter ] --END-- [ RunTime:0.001000s ]
INFO: [ app_end ] --START--
INFO: Run Behavior\ShowPageTraceBehavior [ RunTime:0.001000s ]
INFO: [ app_end ] --END-- [ RunTime:0.001000s ]

[ 2017-02-27T17:22:07+08:00 ] 127.0.0.1 /index.php?m=Yunzhansystem&c=Public&a=menu
INFO: [ app_init ] --START--
INFO: Run Behavior\BuildLiteBehavior [ RunTime:0.000000s ]
INFO: [ app_init ] --END-- [ RunTime:0.000000s ]
INFO: [ app_begin ] --START--
INFO: Run Behavior\ReadHtmlCacheBehavior [ RunTime:0.001000s ]
INFO: [ app_begin ] --END-- [ RunTime:0.001000s ]
SQL: SHOW COLUMNS FROM `yunzhan_admin` [ RunTime:0.0040s ]
SQL: SHOW COLUMNS FROM `yunzhan_menu` [ RunTime:0.0030s ]
SQL: SELECT * FROM `yunzhan_admin` WHERE `id` = 1 LIMIT 1   [ RunTime:0.0010s ]
NOTIC: [8] Undefined variable: Arr_str D:\xiaochen\2017\2017-02\s-shixiwang\Apps\Yunzhansystem\Controller\PublicController.class.php 第 91 行.
SQL: SELECT * FROM `yunzhan_menu` WHERE ( pid=1 and display=1 ) ORDER BY sort asc,id desc  [ RunTime:0.0000s ]
INFO: [ view_parse ] --START--
INFO: [ template_filter ] --START--
INFO: Run Behavior\ContentReplaceBehavior [ RunTime:0.000000s ]
INFO: [ template_filter ] --END-- [ RunTime:0.000000s ]
SQL: SHOW COLUMNS FROM `yunzhan_menu` [ RunTime:0.0040s ]
SQL: SELECT * FROM `yunzhan_menu` WHERE ( pid=7 and display=1 ) ORDER BY sort asc,id desc  [ RunTime:0.0000s ]
INFO: Run Behavior\ParseTemplateBehavior [ RunTime:0.011001s ]
INFO: [ view_parse ] --END-- [ RunTime:0.012001s ]
INFO: [ view_filter ] --START--
INFO: Run Behavior\WriteHtmlCacheBehavior [ RunTime:0.001000s ]
INFO: [ view_filter ] --END-- [ RunTime:0.001000s ]
INFO: [ app_end ] --START--
INFO: Run Behavior\ShowPageTraceBehavior [ RunTime:0.001000s ]
INFO: [ app_end ] --END-- [ RunTime:0.001000s ]

