[ 2017-03-03T09:29:49+08:00 ] 39.155.185.30 /index.php?m=Yunzhansystem&c=Index&a=index
INFO: [ app_init ] --START--
INFO: Run Behavior\BuildLiteBehavior [ RunTime:0.000016s ]
INFO: [ app_init ] --END-- [ RunTime:0.000391s ]
INFO: [ app_begin ] --START--
INFO: Run Behavior\ReadHtmlCacheBehavior [ RunTime:0.000444s ]
INFO: [ app_begin ] --END-- [ RunTime:0.000522s ]
SQL: SHOW COLUMNS FROM `yunzhan_menu` [ RunTime:0.0010s ]
SQL: SELECT * FROM `yunzhan_menu` WHERE ( pid=0 and display=1  ) ORDER BY sort asc,id asc  [ RunTime:0.0004s ]
INFO: [ view_parse ] --START--
INFO: [ template_filter ] --START--
INFO: Run Behavior\ContentReplaceBehavior [ RunTime:0.000062s ]
INFO: [ template_filter ] --END-- [ RunTime:0.000126s ]
INFO: Run Behavior\ParseTemplateBehavior [ RunTime:0.029989s ]
INFO: [ view_parse ] --END-- [ RunTime:0.030056s ]
INFO: [ view_filter ] --START--
INFO: Run Behavior\WriteHtmlCacheBehavior [ RunTime:0.000213s ]
INFO: [ view_filter ] --END-- [ RunTime:0.000247s ]
INFO: [ app_end ] --START--
INFO: Run Behavior\ShowPageTraceBehavior [ RunTime:0.000484s ]
INFO: [ app_end ] --END-- [ RunTime:0.000529s ]

[ 2017-03-03T09:29:49+08:00 ] 39.155.185.30 /index.php?m=Yunzhansystem&c=Public&a=login
INFO: [ app_init ] --START--
INFO: Run Behavior\BuildLiteBehavior [ RunTime:0.000014s ]
INFO: [ app_init ] --END-- [ RunTime:0.000326s ]
INFO: [ app_begin ] --START--
INFO: Run Behavior\ReadHtmlCacheBehavior [ RunTime:0.000423s ]
INFO: [ app_begin ] --END-- [ RunTime:0.000488s ]
SQL: SHOW COLUMNS FROM `yunzhan_admin` [ RunTime:0.0010s ]
SQL: SHOW COLUMNS FROM `yunzhan_menu` [ RunTime:0.0005s ]
INFO: [ view_parse ] --START--
INFO: [ template_filter ] --START--
INFO: Run Behavior\ContentReplaceBehavior [ RunTime:0.000048s ]
INFO: [ template_filter ] --END-- [ RunTime:0.000092s ]
INFO: Run Behavior\ParseTemplateBehavior [ RunTime:0.017894s ]
INFO: [ view_parse ] --END-- [ RunTime:0.017946s ]
INFO: [ view_filter ] --START--
INFO: Run Behavior\WriteHtmlCacheBehavior [ RunTime:0.000198s ]
INFO: [ view_filter ] --END-- [ RunTime:0.000231s ]
INFO: [ app_end ] --START--
INFO: Run Behavior\ShowPageTraceBehavior [ RunTime:0.000514s ]
INFO: [ app_end ] --END-- [ RunTime:0.000558s ]

[ 2017-03-03T09:29:49+08:00 ] 39.155.185.30 /index.php?m=Yunzhansystem&c=Public&a=verify
INFO: [ app_init ] --START--
INFO: Run Behavior\BuildLiteBehavior [ RunTime:0.000016s ]
INFO: [ app_init ] --END-- [ RunTime:0.000339s ]
INFO: [ app_begin ] --START--
INFO: Run Behavior\ReadHtmlCacheBehavior [ RunTime:0.000406s ]
INFO: [ app_begin ] --END-- [ RunTime:0.000453s ]
SQL: SHOW COLUMNS FROM `yunzhan_admin` [ RunTime:0.0010s ]
SQL: SHOW COLUMNS FROM `yunzhan_menu` [ RunTime:0.0007s ]
INFO: [ app_end ] --START--
INFO: Run Behavior\ShowPageTraceBehavior [ RunTime:0.000529s ]
INFO: [ app_end ] --END-- [ RunTime:0.000600s ]

[ 2017-03-03T09:29:59+08:00 ] 180.153.214.176 /index.php?m=Yunzhansystem&c=Public&a=verify
INFO: [ app_init ] --START--
INFO: Run Behavior\BuildLiteBehavior [ RunTime:0.000017s ]
INFO: [ app_init ] --END-- [ RunTime:0.000346s ]
INFO: [ app_begin ] --START--
INFO: Run Behavior\ReadHtmlCacheBehavior [ RunTime:0.000475s ]
INFO: [ app_begin ] --END-- [ RunTime:0.000522s ]
SQL: SHOW COLUMNS FROM `yunzhan_admin` [ RunTime:0.0014s ]
SQL: SHOW COLUMNS FROM `yunzhan_menu` [ RunTime:0.0007s ]
INFO: [ app_end ] --START--
INFO: Run Behavior\ShowPageTraceBehavior [ RunTime:0.000518s ]
INFO: [ app_end ] --END-- [ RunTime:0.000572s ]

[ 2017-03-03T09:29:59+08:00 ] 101.226.33.200 /index.php?m=Yunzhansystem&c=Index&a=index
INFO: [ app_init ] --START--
INFO: Run Behavior\BuildLiteBehavior [ RunTime:0.000018s ]
INFO: [ app_init ] --END-- [ RunTime:0.000348s ]
INFO: [ app_begin ] --START--
INFO: Run Behavior\ReadHtmlCacheBehavior [ RunTime:0.000440s ]
INFO: [ app_begin ] --END-- [ RunTime:0.000486s ]
SQL: SHOW COLUMNS FROM `yunzhan_menu` [ RunTime:0.0011s ]
SQL: SELECT * FROM `yunzhan_menu` WHERE ( pid=0 and display=1  ) ORDER BY sort asc,id asc  [ RunTime:0.0003s ]
INFO: [ view_parse ] --START--
INFO: [ template_filter ] --START--
INFO: Run Behavior\ContentReplaceBehavior [ RunTime:0.000064s ]
INFO: [ template_filter ] --END-- [ RunTime:0.000107s ]
INFO: Run Behavior\ParseTemplateBehavior [ RunTime:0.009037s ]
INFO: [ view_parse ] --END-- [ RunTime:0.009084s ]
INFO: [ view_filter ] --START--
INFO: Run Behavior\WriteHtmlCacheBehavior [ RunTime:0.000199s ]
INFO: [ view_filter ] --END-- [ RunTime:0.000232s ]
INFO: [ app_end ] --START--
INFO: Run Behavior\ShowPageTraceBehavior [ RunTime:0.000532s ]
INFO: [ app_end ] --END-- [ RunTime:0.000574s ]

[ 2017-03-03T09:29:59+08:00 ] 101.226.33.200 /index.php?m=Yunzhansystem&c=Public&a=login
INFO: [ app_init ] --START--
INFO: Run Behavior\BuildLiteBehavior [ RunTime:0.000016s ]
INFO: [ app_init ] --END-- [ RunTime:0.000354s ]
INFO: [ app_begin ] --START--
INFO: Run Behavior\ReadHtmlCacheBehavior [ RunTime:0.000400s ]
INFO: [ app_begin ] --END-- [ RunTime:0.000446s ]
SQL: SHOW COLUMNS FROM `yunzhan_admin` [ RunTime:0.0009s ]
SQL: SHOW COLUMNS FROM `yunzhan_menu` [ RunTime:0.0008s ]
INFO: [ view_parse ] --START--
INFO: [ template_filter ] --START--
INFO: Run Behavior\ContentReplaceBehavior [ RunTime:0.000047s ]
INFO: [ template_filter ] --END-- [ RunTime:0.000090s ]
INFO: Run Behavior\ParseTemplateBehavior [ RunTime:0.005277s ]
INFO: [ view_parse ] --END-- [ RunTime:0.005340s ]
INFO: [ view_filter ] --START--
INFO: Run Behavior\WriteHtmlCacheBehavior [ RunTime:0.000199s ]
INFO: [ view_filter ] --END-- [ RunTime:0.000231s ]
INFO: [ app_end ] --START--
INFO: Run Behavior\ShowPageTraceBehavior [ RunTime:0.000461s ]
INFO: [ app_end ] --END-- [ RunTime:0.000506s ]

[ 2017-03-03T09:30:02+08:00 ] 39.155.185.30 /index.php?m=Yunzhansystem&c=Public&a=login
INFO: [ app_init ] --START--
INFO: Run Behavior\BuildLiteBehavior [ RunTime:0.000015s ]
INFO: [ app_init ] --END-- [ RunTime:0.000354s ]
INFO: [ app_begin ] --START--
INFO: Run Behavior\ReadHtmlCacheBehavior [ RunTime:0.000400s ]
INFO: [ app_begin ] --END-- [ RunTime:0.000464s ]
SQL: SHOW COLUMNS FROM `yunzhan_admin` [ RunTime:0.0009s ]
SQL: SHOW COLUMNS FROM `yunzhan_menu` [ RunTime:0.0006s ]
SQL: SELECT `id`,`username`,`userpwd`,`status`,`level`,`create_time`,`root`,`last_login_time`,`last_login_ip` FROM `yunzhan_admin` WHERE `username` = 'admin' LIMIT 1   [ RunTime:0.0004s ]
SQL: UPDATE `yunzhan_admin` SET `last_login_time`='1488504602',`last_login_ip`='39.155.185.30' WHERE ( id=1 ) [ RunTime:0.0004s ]

[ 2017-03-03T09:30:02+08:00 ] 39.155.185.30 /index.php?m=Yunzhansystem&c=Index&a=index
INFO: [ app_init ] --START--
INFO: Run Behavior\BuildLiteBehavior [ RunTime:0.000018s ]
INFO: [ app_init ] --END-- [ RunTime:0.000466s ]
INFO: [ app_begin ] --START--
INFO: Run Behavior\ReadHtmlCacheBehavior [ RunTime:0.000613s ]
INFO: [ app_begin ] --END-- [ RunTime:0.000693s ]
SQL: SHOW COLUMNS FROM `yunzhan_menu` [ RunTime:0.0009s ]
SQL: SELECT * FROM `yunzhan_menu` WHERE ( pid=0 and display=1  ) ORDER BY sort asc,id asc  [ RunTime:0.0003s ]
INFO: [ view_parse ] --START--
INFO: [ template_filter ] --START--
INFO: Run Behavior\ContentReplaceBehavior [ RunTime:0.000056s ]
INFO: [ template_filter ] --END-- [ RunTime:0.000094s ]
INFO: Run Behavior\ParseTemplateBehavior [ RunTime:0.007329s ]
INFO: [ view_parse ] --END-- [ RunTime:0.007381s ]
INFO: [ view_filter ] --START--
INFO: Run Behavior\WriteHtmlCacheBehavior [ RunTime:0.000191s ]
INFO: [ view_filter ] --END-- [ RunTime:0.000223s ]
INFO: [ app_end ] --START--
INFO: Run Behavior\ShowPageTraceBehavior [ RunTime:0.000465s ]
INFO: [ app_end ] --END-- [ RunTime:0.000510s ]

[ 2017-03-03T09:30:03+08:00 ] 39.155.185.30 /index.php?m=Yunzhansystem&c=Index&a=indexs
INFO: [ app_init ] --START--
INFO: Run Behavior\BuildLiteBehavior [ RunTime:0.000018s ]
INFO: [ app_init ] --END-- [ RunTime:0.000405s ]
INFO: [ app_begin ] --START--
INFO: Run Behavior\ReadHtmlCacheBehavior [ RunTime:0.000402s ]
INFO: [ app_begin ] --END-- [ RunTime:0.000449s ]
SQL: SHOW COLUMNS FROM `yunzhan_config` [ RunTime:0.0009s ]
SQL: SELECT * FROM `yunzhan_config` WHERE `id` = 1 LIMIT 1   [ RunTime:0.0003s ]
SQL: SHOW COLUMNS FROM `yunzhan_article` [ RunTime:0.0006s ]
SQL: SELECT * FROM `yunzhan_article` ORDER BY sort asc,create_time desc,id desc LIMIT 7   [ RunTime:0.0010s ]
INFO: [ view_parse ] --START--
INFO: [ template_filter ] --START--
INFO: Run Behavior\ContentReplaceBehavior [ RunTime:0.000052s ]
INFO: [ template_filter ] --END-- [ RunTime:0.000108s ]
SQL: select version() as v; [ RunTime:0.0005s ]
INFO: Run Behavior\ParseTemplateBehavior [ RunTime:0.025619s ]
INFO: [ view_parse ] --END-- [ RunTime:0.025708s ]
INFO: [ view_filter ] --START--
INFO: Run Behavior\WriteHtmlCacheBehavior [ RunTime:0.000199s ]
INFO: [ view_filter ] --END-- [ RunTime:0.000231s ]
INFO: [ app_end ] --START--
INFO: Run Behavior\ShowPageTraceBehavior [ RunTime:0.000439s ]
INFO: [ app_end ] --END-- [ RunTime:0.000481s ]

[ 2017-03-03T09:30:03+08:00 ] 39.155.185.30 /index.php?m=Yunzhansystem&c=Public&a=menu
INFO: [ app_init ] --START--
INFO: Run Behavior\BuildLiteBehavior [ RunTime:0.000014s ]
INFO: [ app_init ] --END-- [ RunTime:0.000338s ]
INFO: [ app_begin ] --START--
INFO: Run Behavior\ReadHtmlCacheBehavior [ RunTime:0.000503s ]
INFO: [ app_begin ] --END-- [ RunTime:0.000566s ]
SQL: SHOW COLUMNS FROM `yunzhan_admin` [ RunTime:0.0008s ]
SQL: SHOW COLUMNS FROM `yunzhan_menu` [ RunTime:0.0007s ]
SQL: SELECT * FROM `yunzhan_admin` WHERE `id` = 1 LIMIT 1   [ RunTime:0.0004s ]
NOTIC: [8] Undefined variable: Arr_str /data/home/bxu2344570119/htdocs/Apps/Yunzhansystem/Controller/PublicController.class.php 第 91 行.
SQL: SELECT * FROM `yunzhan_menu` WHERE ( pid=1 and display=1 ) ORDER BY sort asc,id desc  [ RunTime:0.0004s ]
INFO: [ view_parse ] --START--
INFO: [ template_filter ] --START--
INFO: Run Behavior\ContentReplaceBehavior [ RunTime:0.000041s ]
INFO: [ template_filter ] --END-- [ RunTime:0.000084s ]
SQL: SHOW COLUMNS FROM `yunzhan_menu` [ RunTime:0.0009s ]
SQL: SELECT * FROM `yunzhan_menu` WHERE ( pid=7 and display=1 ) ORDER BY sort asc,id desc  [ RunTime:0.0004s ]
INFO: Run Behavior\ParseTemplateBehavior [ RunTime:0.010877s ]
INFO: [ view_parse ] --END-- [ RunTime:0.010918s ]
INFO: [ view_filter ] --START--
INFO: Run Behavior\WriteHtmlCacheBehavior [ RunTime:0.000201s ]
INFO: [ view_filter ] --END-- [ RunTime:0.000230s ]
INFO: [ app_end ] --START--
INFO: Run Behavior\ShowPageTraceBehavior [ RunTime:0.000444s ]
INFO: [ app_end ] --END-- [ RunTime:0.000486s ]

[ 2017-03-03T09:30:06+08:00 ] 39.155.185.30 /index.php?m=Yunzhansystem&c=Public&a=menu&mid=4
INFO: [ app_init ] --START--
INFO: Run Behavior\BuildLiteBehavior [ RunTime:0.000015s ]
INFO: [ app_init ] --END-- [ RunTime:0.000334s ]
INFO: [ app_begin ] --START--
INFO: Run Behavior\ReadHtmlCacheBehavior [ RunTime:0.000396s ]
INFO: [ app_begin ] --END-- [ RunTime:0.000459s ]
SQL: SHOW COLUMNS FROM `yunzhan_admin` [ RunTime:0.0009s ]
SQL: SHOW COLUMNS FROM `yunzhan_menu` [ RunTime:0.0062s ]
SQL: SELECT * FROM `yunzhan_admin` WHERE `id` = 1 LIMIT 1   [ RunTime:0.0003s ]
NOTIC: [8] Undefined variable: Arr_str /data/home/bxu2344570119/htdocs/Apps/Yunzhansystem/Controller/PublicController.class.php 第 91 行.
SQL: SELECT * FROM `yunzhan_menu` WHERE ( pid=4 and display=1 ) ORDER BY sort asc,id desc  [ RunTime:0.0005s ]
INFO: [ view_parse ] --START--
INFO: [ template_filter ] --START--
INFO: Run Behavior\ContentReplaceBehavior [ RunTime:0.000039s ]
INFO: [ template_filter ] --END-- [ RunTime:0.000080s ]
SQL: SHOW COLUMNS FROM `yunzhan_menu` [ RunTime:0.0010s ]
SQL: SELECT * FROM `yunzhan_menu` WHERE ( pid=20 and display=1 ) ORDER BY sort asc,id desc  [ RunTime:0.0005s ]
SQL: SELECT * FROM `yunzhan_menu` WHERE ( pid=26 and display=1 ) ORDER BY sort asc,id desc  [ RunTime:0.0004s ]
INFO: Run Behavior\ParseTemplateBehavior [ RunTime:0.009019s ]
INFO: [ view_parse ] --END-- [ RunTime:0.009063s ]
INFO: [ view_filter ] --START--
INFO: Run Behavior\WriteHtmlCacheBehavior [ RunTime:0.000206s ]
INFO: [ view_filter ] --END-- [ RunTime:0.000237s ]
INFO: [ app_end ] --START--
INFO: Run Behavior\ShowPageTraceBehavior [ RunTime:0.000472s ]
INFO: [ app_end ] --END-- [ RunTime:0.000514s ]

[ 2017-03-03T09:30:08+08:00 ] 39.155.185.30 /index.php?m=Yunzhansystem&c=Adstype&a=index
INFO: [ app_init ] --START--
INFO: Run Behavior\BuildLiteBehavior [ RunTime:0.000013s ]
INFO: [ app_init ] --END-- [ RunTime:0.000311s ]
INFO: [ app_begin ] --START--
INFO: Run Behavior\ReadHtmlCacheBehavior [ RunTime:0.000420s ]
INFO: [ app_begin ] --END-- [ RunTime:0.000482s ]
SQL: SHOW COLUMNS FROM `yunzhan_adstype` [ RunTime:0.0011s ]
SQL: SHOW COLUMNS FROM `yunzhan_ads` [ RunTime:0.0006s ]
SQL: SELECT COUNT(*) AS tp_count FROM `yunzhan_adstype` WHERE ( 1=1  ) LIMIT 1   [ RunTime:0.0003s ]
SQL: SELECT * FROM `yunzhan_adstype` WHERE ( 1=1  ) ORDER BY sort asc,id desc LIMIT 0,25   [ RunTime:0.0004s ]
SQL: SHOW COLUMNS FROM `yunzhan_adstype` [ RunTime:0.0005s ]
SQL: SELECT COUNT(*) AS tp_count FROM `yunzhan_adstype` LIMIT 1   [ RunTime:0.0003s ]
INFO: [ view_parse ] --START--
INFO: [ template_filter ] --START--
INFO: Run Behavior\ContentReplaceBehavior [ RunTime:0.000047s ]
INFO: [ template_filter ] --END-- [ RunTime:0.000092s ]
NOTIC: [8] Undefined variable: session_system_level /data/home/bxu2344570119/htdocs/Apps/Runtime/Cache/Yunzhansystem/d93ff9b9c7fa58ca67b76e7a3db369a2.php 第 21 行.
SQL: SHOW COLUMNS FROM `yunzhan_ads` [ RunTime:0.0008s ]
SQL: SELECT COUNT(*) AS tp_count FROM `yunzhan_ads` WHERE ( catid=3 ) LIMIT 1   [ RunTime:0.0003s ]
SQL: SELECT COUNT(*) AS tp_count FROM `yunzhan_ads` WHERE ( catid=2 ) LIMIT 1   [ RunTime:0.0003s ]
SQL: SELECT COUNT(*) AS tp_count FROM `yunzhan_ads` WHERE ( catid=1 ) LIMIT 1   [ RunTime:0.0003s ]
INFO: Run Behavior\ParseTemplateBehavior [ RunTime:0.021043s ]
INFO: [ view_parse ] --END-- [ RunTime:0.021101s ]
INFO: [ view_filter ] --START--
INFO: Run Behavior\WriteHtmlCacheBehavior [ RunTime:0.000233s ]
INFO: [ view_filter ] --END-- [ RunTime:0.000266s ]
INFO: [ app_end ] --START--
INFO: Run Behavior\ShowPageTraceBehavior [ RunTime:0.000452s ]
INFO: [ app_end ] --END-- [ RunTime:0.000496s ]

[ 2017-03-03T09:30:13+08:00 ] 180.153.214.192 /index.php?m=Yunzhansystem&c=Index&a=indexs
INFO: [ app_init ] --START--
INFO: Run Behavior\BuildLiteBehavior [ RunTime:0.000016s ]
INFO: [ app_init ] --END-- [ RunTime:0.000353s ]
INFO: [ app_begin ] --START--
INFO: Run Behavior\ReadHtmlCacheBehavior [ RunTime:0.000408s ]
INFO: [ app_begin ] --END-- [ RunTime:0.000454s ]
SQL: SHOW COLUMNS FROM `yunzhan_config` [ RunTime:0.0007s ]
SQL: SELECT * FROM `yunzhan_config` WHERE `id` = 1 LIMIT 1   [ RunTime:0.0003s ]
SQL: SHOW COLUMNS FROM `yunzhan_article` [ RunTime:0.0006s ]
SQL: SELECT * FROM `yunzhan_article` ORDER BY sort asc,create_time desc,id desc LIMIT 7   [ RunTime:0.0009s ]
INFO: [ view_parse ] --START--
INFO: [ template_filter ] --START--
INFO: Run Behavior\ContentReplaceBehavior [ RunTime:0.000047s ]
INFO: [ template_filter ] --END-- [ RunTime:0.000090s ]
SQL: select version() as v; [ RunTime:0.0003s ]
INFO: Run Behavior\ParseTemplateBehavior [ RunTime:0.006837s ]
INFO: [ view_parse ] --END-- [ RunTime:0.006877s ]
INFO: [ view_filter ] --START--
INFO: Run Behavior\WriteHtmlCacheBehavior [ RunTime:0.000234s ]
INFO: [ view_filter ] --END-- [ RunTime:0.000268s ]
INFO: [ app_end ] --START--
INFO: Run Behavior\ShowPageTraceBehavior [ RunTime:0.000521s ]
INFO: [ app_end ] --END-- [ RunTime:0.000561s ]

[ 2017-03-03T09:30:13+08:00 ] 101.226.66.181 /index.php?m=Yunzhansystem&c=Public&a=menu
INFO: [ app_init ] --START--
INFO: Run Behavior\BuildLiteBehavior [ RunTime:0.000013s ]
INFO: [ app_init ] --END-- [ RunTime:0.000319s ]
INFO: [ app_begin ] --START--
INFO: Run Behavior\ReadHtmlCacheBehavior [ RunTime:0.000750s ]
INFO: [ app_begin ] --END-- [ RunTime:0.000797s ]
SQL: SHOW COLUMNS FROM `yunzhan_admin` [ RunTime:0.0006s ]
SQL: SHOW COLUMNS FROM `yunzhan_menu` [ RunTime:0.0006s ]
SQL: SELECT * FROM `yunzhan_admin` LIMIT 1   [ RunTime:0.0004s ]
NOTIC: [8] Undefined variable: Arr_str /data/home/bxu2344570119/htdocs/Apps/Yunzhansystem/Controller/PublicController.class.php 第 91 行.
SQL: SELECT * FROM `yunzhan_menu` WHERE ( pid=1 and display=1 ) ORDER BY sort asc,id desc  [ RunTime:0.0003s ]
INFO: [ view_parse ] --START--
INFO: [ template_filter ] --START--
INFO: Run Behavior\ContentReplaceBehavior [ RunTime:0.000042s ]
INFO: [ template_filter ] --END-- [ RunTime:0.000088s ]
SQL: SHOW COLUMNS FROM `yunzhan_menu` [ RunTime:0.0006s ]
SQL: SELECT * FROM `yunzhan_menu` WHERE ( pid=7 and display=1 ) ORDER BY sort asc,id desc  [ RunTime:0.0003s ]
INFO: Run Behavior\ParseTemplateBehavior [ RunTime:0.007695s ]
INFO: [ view_parse ] --END-- [ RunTime:0.007740s ]
INFO: [ view_filter ] --START--
INFO: Run Behavior\WriteHtmlCacheBehavior [ RunTime:0.000233s ]
INFO: [ view_filter ] --END-- [ RunTime:0.000268s ]
INFO: [ app_end ] --START--
INFO: Run Behavior\ShowPageTraceBehavior [ RunTime:0.000485s ]
INFO: [ app_end ] --END-- [ RunTime:0.000529s ]

[ 2017-03-03T09:30:13+08:00 ] 180.153.214.192 /index.php?m=Yunzhansystem&c=Public&a=login
INFO: [ app_init ] --START--
INFO: Run Behavior\BuildLiteBehavior [ RunTime:0.000015s ]
INFO: [ app_init ] --END-- [ RunTime:0.000357s ]
INFO: [ app_begin ] --START--
INFO: Run Behavior\ReadHtmlCacheBehavior [ RunTime:0.000430s ]
INFO: [ app_begin ] --END-- [ RunTime:0.000527s ]
SQL: SHOW COLUMNS FROM `yunzhan_admin` [ RunTime:0.0008s ]
SQL: SHOW COLUMNS FROM `yunzhan_menu` [ RunTime:0.0006s ]
INFO: [ view_parse ] --START--
INFO: [ template_filter ] --START--
INFO: Run Behavior\ContentReplaceBehavior [ RunTime:0.000043s ]
INFO: [ template_filter ] --END-- [ RunTime:0.000088s ]
INFO: Run Behavior\ParseTemplateBehavior [ RunTime:0.005248s ]
INFO: [ view_parse ] --END-- [ RunTime:0.005292s ]
INFO: [ view_filter ] --START--
INFO: Run Behavior\WriteHtmlCacheBehavior [ RunTime:0.000193s ]
INFO: [ view_filter ] --END-- [ RunTime:0.000245s ]
INFO: [ app_end ] --START--
INFO: Run Behavior\ShowPageTraceBehavior [ RunTime:0.000429s ]
INFO: [ app_end ] --END-- [ RunTime:0.000472s ]

[ 2017-03-03T09:30:16+08:00 ] 101.226.65.107 /index.php?m=Yunzhansystem&c=Public&a=menu&mid=4
INFO: [ app_init ] --START--
INFO: Run Behavior\BuildLiteBehavior [ RunTime:0.000015s ]
INFO: [ app_init ] --END-- [ RunTime:0.000338s ]
INFO: [ app_begin ] --START--
INFO: Run Behavior\ReadHtmlCacheBehavior [ RunTime:0.000597s ]
INFO: [ app_begin ] --END-- [ RunTime:0.000670s ]
SQL: SHOW COLUMNS FROM `yunzhan_admin` [ RunTime:0.0009s ]
SQL: SHOW COLUMNS FROM `yunzhan_menu` [ RunTime:0.0006s ]
SQL: SELECT * FROM `yunzhan_admin` LIMIT 1   [ RunTime:0.0004s ]
NOTIC: [8] Undefined variable: Arr_str /data/home/bxu2344570119/htdocs/Apps/Yunzhansystem/Controller/PublicController.class.php 第 91 行.
SQL: SELECT * FROM `yunzhan_menu` WHERE ( pid=4 and display=1 ) ORDER BY sort asc,id desc  [ RunTime:0.0006s ]
INFO: [ view_parse ] --START--
INFO: [ template_filter ] --START--
INFO: Run Behavior\ContentReplaceBehavior [ RunTime:0.000039s ]
INFO: [ template_filter ] --END-- [ RunTime:0.000082s ]
SQL: SHOW COLUMNS FROM `yunzhan_menu` [ RunTime:0.0006s ]
SQL: SELECT * FROM `yunzhan_menu` WHERE ( pid=20 and display=1 ) ORDER BY sort asc,id desc  [ RunTime:0.0003s ]
SQL: SELECT * FROM `yunzhan_menu` WHERE ( pid=26 and display=1 ) ORDER BY sort asc,id desc  [ RunTime:0.0003s ]
INFO: Run Behavior\ParseTemplateBehavior [ RunTime:0.011077s ]
INFO: [ view_parse ] --END-- [ RunTime:0.011153s ]
INFO: [ view_filter ] --START--
INFO: Run Behavior\WriteHtmlCacheBehavior [ RunTime:0.000241s ]
INFO: [ view_filter ] --END-- [ RunTime:0.000286s ]
INFO: [ app_end ] --START--
INFO: Run Behavior\ShowPageTraceBehavior [ RunTime:0.000468s ]
INFO: [ app_end ] --END-- [ RunTime:0.000521s ]

[ 2017-03-03T09:30:18+08:00 ] 101.226.66.191 /index.php?m=Yunzhansystem&c=Adstype&a=index
INFO: [ app_init ] --START--
INFO: Run Behavior\BuildLiteBehavior [ RunTime:0.000014s ]
INFO: [ app_init ] --END-- [ RunTime:0.000312s ]
INFO: [ app_begin ] --START--
INFO: Run Behavior\ReadHtmlCacheBehavior [ RunTime:0.000400s ]
INFO: [ app_begin ] --END-- [ RunTime:0.000446s ]
SQL: SHOW COLUMNS FROM `yunzhan_adstype` [ RunTime:0.0008s ]
SQL: SHOW COLUMNS FROM `yunzhan_ads` [ RunTime:0.0008s ]
SQL: SELECT COUNT(*) AS tp_count FROM `yunzhan_adstype` WHERE ( 1=1  ) LIMIT 1   [ RunTime:0.0003s ]
SQL: SELECT * FROM `yunzhan_adstype` WHERE ( 1=1  ) ORDER BY sort asc,id desc LIMIT 0,25   [ RunTime:0.0003s ]
SQL: SHOW COLUMNS FROM `yunzhan_adstype` [ RunTime:0.0005s ]
SQL: SELECT COUNT(*) AS tp_count FROM `yunzhan_adstype` LIMIT 1   [ RunTime:0.0003s ]
INFO: [ view_parse ] --START--
INFO: [ template_filter ] --START--
INFO: Run Behavior\ContentReplaceBehavior [ RunTime:0.000052s ]
INFO: [ template_filter ] --END-- [ RunTime:0.000097s ]
NOTIC: [8] Undefined variable: session_system_level /data/home/bxu2344570119/htdocs/Apps/Runtime/Cache/Yunzhansystem/d93ff9b9c7fa58ca67b76e7a3db369a2.php 第 21 行.
SQL: SHOW COLUMNS FROM `yunzhan_ads` [ RunTime:0.0007s ]
SQL: SELECT COUNT(*) AS tp_count FROM `yunzhan_ads` WHERE ( catid=3 ) LIMIT 1   [ RunTime:0.0003s ]
SQL: SELECT COUNT(*) AS tp_count FROM `yunzhan_ads` WHERE ( catid=2 ) LIMIT 1   [ RunTime:0.0003s ]
SQL: SELECT COUNT(*) AS tp_count FROM `yunzhan_ads` WHERE ( catid=1 ) LIMIT 1   [ RunTime:0.0003s ]
INFO: Run Behavior\ParseTemplateBehavior [ RunTime:0.009900s ]
INFO: [ view_parse ] --END-- [ RunTime:0.009944s ]
INFO: [ view_filter ] --START--
INFO: Run Behavior\WriteHtmlCacheBehavior [ RunTime:0.000198s ]
INFO: [ view_filter ] --END-- [ RunTime:0.000231s ]
INFO: [ app_end ] --START--
INFO: Run Behavior\ShowPageTraceBehavior [ RunTime:0.000509s ]
INFO: [ app_end ] --END-- [ RunTime:0.000571s ]

[ 2017-03-03T09:30:18+08:00 ] 101.226.66.191 /index.php?m=Yunzhansystem&c=Public&a=login
INFO: [ app_init ] --START--
INFO: Run Behavior\BuildLiteBehavior [ RunTime:0.000015s ]
INFO: [ app_init ] --END-- [ RunTime:0.000331s ]
INFO: [ app_begin ] --START--
INFO: Run Behavior\ReadHtmlCacheBehavior [ RunTime:0.000441s ]
INFO: [ app_begin ] --END-- [ RunTime:0.000525s ]
SQL: SHOW COLUMNS FROM `yunzhan_admin` [ RunTime:0.0008s ]
SQL: SHOW COLUMNS FROM `yunzhan_menu` [ RunTime:0.0006s ]
INFO: [ view_parse ] --START--
INFO: [ template_filter ] --START--
INFO: Run Behavior\ContentReplaceBehavior [ RunTime:0.000044s ]
INFO: [ template_filter ] --END-- [ RunTime:0.000090s ]
INFO: Run Behavior\ParseTemplateBehavior [ RunTime:0.005439s ]
INFO: [ view_parse ] --END-- [ RunTime:0.005484s ]
INFO: [ view_filter ] --START--
INFO: Run Behavior\WriteHtmlCacheBehavior [ RunTime:0.000271s ]
INFO: [ view_filter ] --END-- [ RunTime:0.000304s ]
INFO: [ app_end ] --START--
INFO: Run Behavior\ShowPageTraceBehavior [ RunTime:0.000490s ]
INFO: [ app_end ] --END-- [ RunTime:0.000536s ]

[ 2017-03-03T09:30:34+08:00 ] 39.155.185.30 /index.php?m=Yunzhansystem&c=Public&a=menu&mid=3
INFO: [ app_init ] --START--
INFO: Run Behavior\BuildLiteBehavior [ RunTime:0.000015s ]
INFO: [ app_init ] --END-- [ RunTime:0.000355s ]
INFO: [ app_begin ] --START--
INFO: Run Behavior\ReadHtmlCacheBehavior [ RunTime:0.000409s ]
INFO: [ app_begin ] --END-- [ RunTime:0.000472s ]
SQL: SHOW COLUMNS FROM `yunzhan_admin` [ RunTime:0.0007s ]
SQL: SHOW COLUMNS FROM `yunzhan_menu` [ RunTime:0.0005s ]
SQL: SELECT * FROM `yunzhan_admin` WHERE `id` = 1 LIMIT 1   [ RunTime:0.0002s ]
NOTIC: [8] Undefined variable: Arr_str /data/home/bxu2344570119/htdocs/Apps/Yunzhansystem/Controller/PublicController.class.php 第 91 行.
SQL: SELECT * FROM `yunzhan_menu` WHERE ( pid=3 and display=1 ) ORDER BY sort asc,id desc  [ RunTime:0.0004s ]
INFO: [ view_parse ] --START--
INFO: [ template_filter ] --START--
INFO: Run Behavior\ContentReplaceBehavior [ RunTime:0.000040s ]
INFO: [ template_filter ] --END-- [ RunTime:0.000087s ]
SQL: SHOW COLUMNS FROM `yunzhan_menu` [ RunTime:0.0005s ]
SQL: SELECT * FROM `yunzhan_menu` WHERE ( pid=10 and display=1 ) ORDER BY sort asc,id desc  [ RunTime:0.0003s ]
SQL: SELECT * FROM `yunzhan_menu` WHERE ( pid=13 and display=1 ) ORDER BY sort asc,id desc  [ RunTime:0.0004s ]
SQL: SELECT * FROM `yunzhan_menu` WHERE ( pid=16 and display=1 ) ORDER BY sort asc,id desc  [ RunTime:0.0008s ]
INFO: Run Behavior\ParseTemplateBehavior [ RunTime:0.009095s ]
INFO: [ view_parse ] --END-- [ RunTime:0.009137s ]
INFO: [ view_filter ] --START--
INFO: Run Behavior\WriteHtmlCacheBehavior [ RunTime:0.000225s ]
INFO: [ view_filter ] --END-- [ RunTime:0.000256s ]
INFO: [ app_end ] --START--
INFO: Run Behavior\ShowPageTraceBehavior [ RunTime:0.000465s ]
INFO: [ app_end ] --END-- [ RunTime:0.000506s ]

[ 2017-03-03T09:30:36+08:00 ] 39.155.185.30 /index.php?m=Yunzhansystem&c=Article&a=index
INFO: [ app_init ] --START--
INFO: Run Behavior\BuildLiteBehavior [ RunTime:0.000013s ]
INFO: [ app_init ] --END-- [ RunTime:0.000314s ]
INFO: [ app_begin ] --START--
INFO: Run Behavior\ReadHtmlCacheBehavior [ RunTime:0.000416s ]
INFO: [ app_begin ] --END-- [ RunTime:0.000480s ]
SQL: SHOW COLUMNS FROM `yunzhan_article` [ RunTime:0.0010s ]
SQL: SHOW COLUMNS FROM `yunzhan_category` [ RunTime:0.0007s ]
SQL: SELECT COUNT(*) AS tp_count FROM `yunzhan_article` WHERE ( 1=1  ) LIMIT 1   [ RunTime:0.0004s ]
SQL: SELECT * FROM `yunzhan_article` WHERE ( 1=1  ) ORDER BY sort asc,id desc LIMIT 0,15   [ RunTime:0.0015s ]
SQL: SELECT COUNT(*) AS tp_count FROM `yunzhan_article` WHERE ( 1=1  ) LIMIT 1   [ RunTime:0.0003s ]
SQL: SELECT `id`,`pid`,`title`,`type`,`image`,`description`,`setting`,`sort`,`lists_tpl`,`view_tpl`,`is_lower`,`is_delete`,`display`,`nav_display`,`seo_title`,`seo_keyword`,`seo_desc` FROM `yunzhan_category`  [ RunTime:0.0006s ]
INFO: [ view_parse ] --START--
INFO: [ template_filter ] --START--
INFO: Run Behavior\ContentReplaceBehavior [ RunTime:0.000062s ]
INFO: [ template_filter ] --END-- [ RunTime:0.000132s ]
NOTIC: [8] Undefined variable: catename /data/home/bxu2344570119/htdocs/Apps/Runtime/Cache/Yunzhansystem/9e25058e9ac11c0df0e059cc9d90f2be.php 第 76 行.
INFO: Run Behavior\ParseTemplateBehavior [ RunTime:0.017910s ]
INFO: [ view_parse ] --END-- [ RunTime:0.017958s ]
INFO: [ view_filter ] --START--
INFO: Run Behavior\WriteHtmlCacheBehavior [ RunTime:0.000222s ]
INFO: [ view_filter ] --END-- [ RunTime:0.000257s ]
INFO: [ app_end ] --START--
INFO: Run Behavior\ShowPageTraceBehavior [ RunTime:0.000455s ]
INFO: [ app_end ] --END-- [ RunTime:0.000497s ]

[ 2017-03-03T09:30:44+08:00 ] 61.151.226.189 /index.php?m=Yunzhansystem&c=Public&a=menu&mid=3
INFO: [ app_init ] --START--
INFO: Run Behavior\BuildLiteBehavior [ RunTime:0.000017s ]
INFO: [ app_init ] --END-- [ RunTime:0.000347s ]
INFO: [ app_begin ] --START--
INFO: Run Behavior\ReadHtmlCacheBehavior [ RunTime:0.000401s ]
INFO: [ app_begin ] --END-- [ RunTime:0.000448s ]
SQL: SHOW COLUMNS FROM `yunzhan_admin` [ RunTime:0.0008s ]
SQL: SHOW COLUMNS FROM `yunzhan_menu` [ RunTime:0.0005s ]
SQL: SELECT * FROM `yunzhan_admin` LIMIT 1   [ RunTime:0.0003s ]
NOTIC: [8] Undefined variable: Arr_str /data/home/bxu2344570119/htdocs/Apps/Yunzhansystem/Controller/PublicController.class.php 第 91 行.
SQL: SELECT * FROM `yunzhan_menu` WHERE ( pid=3 and display=1 ) ORDER BY sort asc,id desc  [ RunTime:0.0003s ]
INFO: [ view_parse ] --START--
INFO: [ template_filter ] --START--
INFO: Run Behavior\ContentReplaceBehavior [ RunTime:0.000037s ]
INFO: [ template_filter ] --END-- [ RunTime:0.000087s ]
SQL: SHOW COLUMNS FROM `yunzhan_menu` [ RunTime:0.0006s ]
SQL: SELECT * FROM `yunzhan_menu` WHERE ( pid=10 and display=1 ) ORDER BY sort asc,id desc  [ RunTime:0.0003s ]
SQL: SELECT * FROM `yunzhan_menu` WHERE ( pid=13 and display=1 ) ORDER BY sort asc,id desc  [ RunTime:0.0003s ]
SQL: SELECT * FROM `yunzhan_menu` WHERE ( pid=16 and display=1 ) ORDER BY sort asc,id desc  [ RunTime:0.0003s ]
INFO: Run Behavior\ParseTemplateBehavior [ RunTime:0.008432s ]
INFO: [ view_parse ] --END-- [ RunTime:0.008478s ]
INFO: [ view_filter ] --START--
INFO: Run Behavior\WriteHtmlCacheBehavior [ RunTime:0.000201s ]
INFO: [ view_filter ] --END-- [ RunTime:0.000234s ]
INFO: [ app_end ] --START--
INFO: Run Behavior\ShowPageTraceBehavior [ RunTime:0.000451s ]
INFO: [ app_end ] --END-- [ RunTime:0.000494s ]

[ 2017-03-03T09:30:46+08:00 ] 180.153.214.200 /index.php?m=Yunzhansystem&c=Article&a=index
INFO: [ app_init ] --START--
INFO: Run Behavior\BuildLiteBehavior [ RunTime:0.000027s ]
INFO: [ app_init ] --END-- [ RunTime:0.000589s ]
INFO: [ app_begin ] --START--
INFO: Run Behavior\ReadHtmlCacheBehavior [ RunTime:0.000422s ]
INFO: [ app_begin ] --END-- [ RunTime:0.000469s ]
SQL: SHOW COLUMNS FROM `yunzhan_article` [ RunTime:0.0010s ]
SQL: SHOW COLUMNS FROM `yunzhan_category` [ RunTime:0.0006s ]
SQL: SELECT COUNT(*) AS tp_count FROM `yunzhan_article` WHERE ( 1=1  ) LIMIT 1   [ RunTime:0.0003s ]
SQL: SELECT * FROM `yunzhan_article` WHERE ( 1=1  ) ORDER BY sort asc,id desc LIMIT 0,15   [ RunTime:0.0014s ]
SQL: SELECT COUNT(*) AS tp_count FROM `yunzhan_article` WHERE ( 1=1  ) LIMIT 1   [ RunTime:0.0004s ]
SQL: SELECT `id`,`pid`,`title`,`type`,`image`,`description`,`setting`,`sort`,`lists_tpl`,`view_tpl`,`is_lower`,`is_delete`,`display`,`nav_display`,`seo_title`,`seo_keyword`,`seo_desc` FROM `yunzhan_category`  [ RunTime:0.0003s ]
INFO: [ view_parse ] --START--
INFO: [ template_filter ] --START--
INFO: Run Behavior\ContentReplaceBehavior [ RunTime:0.000062s ]
INFO: [ template_filter ] --END-- [ RunTime:0.000106s ]
NOTIC: [8] Undefined variable: catename /data/home/bxu2344570119/htdocs/Apps/Runtime/Cache/Yunzhansystem/9e25058e9ac11c0df0e059cc9d90f2be.php 第 76 行.
INFO: Run Behavior\ParseTemplateBehavior [ RunTime:0.010381s ]
INFO: [ view_parse ] --END-- [ RunTime:0.010423s ]
INFO: [ view_filter ] --START--
INFO: Run Behavior\WriteHtmlCacheBehavior [ RunTime:0.000197s ]
INFO: [ view_filter ] --END-- [ RunTime:0.000231s ]
INFO: [ app_end ] --START--
INFO: Run Behavior\ShowPageTraceBehavior [ RunTime:0.000415s ]
INFO: [ app_end ] --END-- [ RunTime:0.000454s ]

[ 2017-03-03T09:30:46+08:00 ] 180.153.214.200 /index.php?m=Yunzhansystem&c=Public&a=login
INFO: [ app_init ] --START--
INFO: Run Behavior\BuildLiteBehavior [ RunTime:0.000015s ]
INFO: [ app_init ] --END-- [ RunTime:0.000382s ]
INFO: [ app_begin ] --START--
INFO: Run Behavior\ReadHtmlCacheBehavior [ RunTime:0.000396s ]
INFO: [ app_begin ] --END-- [ RunTime:0.000441s ]
SQL: SHOW COLUMNS FROM `yunzhan_admin` [ RunTime:0.0007s ]
SQL: SHOW COLUMNS FROM `yunzhan_menu` [ RunTime:0.0008s ]
INFO: [ view_parse ] --START--
INFO: [ template_filter ] --START--
INFO: Run Behavior\ContentReplaceBehavior [ RunTime:0.000044s ]
INFO: [ template_filter ] --END-- [ RunTime:0.000090s ]
INFO: Run Behavior\ParseTemplateBehavior [ RunTime:0.005436s ]
INFO: [ view_parse ] --END-- [ RunTime:0.005480s ]
INFO: [ view_filter ] --START--
INFO: Run Behavior\WriteHtmlCacheBehavior [ RunTime:0.000193s ]
INFO: [ view_filter ] --END-- [ RunTime:0.000225s ]
INFO: [ app_end ] --START--
INFO: Run Behavior\ShowPageTraceBehavior [ RunTime:0.000889s ]
INFO: [ app_end ] --END-- [ RunTime:0.000940s ]

[ 2017-03-03T09:42:09+08:00 ] 39.155.185.30 /index.php?m=Yunzhansystem&c=Index&a=index
INFO: [ app_init ] --START--
INFO: Run Behavior\BuildLiteBehavior [ RunTime:0.000024s ]
INFO: [ app_init ] --END-- [ RunTime:0.000471s ]
INFO: [ app_begin ] --START--
INFO: Run Behavior\ReadHtmlCacheBehavior [ RunTime:0.000433s ]
INFO: [ app_begin ] --END-- [ RunTime:0.000498s ]
SQL: SHOW COLUMNS FROM `yunzhan_menu` [ RunTime:0.0011s ]
SQL: SELECT * FROM `yunzhan_menu` WHERE ( pid=0 and display=1  ) ORDER BY sort asc,id asc  [ RunTime:0.0005s ]
INFO: [ view_parse ] --START--
INFO: [ template_filter ] --START--
INFO: Run Behavior\ContentReplaceBehavior [ RunTime:0.000078s ]
INFO: [ template_filter ] --END-- [ RunTime:0.000136s ]
INFO: Run Behavior\ParseTemplateBehavior [ RunTime:0.008973s ]
INFO: [ view_parse ] --END-- [ RunTime:0.009035s ]
INFO: [ view_filter ] --START--
INFO: Run Behavior\WriteHtmlCacheBehavior [ RunTime:0.000268s ]
INFO: [ view_filter ] --END-- [ RunTime:0.000319s ]
INFO: [ app_end ] --START--
INFO: Run Behavior\ShowPageTraceBehavior [ RunTime:0.000685s ]
INFO: [ app_end ] --END-- [ RunTime:0.000754s ]

[ 2017-03-03T09:42:10+08:00 ] 39.155.185.30 /index.php?m=Yunzhansystem&c=Index&a=indexs
INFO: [ app_init ] --START--
INFO: Run Behavior\BuildLiteBehavior [ RunTime:0.000015s ]
INFO: [ app_init ] --END-- [ RunTime:0.000340s ]
INFO: [ app_begin ] --START--
INFO: Run Behavior\ReadHtmlCacheBehavior [ RunTime:0.000404s ]
INFO: [ app_begin ] --END-- [ RunTime:0.000468s ]
SQL: SHOW COLUMNS FROM `yunzhan_config` [ RunTime:0.0008s ]
SQL: SELECT * FROM `yunzhan_config` WHERE `id` = 1 LIMIT 1   [ RunTime:0.0003s ]
SQL: SHOW COLUMNS FROM `yunzhan_article` [ RunTime:0.0007s ]
SQL: SELECT * FROM `yunzhan_article` ORDER BY sort asc,create_time desc,id desc LIMIT 7   [ RunTime:0.0011s ]
INFO: [ view_parse ] --START--
INFO: [ template_filter ] --START--
INFO: Run Behavior\ContentReplaceBehavior [ RunTime:0.000045s ]
INFO: [ template_filter ] --END-- [ RunTime:0.000092s ]
SQL: select version() as v; [ RunTime:0.0003s ]
INFO: Run Behavior\ParseTemplateBehavior [ RunTime:0.006725s ]
INFO: [ view_parse ] --END-- [ RunTime:0.006781s ]
INFO: [ view_filter ] --START--
INFO: Run Behavior\WriteHtmlCacheBehavior [ RunTime:0.000195s ]
INFO: [ view_filter ] --END-- [ RunTime:0.000251s ]
INFO: [ app_end ] --START--
INFO: Run Behavior\ShowPageTraceBehavior [ RunTime:0.000426s ]
INFO: [ app_end ] --END-- [ RunTime:0.000466s ]

[ 2017-03-03T09:42:10+08:00 ] 39.155.185.30 /index.php?m=Yunzhansystem&c=Public&a=menu
INFO: [ app_init ] --START--
INFO: Run Behavior\BuildLiteBehavior [ RunTime:0.000018s ]
INFO: [ app_init ] --END-- [ RunTime:0.000393s ]
INFO: [ app_begin ] --START--
INFO: Run Behavior\ReadHtmlCacheBehavior [ RunTime:0.000436s ]
INFO: [ app_begin ] --END-- [ RunTime:0.000480s ]
SQL: SHOW COLUMNS FROM `yunzhan_admin` [ RunTime:0.0010s ]
SQL: SHOW COLUMNS FROM `yunzhan_menu` [ RunTime:0.0005s ]
SQL: SELECT * FROM `yunzhan_admin` WHERE `id` = 1 LIMIT 1   [ RunTime:0.0004s ]
NOTIC: [8] Undefined variable: Arr_str /data/home/bxu2344570119/htdocs/Apps/Yunzhansystem/Controller/PublicController.class.php 第 91 行.
SQL: SELECT * FROM `yunzhan_menu` WHERE ( pid=1 and display=1 ) ORDER BY sort asc,id desc  [ RunTime:0.0004s ]
INFO: [ view_parse ] --START--
INFO: [ template_filter ] --START--
INFO: Run Behavior\ContentReplaceBehavior [ RunTime:0.000035s ]
INFO: [ template_filter ] --END-- [ RunTime:0.000078s ]
SQL: SHOW COLUMNS FROM `yunzhan_menu` [ RunTime:0.0005s ]
SQL: SELECT * FROM `yunzhan_menu` WHERE ( pid=7 and display=1 ) ORDER BY sort asc,id desc  [ RunTime:0.0004s ]
INFO: Run Behavior\ParseTemplateBehavior [ RunTime:0.007497s ]
INFO: [ view_parse ] --END-- [ RunTime:0.007537s ]
INFO: [ view_filter ] --START--
INFO: Run Behavior\WriteHtmlCacheBehavior [ RunTime:0.000225s ]
INFO: [ view_filter ] --END-- [ RunTime:0.000256s ]
INFO: [ app_end ] --START--
INFO: Run Behavior\ShowPageTraceBehavior [ RunTime:0.000447s ]
INFO: [ app_end ] --END-- [ RunTime:0.000490s ]

[ 2017-03-03T10:16:51+08:00 ] 39.155.185.30 /index.php?m=Yunzhansystem&c=Public&a=menu&mid=4
INFO: [ app_init ] --START--
INFO: Run Behavior\BuildLiteBehavior [ RunTime:0.000015s ]
INFO: [ app_init ] --END-- [ RunTime:0.000330s ]
INFO: [ app_begin ] --START--
INFO: Run Behavior\ReadHtmlCacheBehavior [ RunTime:0.000419s ]
INFO: [ app_begin ] --END-- [ RunTime:0.000479s ]
SQL: SHOW COLUMNS FROM `yunzhan_admin` [ RunTime:0.0011s ]
SQL: SHOW COLUMNS FROM `yunzhan_menu` [ RunTime:0.0006s ]
SQL: SELECT * FROM `yunzhan_admin` WHERE `id` = 1 LIMIT 1   [ RunTime:0.0004s ]
NOTIC: [8] Undefined variable: Arr_str /data/home/bxu2344570119/htdocs/Apps/Yunzhansystem/Controller/PublicController.class.php 第 91 行.
SQL: SELECT * FROM `yunzhan_menu` WHERE ( pid=4 and display=1 ) ORDER BY sort asc,id desc  [ RunTime:0.0004s ]
INFO: [ view_parse ] --START--
INFO: [ template_filter ] --START--
INFO: Run Behavior\ContentReplaceBehavior [ RunTime:0.000033s ]
INFO: [ template_filter ] --END-- [ RunTime:0.000071s ]
SQL: SHOW COLUMNS FROM `yunzhan_menu` [ RunTime:0.0007s ]
SQL: SELECT * FROM `yunzhan_menu` WHERE ( pid=20 and display=1 ) ORDER BY sort asc,id desc  [ RunTime:0.0004s ]
SQL: SELECT * FROM `yunzhan_menu` WHERE ( pid=26 and display=1 ) ORDER BY sort asc,id desc  [ RunTime:0.0004s ]
INFO: Run Behavior\ParseTemplateBehavior [ RunTime:0.008028s ]
INFO: [ view_parse ] --END-- [ RunTime:0.008073s ]
INFO: [ view_filter ] --START--
INFO: Run Behavior\WriteHtmlCacheBehavior [ RunTime:0.000226s ]
INFO: [ view_filter ] --END-- [ RunTime:0.000257s ]
INFO: [ app_end ] --START--
INFO: Run Behavior\ShowPageTraceBehavior [ RunTime:0.000423s ]
INFO: [ app_end ] --END-- [ RunTime:0.000464s ]

[ 2017-03-03T10:16:53+08:00 ] 39.155.185.30 /index.php?m=Yunzhansystem&c=Adstype&a=index
INFO: [ app_init ] --START--
INFO: Run Behavior\BuildLiteBehavior [ RunTime:0.000016s ]
INFO: [ app_init ] --END-- [ RunTime:0.000334s ]
INFO: [ app_begin ] --START--
INFO: Run Behavior\ReadHtmlCacheBehavior [ RunTime:0.000423s ]
INFO: [ app_begin ] --END-- [ RunTime:0.000489s ]
SQL: SHOW COLUMNS FROM `yunzhan_adstype` [ RunTime:0.0009s ]
SQL: SHOW COLUMNS FROM `yunzhan_ads` [ RunTime:0.0007s ]
SQL: SELECT COUNT(*) AS tp_count FROM `yunzhan_adstype` WHERE ( 1=1  ) LIMIT 1   [ RunTime:0.0005s ]
SQL: SELECT * FROM `yunzhan_adstype` WHERE ( 1=1  ) ORDER BY sort asc,id desc LIMIT 0,25   [ RunTime:0.0003s ]
SQL: SHOW COLUMNS FROM `yunzhan_adstype` [ RunTime:0.0005s ]
SQL: SELECT COUNT(*) AS tp_count FROM `yunzhan_adstype` LIMIT 1   [ RunTime:0.0003s ]
INFO: [ view_parse ] --START--
INFO: [ template_filter ] --START--
INFO: Run Behavior\ContentReplaceBehavior [ RunTime:0.000048s ]
INFO: [ template_filter ] --END-- [ RunTime:0.000093s ]
NOTIC: [8] Undefined variable: session_system_level /data/home/bxu2344570119/htdocs/Apps/Runtime/Cache/Yunzhansystem/d93ff9b9c7fa58ca67b76e7a3db369a2.php 第 21 行.
SQL: SHOW COLUMNS FROM `yunzhan_ads` [ RunTime:0.0011s ]
SQL: SELECT COUNT(*) AS tp_count FROM `yunzhan_ads` WHERE ( catid=3 ) LIMIT 1   [ RunTime:0.0004s ]
SQL: SELECT COUNT(*) AS tp_count FROM `yunzhan_ads` WHERE ( catid=2 ) LIMIT 1   [ RunTime:0.0005s ]
SQL: SELECT COUNT(*) AS tp_count FROM `yunzhan_ads` WHERE ( catid=1 ) LIMIT 1   [ RunTime:0.0003s ]
INFO: Run Behavior\ParseTemplateBehavior [ RunTime:0.010491s ]
INFO: [ view_parse ] --END-- [ RunTime:0.010534s ]
INFO: [ view_filter ] --START--
INFO: Run Behavior\WriteHtmlCacheBehavior [ RunTime:0.000238s ]
INFO: [ view_filter ] --END-- [ RunTime:0.000272s ]
INFO: [ app_end ] --START--
INFO: Run Behavior\ShowPageTraceBehavior [ RunTime:0.000462s ]
INFO: [ app_end ] --END-- [ RunTime:0.000505s ]

[ 2017-03-03T10:16:55+08:00 ] 39.155.185.30 /index.php?m=Yunzhansystem&c=Ads&a=index&catid=2
INFO: [ app_init ] --START--
INFO: Run Behavior\BuildLiteBehavior [ RunTime:0.000015s ]
INFO: [ app_init ] --END-- [ RunTime:0.000350s ]
INFO: [ app_begin ] --START--
INFO: Run Behavior\ReadHtmlCacheBehavior [ RunTime:0.000400s ]
INFO: [ app_begin ] --END-- [ RunTime:0.000465s ]
SQL: SHOW COLUMNS FROM `yunzhan_ads` [ RunTime:0.0009s ]
SQL: SHOW COLUMNS FROM `yunzhan_adstype` [ RunTime:0.0005s ]
SQL: SELECT * FROM `yunzhan_adstype` WHERE `id` = 2 LIMIT 1   [ RunTime:0.0004s ]
SQL: SELECT COUNT(*) AS tp_count FROM `yunzhan_ads` WHERE ( 1=1  AND catid=2 ) LIMIT 1   [ RunTime:0.0004s ]
SQL: SELECT * FROM `yunzhan_ads` WHERE ( 1=1  AND catid=2 ) ORDER BY sort asc,id desc LIMIT 0,25   [ RunTime:0.0004s ]
SQL: SHOW COLUMNS FROM `yunzhan_ads` [ RunTime:0.0006s ]
SQL: SELECT COUNT(*) AS tp_count FROM `yunzhan_ads` WHERE ( 1=1  AND catid=2 ) LIMIT 1   [ RunTime:0.0002s ]
INFO: [ view_parse ] --START--
INFO: [ template_filter ] --START--
INFO: Run Behavior\ContentReplaceBehavior [ RunTime:0.000046s ]
INFO: [ template_filter ] --END-- [ RunTime:0.000091s ]
SQL: SHOW COLUMNS FROM `yunzhan_adstype` [ RunTime:0.0010s ]
SQL: SELECT * FROM `yunzhan_adstype` WHERE ( id=2 ) LIMIT 1   [ RunTime:0.0005s ]
INFO: Run Behavior\ParseTemplateBehavior [ RunTime:0.038623s ]
INFO: [ view_parse ] --END-- [ RunTime:0.038673s ]
INFO: [ view_filter ] --START--
INFO: Run Behavior\WriteHtmlCacheBehavior [ RunTime:0.000250s ]
INFO: [ view_filter ] --END-- [ RunTime:0.000289s ]
INFO: [ app_end ] --START--
INFO: Run Behavior\ShowPageTraceBehavior [ RunTime:0.000471s ]
INFO: [ app_end ] --END-- [ RunTime:0.000515s ]

[ 2017-03-03T10:16:56+08:00 ] 39.155.185.30 /index.php?m=Yunzhansystem&c=Ads&a=edit&id=3&catid=2
INFO: [ app_init ] --START--
INFO: Run Behavior\BuildLiteBehavior [ RunTime:0.000015s ]
INFO: [ app_init ] --END-- [ RunTime:0.000333s ]
INFO: [ app_begin ] --START--
INFO: Run Behavior\ReadHtmlCacheBehavior [ RunTime:0.000538s ]
INFO: [ app_begin ] --END-- [ RunTime:0.000631s ]
SQL: SHOW COLUMNS FROM `yunzhan_ads` [ RunTime:0.0008s ]
SQL: SHOW COLUMNS FROM `yunzhan_adstype` [ RunTime:0.0007s ]
SQL: SELECT * FROM `yunzhan_ads` WHERE `id` = 3 LIMIT 1   [ RunTime:0.0003s ]
INFO: [ view_parse ] --START--
INFO: [ template_filter ] --START--
INFO: Run Behavior\ContentReplaceBehavior [ RunTime:0.000055s ]
INFO: [ template_filter ] --END-- [ RunTime:0.000092s ]
SQL: SHOW COLUMNS FROM `yunzhan_adstype` [ RunTime:0.0008s ]
SQL: SELECT * FROM `yunzhan_adstype` WHERE ( id=2 ) LIMIT 1   [ RunTime:0.0003s ]
SQL: SELECT * FROM `yunzhan_adstype` WHERE ( id=2 ) LIMIT 1   [ RunTime:0.0002s ]
SQL: SELECT * FROM `yunzhan_adstype` WHERE ( id=2 ) LIMIT 1   [ RunTime:0.0002s ]
INFO: Run Behavior\ParseTemplateBehavior [ RunTime:0.012506s ]
INFO: [ view_parse ] --END-- [ RunTime:0.012546s ]
INFO: [ view_filter ] --START--
INFO: Run Behavior\WriteHtmlCacheBehavior [ RunTime:0.000189s ]
INFO: [ view_filter ] --END-- [ RunTime:0.000223s ]
INFO: [ app_end ] --START--
INFO: Run Behavior\ShowPageTraceBehavior [ RunTime:0.000419s ]
INFO: [ app_end ] --END-- [ RunTime:0.000457s ]

[ 2017-03-03T10:16:58+08:00 ] 39.155.185.30 /index.php?m=Yunzhansystem&c=Tool&a=uploadImage&id=0&imgurl=imgurl
INFO: [ app_init ] --START--
INFO: Run Behavior\BuildLiteBehavior [ RunTime:0.000015s ]
INFO: [ app_init ] --END-- [ RunTime:0.000352s ]
INFO: [ app_begin ] --START--
INFO: Run Behavior\ReadHtmlCacheBehavior [ RunTime:0.000392s ]
INFO: [ app_begin ] --END-- [ RunTime:0.000456s ]
INFO: [ view_parse ] --START--
INFO: [ template_filter ] --START--
INFO: Run Behavior\ContentReplaceBehavior [ RunTime:0.000034s ]
INFO: [ template_filter ] --END-- [ RunTime:0.000084s ]
INFO: Run Behavior\ParseTemplateBehavior [ RunTime:0.018712s ]
INFO: [ view_parse ] --END-- [ RunTime:0.018785s ]
INFO: [ view_filter ] --START--
INFO: Run Behavior\WriteHtmlCacheBehavior [ RunTime:0.000317s ]
INFO: [ view_filter ] --END-- [ RunTime:0.000353s ]
INFO: [ app_end ] --START--
INFO: Run Behavior\ShowPageTraceBehavior [ RunTime:0.000695s ]
INFO: [ app_end ] --END-- [ RunTime:0.000742s ]

[ 2017-03-03T10:17:05+08:00 ] 101.226.33.240 /index.php?m=Yunzhansystem&c=Ads&a=index&catid=2
INFO: [ app_init ] --START--
INFO: Run Behavior\BuildLiteBehavior [ RunTime:0.000019s ]
INFO: [ app_init ] --END-- [ RunTime:0.000365s ]
INFO: [ app_begin ] --START--
INFO: Run Behavior\ReadHtmlCacheBehavior [ RunTime:0.000465s ]
INFO: [ app_begin ] --END-- [ RunTime:0.000532s ]
SQL: SHOW COLUMNS FROM `yunzhan_ads` [ RunTime:0.0012s ]
SQL: SHOW COLUMNS FROM `yunzhan_adstype` [ RunTime:0.0007s ]
SQL: SELECT * FROM `yunzhan_adstype` WHERE `id` = 2 LIMIT 1   [ RunTime:0.0005s ]
SQL: SELECT COUNT(*) AS tp_count FROM `yunzhan_ads` WHERE ( 1=1  AND catid=2 ) LIMIT 1   [ RunTime:0.0004s ]
SQL: SELECT * FROM `yunzhan_ads` WHERE ( 1=1  AND catid=2 ) ORDER BY sort asc,id desc LIMIT 0,25   [ RunTime:0.0004s ]
SQL: SHOW COLUMNS FROM `yunzhan_ads` [ RunTime:0.0007s ]
SQL: SELECT COUNT(*) AS tp_count FROM `yunzhan_ads` WHERE ( 1=1  AND catid=2 ) LIMIT 1   [ RunTime:0.0003s ]
INFO: [ view_parse ] --START--
INFO: [ template_filter ] --START--
INFO: Run Behavior\ContentReplaceBehavior [ RunTime:0.000062s ]
INFO: [ template_filter ] --END-- [ RunTime:0.000104s ]
SQL: SHOW COLUMNS FROM `yunzhan_adstype` [ RunTime:0.0008s ]
SQL: SELECT * FROM `yunzhan_adstype` WHERE ( id=2 ) LIMIT 1   [ RunTime:0.0003s ]
INFO: Run Behavior\ParseTemplateBehavior [ RunTime:0.008415s ]
INFO: [ view_parse ] --END-- [ RunTime:0.008458s ]
INFO: [ view_filter ] --START--
INFO: Run Behavior\WriteHtmlCacheBehavior [ RunTime:0.000220s ]
INFO: [ view_filter ] --END-- [ RunTime:0.000254s ]
INFO: [ app_end ] --START--
INFO: Run Behavior\ShowPageTraceBehavior [ RunTime:0.000441s ]
INFO: [ app_end ] --END-- [ RunTime:0.000485s ]

[ 2017-03-03T10:17:05+08:00 ] 101.226.33.240 /index.php?m=Yunzhansystem&c=Public&a=login
INFO: [ app_init ] --START--
INFO: Run Behavior\BuildLiteBehavior [ RunTime:0.000020s ]
INFO: [ app_init ] --END-- [ RunTime:0.000353s ]
INFO: [ app_begin ] --START--
INFO: Run Behavior\ReadHtmlCacheBehavior [ RunTime:0.000404s ]
INFO: [ app_begin ] --END-- [ RunTime:0.000451s ]
SQL: SHOW COLUMNS FROM `yunzhan_admin` [ RunTime:0.0009s ]
SQL: SHOW COLUMNS FROM `yunzhan_menu` [ RunTime:0.0005s ]
INFO: [ view_parse ] --START--
INFO: [ template_filter ] --START--
INFO: Run Behavior\ContentReplaceBehavior [ RunTime:0.000049s ]
INFO: [ template_filter ] --END-- [ RunTime:0.000095s ]
INFO: Run Behavior\ParseTemplateBehavior [ RunTime:0.005383s ]
INFO: [ view_parse ] --END-- [ RunTime:0.005449s ]
INFO: [ view_filter ] --START--
INFO: Run Behavior\WriteHtmlCacheBehavior [ RunTime:0.000192s ]
INFO: [ view_filter ] --END-- [ RunTime:0.000224s ]
INFO: [ app_end ] --START--
INFO: Run Behavior\ShowPageTraceBehavior [ RunTime:0.000454s ]
INFO: [ app_end ] --END-- [ RunTime:0.000518s ]

[ 2017-03-03T10:17:17+08:00 ] 101.226.33.226 /index.php?m=Yunzhansystem&c=Tool&a=uploadImage&id=0&imgurl=imgurl
INFO: [ app_init ] --START--
INFO: Run Behavior\BuildLiteBehavior [ RunTime:0.000015s ]
INFO: [ app_init ] --END-- [ RunTime:0.000382s ]
INFO: [ app_begin ] --START--
INFO: Run Behavior\ReadHtmlCacheBehavior [ RunTime:0.000399s ]
INFO: [ app_begin ] --END-- [ RunTime:0.000444s ]

[ 2017-03-03T10:17:17+08:00 ] 101.226.33.226 /index.php?m=Yunzhansystem&c=Index&a=index
INFO: [ app_init ] --START--
INFO: Run Behavior\BuildLiteBehavior [ RunTime:0.000014s ]
INFO: [ app_init ] --END-- [ RunTime:0.000335s ]
INFO: [ app_begin ] --START--
INFO: Run Behavior\ReadHtmlCacheBehavior [ RunTime:0.000490s ]
INFO: [ app_begin ] --END-- [ RunTime:0.000555s ]
SQL: SHOW COLUMNS FROM `yunzhan_menu` [ RunTime:0.0008s ]
SQL: SELECT * FROM `yunzhan_menu` WHERE ( pid=0 and display=1  ) ORDER BY sort asc,id asc  [ RunTime:0.0004s ]
INFO: [ view_parse ] --START--
INFO: [ template_filter ] --START--
INFO: Run Behavior\ContentReplaceBehavior [ RunTime:0.000055s ]
INFO: [ template_filter ] --END-- [ RunTime:0.000095s ]
INFO: Run Behavior\ParseTemplateBehavior [ RunTime:0.007601s ]
INFO: [ view_parse ] --END-- [ RunTime:0.007646s ]
INFO: [ view_filter ] --START--
INFO: Run Behavior\WriteHtmlCacheBehavior [ RunTime:0.000214s ]
INFO: [ view_filter ] --END-- [ RunTime:0.000247s ]
INFO: [ app_end ] --START--
INFO: Run Behavior\ShowPageTraceBehavior [ RunTime:0.000459s ]
INFO: [ app_end ] --END-- [ RunTime:0.000502s ]

[ 2017-03-03T10:17:17+08:00 ] 101.226.33.226 /index.php?m=Yunzhansystem&c=Public&a=login
INFO: [ app_init ] --START--
INFO: Run Behavior\BuildLiteBehavior [ RunTime:0.000016s ]
INFO: [ app_init ] --END-- [ RunTime:0.000364s ]
INFO: [ app_begin ] --START--
INFO: Run Behavior\ReadHtmlCacheBehavior [ RunTime:0.000447s ]
INFO: [ app_begin ] --END-- [ RunTime:0.000505s ]
SQL: SHOW COLUMNS FROM `yunzhan_admin` [ RunTime:0.0008s ]
SQL: SHOW COLUMNS FROM `yunzhan_menu` [ RunTime:0.0006s ]
INFO: [ view_parse ] --START--
INFO: [ template_filter ] --START--
INFO: Run Behavior\ContentReplaceBehavior [ RunTime:0.000042s ]
INFO: [ template_filter ] --END-- [ RunTime:0.000088s ]
INFO: Run Behavior\ParseTemplateBehavior [ RunTime:0.005309s ]
INFO: [ view_parse ] --END-- [ RunTime:0.005353s ]
INFO: [ view_filter ] --START--
INFO: Run Behavior\WriteHtmlCacheBehavior [ RunTime:0.000194s ]
INFO: [ view_filter ] --END-- [ RunTime:0.000225s ]
INFO: [ app_end ] --START--
INFO: Run Behavior\ShowPageTraceBehavior [ RunTime:0.000437s ]
INFO: [ app_end ] --END-- [ RunTime:0.000481s ]

[ 2017-03-03T10:17:19+08:00 ] 39.155.185.30 /index.php?m=Yunzhansystem&c=Tool&a=uploadImage&id=0&imgurl=imgurl
INFO: [ app_init ] --START--
INFO: Run Behavior\BuildLiteBehavior [ RunTime:0.000016s ]
INFO: [ app_init ] --END-- [ RunTime:0.000348s ]
INFO: [ app_begin ] --START--
INFO: Run Behavior\ReadHtmlCacheBehavior [ RunTime:0.000433s ]
INFO: [ app_begin ] --END-- [ RunTime:0.000498s ]
NOTIC: [2] finfo_file(): Empty filename or path /data/home/bxu2344570119/htdocs/ThinkPHP/Library/Think/Upload.class.php 第 152 行.
INFO: [ view_parse ] --START--
INFO: Run Behavior\ParseTemplateBehavior [ RunTime:0.008309s ]
INFO: [ view_parse ] --END-- [ RunTime:0.008354s ]
INFO: [ view_filter ] --START--
INFO: Run Behavior\WriteHtmlCacheBehavior [ RunTime:0.000200s ]
INFO: [ view_filter ] --END-- [ RunTime:0.000232s ]

[ 2017-03-03T13:36:24+08:00 ] 127.0.0.1 /index.php?m=Yunzhansystem&c=Public&a=login
INFO: [ app_init ] --START--
INFO: Run Behavior\BuildLiteBehavior [ RunTime:0.000016s ]
INFO: [ app_init ] --END-- [ RunTime:0.000390s ]
INFO: [ app_begin ] --START--
INFO: Run Behavior\ReadHtmlCacheBehavior [ RunTime:0.001003s ]
INFO: [ app_begin ] --END-- [ RunTime:0.001186s ]
SQL: SHOW COLUMNS FROM `yunzhan_admin` [ RunTime:0.0528s ]
SQL: SHOW COLUMNS FROM `yunzhan_menu` [ RunTime:0.0514s ]
INFO: [ view_parse ] --START--
INFO: [ template_filter ] --START--
INFO: Run Behavior\ContentReplaceBehavior [ RunTime:0.000075s ]
INFO: [ template_filter ] --END-- [ RunTime:0.000149s ]
INFO: Run Behavior\ParseTemplateBehavior [ RunTime:0.158080s ]
INFO: [ view_parse ] --END-- [ RunTime:0.158179s ]
INFO: [ view_filter ] --START--
INFO: Run Behavior\WriteHtmlCacheBehavior [ RunTime:0.000707s ]
INFO: [ view_filter ] --END-- [ RunTime:0.000773s ]
INFO: [ app_end ] --START--
INFO: Run Behavior\ShowPageTraceBehavior [ RunTime:0.000787s ]
INFO: [ app_end ] --END-- [ RunTime:0.000846s ]

[ 2017-03-03T13:36:26+08:00 ] 127.0.0.1 /index.php?m=Yunzhansystem&c=Public&a=verify
INFO: [ app_init ] --START--
INFO: Run Behavior\BuildLiteBehavior [ RunTime:0.000019s ]
INFO: [ app_init ] --END-- [ RunTime:0.000403s ]
INFO: [ app_begin ] --START--
INFO: Run Behavior\ReadHtmlCacheBehavior [ RunTime:0.000618s ]
INFO: [ app_begin ] --END-- [ RunTime:0.000765s ]
SQL: SHOW COLUMNS FROM `yunzhan_admin` [ RunTime:0.0221s ]
SQL: SHOW COLUMNS FROM `yunzhan_menu` [ RunTime:0.0056s ]
INFO: [ app_end ] --START--
INFO: Run Behavior\ShowPageTraceBehavior [ RunTime:0.001862s ]
INFO: [ app_end ] --END-- [ RunTime:0.002104s ]

[ 2017-03-03T13:36:38+08:00 ] 127.0.0.1 /index.php?m=Yunzhansystem&c=Public&a=login
INFO: [ app_init ] --START--
INFO: Run Behavior\BuildLiteBehavior [ RunTime:0.000051s ]
INFO: [ app_init ] --END-- [ RunTime:0.000580s ]
INFO: [ app_begin ] --START--
INFO: Run Behavior\ReadHtmlCacheBehavior [ RunTime:0.000892s ]
INFO: [ app_begin ] --END-- [ RunTime:0.001014s ]
SQL: SHOW COLUMNS FROM `yunzhan_admin` [ RunTime:0.0046s ]
SQL: SHOW COLUMNS FROM `yunzhan_menu` [ RunTime:0.0077s ]
SQL: SELECT `id`,`username`,`userpwd`,`status`,`level`,`create_time`,`root`,`last_login_time`,`last_login_ip` FROM `yunzhan_admin` WHERE `username` = 'admin' LIMIT 1   [ RunTime:0.0237s ]
SQL: UPDATE `yunzhan_admin` SET `last_login_time`='1488519398',`last_login_ip`='127.0.0.1' WHERE ( id=1 ) [ RunTime:0.0012s ]

[ 2017-03-03T13:36:39+08:00 ] 127.0.0.1 /index.php?m=Yunzhansystem&c=Index&a=index
INFO: [ app_init ] --START--
INFO: Run Behavior\BuildLiteBehavior [ RunTime:0.000020s ]
INFO: [ app_init ] --END-- [ RunTime:0.000436s ]
INFO: [ app_begin ] --START--
INFO: Run Behavior\ReadHtmlCacheBehavior [ RunTime:0.000601s ]
INFO: [ app_begin ] --END-- [ RunTime:0.000687s ]
SQL: SHOW COLUMNS FROM `yunzhan_menu` [ RunTime:0.0144s ]
SQL: SELECT * FROM `yunzhan_menu` WHERE ( pid=0 and display=1  ) ORDER BY sort asc,id asc  [ RunTime:0.0590s ]
INFO: [ view_parse ] --START--
INFO: [ template_filter ] --START--
INFO: Run Behavior\ContentReplaceBehavior [ RunTime:0.000144s ]
INFO: [ template_filter ] --END-- [ RunTime:0.000255s ]
INFO: Run Behavior\ParseTemplateBehavior [ RunTime:0.058279s ]
INFO: [ view_parse ] --END-- [ RunTime:0.058441s ]
INFO: [ view_filter ] --START--
INFO: Run Behavior\WriteHtmlCacheBehavior [ RunTime:0.001187s ]
INFO: [ view_filter ] --END-- [ RunTime:0.001316s ]
INFO: [ app_end ] --START--
INFO: Run Behavior\ShowPageTraceBehavior [ RunTime:0.001535s ]
INFO: [ app_end ] --END-- [ RunTime:0.001668s ]

[ 2017-03-03T13:36:41+08:00 ] 127.0.0.1 /index.php?m=Yunzhansystem&c=Index&a=indexs
INFO: [ app_init ] --START--
INFO: Run Behavior\BuildLiteBehavior [ RunTime:0.000021s ]
INFO: [ app_init ] --END-- [ RunTime:0.000532s ]
INFO: [ app_begin ] --START--
INFO: Run Behavior\ReadHtmlCacheBehavior [ RunTime:0.000935s ]
INFO: [ app_begin ] --END-- [ RunTime:0.001060s ]
SQL: SHOW COLUMNS FROM `yunzhan_config` [ RunTime:0.0040s ]
SQL: SELECT * FROM `yunzhan_config` WHERE `id` = 1 LIMIT 1   [ RunTime:0.0003s ]
SQL: SHOW COLUMNS FROM `yunzhan_article` [ RunTime:0.0044s ]
SQL: SELECT * FROM `yunzhan_article` ORDER BY sort asc,create_time desc,id desc LIMIT 7   [ RunTime:0.0011s ]
INFO: [ view_parse ] --START--
INFO: [ template_filter ] --START--
INFO: Run Behavior\ContentReplaceBehavior [ RunTime:0.000070s ]
INFO: [ template_filter ] --END-- [ RunTime:0.000152s ]
SQL: select version() as v; [ RunTime:0.0137s ]
INFO: Run Behavior\ParseTemplateBehavior [ RunTime:0.038816s ]
INFO: [ view_parse ] --END-- [ RunTime:0.038894s ]
INFO: [ view_filter ] --START--
INFO: Run Behavior\WriteHtmlCacheBehavior [ RunTime:0.000672s ]
INFO: [ view_filter ] --END-- [ RunTime:0.000743s ]
INFO: [ app_end ] --START--
INFO: Run Behavior\ShowPageTraceBehavior [ RunTime:0.000741s ]
INFO: [ app_end ] --END-- [ RunTime:0.000820s ]

[ 2017-03-03T13:36:42+08:00 ] 127.0.0.1 /index.php?m=Yunzhansystem&c=Public&a=menu
INFO: [ app_init ] --START--
INFO: Run Behavior\BuildLiteBehavior [ RunTime:0.000022s ]
INFO: [ app_init ] --END-- [ RunTime:0.000556s ]
INFO: [ app_begin ] --START--
INFO: Run Behavior\ReadHtmlCacheBehavior [ RunTime:0.000697s ]
INFO: [ app_begin ] --END-- [ RunTime:0.000789s ]
SQL: SHOW COLUMNS FROM `yunzhan_admin` [ RunTime:0.0129s ]
SQL: SHOW COLUMNS FROM `yunzhan_menu` [ RunTime:0.0066s ]
SQL: SELECT * FROM `yunzhan_admin` WHERE `id` = 1 LIMIT 1   [ RunTime:0.0004s ]
NOTIC: [8] Undefined variable: Arr_str E:\AppServ\www\PHP\yunzhannet\Project\2017\2017-02\s-shixiwang\Apps\Yunzhansystem\Controller\PublicController.class.php 第 91 行.
SQL: SELECT * FROM `yunzhan_menu` WHERE ( pid=1 and display=1 ) ORDER BY sort asc,id desc  [ RunTime:0.0003s ]
INFO: [ view_parse ] --START--
INFO: [ template_filter ] --START--
INFO: Run Behavior\ContentReplaceBehavior [ RunTime:0.000064s ]
INFO: [ template_filter ] --END-- [ RunTime:0.000137s ]
SQL: SHOW COLUMNS FROM `yunzhan_menu` [ RunTime:0.0041s ]
SQL: SELECT * FROM `yunzhan_menu` WHERE ( pid=7 and display=1 ) ORDER BY sort asc,id desc  [ RunTime:0.0003s ]
INFO: Run Behavior\ParseTemplateBehavior [ RunTime:0.047569s ]
INFO: [ view_parse ] --END-- [ RunTime:0.047654s ]
INFO: [ view_filter ] --START--
INFO: Run Behavior\WriteHtmlCacheBehavior [ RunTime:0.000649s ]
INFO: [ view_filter ] --END-- [ RunTime:0.000708s ]
INFO: [ app_end ] --START--
INFO: Run Behavior\ShowPageTraceBehavior [ RunTime:0.000752s ]
INFO: [ app_end ] --END-- [ RunTime:0.000808s ]

[ 2017-03-03T13:36:51+08:00 ] 127.0.0.1 /index.php?m=Yunzhansystem&c=Public&a=menu&mid=3
INFO: [ app_init ] --START--
INFO: Run Behavior\BuildLiteBehavior [ RunTime:0.000017s ]
INFO: [ app_init ] --END-- [ RunTime:0.000497s ]
INFO: [ app_begin ] --START--
INFO: Run Behavior\ReadHtmlCacheBehavior [ RunTime:0.000463s ]
INFO: [ app_begin ] --END-- [ RunTime:0.000524s ]
SQL: SHOW COLUMNS FROM `yunzhan_admin` [ RunTime:0.0048s ]
SQL: SHOW COLUMNS FROM `yunzhan_menu` [ RunTime:0.0054s ]
SQL: SELECT * FROM `yunzhan_admin` WHERE `id` = 1 LIMIT 1   [ RunTime:0.0003s ]
NOTIC: [8] Undefined variable: Arr_str E:\AppServ\www\PHP\yunzhannet\Project\2017\2017-02\s-shixiwang\Apps\Yunzhansystem\Controller\PublicController.class.php 第 91 行.
SQL: SELECT * FROM `yunzhan_menu` WHERE ( pid=3 and display=1 ) ORDER BY sort asc,id desc  [ RunTime:0.0003s ]
INFO: [ view_parse ] --START--
INFO: [ template_filter ] --START--
INFO: Run Behavior\ContentReplaceBehavior [ RunTime:0.000066s ]
INFO: [ template_filter ] --END-- [ RunTime:0.000147s ]
SQL: SHOW COLUMNS FROM `yunzhan_menu` [ RunTime:0.0043s ]
SQL: SELECT * FROM `yunzhan_menu` WHERE ( pid=10 and display=1 ) ORDER BY sort asc,id desc  [ RunTime:0.0004s ]
SQL: SELECT * FROM `yunzhan_menu` WHERE ( pid=13 and display=1 ) ORDER BY sort asc,id desc  [ RunTime:0.0003s ]
SQL: SELECT * FROM `yunzhan_menu` WHERE ( pid=16 and display=1 ) ORDER BY sort asc,id desc  [ RunTime:0.0003s ]
INFO: Run Behavior\ParseTemplateBehavior [ RunTime:0.017379s ]
INFO: [ view_parse ] --END-- [ RunTime:0.017453s ]
INFO: [ view_filter ] --START--
INFO: Run Behavior\WriteHtmlCacheBehavior [ RunTime:0.000657s ]
INFO: [ view_filter ] --END-- [ RunTime:0.000712s ]
INFO: [ app_end ] --START--
INFO: Run Behavior\ShowPageTraceBehavior [ RunTime:0.000783s ]
INFO: [ app_end ] --END-- [ RunTime:0.000839s ]

[ 2017-03-03T13:36:53+08:00 ] 127.0.0.1 /index.php?m=Yunzhansystem&c=Category&a=index
INFO: [ app_init ] --START--
INFO: Run Behavior\BuildLiteBehavior [ RunTime:0.000020s ]
INFO: [ app_init ] --END-- [ RunTime:0.000402s ]
INFO: [ app_begin ] --START--
INFO: Run Behavior\ReadHtmlCacheBehavior [ RunTime:0.000541s ]
INFO: [ app_begin ] --END-- [ RunTime:0.000618s ]
SQL: SHOW COLUMNS FROM `yunzhan_category` [ RunTime:0.0124s ]
SQL: SHOW COLUMNS FROM `yunzhan_pages` [ RunTime:0.0080s ]
SQL: SHOW COLUMNS FROM `yunzhan_article` [ RunTime:0.0041s ]
SQL: SELECT `id`,`pid`,`title`,`type`,`image`,`description`,`setting`,`sort`,`lists_tpl`,`view_tpl`,`is_lower`,`is_delete`,`display`,`nav_display`,`seo_title`,`seo_keyword`,`seo_desc` FROM `yunzhan_category` ORDER BY sort asc, id asc  [ RunTime:0.0011s ]
NOTIC: [8] Undefined index: Policy E:\AppServ\www\PHP\yunzhannet\Project\2017\2017-02\s-shixiwang\Apps\Yunzhansystem\Controller\CategoryController.class.php 第 24 行.
SQL: SHOW COLUMNS FROM `yunzhan_category` [ RunTime:0.0050s ]
SQL: SELECT COUNT(*) AS tp_count FROM `yunzhan_category` LIMIT 1   [ RunTime:0.0003s ]
INFO: [ view_parse ] --START--
INFO: [ template_filter ] --START--
INFO: Run Behavior\ContentReplaceBehavior [ RunTime:0.000072s ]
INFO: [ template_filter ] --END-- [ RunTime:0.000147s ]
INFO: Run Behavior\ParseTemplateBehavior [ RunTime:0.062085s ]
INFO: [ view_parse ] --END-- [ RunTime:0.062247s ]
INFO: [ view_filter ] --START--
INFO: Run Behavior\WriteHtmlCacheBehavior [ RunTime:0.000531s ]
INFO: [ view_filter ] --END-- [ RunTime:0.000632s ]
INFO: [ app_end ] --START--
INFO: Run Behavior\ShowPageTraceBehavior [ RunTime:0.002477s ]
INFO: [ app_end ] --END-- [ RunTime:0.002659s ]

[ 2017-03-03T13:37:54+08:00 ] 127.0.0.1 /index.php?m=Yunzhansystem&c=Category&a=index
INFO: [ app_init ] --START--
INFO: Run Behavior\BuildLiteBehavior [ RunTime:0.000023s ]
INFO: [ app_init ] --END-- [ RunTime:0.000566s ]
INFO: [ app_begin ] --START--
INFO: Run Behavior\ReadHtmlCacheBehavior [ RunTime:0.001141s ]
INFO: [ app_begin ] --END-- [ RunTime:0.001283s ]
SQL: SHOW COLUMNS FROM `yunzhan_category` [ RunTime:0.0049s ]
SQL: SHOW COLUMNS FROM `yunzhan_pages` [ RunTime:0.0049s ]
SQL: SHOW COLUMNS FROM `yunzhan_article` [ RunTime:0.0044s ]
SQL: SELECT `id`,`pid`,`title`,`type`,`image`,`description`,`setting`,`sort`,`lists_tpl`,`view_tpl`,`is_lower`,`is_delete`,`display`,`nav_display`,`seo_title`,`seo_keyword`,`seo_desc` FROM `yunzhan_category` ORDER BY sort asc, id asc  [ RunTime:0.0010s ]
NOTIC: [8] Undefined index: Policy E:\AppServ\www\PHP\yunzhannet\Project\2017\2017-02\s-shixiwang\Apps\Yunzhansystem\Controller\CategoryController.class.php 第 24 行.
SQL: SHOW COLUMNS FROM `yunzhan_category` [ RunTime:0.0046s ]
SQL: SELECT COUNT(*) AS tp_count FROM `yunzhan_category` LIMIT 1   [ RunTime:0.0003s ]
INFO: [ view_parse ] --START--
INFO: [ template_filter ] --START--
INFO: Run Behavior\ContentReplaceBehavior [ RunTime:0.000095s ]
INFO: [ template_filter ] --END-- [ RunTime:0.000170s ]
INFO: Run Behavior\ParseTemplateBehavior [ RunTime:0.014515s ]
INFO: [ view_parse ] --END-- [ RunTime:0.014673s ]
INFO: [ view_filter ] --START--
INFO: Run Behavior\WriteHtmlCacheBehavior [ RunTime:0.000717s ]
INFO: [ view_filter ] --END-- [ RunTime:0.000779s ]
INFO: [ app_end ] --START--
INFO: Run Behavior\ShowPageTraceBehavior [ RunTime:0.000964s ]
INFO: [ app_end ] --END-- [ RunTime:0.001058s ]

[ 2017-03-03T13:38:34+08:00 ] 127.0.0.1 /index.php?m=Yunzhansystem&c=Category&a=index
INFO: [ app_init ] --START--
INFO: Run Behavior\BuildLiteBehavior [ RunTime:0.000029s ]
INFO: [ app_init ] --END-- [ RunTime:0.000381s ]
INFO: [ app_begin ] --START--
INFO: Run Behavior\ReadHtmlCacheBehavior [ RunTime:0.000526s ]
INFO: [ app_begin ] --END-- [ RunTime:0.000640s ]
SQL: SHOW COLUMNS FROM `yunzhan_category` [ RunTime:0.0053s ]
SQL: SHOW COLUMNS FROM `yunzhan_pages` [ RunTime:0.0041s ]
SQL: SHOW COLUMNS FROM `yunzhan_article` [ RunTime:0.0040s ]
SQL: SELECT `id`,`pid`,`title`,`type`,`image`,`description`,`setting`,`sort`,`lists_tpl`,`view_tpl`,`is_lower`,`is_delete`,`display`,`nav_display`,`seo_title`,`seo_keyword`,`seo_desc` FROM `yunzhan_category` ORDER BY sort asc, id asc  [ RunTime:0.0018s ]
NOTIC: [8] Undefined index: Policy E:\AppServ\www\PHP\yunzhannet\Project\2017\2017-02\s-shixiwang\Apps\Yunzhansystem\Controller\CategoryController.class.php 第 24 行.
SQL: SHOW COLUMNS FROM `yunzhan_category` [ RunTime:0.0048s ]
SQL: SELECT COUNT(*) AS tp_count FROM `yunzhan_category` LIMIT 1   [ RunTime:0.0003s ]
INFO: [ view_parse ] --START--
INFO: [ template_filter ] --START--
INFO: Run Behavior\ContentReplaceBehavior [ RunTime:0.000109s ]
INFO: [ template_filter ] --END-- [ RunTime:0.000209s ]
INFO: Run Behavior\ParseTemplateBehavior [ RunTime:0.018209s ]
INFO: [ view_parse ] --END-- [ RunTime:0.018391s ]
INFO: [ view_filter ] --START--
INFO: Run Behavior\WriteHtmlCacheBehavior [ RunTime:0.000863s ]
INFO: [ view_filter ] --END-- [ RunTime:0.000953s ]
INFO: [ app_end ] --START--
INFO: Run Behavior\ShowPageTraceBehavior [ RunTime:0.001358s ]
INFO: [ app_end ] --END-- [ RunTime:0.001476s ]

[ 2017-03-03T13:42:47+08:00 ] 127.0.0.1 /index.php?m=Yunzhansystem&c=Category&a=index
INFO: [ app_init ] --START--
INFO: Run Behavior\BuildLiteBehavior [ RunTime:0.000026s ]
INFO: [ app_init ] --END-- [ RunTime:0.000690s ]
INFO: [ app_begin ] --START--
INFO: Run Behavior\ReadHtmlCacheBehavior [ RunTime:0.000700s ]
INFO: [ app_begin ] --END-- [ RunTime:0.000778s ]
SQL: SHOW COLUMNS FROM `yunzhan_category` [ RunTime:0.0047s ]
SQL: SHOW COLUMNS FROM `yunzhan_pages` [ RunTime:0.0045s ]
SQL: SHOW COLUMNS FROM `yunzhan_article` [ RunTime:0.0047s ]
SQL: SELECT `id`,`pid`,`title`,`type`,`image`,`description`,`setting`,`sort`,`lists_tpl`,`view_tpl`,`is_lower`,`is_delete`,`display`,`nav_display`,`seo_title`,`seo_keyword`,`seo_desc` FROM `yunzhan_category` ORDER BY sort asc, id asc  [ RunTime:0.0012s ]
NOTIC: [8] Undefined index: Policy E:\AppServ\www\PHP\yunzhannet\Project\2017\2017-02\s-shixiwang\Apps\Yunzhansystem\Controller\CategoryController.class.php 第 24 行.
SQL: SHOW COLUMNS FROM `yunzhan_category` [ RunTime:0.0050s ]
SQL: SELECT COUNT(*) AS tp_count FROM `yunzhan_category` LIMIT 1   [ RunTime:0.0003s ]
INFO: [ view_parse ] --START--
INFO: [ template_filter ] --START--
INFO: Run Behavior\ContentReplaceBehavior [ RunTime:0.000084s ]
INFO: [ template_filter ] --END-- [ RunTime:0.000176s ]
INFO: Run Behavior\ParseTemplateBehavior [ RunTime:0.015293s ]
INFO: [ view_parse ] --END-- [ RunTime:0.015484s ]
INFO: [ view_filter ] --START--
INFO: Run Behavior\WriteHtmlCacheBehavior [ RunTime:0.000668s ]
INFO: [ view_filter ] --END-- [ RunTime:0.000733s ]
INFO: [ app_end ] --START--
INFO: Run Behavior\ShowPageTraceBehavior [ RunTime:0.000946s ]
INFO: [ app_end ] --END-- [ RunTime:0.001039s ]

[ 2017-03-03T13:42:52+08:00 ] 127.0.0.1 /index.php?m=Yunzhansystem&c=Category&a=index
INFO: [ app_init ] --START--
INFO: Run Behavior\BuildLiteBehavior [ RunTime:0.000019s ]
INFO: [ app_init ] --END-- [ RunTime:0.000405s ]
INFO: [ app_begin ] --START--
INFO: Run Behavior\ReadHtmlCacheBehavior [ RunTime:0.001067s ]
INFO: [ app_begin ] --END-- [ RunTime:0.001334s ]
SQL: SHOW COLUMNS FROM `yunzhan_category` [ RunTime:0.0039s ]
SQL: SHOW COLUMNS FROM `yunzhan_pages` [ RunTime:0.0078s ]
SQL: SHOW COLUMNS FROM `yunzhan_article` [ RunTime:0.0044s ]
SQL: SELECT `id`,`pid`,`title`,`type`,`image`,`description`,`setting`,`sort`,`lists_tpl`,`view_tpl`,`is_lower`,`is_delete`,`display`,`nav_display`,`seo_title`,`seo_keyword`,`seo_desc` FROM `yunzhan_category` ORDER BY sort asc, id asc  [ RunTime:0.0009s ]
NOTIC: [8] Undefined index: Policy E:\AppServ\www\PHP\yunzhannet\Project\2017\2017-02\s-shixiwang\Apps\Yunzhansystem\Controller\CategoryController.class.php 第 24 行.
SQL: SHOW COLUMNS FROM `yunzhan_category` [ RunTime:0.0067s ]
SQL: SELECT COUNT(*) AS tp_count FROM `yunzhan_category` LIMIT 1   [ RunTime:0.0013s ]
INFO: [ view_parse ] --START--
INFO: [ template_filter ] --START--
INFO: Run Behavior\ContentReplaceBehavior [ RunTime:0.000082s ]
INFO: [ template_filter ] --END-- [ RunTime:0.000164s ]
INFO: Run Behavior\ParseTemplateBehavior [ RunTime:0.019904s ]
INFO: [ view_parse ] --END-- [ RunTime:0.020121s ]
INFO: [ view_filter ] --START--
INFO: Run Behavior\WriteHtmlCacheBehavior [ RunTime:0.001089s ]
INFO: [ view_filter ] --END-- [ RunTime:0.001317s ]
INFO: [ app_end ] --START--
INFO: Run Behavior\ShowPageTraceBehavior [ RunTime:0.001380s ]
INFO: [ app_end ] --END-- [ RunTime:0.001506s ]

[ 2017-03-03T13:44:05+08:00 ] 127.0.0.1 /index.php?m=Yunzhansystem&c=Index&a=index
INFO: [ app_init ] --START--
INFO: Run Behavior\BuildLiteBehavior [ RunTime:0.000029s ]
INFO: [ app_init ] --END-- [ RunTime:0.000686s ]
INFO: [ app_begin ] --START--
INFO: Run Behavior\ReadHtmlCacheBehavior [ RunTime:0.000684s ]
INFO: [ app_begin ] --END-- [ RunTime:0.000766s ]
SQL: SHOW COLUMNS FROM `yunzhan_menu` [ RunTime:0.0056s ]
SQL: SELECT * FROM `yunzhan_menu` WHERE ( pid=0 and display=1  ) ORDER BY sort asc,id asc  [ RunTime:0.0005s ]
INFO: [ view_parse ] --START--
INFO: [ template_filter ] --START--
INFO: Run Behavior\ContentReplaceBehavior [ RunTime:0.000139s ]
INFO: [ template_filter ] --END-- [ RunTime:0.000246s ]
INFO: Run Behavior\ParseTemplateBehavior [ RunTime:0.016554s ]
INFO: [ view_parse ] --END-- [ RunTime:0.016666s ]
INFO: [ view_filter ] --START--
INFO: Run Behavior\WriteHtmlCacheBehavior [ RunTime:0.000807s ]
INFO: [ view_filter ] --END-- [ RunTime:0.000892s ]
INFO: [ app_end ] --START--
INFO: Run Behavior\ShowPageTraceBehavior [ RunTime:0.001177s ]
INFO: [ app_end ] --END-- [ RunTime:0.001286s ]

[ 2017-03-03T13:44:06+08:00 ] 127.0.0.1 /index.php?m=Yunzhansystem&c=Index&a=indexs
INFO: [ app_init ] --START--
INFO: Run Behavior\BuildLiteBehavior [ RunTime:0.000035s ]
INFO: [ app_init ] --END-- [ RunTime:0.000816s ]
INFO: [ app_begin ] --START--
INFO: Run Behavior\ReadHtmlCacheBehavior [ RunTime:0.001663s ]
INFO: [ app_begin ] --END-- [ RunTime:0.001827s ]
SQL: SHOW COLUMNS FROM `yunzhan_config` [ RunTime:0.0078s ]
SQL: SELECT * FROM `yunzhan_config` WHERE `id` = 1 LIMIT 1   [ RunTime:0.0005s ]
SQL: SHOW COLUMNS FROM `yunzhan_article` [ RunTime:0.0062s ]
SQL: SELECT * FROM `yunzhan_article` ORDER BY sort asc,create_time desc,id desc LIMIT 7   [ RunTime:0.0013s ]
INFO: [ view_parse ] --START--
INFO: [ template_filter ] --START--
INFO: Run Behavior\ContentReplaceBehavior [ RunTime:0.000107s ]
INFO: [ template_filter ] --END-- [ RunTime:0.000242s ]
SQL: select version() as v; [ RunTime:0.0004s ]
INFO: Run Behavior\ParseTemplateBehavior [ RunTime:0.018323s ]
INFO: [ view_parse ] --END-- [ RunTime:0.018506s ]
INFO: [ view_filter ] --START--
INFO: Run Behavior\WriteHtmlCacheBehavior [ RunTime:0.001154s ]
INFO: [ view_filter ] --END-- [ RunTime:0.001271s ]
INFO: [ app_end ] --START--
INFO: Run Behavior\ShowPageTraceBehavior [ RunTime:0.001224s ]
INFO: [ app_end ] --END-- [ RunTime:0.001328s ]

[ 2017-03-03T13:44:08+08:00 ] 127.0.0.1 /index.php?m=Yunzhansystem&c=Public&a=menu
INFO: [ app_init ] --START--
INFO: Run Behavior\BuildLiteBehavior [ RunTime:0.000022s ]
INFO: [ app_init ] --END-- [ RunTime:0.000442s ]
INFO: [ app_begin ] --START--
INFO: Run Behavior\ReadHtmlCacheBehavior [ RunTime:0.000618s ]
INFO: [ app_begin ] --END-- [ RunTime:0.000715s ]
SQL: SHOW COLUMNS FROM `yunzhan_admin` [ RunTime:0.0099s ]
SQL: SHOW COLUMNS FROM `yunzhan_menu` [ RunTime:0.0085s ]
SQL: SELECT * FROM `yunzhan_admin` WHERE `id` = 1 LIMIT 1   [ RunTime:0.0014s ]
NOTIC: [8] Undefined variable: Arr_str E:\AppServ\www\PHP\yunzhannet\Project\2017\2017-02\s-shixiwang\Apps\Yunzhansystem\Controller\PublicController.class.php 第 91 行.
SQL: SELECT * FROM `yunzhan_menu` WHERE ( pid=1 and display=1 ) ORDER BY sort asc,id desc  [ RunTime:0.0010s ]
INFO: [ view_parse ] --START--
INFO: [ template_filter ] --START--
INFO: Run Behavior\ContentReplaceBehavior [ RunTime:0.000083s ]
INFO: [ template_filter ] --END-- [ RunTime:0.000174s ]
SQL: SHOW COLUMNS FROM `yunzhan_menu` [ RunTime:0.0061s ]
SQL: SELECT * FROM `yunzhan_menu` WHERE ( pid=7 and display=1 ) ORDER BY sort asc,id desc  [ RunTime:0.0005s ]
INFO: Run Behavior\ParseTemplateBehavior [ RunTime:0.025797s ]
INFO: [ view_parse ] --END-- [ RunTime:0.025996s ]
INFO: [ view_filter ] --START--
INFO: Run Behavior\WriteHtmlCacheBehavior [ RunTime:0.000918s ]
INFO: [ view_filter ] --END-- [ RunTime:0.000999s ]
INFO: [ app_end ] --START--
INFO: Run Behavior\ShowPageTraceBehavior [ RunTime:0.001135s ]
INFO: [ app_end ] --END-- [ RunTime:0.001222s ]

[ 2017-03-03T13:44:10+08:00 ] 127.0.0.1 /index.php?m=Yunzhansystem&c=Public&a=menu&mid=3
INFO: [ app_init ] --START--
INFO: Run Behavior\BuildLiteBehavior [ RunTime:0.000027s ]
INFO: [ app_init ] --END-- [ RunTime:0.000523s ]
INFO: [ app_begin ] --START--
INFO: Run Behavior\ReadHtmlCacheBehavior [ RunTime:0.000508s ]
INFO: [ app_begin ] --END-- [ RunTime:0.000586s ]
SQL: SHOW COLUMNS FROM `yunzhan_admin` [ RunTime:0.0078s ]
SQL: SHOW COLUMNS FROM `yunzhan_menu` [ RunTime:0.0065s ]
SQL: SELECT * FROM `yunzhan_admin` WHERE `id` = 1 LIMIT 1   [ RunTime:0.0005s ]
NOTIC: [8] Undefined variable: Arr_str E:\AppServ\www\PHP\yunzhannet\Project\2017\2017-02\s-shixiwang\Apps\Yunzhansystem\Controller\PublicController.class.php 第 91 行.
SQL: SELECT * FROM `yunzhan_menu` WHERE ( pid=3 and display=1 ) ORDER BY sort asc,id desc  [ RunTime:0.0005s ]
INFO: [ view_parse ] --START--
INFO: [ template_filter ] --START--
INFO: Run Behavior\ContentReplaceBehavior [ RunTime:0.000130s ]
INFO: [ template_filter ] --END-- [ RunTime:0.000288s ]
SQL: SHOW COLUMNS FROM `yunzhan_menu` [ RunTime:0.0059s ]
SQL: SELECT * FROM `yunzhan_menu` WHERE ( pid=10 and display=1 ) ORDER BY sort asc,id desc  [ RunTime:0.0003s ]
SQL: SELECT * FROM `yunzhan_menu` WHERE ( pid=13 and display=1 ) ORDER BY sort asc,id desc  [ RunTime:0.0003s ]
SQL: SELECT * FROM `yunzhan_menu` WHERE ( pid=16 and display=1 ) ORDER BY sort asc,id desc  [ RunTime:0.0003s ]
INFO: Run Behavior\ParseTemplateBehavior [ RunTime:0.025314s ]
INFO: [ view_parse ] --END-- [ RunTime:0.025428s ]
INFO: [ view_filter ] --START--
INFO: Run Behavior\WriteHtmlCacheBehavior [ RunTime:0.000758s ]
INFO: [ view_filter ] --END-- [ RunTime:0.000824s ]
INFO: [ app_end ] --START--
INFO: Run Behavior\ShowPageTraceBehavior [ RunTime:0.000887s ]
INFO: [ app_end ] --END-- [ RunTime:0.000968s ]

[ 2017-03-03T13:44:12+08:00 ] 127.0.0.1 /index.php?m=Yunzhansystem&c=Category&a=index
INFO: [ app_init ] --START--
INFO: Run Behavior\BuildLiteBehavior [ RunTime:0.000030s ]
INFO: [ app_init ] --END-- [ RunTime:0.000601s ]
INFO: [ app_begin ] --START--
INFO: Run Behavior\ReadHtmlCacheBehavior [ RunTime:0.000793s ]
INFO: [ app_begin ] --END-- [ RunTime:0.000935s ]
SQL: SHOW COLUMNS FROM `yunzhan_category` [ RunTime:0.0303s ]
SQL: SHOW COLUMNS FROM `yunzhan_pages` [ RunTime:0.0121s ]
SQL: SHOW COLUMNS FROM `yunzhan_article` [ RunTime:0.0135s ]
SQL: SELECT `id`,`pid`,`title`,`type`,`image`,`description`,`setting`,`sort`,`lists_tpl`,`view_tpl`,`is_lower`,`is_delete`,`display`,`nav_display`,`seo_title`,`seo_keyword`,`seo_desc` FROM `yunzhan_category` ORDER BY sort asc, id asc  [ RunTime:0.0012s ]
NOTIC: [8] Undefined index: Policy E:\AppServ\www\PHP\yunzhannet\Project\2017\2017-02\s-shixiwang\Apps\Yunzhansystem\Controller\CategoryController.class.php 第 24 行.
SQL: SHOW COLUMNS FROM `yunzhan_category` [ RunTime:0.0046s ]
SQL: SELECT COUNT(*) AS tp_count FROM `yunzhan_category` LIMIT 1   [ RunTime:0.0003s ]
INFO: [ view_parse ] --START--
INFO: [ template_filter ] --START--
INFO: Run Behavior\ContentReplaceBehavior [ RunTime:0.000091s ]
INFO: [ template_filter ] --END-- [ RunTime:0.000178s ]
INFO: Run Behavior\ParseTemplateBehavior [ RunTime:0.016362s ]
INFO: [ view_parse ] --END-- [ RunTime:0.016536s ]
INFO: [ view_filter ] --START--
INFO: Run Behavior\WriteHtmlCacheBehavior [ RunTime:0.000795s ]
INFO: [ view_filter ] --END-- [ RunTime:0.000884s ]
INFO: [ app_end ] --START--
INFO: Run Behavior\ShowPageTraceBehavior [ RunTime:0.001968s ]
INFO: [ app_end ] --END-- [ RunTime:0.002136s ]

[ 2017-03-03T13:44:42+08:00 ] 127.0.0.1 /index.php?m=Yunzhansystem&c=Category&a=index
INFO: [ app_init ] --START--
INFO: Run Behavior\BuildLiteBehavior [ RunTime:0.000019s ]
INFO: [ app_init ] --END-- [ RunTime:0.000450s ]
INFO: [ app_begin ] --START--
INFO: Run Behavior\ReadHtmlCacheBehavior [ RunTime:0.000514s ]
INFO: [ app_begin ] --END-- [ RunTime:0.000588s ]
SQL: SHOW COLUMNS FROM `yunzhan_category` [ RunTime:0.0046s ]
SQL: SHOW COLUMNS FROM `yunzhan_pages` [ RunTime:0.0046s ]
SQL: SHOW COLUMNS FROM `yunzhan_article` [ RunTime:0.0049s ]
SQL: SELECT `id`,`pid`,`title`,`type`,`image`,`description`,`setting`,`sort`,`lists_tpl`,`view_tpl`,`is_lower`,`is_delete`,`display`,`nav_display`,`seo_title`,`seo_keyword`,`seo_desc` FROM `yunzhan_category` ORDER BY sort asc, id asc  [ RunTime:0.0010s ]
NOTIC: [8] Undefined index: Policy E:\AppServ\www\PHP\yunzhannet\Project\2017\2017-02\s-shixiwang\Apps\Yunzhansystem\Controller\CategoryController.class.php 第 24 行.
SQL: SHOW COLUMNS FROM `yunzhan_category` [ RunTime:0.0047s ]
SQL: SELECT COUNT(*) AS tp_count FROM `yunzhan_category` LIMIT 1   [ RunTime:0.0003s ]
INFO: [ view_parse ] --START--
INFO: [ template_filter ] --START--
INFO: Run Behavior\ContentReplaceBehavior [ RunTime:0.000091s ]
INFO: [ template_filter ] --END-- [ RunTime:0.000178s ]
INFO: Run Behavior\ParseTemplateBehavior [ RunTime:0.016214s ]
INFO: [ view_parse ] --END-- [ RunTime:0.016390s ]
INFO: [ view_filter ] --START--
INFO: Run Behavior\WriteHtmlCacheBehavior [ RunTime:0.000772s ]
INFO: [ view_filter ] --END-- [ RunTime:0.000842s ]
INFO: [ app_end ] --START--
INFO: Run Behavior\ShowPageTraceBehavior [ RunTime:0.001018s ]
INFO: [ app_end ] --END-- [ RunTime:0.001129s ]

[ 2017-03-03T13:45:02+08:00 ] 127.0.0.1 /index.php?m=Yunzhansystem&c=Category&a=index
INFO: [ app_init ] --START--
INFO: Run Behavior\BuildLiteBehavior [ RunTime:0.000017s ]
INFO: [ app_init ] --END-- [ RunTime:0.000359s ]
INFO: [ app_begin ] --START--
INFO: Run Behavior\ReadHtmlCacheBehavior [ RunTime:0.000485s ]
INFO: [ app_begin ] --END-- [ RunTime:0.000551s ]
SQL: SHOW COLUMNS FROM `yunzhan_category` [ RunTime:0.0106s ]
SQL: SHOW COLUMNS FROM `yunzhan_pages` [ RunTime:0.0092s ]
SQL: SHOW COLUMNS FROM `yunzhan_article` [ RunTime:0.0111s ]
SQL: SELECT `id`,`pid`,`title`,`type`,`image`,`description`,`setting`,`sort`,`lists_tpl`,`view_tpl`,`is_lower`,`is_delete`,`display`,`nav_display`,`seo_title`,`seo_keyword`,`seo_desc` FROM `yunzhan_category` ORDER BY sort asc, id asc  [ RunTime:0.0025s ]
SQL: SHOW COLUMNS FROM `yunzhan_category` [ RunTime:0.0052s ]
SQL: SELECT COUNT(*) AS tp_count FROM `yunzhan_category` LIMIT 1   [ RunTime:0.0003s ]
INFO: [ view_parse ] --START--
INFO: [ template_filter ] --START--
INFO: Run Behavior\ContentReplaceBehavior [ RunTime:0.000094s ]
INFO: [ template_filter ] --END-- [ RunTime:0.000204s ]
INFO: Run Behavior\ParseTemplateBehavior [ RunTime:0.017026s ]
INFO: [ view_parse ] --END-- [ RunTime:0.017128s ]
INFO: [ view_filter ] --START--
INFO: Run Behavior\WriteHtmlCacheBehavior [ RunTime:0.000658s ]
INFO: [ view_filter ] --END-- [ RunTime:0.000729s ]
INFO: [ app_end ] --START--
INFO: Run Behavior\ShowPageTraceBehavior [ RunTime:0.001014s ]
INFO: [ app_end ] --END-- [ RunTime:0.001126s ]

