[ 2017-04-05T16:07:08+08:00 ] 114.249.36.103 /yunzhansystem/
INFO: [ app_init ] --START--
INFO: Run Behavior\BuildLiteBehavior [ RunTime:0.000017s ]
INFO: [ app_init ] --END-- [ RunTime:0.000364s ]
INFO: [ app_begin ] --START--
INFO: Run Behavior\ReadHtmlCacheBehavior [ RunTime:0.000446s ]
INFO: [ app_begin ] --END-- [ RunTime:0.000499s ]
SQL: SHOW COLUMNS FROM `yunzhan_menu` [ RunTime:0.0105s ]
SQL: SELECT * FROM `yunzhan_menu` WHERE ( pid=0 and display=1  ) ORDER BY sort asc,id asc  [ RunTime:0.0083s ]
INFO: [ view_parse ] --START--
INFO: [ template_filter ] --START--
INFO: Run Behavior\ContentReplaceBehavior [ RunTime:0.000108s ]
INFO: [ template_filter ] --END-- [ RunTime:0.000167s ]
INFO: Run Behavior\ParseTemplateBehavior [ RunTime:0.013673s ]
INFO: [ view_parse ] --END-- [ RunTime:0.013743s ]
INFO: [ view_filter ] --START--
INFO: Run Behavior\WriteHtmlCacheBehavior [ RunTime:0.000188s ]
INFO: [ view_filter ] --END-- [ RunTime:0.000231s ]
INFO: [ app_end ] --START--
INFO: Run Behavior\ShowPageTraceBehavior [ RunTime:0.000541s ]
INFO: [ app_end ] --END-- [ RunTime:0.000599s ]

[ 2017-04-05T16:07:08+08:00 ] 114.249.36.103 /index.php?m=Yunzhansystem&c=Public&a=login
INFO: [ app_init ] --START--
INFO: Run Behavior\BuildLiteBehavior [ RunTime:0.000020s ]
INFO: [ app_init ] --END-- [ RunTime:0.000410s ]
INFO: [ app_begin ] --START--
INFO: Run Behavior\ReadHtmlCacheBehavior [ RunTime:0.000418s ]
INFO: [ app_begin ] --END-- [ RunTime:0.000473s ]
SQL: SHOW COLUMNS FROM `yunzhan_admin` [ RunTime:0.0129s ]
SQL: SHOW COLUMNS FROM `yunzhan_menu` [ RunTime:0.0007s ]
INFO: [ view_parse ] --START--
INFO: [ template_filter ] --START--
INFO: Run Behavior\ContentReplaceBehavior [ RunTime:0.000084s ]
INFO: [ template_filter ] --END-- [ RunTime:0.000163s ]
INFO: Run Behavior\ParseTemplateBehavior [ RunTime:0.015768s ]
INFO: [ view_parse ] --END-- [ RunTime:0.015833s ]
INFO: [ view_filter ] --START--
INFO: Run Behavior\WriteHtmlCacheBehavior [ RunTime:0.000188s ]
INFO: [ view_filter ] --END-- [ RunTime:0.000239s ]
INFO: [ app_end ] --START--
INFO: Run Behavior\ShowPageTraceBehavior [ RunTime:0.000496s ]
INFO: [ app_end ] --END-- [ RunTime:0.000546s ]

[ 2017-04-05T16:07:09+08:00 ] 114.249.36.103 /index.php?m=Yunzhansystem&c=Public&a=verify
INFO: [ app_init ] --START--
INFO: Run Behavior\BuildLiteBehavior [ RunTime:0.000017s ]
INFO: [ app_init ] --END-- [ RunTime:0.000364s ]
INFO: [ app_begin ] --START--
INFO: Run Behavior\ReadHtmlCacheBehavior [ RunTime:0.000413s ]
INFO: [ app_begin ] --END-- [ RunTime:0.000467s ]
SQL: SHOW COLUMNS FROM `yunzhan_admin` [ RunTime:0.0005s ]
SQL: SHOW COLUMNS FROM `yunzhan_menu` [ RunTime:0.0004s ]
INFO: [ app_end ] --START--
INFO: Run Behavior\ShowPageTraceBehavior [ RunTime:0.000548s ]
INFO: [ app_end ] --END-- [ RunTime:0.000607s ]

[ 2017-04-05T16:07:18+08:00 ] 180.153.206.17 /yunzhansystem
INFO: [ app_init ] --START--
INFO: Run Behavior\BuildLiteBehavior [ RunTime:0.000018s ]
INFO: [ app_init ] --END-- [ RunTime:0.000368s ]
INFO: [ app_begin ] --START--
INFO: Run Behavior\ReadHtmlCacheBehavior [ RunTime:0.000429s ]
INFO: [ app_begin ] --END-- [ RunTime:0.000484s ]
SQL: SHOW COLUMNS FROM `yunzhan_menu` [ RunTime:0.0008s ]
SQL: SELECT * FROM `yunzhan_menu` WHERE ( pid=0 and display=1  ) ORDER BY sort asc,id asc  [ RunTime:0.0002s ]
INFO: [ view_parse ] --START--
INFO: [ template_filter ] --START--
INFO: Run Behavior\ContentReplaceBehavior [ RunTime:0.000092s ]
INFO: [ template_filter ] --END-- [ RunTime:0.000144s ]
INFO: Run Behavior\ParseTemplateBehavior [ RunTime:0.010565s ]
INFO: [ view_parse ] --END-- [ RunTime:0.010616s ]
INFO: [ view_filter ] --START--
INFO: Run Behavior\WriteHtmlCacheBehavior [ RunTime:0.000173s ]
INFO: [ view_filter ] --END-- [ RunTime:0.000211s ]
INFO: [ app_end ] --START--
INFO: Run Behavior\ShowPageTraceBehavior [ RunTime:0.000471s ]
INFO: [ app_end ] --END-- [ RunTime:0.000521s ]

[ 2017-04-05T16:07:18+08:00 ] 180.153.206.17 /index.php?m=Yunzhansystem&c=Public&a=login
INFO: [ app_init ] --START--
INFO: Run Behavior\BuildLiteBehavior [ RunTime:0.000018s ]
INFO: [ app_init ] --END-- [ RunTime:0.000387s ]
INFO: [ app_begin ] --START--
INFO: Run Behavior\ReadHtmlCacheBehavior [ RunTime:0.000408s ]
INFO: [ app_begin ] --END-- [ RunTime:0.000463s ]
SQL: SHOW COLUMNS FROM `yunzhan_admin` [ RunTime:0.0008s ]
SQL: SHOW COLUMNS FROM `yunzhan_menu` [ RunTime:0.0005s ]
INFO: [ view_parse ] --START--
INFO: [ template_filter ] --START--
INFO: Run Behavior\ContentReplaceBehavior [ RunTime:0.000064s ]
INFO: [ template_filter ] --END-- [ RunTime:0.000124s ]
INFO: Run Behavior\ParseTemplateBehavior [ RunTime:0.006998s ]
INFO: [ view_parse ] --END-- [ RunTime:0.007065s ]
INFO: [ view_filter ] --START--
INFO: Run Behavior\WriteHtmlCacheBehavior [ RunTime:0.000264s ]
INFO: [ view_filter ] --END-- [ RunTime:0.000306s ]
INFO: [ app_end ] --START--
INFO: Run Behavior\ShowPageTraceBehavior [ RunTime:0.000423s ]
INFO: [ app_end ] --END-- [ RunTime:0.000468s ]

[ 2017-04-05T16:07:23+08:00 ] 61.151.226.189 /index.php?m=yunzhansystem&c=public&a=login
INFO: [ app_init ] --START--
INFO: Run Behavior\BuildLiteBehavior [ RunTime:0.000016s ]
INFO: [ app_init ] --END-- [ RunTime:0.000389s ]
INFO: [ app_begin ] --START--
INFO: Run Behavior\ReadHtmlCacheBehavior [ RunTime:0.000532s ]
INFO: [ app_begin ] --END-- [ RunTime:0.000611s ]
SQL: SHOW COLUMNS FROM `yunzhan_admin` [ RunTime:0.0010s ]
SQL: SHOW COLUMNS FROM `yunzhan_menu` [ RunTime:0.0007s ]
INFO: [ view_parse ] --START--
INFO: [ template_filter ] --START--
INFO: Run Behavior\ContentReplaceBehavior [ RunTime:0.000060s ]
INFO: [ template_filter ] --END-- [ RunTime:0.000124s ]
INFO: Run Behavior\ParseTemplateBehavior [ RunTime:0.007344s ]
INFO: [ view_parse ] --END-- [ RunTime:0.007416s ]
INFO: [ view_filter ] --START--
INFO: Run Behavior\WriteHtmlCacheBehavior [ RunTime:0.000219s ]
INFO: [ view_filter ] --END-- [ RunTime:0.000260s ]
INFO: [ app_end ] --START--
INFO: Run Behavior\ShowPageTraceBehavior [ RunTime:0.000477s ]
INFO: [ app_end ] --END-- [ RunTime:0.000525s ]

[ 2017-04-05T16:07:33+08:00 ] 114.249.36.103 /index.php?m=Yunzhansystem&c=Public&a=login
INFO: [ app_init ] --START--
INFO: Run Behavior\BuildLiteBehavior [ RunTime:0.000018s ]
INFO: [ app_init ] --END-- [ RunTime:0.000406s ]
INFO: [ app_begin ] --START--
INFO: Run Behavior\ReadHtmlCacheBehavior [ RunTime:0.000425s ]
INFO: [ app_begin ] --END-- [ RunTime:0.000480s ]
SQL: SHOW COLUMNS FROM `yunzhan_admin` [ RunTime:0.0008s ]
SQL: SHOW COLUMNS FROM `yunzhan_menu` [ RunTime:0.0006s ]
SQL: SELECT `id`,`username`,`userpwd`,`status`,`level`,`create_time`,`root`,`last_login_time`,`last_login_ip` FROM `yunzhan_admin` WHERE `username` = 'admin' LIMIT 1   [ RunTime:0.0019s ]
INFO: [ view_parse ] --START--
INFO: [ template_filter ] --START--
INFO: Run Behavior\ContentReplaceBehavior [ RunTime:0.000075s ]
INFO: [ template_filter ] --END-- [ RunTime:0.000162s ]
INFO: Run Behavior\ParseTemplateBehavior [ RunTime:0.012451s ]
INFO: [ view_parse ] --END-- [ RunTime:0.012529s ]
INFO: [ view_filter ] --START--
INFO: Run Behavior\WriteHtmlCacheBehavior [ RunTime:0.000245s ]
INFO: [ view_filter ] --END-- [ RunTime:0.000301s ]

[ 2017-04-05T16:07:38+08:00 ] 114.249.36.103 /index.php?m=Yunzhansystem&c=Public&a=login
INFO: [ app_init ] --START--
INFO: Run Behavior\BuildLiteBehavior [ RunTime:0.000020s ]
INFO: [ app_init ] --END-- [ RunTime:0.000392s ]
INFO: [ app_begin ] --START--
INFO: Run Behavior\ReadHtmlCacheBehavior [ RunTime:0.000436s ]
INFO: [ app_begin ] --END-- [ RunTime:0.000492s ]
SQL: SHOW COLUMNS FROM `yunzhan_admin` [ RunTime:0.0008s ]
SQL: SHOW COLUMNS FROM `yunzhan_menu` [ RunTime:0.0006s ]
INFO: [ view_parse ] --START--
INFO: [ template_filter ] --START--
INFO: Run Behavior\ContentReplaceBehavior [ RunTime:0.000089s ]
INFO: [ template_filter ] --END-- [ RunTime:0.000169s ]
INFO: Run Behavior\ParseTemplateBehavior [ RunTime:0.007554s ]
INFO: [ view_parse ] --END-- [ RunTime:0.007630s ]
INFO: [ view_filter ] --START--
INFO: Run Behavior\WriteHtmlCacheBehavior [ RunTime:0.000166s ]
INFO: [ view_filter ] --END-- [ RunTime:0.000205s ]
INFO: [ app_end ] --START--
INFO: Run Behavior\ShowPageTraceBehavior [ RunTime:0.000530s ]
INFO: [ app_end ] --END-- [ RunTime:0.000585s ]

[ 2017-04-05T16:07:38+08:00 ] 114.249.36.103 /index.php?m=Yunzhansystem&c=Public&a=verify
INFO: [ app_init ] --START--
INFO: Run Behavior\BuildLiteBehavior [ RunTime:0.000029s ]
INFO: [ app_init ] --END-- [ RunTime:0.001025s ]
INFO: [ app_begin ] --START--
INFO: Run Behavior\ReadHtmlCacheBehavior [ RunTime:0.000854s ]
INFO: [ app_begin ] --END-- [ RunTime:0.000921s ]
SQL: SHOW COLUMNS FROM `yunzhan_admin` [ RunTime:0.0007s ]
SQL: SHOW COLUMNS FROM `yunzhan_menu` [ RunTime:0.0004s ]
INFO: [ app_end ] --START--
INFO: Run Behavior\ShowPageTraceBehavior [ RunTime:0.000756s ]
INFO: [ app_end ] --END-- [ RunTime:0.000828s ]

[ 2017-04-05T16:07:41+08:00 ] 114.249.36.103 /index.php?m=Yunzhansystem&c=Public&a=login
INFO: [ app_init ] --START--
INFO: Run Behavior\BuildLiteBehavior [ RunTime:0.000022s ]
INFO: [ app_init ] --END-- [ RunTime:0.000411s ]
INFO: [ app_begin ] --START--
INFO: Run Behavior\ReadHtmlCacheBehavior [ RunTime:0.000418s ]
INFO: [ app_begin ] --END-- [ RunTime:0.000505s ]
SQL: SHOW COLUMNS FROM `yunzhan_admin` [ RunTime:0.0007s ]
SQL: SHOW COLUMNS FROM `yunzhan_menu` [ RunTime:0.0005s ]
INFO: [ view_parse ] --START--
INFO: [ template_filter ] --START--
INFO: Run Behavior\ContentReplaceBehavior [ RunTime:0.000060s ]
INFO: [ template_filter ] --END-- [ RunTime:0.000119s ]
INFO: Run Behavior\ParseTemplateBehavior [ RunTime:0.006502s ]
INFO: [ view_parse ] --END-- [ RunTime:0.006572s ]
INFO: [ view_filter ] --START--
INFO: Run Behavior\WriteHtmlCacheBehavior [ RunTime:0.000239s ]
INFO: [ view_filter ] --END-- [ RunTime:0.000293s ]
INFO: [ app_end ] --START--
INFO: Run Behavior\ShowPageTraceBehavior [ RunTime:0.000647s ]
INFO: [ app_end ] --END-- [ RunTime:0.000712s ]

[ 2017-04-05T16:07:47+08:00 ] 101.226.33.226 /index.php?m=Yunzhansystem&c=Public&a=login
INFO: [ app_init ] --START--
INFO: Run Behavior\BuildLiteBehavior [ RunTime:0.000021s ]
INFO: [ app_init ] --END-- [ RunTime:0.000437s ]
INFO: [ app_begin ] --START--
INFO: Run Behavior\ReadHtmlCacheBehavior [ RunTime:0.000421s ]
INFO: [ app_begin ] --END-- [ RunTime:0.000481s ]
SQL: SHOW COLUMNS FROM `yunzhan_admin` [ RunTime:0.0010s ]
SQL: SHOW COLUMNS FROM `yunzhan_menu` [ RunTime:0.0004s ]
INFO: [ view_parse ] --START--
INFO: [ template_filter ] --START--
INFO: Run Behavior\ContentReplaceBehavior [ RunTime:0.000068s ]
INFO: [ template_filter ] --END-- [ RunTime:0.000134s ]
INFO: Run Behavior\ParseTemplateBehavior [ RunTime:0.007907s ]
INFO: [ view_parse ] --END-- [ RunTime:0.007969s ]
INFO: [ view_filter ] --START--
INFO: Run Behavior\WriteHtmlCacheBehavior [ RunTime:0.000185s ]
INFO: [ view_filter ] --END-- [ RunTime:0.000229s ]
INFO: [ app_end ] --START--
INFO: Run Behavior\ShowPageTraceBehavior [ RunTime:0.000574s ]
INFO: [ app_end ] --END-- [ RunTime:0.000628s ]

[ 2017-04-05T16:07:57+08:00 ] 114.249.36.103 /index.php?m=Yunzhansystem&c=Public&a=login
INFO: [ app_init ] --START--
INFO: Run Behavior\BuildLiteBehavior [ RunTime:0.000021s ]
INFO: [ app_init ] --END-- [ RunTime:0.000410s ]
INFO: [ app_begin ] --START--
INFO: Run Behavior\ReadHtmlCacheBehavior [ RunTime:0.000416s ]
INFO: [ app_begin ] --END-- [ RunTime:0.000473s ]
SQL: SHOW COLUMNS FROM `yunzhan_admin` [ RunTime:0.0006s ]
SQL: SHOW COLUMNS FROM `yunzhan_menu` [ RunTime:0.0005s ]
SQL: SELECT `id`,`username`,`userpwd`,`status`,`level`,`create_time`,`root`,`last_login_time`,`last_login_ip` FROM `yunzhan_admin` WHERE `username` = 'admin' LIMIT 1   [ RunTime:0.0001s ]
SQL: UPDATE `yunzhan_admin` SET `last_login_time`='1491379677',`last_login_ip`='114.249.36.103' WHERE ( id=1 ) [ RunTime:0.0003s ]

[ 2017-04-05T16:07:57+08:00 ] 114.249.36.103 /index.php?m=Yunzhansystem&c=Index&a=index
INFO: [ app_init ] --START--
INFO: Run Behavior\BuildLiteBehavior [ RunTime:0.000018s ]
INFO: [ app_init ] --END-- [ RunTime:0.000397s ]
INFO: [ app_begin ] --START--
INFO: Run Behavior\ReadHtmlCacheBehavior [ RunTime:0.000436s ]
INFO: [ app_begin ] --END-- [ RunTime:0.000491s ]
SQL: SHOW COLUMNS FROM `yunzhan_menu` [ RunTime:0.0007s ]
SQL: SELECT * FROM `yunzhan_menu` WHERE ( pid=0 and display=1  ) ORDER BY sort asc,id asc  [ RunTime:0.0002s ]
INFO: [ view_parse ] --START--
INFO: [ template_filter ] --START--
INFO: Run Behavior\ContentReplaceBehavior [ RunTime:0.000109s ]
INFO: [ template_filter ] --END-- [ RunTime:0.000200s ]
INFO: Run Behavior\ParseTemplateBehavior [ RunTime:0.010907s ]
INFO: [ view_parse ] --END-- [ RunTime:0.010991s ]
INFO: [ view_filter ] --START--
INFO: Run Behavior\WriteHtmlCacheBehavior [ RunTime:0.000248s ]
INFO: [ view_filter ] --END-- [ RunTime:0.000302s ]
INFO: [ app_end ] --START--
INFO: Run Behavior\ShowPageTraceBehavior [ RunTime:0.000662s ]
INFO: [ app_end ] --END-- [ RunTime:0.000755s ]

[ 2017-04-05T16:07:58+08:00 ] 114.249.36.103 /index.php?m=Yunzhansystem&c=Index&a=indexs
INFO: [ app_init ] --START--
INFO: Run Behavior\BuildLiteBehavior [ RunTime:0.000017s ]
INFO: [ app_init ] --END-- [ RunTime:0.000440s ]
INFO: [ app_begin ] --START--
INFO: Run Behavior\ReadHtmlCacheBehavior [ RunTime:0.000427s ]
INFO: [ app_begin ] --END-- [ RunTime:0.000480s ]
SQL: SHOW COLUMNS FROM `yunzhan_config` [ RunTime:0.0009s ]
SQL: SELECT * FROM `yunzhan_config` WHERE `id` = 1 LIMIT 1   [ RunTime:0.0003s ]
SQL: SHOW COLUMNS FROM `yunzhan_article` [ RunTime:0.0007s ]
SQL: SELECT * FROM `yunzhan_article` ORDER BY sort asc,create_time desc,id desc LIMIT 7   [ RunTime:0.0004s ]
INFO: [ view_parse ] --START--
INFO: [ template_filter ] --START--
INFO: Run Behavior\ContentReplaceBehavior [ RunTime:0.000100s ]
INFO: [ template_filter ] --END-- [ RunTime:0.000235s ]
SQL: select version() as v; [ RunTime:0.0003s ]
INFO: Run Behavior\ParseTemplateBehavior [ RunTime:0.020790s ]
INFO: [ view_parse ] --END-- [ RunTime:0.020905s ]
INFO: [ view_filter ] --START--
INFO: Run Behavior\WriteHtmlCacheBehavior [ RunTime:0.000276s ]
INFO: [ view_filter ] --END-- [ RunTime:0.000336s ]
INFO: [ app_end ] --START--
INFO: Run Behavior\ShowPageTraceBehavior [ RunTime:0.000646s ]
INFO: [ app_end ] --END-- [ RunTime:0.000726s ]

[ 2017-04-05T16:07:58+08:00 ] 114.249.36.103 /index.php?m=Yunzhansystem&c=Public&a=menu
INFO: [ app_init ] --START--
INFO: Run Behavior\BuildLiteBehavior [ RunTime:0.000028s ]
INFO: [ app_init ] --END-- [ RunTime:0.000425s ]
INFO: [ app_begin ] --START--
INFO: Run Behavior\ReadHtmlCacheBehavior [ RunTime:0.000445s ]
INFO: [ app_begin ] --END-- [ RunTime:0.000541s ]
SQL: SHOW COLUMNS FROM `yunzhan_admin` [ RunTime:0.0007s ]
SQL: SHOW COLUMNS FROM `yunzhan_menu` [ RunTime:0.0004s ]
SQL: SELECT * FROM `yunzhan_admin` WHERE `id` = 1 LIMIT 1   [ RunTime:0.0003s ]
NOTIC: [8] Undefined variable: Arr_str /home/yunzhantest2y3ucnmzfhzaqnlt7ersdt/wwwroot/Apps/Yunzhansystem/Controller/PublicController.class.php 第 91 行.
SQL: SELECT * FROM `yunzhan_menu` WHERE ( pid=1 and display=1 ) ORDER BY sort asc,id desc  [ RunTime:0.0003s ]
INFO: [ view_parse ] --START--
INFO: [ template_filter ] --START--
INFO: Run Behavior\ContentReplaceBehavior [ RunTime:0.000083s ]
INFO: [ template_filter ] --END-- [ RunTime:0.000189s ]
SQL: SHOW COLUMNS FROM `yunzhan_menu` [ RunTime:0.0008s ]
SQL: SELECT * FROM `yunzhan_menu` WHERE ( pid=7 and display=1 ) ORDER BY sort asc,id desc  [ RunTime:0.0003s ]
INFO: Run Behavior\ParseTemplateBehavior [ RunTime:0.023304s ]
INFO: [ view_parse ] --END-- [ RunTime:0.023367s ]
INFO: [ view_filter ] --START--
INFO: Run Behavior\WriteHtmlCacheBehavior [ RunTime:0.000297s ]
INFO: [ view_filter ] --END-- [ RunTime:0.000354s ]
INFO: [ app_end ] --START--
INFO: Run Behavior\ShowPageTraceBehavior [ RunTime:0.000739s ]
INFO: [ app_end ] --END-- [ RunTime:0.000810s ]

[ 2017-04-05T16:08:00+08:00 ] 114.249.36.103 /index.php?m=Yunzhansystem&c=Index&a=indexs
INFO: [ app_init ] --START--
INFO: Run Behavior\BuildLiteBehavior [ RunTime:0.000017s ]
INFO: [ app_init ] --END-- [ RunTime:0.000371s ]
INFO: [ app_begin ] --START--
INFO: Run Behavior\ReadHtmlCacheBehavior [ RunTime:0.000444s ]
INFO: [ app_begin ] --END-- [ RunTime:0.000497s ]
SQL: SHOW COLUMNS FROM `yunzhan_config` [ RunTime:0.0006s ]
SQL: SELECT * FROM `yunzhan_config` WHERE `id` = 1 LIMIT 1   [ RunTime:0.0002s ]
SQL: SHOW COLUMNS FROM `yunzhan_article` [ RunTime:0.0006s ]
SQL: SELECT * FROM `yunzhan_article` ORDER BY sort asc,create_time desc,id desc LIMIT 7   [ RunTime:0.0003s ]
INFO: [ view_parse ] --START--
INFO: [ template_filter ] --START--
INFO: Run Behavior\ContentReplaceBehavior [ RunTime:0.000089s ]
INFO: [ template_filter ] --END-- [ RunTime:0.000191s ]
SQL: select version() as v; [ RunTime:0.0002s ]
INFO: Run Behavior\ParseTemplateBehavior [ RunTime:0.009190s ]
INFO: [ view_parse ] --END-- [ RunTime:0.009273s ]
INFO: [ view_filter ] --START--
INFO: Run Behavior\WriteHtmlCacheBehavior [ RunTime:0.000251s ]
INFO: [ view_filter ] --END-- [ RunTime:0.000322s ]
INFO: [ app_end ] --START--
INFO: Run Behavior\ShowPageTraceBehavior [ RunTime:0.000693s ]
INFO: [ app_end ] --END-- [ RunTime:0.000938s ]

[ 2017-04-05T16:08:04+08:00 ] 114.249.36.103 /index.php?m=Yunzhansystem&c=Article&a=add
INFO: [ app_init ] --START--
INFO: Run Behavior\BuildLiteBehavior [ RunTime:0.000021s ]
INFO: [ app_init ] --END-- [ RunTime:0.000416s ]
INFO: [ app_begin ] --START--
INFO: Run Behavior\ReadHtmlCacheBehavior [ RunTime:0.000503s ]
INFO: [ app_begin ] --END-- [ RunTime:0.000563s ]
SQL: SHOW COLUMNS FROM `yunzhan_article` [ RunTime:0.0010s ]
SQL: SHOW COLUMNS FROM `yunzhan_category` [ RunTime:0.0006s ]
SQL: SELECT * FROM `yunzhan_category`  [ RunTime:0.0006s ]
SQL: SELECT `id`,`pid`,`title`,`english`,`type`,`image`,`description`,`setting`,`sort`,`lists_tpl`,`view_tpl`,`is_lower`,`is_delete`,`display`,`nav_display`,`seo_title`,`seo_keyword`,`seo_desc` FROM `yunzhan_category` WHERE ( type <> 'Pages' and type <> 'Service' ) ORDER BY sort asc, id asc  [ RunTime:0.0007s ]
INFO: [ view_parse ] --START--
INFO: [ template_filter ] --START--
INFO: Run Behavior\ContentReplaceBehavior [ RunTime:0.000135s ]
INFO: [ template_filter ] --END-- [ RunTime:0.000254s ]
NOTIC: [8] Undefined variable: info /home/yunzhantest2y3ucnmzfhzaqnlt7ersdt/wwwroot/Apps/Runtime/Cache/Yunzhansystem/beb058e6f36f2beaad4af3eb6de88165.php 第 39 行.
NOTIC: [8] Undefined variable: info /home/yunzhantest2y3ucnmzfhzaqnlt7ersdt/wwwroot/Apps/Runtime/Cache/Yunzhansystem/beb058e6f36f2beaad4af3eb6de88165.php 第 39 行.
NOTIC: [8] Undefined variable: info /home/yunzhantest2y3ucnmzfhzaqnlt7ersdt/wwwroot/Apps/Runtime/Cache/Yunzhansystem/beb058e6f36f2beaad4af3eb6de88165.php 第 39 行.
NOTIC: [8] Undefined variable: info /home/yunzhantest2y3ucnmzfhzaqnlt7ersdt/wwwroot/Apps/Runtime/Cache/Yunzhansystem/beb058e6f36f2beaad4af3eb6de88165.php 第 39 行.
NOTIC: [8] Undefined variable: info /home/yunzhantest2y3ucnmzfhzaqnlt7ersdt/wwwroot/Apps/Runtime/Cache/Yunzhansystem/beb058e6f36f2beaad4af3eb6de88165.php 第 39 行.
NOTIC: [8] Undefined variable: info /home/yunzhantest2y3ucnmzfhzaqnlt7ersdt/wwwroot/Apps/Runtime/Cache/Yunzhansystem/beb058e6f36f2beaad4af3eb6de88165.php 第 39 行.
NOTIC: [8] Undefined variable: info /home/yunzhantest2y3ucnmzfhzaqnlt7ersdt/wwwroot/Apps/Runtime/Cache/Yunzhansystem/beb058e6f36f2beaad4af3eb6de88165.php 第 39 行.
NOTIC: [8] Undefined variable: info /home/yunzhantest2y3ucnmzfhzaqnlt7ersdt/wwwroot/Apps/Runtime/Cache/Yunzhansystem/beb058e6f36f2beaad4af3eb6de88165.php 第 39 行.
NOTIC: [8] Undefined variable: info /home/yunzhantest2y3ucnmzfhzaqnlt7ersdt/wwwroot/Apps/Runtime/Cache/Yunzhansystem/beb058e6f36f2beaad4af3eb6de88165.php 第 39 行.
NOTIC: [8] Undefined variable: info /home/yunzhantest2y3ucnmzfhzaqnlt7ersdt/wwwroot/Apps/Runtime/Cache/Yunzhansystem/beb058e6f36f2beaad4af3eb6de88165.php 第 39 行.
NOTIC: [8] Undefined variable: info /home/yunzhantest2y3ucnmzfhzaqnlt7ersdt/wwwroot/Apps/Runtime/Cache/Yunzhansystem/beb058e6f36f2beaad4af3eb6de88165.php 第 39 行.
NOTIC: [8] Undefined variable: info /home/yunzhantest2y3ucnmzfhzaqnlt7ersdt/wwwroot/Apps/Runtime/Cache/Yunzhansystem/beb058e6f36f2beaad4af3eb6de88165.php 第 39 行.
NOTIC: [8] Undefined variable: info /home/yunzhantest2y3ucnmzfhzaqnlt7ersdt/wwwroot/Apps/Runtime/Cache/Yunzhansystem/beb058e6f36f2beaad4af3eb6de88165.php 第 39 行.
NOTIC: [8] Undefined variable: info /home/yunzhantest2y3ucnmzfhzaqnlt7ersdt/wwwroot/Apps/Runtime/Cache/Yunzhansystem/beb058e6f36f2beaad4af3eb6de88165.php 第 39 行.
NOTIC: [8] Undefined variable: info /home/yunzhantest2y3ucnmzfhzaqnlt7ersdt/wwwroot/Apps/Runtime/Cache/Yunzhansystem/beb058e6f36f2beaad4af3eb6de88165.php 第 39 行.
NOTIC: [8] Undefined variable: info /home/yunzhantest2y3ucnmzfhzaqnlt7ersdt/wwwroot/Apps/Runtime/Cache/Yunzhansystem/beb058e6f36f2beaad4af3eb6de88165.php 第 39 行.
NOTIC: [8] Undefined variable: info /home/yunzhantest2y3ucnmzfhzaqnlt7ersdt/wwwroot/Apps/Runtime/Cache/Yunzhansystem/beb058e6f36f2beaad4af3eb6de88165.php 第 39 行.
NOTIC: [8] Undefined variable: info /home/yunzhantest2y3ucnmzfhzaqnlt7ersdt/wwwroot/Apps/Runtime/Cache/Yunzhansystem/beb058e6f36f2beaad4af3eb6de88165.php 第 39 行.
NOTIC: [8] Undefined variable: info /home/yunzhantest2y3ucnmzfhzaqnlt7ersdt/wwwroot/Apps/Runtime/Cache/Yunzhansystem/beb058e6f36f2beaad4af3eb6de88165.php 第 39 行.
NOTIC: [8] Undefined variable: info /home/yunzhantest2y3ucnmzfhzaqnlt7ersdt/wwwroot/Apps/Runtime/Cache/Yunzhansystem/beb058e6f36f2beaad4af3eb6de88165.php 第 39 行.
NOTIC: [8] Undefined variable: info /home/yunzhantest2y3ucnmzfhzaqnlt7ersdt/wwwroot/Apps/Runtime/Cache/Yunzhansystem/beb058e6f36f2beaad4af3eb6de88165.php 第 39 行.
NOTIC: [8] Undefined variable: info /home/yunzhantest2y3ucnmzfhzaqnlt7ersdt/wwwroot/Apps/Runtime/Cache/Yunzhansystem/beb058e6f36f2beaad4af3eb6de88165.php 第 39 行.
NOTIC: [8] Undefined variable: info /home/yunzhantest2y3ucnmzfhzaqnlt7ersdt/wwwroot/Apps/Runtime/Cache/Yunzhansystem/beb058e6f36f2beaad4af3eb6de88165.php 第 39 行.
NOTIC: [8] Undefined variable: info /home/yunzhantest2y3ucnmzfhzaqnlt7ersdt/wwwroot/Apps/Runtime/Cache/Yunzhansystem/beb058e6f36f2beaad4af3eb6de88165.php 第 39 行.
NOTIC: [8] Undefined variable: info /home/yunzhantest2y3ucnmzfhzaqnlt7ersdt/wwwroot/Apps/Runtime/Cache/Yunzhansystem/beb058e6f36f2beaad4af3eb6de88165.php 第 39 行.
NOTIC: [8] Undefined variable: info /home/yunzhantest2y3ucnmzfhzaqnlt7ersdt/wwwroot/Apps/Runtime/Cache/Yunzhansystem/beb058e6f36f2beaad4af3eb6de88165.php 第 39 行.
NOTIC: [8] Undefined variable: info /home/yunzhantest2y3ucnmzfhzaqnlt7ersdt/wwwroot/Apps/Runtime/Cache/Yunzhansystem/beb058e6f36f2beaad4af3eb6de88165.php 第 39 行.
NOTIC: [8] Undefined variable: info /home/yunzhantest2y3ucnmzfhzaqnlt7ersdt/wwwroot/Apps/Runtime/Cache/Yunzhansystem/beb058e6f36f2beaad4af3eb6de88165.php 第 39 行.
NOTIC: [8] Undefined variable: info /home/yunzhantest2y3ucnmzfhzaqnlt7ersdt/wwwroot/Apps/Runtime/Cache/Yunzhansystem/beb058e6f36f2beaad4af3eb6de88165.php 第 39 行.
NOTIC: [8] Undefined variable: info /home/yunzhantest2y3ucnmzfhzaqnlt7ersdt/wwwroot/Apps/Runtime/Cache/Yunzhansystem/beb058e6f36f2beaad4af3eb6de88165.php 第 39 行.
NOTIC: [8] Undefined variable: info /home/yunzhantest2y3ucnmzfhzaqnlt7ersdt/wwwroot/Apps/Runtime/Cache/Yunzhansystem/beb058e6f36f2beaad4af3eb6de88165.php 第 39 行.
NOTIC: [8] Undefined variable: info /home/yunzhantest2y3ucnmzfhzaqnlt7ersdt/wwwroot/Apps/Runtime/Cache/Yunzhansystem/beb058e6f36f2beaad4af3eb6de88165.php 第 39 行.
NOTIC: [8] Undefined variable: info /home/yunzhantest2y3ucnmzfhzaqnlt7ersdt/wwwroot/Apps/Runtime/Cache/Yunzhansystem/beb058e6f36f2beaad4af3eb6de88165.php 第 39 行.
NOTIC: [8] Undefined variable: info /home/yunzhantest2y3ucnmzfhzaqnlt7ersdt/wwwroot/Apps/Runtime/Cache/Yunzhansystem/beb058e6f36f2beaad4af3eb6de88165.php 第 39 行.
NOTIC: [8] Undefined variable: info /home/yunzhantest2y3ucnmzfhzaqnlt7ersdt/wwwroot/Apps/Runtime/Cache/Yunzhansystem/beb058e6f36f2beaad4af3eb6de88165.php 第 39 行.
NOTIC: [8] Undefined variable: info /home/yunzhantest2y3ucnmzfhzaqnlt7ersdt/wwwroot/Apps/Runtime/Cache/Yunzhansystem/beb058e6f36f2beaad4af3eb6de88165.php 第 39 行.
NOTIC: [8] Undefined variable: info /home/yunzhantest2y3ucnmzfhzaqnlt7ersdt/wwwroot/Apps/Runtime/Cache/Yunzhansystem/beb058e6f36f2beaad4af3eb6de88165.php 第 39 行.
NOTIC: [8] Undefined variable: info /home/yunzhantest2y3ucnmzfhzaqnlt7ersdt/wwwroot/Apps/Runtime/Cache/Yunzhansystem/beb058e6f36f2beaad4af3eb6de88165.php 第 39 行.
NOTIC: [8] Undefined variable: info /home/yunzhantest2y3ucnmzfhzaqnlt7ersdt/wwwroot/Apps/Runtime/Cache/Yunzhansystem/beb058e6f36f2beaad4af3eb6de88165.php 第 39 行.
NOTIC: [8] Undefined variable: info /home/yunzhantest2y3ucnmzfhzaqnlt7ersdt/wwwroot/Apps/Runtime/Cache/Yunzhansystem/beb058e6f36f2beaad4af3eb6de88165.php 第 39 行.
NOTIC: [8] Undefined variable: info /home/yunzhantest2y3ucnmzfhzaqnlt7ersdt/wwwroot/Apps/Runtime/Cache/Yunzhansystem/beb058e6f36f2beaad4af3eb6de88165.php 第 39 行.
NOTIC: [8] Undefined variable: info /home/yunzhantest2y3ucnmzfhzaqnlt7ersdt/wwwroot/Apps/Runtime/Cache/Yunzhansystem/beb058e6f36f2beaad4af3eb6de88165.php 第 39 行.
NOTIC: [8] Undefined variable: info /home/yunzhantest2y3ucnmzfhzaqnlt7ersdt/wwwroot/Apps/Runtime/Cache/Yunzhansystem/beb058e6f36f2beaad4af3eb6de88165.php 第 46 行.
NOTIC: [8] Undefined variable: info /home/yunzhantest2y3ucnmzfhzaqnlt7ersdt/wwwroot/Apps/Runtime/Cache/Yunzhansystem/beb058e6f36f2beaad4af3eb6de88165.php 第 52 行.
NOTIC: [8] Undefined variable: info /home/yunzhantest2y3ucnmzfhzaqnlt7ersdt/wwwroot/Apps/Runtime/Cache/Yunzhansystem/beb058e6f36f2beaad4af3eb6de88165.php 第 56 行.
NOTIC: [8] Undefined variable: info /home/yunzhantest2y3ucnmzfhzaqnlt7ersdt/wwwroot/Apps/Runtime/Cache/Yunzhansystem/beb058e6f36f2beaad4af3eb6de88165.php 第 57 行.
NOTIC: [8] Undefined variable: info /home/yunzhantest2y3ucnmzfhzaqnlt7ersdt/wwwroot/Apps/Runtime/Cache/Yunzhansystem/beb058e6f36f2beaad4af3eb6de88165.php 第 65 行.
NOTIC: [8] Undefined variable: info /home/yunzhantest2y3ucnmzfhzaqnlt7ersdt/wwwroot/Apps/Runtime/Cache/Yunzhansystem/beb058e6f36f2beaad4af3eb6de88165.php 第 91 行.
NOTIC: [8] Undefined variable: info /home/yunzhantest2y3ucnmzfhzaqnlt7ersdt/wwwroot/Apps/Runtime/Cache/Yunzhansystem/beb058e6f36f2beaad4af3eb6de88165.php 第 95 行.
INFO: Run Behavior\ParseTemplateBehavior [ RunTime:0.024770s ]
INFO: [ view_parse ] --END-- [ RunTime:0.024826s ]
INFO: [ view_filter ] --START--
INFO: Run Behavior\WriteHtmlCacheBehavior [ RunTime:0.000183s ]
INFO: [ view_filter ] --END-- [ RunTime:0.000227s ]
INFO: [ app_end ] --START--
INFO: Run Behavior\ShowPageTraceBehavior [ RunTime:0.000496s ]
INFO: [ app_end ] --END-- [ RunTime:0.000551s ]

[ 2017-04-05T16:08:10+08:00 ] 117.185.27.113 /index.php?m=yunzhansystem&c=index&a=index
INFO: [ app_init ] --START--
INFO: Run Behavior\BuildLiteBehavior [ RunTime:0.000018s ]
INFO: [ app_init ] --END-- [ RunTime:0.000395s ]
INFO: [ app_begin ] --START--
INFO: Run Behavior\ReadHtmlCacheBehavior [ RunTime:0.000420s ]
INFO: [ app_begin ] --END-- [ RunTime:0.000478s ]
SQL: SHOW COLUMNS FROM `yunzhan_menu` [ RunTime:0.0007s ]
SQL: SELECT * FROM `yunzhan_menu` WHERE ( pid=0 and display=1  ) ORDER BY sort asc,id asc  [ RunTime:0.0002s ]
INFO: [ view_parse ] --START--
INFO: [ template_filter ] --START--
INFO: Run Behavior\ContentReplaceBehavior [ RunTime:0.000083s ]
INFO: [ template_filter ] --END-- [ RunTime:0.000153s ]
INFO: Run Behavior\ParseTemplateBehavior [ RunTime:0.011461s ]
INFO: [ view_parse ] --END-- [ RunTime:0.011527s ]
INFO: [ view_filter ] --START--
INFO: Run Behavior\WriteHtmlCacheBehavior [ RunTime:0.000167s ]
INFO: [ view_filter ] --END-- [ RunTime:0.000224s ]
INFO: [ app_end ] --START--
INFO: Run Behavior\ShowPageTraceBehavior [ RunTime:0.000549s ]
INFO: [ app_end ] --END-- [ RunTime:0.000607s ]

[ 2017-04-05T16:08:10+08:00 ] 117.185.27.113 /index.php?m=Yunzhansystem&c=Public&a=login
INFO: [ app_init ] --START--
INFO: Run Behavior\BuildLiteBehavior [ RunTime:0.000021s ]
INFO: [ app_init ] --END-- [ RunTime:0.000418s ]
INFO: [ app_begin ] --START--
INFO: Run Behavior\ReadHtmlCacheBehavior [ RunTime:0.000438s ]
INFO: [ app_begin ] --END-- [ RunTime:0.000497s ]
SQL: SHOW COLUMNS FROM `yunzhan_admin` [ RunTime:0.0009s ]
SQL: SHOW COLUMNS FROM `yunzhan_menu` [ RunTime:0.0006s ]
INFO: [ view_parse ] --START--
INFO: [ template_filter ] --START--
INFO: Run Behavior\ContentReplaceBehavior [ RunTime:0.000059s ]
INFO: [ template_filter ] --END-- [ RunTime:0.000116s ]
INFO: Run Behavior\ParseTemplateBehavior [ RunTime:0.006545s ]
INFO: [ view_parse ] --END-- [ RunTime:0.006608s ]
INFO: [ view_filter ] --START--
INFO: Run Behavior\WriteHtmlCacheBehavior [ RunTime:0.000214s ]
INFO: [ view_filter ] --END-- [ RunTime:0.000253s ]
INFO: [ app_end ] --START--
INFO: Run Behavior\ShowPageTraceBehavior [ RunTime:0.000457s ]
INFO: [ app_end ] --END-- [ RunTime:0.000504s ]

[ 2017-04-05T16:08:57+08:00 ] 114.249.36.103 /index.php?m=Yunzhansystem&c=Public&a=menu&mid=1
INFO: [ app_init ] --START--
INFO: Run Behavior\BuildLiteBehavior [ RunTime:0.000018s ]
INFO: [ app_init ] --END-- [ RunTime:0.000368s ]
INFO: [ app_begin ] --START--
INFO: Run Behavior\ReadHtmlCacheBehavior [ RunTime:0.000425s ]
INFO: [ app_begin ] --END-- [ RunTime:0.000492s ]
SQL: SHOW COLUMNS FROM `yunzhan_admin` [ RunTime:0.0009s ]
SQL: SHOW COLUMNS FROM `yunzhan_menu` [ RunTime:0.0009s ]
SQL: SELECT * FROM `yunzhan_admin` WHERE `id` = 1 LIMIT 1   [ RunTime:0.0002s ]
NOTIC: [8] Undefined variable: Arr_str /home/yunzhantest2y3ucnmzfhzaqnlt7ersdt/wwwroot/Apps/Yunzhansystem/Controller/PublicController.class.php 第 91 行.
SQL: SELECT * FROM `yunzhan_menu` WHERE ( pid=1 and display=1 ) ORDER BY sort asc,id desc  [ RunTime:0.0001s ]
INFO: [ view_parse ] --START--
INFO: [ template_filter ] --START--
INFO: Run Behavior\ContentReplaceBehavior [ RunTime:0.000045s ]
INFO: [ template_filter ] --END-- [ RunTime:0.000096s ]
SQL: SHOW COLUMNS FROM `yunzhan_menu` [ RunTime:0.0004s ]
SQL: SELECT * FROM `yunzhan_menu` WHERE ( pid=7 and display=1 ) ORDER BY sort asc,id desc  [ RunTime:0.0001s ]
INFO: Run Behavior\ParseTemplateBehavior [ RunTime:0.009737s ]
INFO: [ view_parse ] --END-- [ RunTime:0.009786s ]
INFO: [ view_filter ] --START--
INFO: Run Behavior\WriteHtmlCacheBehavior [ RunTime:0.000172s ]
INFO: [ view_filter ] --END-- [ RunTime:0.000208s ]
INFO: [ app_end ] --START--
INFO: Run Behavior\ShowPageTraceBehavior [ RunTime:0.000543s ]
INFO: [ app_end ] --END-- [ RunTime:0.000588s ]

[ 2017-04-05T16:08:59+08:00 ] 114.249.36.103 /index.php?m=Yunzhansystem&c=Public&a=menu&mid=6
INFO: [ app_init ] --START--
INFO: Run Behavior\BuildLiteBehavior [ RunTime:0.000017s ]
INFO: [ app_init ] --END-- [ RunTime:0.000372s ]
INFO: [ app_begin ] --START--
INFO: Run Behavior\ReadHtmlCacheBehavior [ RunTime:0.000447s ]
INFO: [ app_begin ] --END-- [ RunTime:0.000499s ]
SQL: SHOW COLUMNS FROM `yunzhan_admin` [ RunTime:0.0011s ]
SQL: SHOW COLUMNS FROM `yunzhan_menu` [ RunTime:0.0009s ]
SQL: SELECT * FROM `yunzhan_admin` WHERE `id` = 1 LIMIT 1   [ RunTime:0.0002s ]
NOTIC: [8] Undefined variable: Arr_str /home/yunzhantest2y3ucnmzfhzaqnlt7ersdt/wwwroot/Apps/Yunzhansystem/Controller/PublicController.class.php 第 91 行.
SQL: SELECT * FROM `yunzhan_menu` WHERE ( pid=6 and display=1 ) ORDER BY sort asc,id desc  [ RunTime:0.0004s ]
INFO: [ view_parse ] --START--
INFO: [ template_filter ] --START--
INFO: Run Behavior\ContentReplaceBehavior [ RunTime:0.000070s ]
INFO: [ template_filter ] --END-- [ RunTime:0.000128s ]
SQL: SHOW COLUMNS FROM `yunzhan_menu` [ RunTime:0.0005s ]
SQL: SELECT * FROM `yunzhan_menu` WHERE ( pid=23 and display=1 ) ORDER BY sort asc,id desc  [ RunTime:0.0002s ]
INFO: Run Behavior\ParseTemplateBehavior [ RunTime:0.010597s ]
INFO: [ view_parse ] --END-- [ RunTime:0.010669s ]
INFO: [ view_filter ] --START--
INFO: Run Behavior\WriteHtmlCacheBehavior [ RunTime:0.000193s ]
INFO: [ view_filter ] --END-- [ RunTime:0.000232s ]
INFO: [ app_end ] --START--
INFO: Run Behavior\ShowPageTraceBehavior [ RunTime:0.000564s ]
INFO: [ app_end ] --END-- [ RunTime:0.000615s ]

[ 2017-04-05T16:09:42+08:00 ] 114.249.36.103 /index.php?m=Yunzhansystem&c=Public&a=menu&mid=1
INFO: [ app_init ] --START--
INFO: Run Behavior\BuildLiteBehavior [ RunTime:0.000027s ]
INFO: [ app_init ] --END-- [ RunTime:0.000387s ]
INFO: [ app_begin ] --START--
INFO: Run Behavior\ReadHtmlCacheBehavior [ RunTime:0.000434s ]
INFO: [ app_begin ] --END-- [ RunTime:0.000485s ]
SQL: SHOW COLUMNS FROM `yunzhan_admin` [ RunTime:0.0011s ]
SQL: SHOW COLUMNS FROM `yunzhan_menu` [ RunTime:0.0005s ]
SQL: SELECT * FROM `yunzhan_admin` WHERE `id` = 1 LIMIT 1   [ RunTime:0.0002s ]
NOTIC: [8] Undefined variable: Arr_str /home/yunzhantest2y3ucnmzfhzaqnlt7ersdt/wwwroot/Apps/Yunzhansystem/Controller/PublicController.class.php 第 91 行.
SQL: SELECT * FROM `yunzhan_menu` WHERE ( pid=1 and display=1 ) ORDER BY sort asc,id desc  [ RunTime:0.0001s ]
INFO: [ view_parse ] --START--
INFO: [ template_filter ] --START--
INFO: Run Behavior\ContentReplaceBehavior [ RunTime:0.000077s ]
INFO: [ template_filter ] --END-- [ RunTime:0.000147s ]
SQL: SHOW COLUMNS FROM `yunzhan_menu` [ RunTime:0.0005s ]
SQL: SELECT * FROM `yunzhan_menu` WHERE ( pid=7 and display=1 ) ORDER BY sort asc,id desc  [ RunTime:0.0001s ]
INFO: Run Behavior\ParseTemplateBehavior [ RunTime:0.010593s ]
INFO: [ view_parse ] --END-- [ RunTime:0.010658s ]
INFO: [ view_filter ] --START--
INFO: Run Behavior\WriteHtmlCacheBehavior [ RunTime:0.000179s ]
INFO: [ view_filter ] --END-- [ RunTime:0.000214s ]
INFO: [ app_end ] --START--
INFO: Run Behavior\ShowPageTraceBehavior [ RunTime:0.000462s ]
INFO: [ app_end ] --END-- [ RunTime:0.000508s ]

[ 2017-04-05T16:09:43+08:00 ] 114.249.36.103 /index.php?m=Yunzhansystem&c=Index&a=indexs
INFO: [ app_init ] --START--
INFO: Run Behavior\BuildLiteBehavior [ RunTime:0.000016s ]
INFO: [ app_init ] --END-- [ RunTime:0.000377s ]
INFO: [ app_begin ] --START--
INFO: Run Behavior\ReadHtmlCacheBehavior [ RunTime:0.000452s ]
INFO: [ app_begin ] --END-- [ RunTime:0.000513s ]
SQL: SHOW COLUMNS FROM `yunzhan_config` [ RunTime:0.0009s ]
SQL: SELECT * FROM `yunzhan_config` WHERE `id` = 1 LIMIT 1   [ RunTime:0.0001s ]
SQL: SHOW COLUMNS FROM `yunzhan_article` [ RunTime:0.0007s ]
SQL: SELECT * FROM `yunzhan_article` ORDER BY sort asc,create_time desc,id desc LIMIT 7   [ RunTime:0.0001s ]
INFO: [ view_parse ] --START--
INFO: [ template_filter ] --START--
INFO: Run Behavior\ContentReplaceBehavior [ RunTime:0.000112s ]
INFO: [ template_filter ] --END-- [ RunTime:0.000201s ]
SQL: select version() as v; [ RunTime:0.0002s ]
INFO: Run Behavior\ParseTemplateBehavior [ RunTime:0.009031s ]
INFO: [ view_parse ] --END-- [ RunTime:0.009108s ]
INFO: [ view_filter ] --START--
INFO: Run Behavior\WriteHtmlCacheBehavior [ RunTime:0.000174s ]
INFO: [ view_filter ] --END-- [ RunTime:0.000221s ]
INFO: [ app_end ] --START--
INFO: Run Behavior\ShowPageTraceBehavior [ RunTime:0.000425s ]
INFO: [ app_end ] --END-- [ RunTime:0.000471s ]

[ 2017-04-05T16:09:43+08:00 ] 114.249.36.103 /index.php?m=Yunzhansystem&c=Index&a=indexs
INFO: [ app_init ] --START--
INFO: Run Behavior\BuildLiteBehavior [ RunTime:0.000019s ]
INFO: [ app_init ] --END-- [ RunTime:0.000378s ]
INFO: [ app_begin ] --START--
INFO: Run Behavior\ReadHtmlCacheBehavior [ RunTime:0.000429s ]
INFO: [ app_begin ] --END-- [ RunTime:0.000485s ]
SQL: SHOW COLUMNS FROM `yunzhan_config` [ RunTime:0.0007s ]
SQL: SELECT * FROM `yunzhan_config` WHERE `id` = 1 LIMIT 1   [ RunTime:0.0002s ]
SQL: SHOW COLUMNS FROM `yunzhan_article` [ RunTime:0.0007s ]
SQL: SELECT * FROM `yunzhan_article` ORDER BY sort asc,create_time desc,id desc LIMIT 7   [ RunTime:0.0003s ]
INFO: [ view_parse ] --START--
INFO: [ template_filter ] --START--
INFO: Run Behavior\ContentReplaceBehavior [ RunTime:0.000058s ]
INFO: [ template_filter ] --END-- [ RunTime:0.000126s ]
SQL: select version() as v; [ RunTime:0.0001s ]
INFO: Run Behavior\ParseTemplateBehavior [ RunTime:0.010440s ]
INFO: [ view_parse ] --END-- [ RunTime:0.010498s ]
INFO: [ view_filter ] --START--
INFO: Run Behavior\WriteHtmlCacheBehavior [ RunTime:0.000162s ]
INFO: [ view_filter ] --END-- [ RunTime:0.000199s ]
INFO: [ app_end ] --START--
INFO: Run Behavior\ShowPageTraceBehavior [ RunTime:0.000457s ]
INFO: [ app_end ] --END-- [ RunTime:0.000503s ]

[ 2017-04-05T16:09:45+08:00 ] 114.249.36.103 /index.php?m=Yunzhansystem&c=Public&a=menu&mid=4
INFO: [ app_init ] --START--
INFO: Run Behavior\BuildLiteBehavior [ RunTime:0.000026s ]
INFO: [ app_init ] --END-- [ RunTime:0.000370s ]
INFO: [ app_begin ] --START--
INFO: Run Behavior\ReadHtmlCacheBehavior [ RunTime:0.000434s ]
INFO: [ app_begin ] --END-- [ RunTime:0.000501s ]
SQL: SHOW COLUMNS FROM `yunzhan_admin` [ RunTime:0.0007s ]
SQL: SHOW COLUMNS FROM `yunzhan_menu` [ RunTime:0.0004s ]
SQL: SELECT * FROM `yunzhan_admin` WHERE `id` = 1 LIMIT 1   [ RunTime:0.0001s ]
NOTIC: [8] Undefined variable: Arr_str /home/yunzhantest2y3ucnmzfhzaqnlt7ersdt/wwwroot/Apps/Yunzhansystem/Controller/PublicController.class.php 第 91 行.
SQL: SELECT * FROM `yunzhan_menu` WHERE ( pid=4 and display=1 ) ORDER BY sort asc,id desc  [ RunTime:0.0002s ]
INFO: [ view_parse ] --START--
INFO: [ template_filter ] --START--
INFO: Run Behavior\ContentReplaceBehavior [ RunTime:0.000042s ]
INFO: [ template_filter ] --END-- [ RunTime:0.000091s ]
SQL: SHOW COLUMNS FROM `yunzhan_menu` [ RunTime:0.0004s ]
SQL: SELECT * FROM `yunzhan_menu` WHERE ( pid=20 and display=1 ) ORDER BY sort asc,id desc  [ RunTime:0.0002s ]
SQL: SELECT * FROM `yunzhan_menu` WHERE ( pid=26 and display=1 ) ORDER BY sort asc,id desc  [ RunTime:0.0002s ]
SQL: SELECT * FROM `yunzhan_menu` WHERE ( pid=18 and display=1 ) ORDER BY sort asc,id desc  [ RunTime:0.0002s ]
INFO: Run Behavior\ParseTemplateBehavior [ RunTime:0.008671s ]
INFO: [ view_parse ] --END-- [ RunTime:0.008721s ]
INFO: [ view_filter ] --START--
INFO: Run Behavior\WriteHtmlCacheBehavior [ RunTime:0.000221s ]
INFO: [ view_filter ] --END-- [ RunTime:0.000258s ]
INFO: [ app_end ] --START--
INFO: Run Behavior\ShowPageTraceBehavior [ RunTime:0.000417s ]
INFO: [ app_end ] --END-- [ RunTime:0.000461s ]

[ 2017-04-05T16:09:46+08:00 ] 114.249.36.103 /index.php?m=Yunzhansystem&c=Public&a=menu&mid=4
INFO: [ app_init ] --START--
INFO: Run Behavior\BuildLiteBehavior [ RunTime:0.000018s ]
INFO: [ app_init ] --END-- [ RunTime:0.000376s ]
INFO: [ app_begin ] --START--
INFO: Run Behavior\ReadHtmlCacheBehavior [ RunTime:0.000432s ]
INFO: [ app_begin ] --END-- [ RunTime:0.000483s ]
SQL: SHOW COLUMNS FROM `yunzhan_admin` [ RunTime:0.0007s ]
SQL: SHOW COLUMNS FROM `yunzhan_menu` [ RunTime:0.0006s ]
SQL: SELECT * FROM `yunzhan_admin` WHERE `id` = 1 LIMIT 1   [ RunTime:0.0002s ]
NOTIC: [8] Undefined variable: Arr_str /home/yunzhantest2y3ucnmzfhzaqnlt7ersdt/wwwroot/Apps/Yunzhansystem/Controller/PublicController.class.php 第 91 行.
SQL: SELECT * FROM `yunzhan_menu` WHERE ( pid=4 and display=1 ) ORDER BY sort asc,id desc  [ RunTime:0.0001s ]
INFO: [ view_parse ] --START--
INFO: [ template_filter ] --START--
INFO: Run Behavior\ContentReplaceBehavior [ RunTime:0.000059s ]
INFO: [ template_filter ] --END-- [ RunTime:0.000110s ]
SQL: SHOW COLUMNS FROM `yunzhan_menu` [ RunTime:0.0004s ]
SQL: SELECT * FROM `yunzhan_menu` WHERE ( pid=20 and display=1 ) ORDER BY sort asc,id desc  [ RunTime:0.0001s ]
SQL: SELECT * FROM `yunzhan_menu` WHERE ( pid=26 and display=1 ) ORDER BY sort asc,id desc  [ RunTime:0.0001s ]
SQL: SELECT * FROM `yunzhan_menu` WHERE ( pid=18 and display=1 ) ORDER BY sort asc,id desc  [ RunTime:0.0001s ]
INFO: Run Behavior\ParseTemplateBehavior [ RunTime:0.008936s ]
INFO: [ view_parse ] --END-- [ RunTime:0.008992s ]
INFO: [ view_filter ] --START--
INFO: Run Behavior\WriteHtmlCacheBehavior [ RunTime:0.000193s ]
INFO: [ view_filter ] --END-- [ RunTime:0.000229s ]
INFO: [ app_end ] --START--
INFO: Run Behavior\ShowPageTraceBehavior [ RunTime:0.000431s ]
INFO: [ app_end ] --END-- [ RunTime:0.000475s ]

[ 2017-04-05T16:09:47+08:00 ] 114.249.36.103 /index.php?m=Yunzhansystem&c=Adstype&a=index
INFO: [ app_init ] --START--
INFO: Run Behavior\BuildLiteBehavior [ RunTime:0.000018s ]
INFO: [ app_init ] --END-- [ RunTime:0.000386s ]
INFO: [ app_begin ] --START--
INFO: Run Behavior\ReadHtmlCacheBehavior [ RunTime:0.000443s ]
INFO: [ app_begin ] --END-- [ RunTime:0.000499s ]
SQL: SHOW COLUMNS FROM `yunzhan_adstype` [ RunTime:0.0088s ]
SQL: SHOW COLUMNS FROM `yunzhan_ads` [ RunTime:0.0007s ]
SQL: SELECT COUNT(*) AS tp_count FROM `yunzhan_adstype` WHERE ( 1=1  ) LIMIT 1   [ RunTime:0.0003s ]
SQL: SELECT * FROM `yunzhan_adstype` WHERE ( 1=1  ) ORDER BY sort asc,id desc LIMIT 0,25   [ RunTime:0.0020s ]
SQL: SHOW COLUMNS FROM `yunzhan_adstype` [ RunTime:0.0004s ]
SQL: SELECT COUNT(*) AS tp_count FROM `yunzhan_adstype` LIMIT 1   [ RunTime:0.0002s ]
INFO: [ view_parse ] --START--
INFO: [ template_filter ] --START--
INFO: Run Behavior\ContentReplaceBehavior [ RunTime:0.000079s ]
INFO: [ template_filter ] --END-- [ RunTime:0.000163s ]
NOTIC: [8] Undefined variable: session_system_level /home/yunzhantest2y3ucnmzfhzaqnlt7ersdt/wwwroot/Apps/Runtime/Cache/Yunzhansystem/d93ff9b9c7fa58ca67b76e7a3db369a2.php 第 21 行.
SQL: SHOW COLUMNS FROM `yunzhan_ads` [ RunTime:0.0007s ]
SQL: SELECT COUNT(*) AS tp_count FROM `yunzhan_ads` WHERE ( catid=6 ) LIMIT 1   [ RunTime:0.0002s ]
SQL: SELECT COUNT(*) AS tp_count FROM `yunzhan_ads` WHERE ( catid=5 ) LIMIT 1   [ RunTime:0.0002s ]
SQL: SELECT COUNT(*) AS tp_count FROM `yunzhan_ads` WHERE ( catid=4 ) LIMIT 1   [ RunTime:0.0003s ]
SQL: SELECT COUNT(*) AS tp_count FROM `yunzhan_ads` WHERE ( catid=3 ) LIMIT 1   [ RunTime:0.0003s ]
SQL: SELECT COUNT(*) AS tp_count FROM `yunzhan_ads` WHERE ( catid=2 ) LIMIT 1   [ RunTime:0.0003s ]
SQL: SELECT COUNT(*) AS tp_count FROM `yunzhan_ads` WHERE ( catid=1 ) LIMIT 1   [ RunTime:0.0002s ]
INFO: Run Behavior\ParseTemplateBehavior [ RunTime:0.013959s ]
INFO: [ view_parse ] --END-- [ RunTime:0.014037s ]
INFO: [ view_filter ] --START--
INFO: Run Behavior\WriteHtmlCacheBehavior [ RunTime:0.000184s ]
INFO: [ view_filter ] --END-- [ RunTime:0.000223s ]
INFO: [ app_end ] --START--
INFO: Run Behavior\ShowPageTraceBehavior [ RunTime:0.000478s ]
INFO: [ app_end ] --END-- [ RunTime:0.000528s ]

[ 2017-04-05T16:09:48+08:00 ] 114.249.36.103 /index.php?m=Yunzhansystem&c=Links&a=index
INFO: [ app_init ] --START--
INFO: Run Behavior\BuildLiteBehavior [ RunTime:0.000020s ]
INFO: [ app_init ] --END-- [ RunTime:0.000486s ]
INFO: [ app_begin ] --START--
INFO: Run Behavior\ReadHtmlCacheBehavior [ RunTime:0.000435s ]
INFO: [ app_begin ] --END-- [ RunTime:0.000491s ]
SQL: SHOW COLUMNS FROM `yunzhan_links` [ RunTime:0.0009s ]
SQL: SHOW COLUMNS FROM `yunzhan_linkstype` [ RunTime:0.0119s ]
SQL: SELECT COUNT(*) AS tp_count FROM `yunzhan_links` WHERE ( 1=1  ) LIMIT 1   [ RunTime:0.0003s ]
SQL: SELECT * FROM `yunzhan_links` WHERE ( 1=1  ) ORDER BY sort asc,id desc LIMIT 0,25   [ RunTime:0.0003s ]
NOTIC: [8] Undefined variable: catid /home/yunzhantest2y3ucnmzfhzaqnlt7ersdt/wwwroot/Apps/Yunzhansystem/Controller/LinksController.class.php 第 28 行.
INFO: [ view_parse ] --START--
INFO: [ template_filter ] --START--
INFO: Run Behavior\ContentReplaceBehavior [ RunTime:0.000058s ]
INFO: [ template_filter ] --END-- [ RunTime:0.000111s ]
SQL: SELECT * FROM `yunzhan_linkstype` WHERE ( id=1 ) LIMIT 1   [ RunTime:0.0028s ]
SQL: SELECT * FROM `yunzhan_linkstype` WHERE ( id=1 ) LIMIT 1   [ RunTime:0.0001s ]
SQL: SELECT * FROM `yunzhan_linkstype` WHERE ( id=1 ) LIMIT 1   [ RunTime:0.0001s ]
SQL: SELECT * FROM `yunzhan_linkstype` WHERE ( id=1 ) LIMIT 1   [ RunTime:0.0001s ]
INFO: Run Behavior\ParseTemplateBehavior [ RunTime:0.012397s ]
INFO: [ view_parse ] --END-- [ RunTime:0.012467s ]
INFO: [ view_filter ] --START--
INFO: Run Behavior\WriteHtmlCacheBehavior [ RunTime:0.000230s ]
INFO: [ view_filter ] --END-- [ RunTime:0.000270s ]
INFO: [ app_end ] --START--
INFO: Run Behavior\ShowPageTraceBehavior [ RunTime:0.000478s ]
INFO: [ app_end ] --END-- [ RunTime:0.000531s ]

[ 2017-04-05T16:09:52+08:00 ] 114.249.36.103 /index.php?m=Yunzhansystem&c=Message&a=index
INFO: [ app_init ] --START--
INFO: Run Behavior\BuildLiteBehavior [ RunTime:0.000016s ]
INFO: [ app_init ] --END-- [ RunTime:0.000400s ]
INFO: [ app_begin ] --START--
INFO: Run Behavior\ReadHtmlCacheBehavior [ RunTime:0.000414s ]
INFO: [ app_begin ] --END-- [ RunTime:0.000469s ]
SQL: SHOW COLUMNS FROM `yunzhan_message` [ RunTime:0.0122s ]
SQL: SELECT COUNT(*) AS tp_count FROM `yunzhan_message` WHERE ( 1=1  ) LIMIT 1   [ RunTime:0.0003s ]
SQL: SELECT * FROM `yunzhan_message` WHERE ( 1=1  ) ORDER BY id desc LIMIT 0,25   [ RunTime:0.0034s ]
INFO: [ view_parse ] --START--
INFO: [ template_filter ] --START--
INFO: Run Behavior\ContentReplaceBehavior [ RunTime:0.000081s ]
INFO: [ template_filter ] --END-- [ RunTime:0.000181s ]
INFO: Run Behavior\ParseTemplateBehavior [ RunTime:0.010767s ]
INFO: [ view_parse ] --END-- [ RunTime:0.010844s ]
INFO: [ view_filter ] --START--
INFO: Run Behavior\WriteHtmlCacheBehavior [ RunTime:0.000241s ]
INFO: [ view_filter ] --END-- [ RunTime:0.000305s ]
INFO: [ app_end ] --START--
INFO: Run Behavior\ShowPageTraceBehavior [ RunTime:0.000711s ]
INFO: [ app_end ] --END-- [ RunTime:0.000776s ]

[ 2017-04-05T16:09:53+08:00 ] 114.249.36.103 /index.php?m=Yunzhansystem&c=Public&a=menu&mid=1
INFO: [ app_init ] --START--
INFO: Run Behavior\BuildLiteBehavior [ RunTime:0.000017s ]
INFO: [ app_init ] --END-- [ RunTime:0.000375s ]
INFO: [ app_begin ] --START--
INFO: Run Behavior\ReadHtmlCacheBehavior [ RunTime:0.000425s ]
INFO: [ app_begin ] --END-- [ RunTime:0.000476s ]
SQL: SHOW COLUMNS FROM `yunzhan_admin` [ RunTime:0.0006s ]
SQL: SHOW COLUMNS FROM `yunzhan_menu` [ RunTime:0.0004s ]
SQL: SELECT * FROM `yunzhan_admin` WHERE `id` = 1 LIMIT 1   [ RunTime:0.0002s ]
NOTIC: [8] Undefined variable: Arr_str /home/yunzhantest2y3ucnmzfhzaqnlt7ersdt/wwwroot/Apps/Yunzhansystem/Controller/PublicController.class.php 第 91 行.
SQL: SELECT * FROM `yunzhan_menu` WHERE ( pid=1 and display=1 ) ORDER BY sort asc,id desc  [ RunTime:0.0001s ]
INFO: [ view_parse ] --START--
INFO: [ template_filter ] --START--
INFO: Run Behavior\ContentReplaceBehavior [ RunTime:0.000060s ]
INFO: [ template_filter ] --END-- [ RunTime:0.000127s ]
SQL: SHOW COLUMNS FROM `yunzhan_menu` [ RunTime:0.0005s ]
SQL: SELECT * FROM `yunzhan_menu` WHERE ( pid=7 and display=1 ) ORDER BY sort asc,id desc  [ RunTime:0.0001s ]
INFO: Run Behavior\ParseTemplateBehavior [ RunTime:0.010889s ]
INFO: [ view_parse ] --END-- [ RunTime:0.010945s ]
INFO: [ view_filter ] --START--
INFO: Run Behavior\WriteHtmlCacheBehavior [ RunTime:0.000187s ]
INFO: [ view_filter ] --END-- [ RunTime:0.000223s ]
INFO: [ app_end ] --START--
INFO: Run Behavior\ShowPageTraceBehavior [ RunTime:0.000414s ]
INFO: [ app_end ] --END-- [ RunTime:0.000458s ]

[ 2017-04-05T16:09:55+08:00 ] 114.249.36.103 /index.php?m=Yunzhansystem&c=Public&a=menu&mid=3
INFO: [ app_init ] --START--
INFO: Run Behavior\BuildLiteBehavior [ RunTime:0.000021s ]
INFO: [ app_init ] --END-- [ RunTime:0.000397s ]
INFO: [ app_begin ] --START--
INFO: Run Behavior\ReadHtmlCacheBehavior [ RunTime:0.000487s ]
INFO: [ app_begin ] --END-- [ RunTime:0.000540s ]
SQL: SHOW COLUMNS FROM `yunzhan_admin` [ RunTime:0.0007s ]
SQL: SHOW COLUMNS FROM `yunzhan_menu` [ RunTime:0.0006s ]
SQL: SELECT * FROM `yunzhan_admin` WHERE `id` = 1 LIMIT 1   [ RunTime:0.0002s ]
NOTIC: [8] Undefined variable: Arr_str /home/yunzhantest2y3ucnmzfhzaqnlt7ersdt/wwwroot/Apps/Yunzhansystem/Controller/PublicController.class.php 第 91 行.
SQL: SELECT * FROM `yunzhan_menu` WHERE ( pid=3 and display=1 ) ORDER BY sort asc,id desc  [ RunTime:0.0003s ]
INFO: [ view_parse ] --START--
INFO: [ template_filter ] --START--
INFO: Run Behavior\ContentReplaceBehavior [ RunTime:0.000070s ]
INFO: [ template_filter ] --END-- [ RunTime:0.000153s ]
SQL: SHOW COLUMNS FROM `yunzhan_menu` [ RunTime:0.0005s ]
SQL: SELECT * FROM `yunzhan_menu` WHERE ( pid=28 and display=1 ) ORDER BY sort asc,id desc  [ RunTime:0.0002s ]
SQL: SELECT * FROM `yunzhan_menu` WHERE ( pid=10 and display=1 ) ORDER BY sort asc,id desc  [ RunTime:0.0002s ]
SQL: SELECT * FROM `yunzhan_menu` WHERE ( pid=13 and display=1 ) ORDER BY sort asc,id desc  [ RunTime:0.0003s ]
SQL: SELECT * FROM `yunzhan_menu` WHERE ( pid=16 and display=1 ) ORDER BY sort asc,id desc  [ RunTime:0.0003s ]
INFO: Run Behavior\ParseTemplateBehavior [ RunTime:0.011913s ]
INFO: [ view_parse ] --END-- [ RunTime:0.011964s ]
INFO: [ view_filter ] --START--
INFO: Run Behavior\WriteHtmlCacheBehavior [ RunTime:0.000177s ]
INFO: [ view_filter ] --END-- [ RunTime:0.000213s ]
INFO: [ app_end ] --START--
INFO: Run Behavior\ShowPageTraceBehavior [ RunTime:0.000501s ]
INFO: [ app_end ] --END-- [ RunTime:0.000550s ]

[ 2017-04-05T16:09:56+08:00 ] 114.249.36.103 /index.php?m=Yunzhansystem&c=Public&a=menu&mid=6
INFO: [ app_init ] --START--
INFO: Run Behavior\BuildLiteBehavior [ RunTime:0.000018s ]
INFO: [ app_init ] --END-- [ RunTime:0.000506s ]
INFO: [ app_begin ] --START--
INFO: Run Behavior\ReadHtmlCacheBehavior [ RunTime:0.000605s ]
INFO: [ app_begin ] --END-- [ RunTime:0.000669s ]
SQL: SHOW COLUMNS FROM `yunzhan_admin` [ RunTime:0.0008s ]
SQL: SHOW COLUMNS FROM `yunzhan_menu` [ RunTime:0.0005s ]
SQL: SELECT * FROM `yunzhan_admin` WHERE `id` = 1 LIMIT 1   [ RunTime:0.0001s ]
NOTIC: [8] Undefined variable: Arr_str /home/yunzhantest2y3ucnmzfhzaqnlt7ersdt/wwwroot/Apps/Yunzhansystem/Controller/PublicController.class.php 第 91 行.
SQL: SELECT * FROM `yunzhan_menu` WHERE ( pid=6 and display=1 ) ORDER BY sort asc,id desc  [ RunTime:0.0001s ]
INFO: [ view_parse ] --START--
INFO: [ template_filter ] --START--
INFO: Run Behavior\ContentReplaceBehavior [ RunTime:0.000054s ]
INFO: [ template_filter ] --END-- [ RunTime:0.000104s ]
SQL: SHOW COLUMNS FROM `yunzhan_menu` [ RunTime:0.0004s ]
SQL: SELECT * FROM `yunzhan_menu` WHERE ( pid=23 and display=1 ) ORDER BY sort asc,id desc  [ RunTime:0.0001s ]
INFO: Run Behavior\ParseTemplateBehavior [ RunTime:0.007859s ]
INFO: [ view_parse ] --END-- [ RunTime:0.007907s ]
INFO: [ view_filter ] --START--
INFO: Run Behavior\WriteHtmlCacheBehavior [ RunTime:0.000174s ]
INFO: [ view_filter ] --END-- [ RunTime:0.000209s ]
INFO: [ app_end ] --START--
INFO: Run Behavior\ShowPageTraceBehavior [ RunTime:0.000459s ]
INFO: [ app_end ] --END-- [ RunTime:0.000505s ]

[ 2017-04-05T16:09:57+08:00 ] 114.249.36.103 /index.php?m=Yunzhansystem&c=Public&a=menu&mid=4
INFO: [ app_init ] --START--
INFO: Run Behavior\BuildLiteBehavior [ RunTime:0.000017s ]
INFO: [ app_init ] --END-- [ RunTime:0.000388s ]
INFO: [ app_begin ] --START--
INFO: Run Behavior\ReadHtmlCacheBehavior [ RunTime:0.000404s ]
INFO: [ app_begin ] --END-- [ RunTime:0.000455s ]
SQL: SHOW COLUMNS FROM `yunzhan_admin` [ RunTime:0.0006s ]
SQL: SHOW COLUMNS FROM `yunzhan_menu` [ RunTime:0.0005s ]
SQL: SELECT * FROM `yunzhan_admin` WHERE `id` = 1 LIMIT 1   [ RunTime:0.0002s ]
NOTIC: [8] Undefined variable: Arr_str /home/yunzhantest2y3ucnmzfhzaqnlt7ersdt/wwwroot/Apps/Yunzhansystem/Controller/PublicController.class.php 第 91 行.
SQL: SELECT * FROM `yunzhan_menu` WHERE ( pid=4 and display=1 ) ORDER BY sort asc,id desc  [ RunTime:0.0001s ]
INFO: [ view_parse ] --START--
INFO: [ template_filter ] --START--
INFO: Run Behavior\ContentReplaceBehavior [ RunTime:0.000045s ]
INFO: [ template_filter ] --END-- [ RunTime:0.000096s ]
SQL: SHOW COLUMNS FROM `yunzhan_menu` [ RunTime:0.0004s ]
SQL: SELECT * FROM `yunzhan_menu` WHERE ( pid=20 and display=1 ) ORDER BY sort asc,id desc  [ RunTime:0.0001s ]
SQL: SELECT * FROM `yunzhan_menu` WHERE ( pid=26 and display=1 ) ORDER BY sort asc,id desc  [ RunTime:0.0001s ]
SQL: SELECT * FROM `yunzhan_menu` WHERE ( pid=18 and display=1 ) ORDER BY sort asc,id desc  [ RunTime:0.0001s ]
INFO: Run Behavior\ParseTemplateBehavior [ RunTime:0.010306s ]
INFO: [ view_parse ] --END-- [ RunTime:0.010360s ]
INFO: [ view_filter ] --START--
INFO: Run Behavior\WriteHtmlCacheBehavior [ RunTime:0.000170s ]
INFO: [ view_filter ] --END-- [ RunTime:0.000204s ]
INFO: [ app_end ] --START--
INFO: Run Behavior\ShowPageTraceBehavior [ RunTime:0.000484s ]
INFO: [ app_end ] --END-- [ RunTime:0.000527s ]

[ 2017-04-05T16:09:58+08:00 ] 114.249.36.103 /index.php?m=Yunzhansystem&c=Public&a=menu&mid=3
INFO: [ app_init ] --START--
INFO: Run Behavior\BuildLiteBehavior [ RunTime:0.000018s ]
INFO: [ app_init ] --END-- [ RunTime:0.000374s ]
INFO: [ app_begin ] --START--
INFO: Run Behavior\ReadHtmlCacheBehavior [ RunTime:0.000426s ]
INFO: [ app_begin ] --END-- [ RunTime:0.000478s ]
SQL: SHOW COLUMNS FROM `yunzhan_admin` [ RunTime:0.0011s ]
SQL: SHOW COLUMNS FROM `yunzhan_menu` [ RunTime:0.0006s ]
SQL: SELECT * FROM `yunzhan_admin` WHERE `id` = 1 LIMIT 1   [ RunTime:0.0002s ]
NOTIC: [8] Undefined variable: Arr_str /home/yunzhantest2y3ucnmzfhzaqnlt7ersdt/wwwroot/Apps/Yunzhansystem/Controller/PublicController.class.php 第 91 行.
SQL: SELECT * FROM `yunzhan_menu` WHERE ( pid=3 and display=1 ) ORDER BY sort asc,id desc  [ RunTime:0.0001s ]
INFO: [ view_parse ] --START--
INFO: [ template_filter ] --START--
INFO: Run Behavior\ContentReplaceBehavior [ RunTime:0.000056s ]
INFO: [ template_filter ] --END-- [ RunTime:0.000114s ]
SQL: SHOW COLUMNS FROM `yunzhan_menu` [ RunTime:0.0006s ]
SQL: SELECT * FROM `yunzhan_menu` WHERE ( pid=28 and display=1 ) ORDER BY sort asc,id desc  [ RunTime:0.0001s ]
SQL: SELECT * FROM `yunzhan_menu` WHERE ( pid=10 and display=1 ) ORDER BY sort asc,id desc  [ RunTime:0.0001s ]
SQL: SELECT * FROM `yunzhan_menu` WHERE ( pid=13 and display=1 ) ORDER BY sort asc,id desc  [ RunTime:0.0001s ]
SQL: SELECT * FROM `yunzhan_menu` WHERE ( pid=16 and display=1 ) ORDER BY sort asc,id desc  [ RunTime:0.0001s ]
INFO: Run Behavior\ParseTemplateBehavior [ RunTime:0.012029s ]
INFO: [ view_parse ] --END-- [ RunTime:0.012087s ]
INFO: [ view_filter ] --START--
INFO: Run Behavior\WriteHtmlCacheBehavior [ RunTime:0.000229s ]
INFO: [ view_filter ] --END-- [ RunTime:0.000265s ]
INFO: [ app_end ] --START--
INFO: Run Behavior\ShowPageTraceBehavior [ RunTime:0.000538s ]
INFO: [ app_end ] --END-- [ RunTime:0.000585s ]

[ 2017-04-05T16:10:00+08:00 ] 114.249.36.103 /index.php?m=Yunzhansystem&c=Category&a=index
INFO: [ app_init ] --START--
INFO: Run Behavior\BuildLiteBehavior [ RunTime:0.000017s ]
INFO: [ app_init ] --END-- [ RunTime:0.000367s ]
INFO: [ app_begin ] --START--
INFO: Run Behavior\ReadHtmlCacheBehavior [ RunTime:0.000415s ]
INFO: [ app_begin ] --END-- [ RunTime:0.000475s ]
SQL: SHOW COLUMNS FROM `yunzhan_category` [ RunTime:0.0008s ]
SQL: SHOW COLUMNS FROM `yunzhan_pages` [ RunTime:0.0004s ]
SQL: SHOW COLUMNS FROM `yunzhan_article` [ RunTime:0.0005s ]
SQL: SELECT `id`,`pid`,`title`,`english`,`type`,`image`,`description`,`setting`,`sort`,`lists_tpl`,`view_tpl`,`is_lower`,`is_delete`,`display`,`nav_display`,`seo_title`,`seo_keyword`,`seo_desc` FROM `yunzhan_category` ORDER BY sort asc, id asc  [ RunTime:0.0008s ]
NOTIC: [8] Undefined index:  /home/yunzhantest2y3ucnmzfhzaqnlt7ersdt/wwwroot/Apps/Yunzhansystem/Controller/CategoryController.class.php 第 24 行.
NOTIC: [8] Undefined index:  /home/yunzhantest2y3ucnmzfhzaqnlt7ersdt/wwwroot/Apps/Yunzhansystem/Controller/CategoryController.class.php 第 24 行.
SQL: SHOW COLUMNS FROM `yunzhan_category` [ RunTime:0.0004s ]
SQL: SELECT COUNT(*) AS tp_count FROM `yunzhan_category` LIMIT 1   [ RunTime:0.0002s ]
INFO: [ view_parse ] --START--
INFO: [ template_filter ] --START--
INFO: Run Behavior\ContentReplaceBehavior [ RunTime:0.000073s ]
INFO: [ template_filter ] --END-- [ RunTime:0.000126s ]
INFO: Run Behavior\ParseTemplateBehavior [ RunTime:0.012410s ]
INFO: [ view_parse ] --END-- [ RunTime:0.012472s ]
INFO: [ view_filter ] --START--
INFO: Run Behavior\WriteHtmlCacheBehavior [ RunTime:0.000214s ]
INFO: [ view_filter ] --END-- [ RunTime:0.000281s ]
INFO: [ app_end ] --START--
INFO: Run Behavior\ShowPageTraceBehavior [ RunTime:0.000484s ]
INFO: [ app_end ] --END-- [ RunTime:0.000535s ]

[ 2017-04-05T16:10:02+08:00 ] 114.249.36.103 /index.php?m=Yunzhansystem&c=Category&a=index
INFO: [ app_init ] --START--
INFO: Run Behavior\BuildLiteBehavior [ RunTime:0.000020s ]
INFO: [ app_init ] --END-- [ RunTime:0.000629s ]
INFO: [ app_begin ] --START--
INFO: Run Behavior\ReadHtmlCacheBehavior [ RunTime:0.000699s ]
INFO: [ app_begin ] --END-- [ RunTime:0.000775s ]
SQL: SHOW COLUMNS FROM `yunzhan_category` [ RunTime:0.0008s ]
SQL: SHOW COLUMNS FROM `yunzhan_pages` [ RunTime:0.0005s ]
SQL: SHOW COLUMNS FROM `yunzhan_article` [ RunTime:0.0005s ]
SQL: SELECT `id`,`pid`,`title`,`english`,`type`,`image`,`description`,`setting`,`sort`,`lists_tpl`,`view_tpl`,`is_lower`,`is_delete`,`display`,`nav_display`,`seo_title`,`seo_keyword`,`seo_desc` FROM `yunzhan_category` ORDER BY sort asc, id asc  [ RunTime:0.0003s ]
NOTIC: [8] Undefined index:  /home/yunzhantest2y3ucnmzfhzaqnlt7ersdt/wwwroot/Apps/Yunzhansystem/Controller/CategoryController.class.php 第 24 行.
NOTIC: [8] Undefined index:  /home/yunzhantest2y3ucnmzfhzaqnlt7ersdt/wwwroot/Apps/Yunzhansystem/Controller/CategoryController.class.php 第 24 行.
SQL: SHOW COLUMNS FROM `yunzhan_category` [ RunTime:0.0005s ]
SQL: SELECT COUNT(*) AS tp_count FROM `yunzhan_category` LIMIT 1   [ RunTime:0.0001s ]
INFO: [ view_parse ] --START--
INFO: [ template_filter ] --START--
INFO: Run Behavior\ContentReplaceBehavior [ RunTime:0.000056s ]
INFO: [ template_filter ] --END-- [ RunTime:0.000108s ]
INFO: Run Behavior\ParseTemplateBehavior [ RunTime:0.012526s ]
INFO: [ view_parse ] --END-- [ RunTime:0.012579s ]
INFO: [ view_filter ] --START--
INFO: Run Behavior\WriteHtmlCacheBehavior [ RunTime:0.000169s ]
INFO: [ view_filter ] --END-- [ RunTime:0.000210s ]
INFO: [ app_end ] --START--
INFO: Run Behavior\ShowPageTraceBehavior [ RunTime:0.000440s ]
INFO: [ app_end ] --END-- [ RunTime:0.000493s ]

[ 2017-04-05T16:10:11+08:00 ] 114.249.36.103 /index.php?m=Yunzhansystem&c=Category&a=more_del&status=1
INFO: [ app_init ] --START--
INFO: Run Behavior\BuildLiteBehavior [ RunTime:0.000017s ]
INFO: [ app_init ] --END-- [ RunTime:0.000375s ]
INFO: [ app_begin ] --START--
INFO: Run Behavior\ReadHtmlCacheBehavior [ RunTime:0.000434s ]
INFO: [ app_begin ] --END-- [ RunTime:0.000489s ]
SQL: SHOW COLUMNS FROM `yunzhan_category` [ RunTime:0.0009s ]
SQL: SHOW COLUMNS FROM `yunzhan_pages` [ RunTime:0.0005s ]
SQL: SHOW COLUMNS FROM `yunzhan_article` [ RunTime:0.0007s ]
SQL: UPDATE `yunzhan_category` SET `sort`='0' WHERE ( id=1 ) [ RunTime:0.0276s ]
SQL: UPDATE `yunzhan_category` SET `sort`='0' WHERE ( id=2 ) [ RunTime:0.0080s ]
SQL: UPDATE `yunzhan_category` SET `sort`='0' WHERE ( id=43 ) [ RunTime:0.0088s ]
SQL: UPDATE `yunzhan_category` SET `sort`='0' WHERE ( id=3 ) [ RunTime:0.0135s ]
SQL: UPDATE `yunzhan_category` SET `sort`='0' WHERE ( id=8 ) [ RunTime:0.0077s ]
SQL: UPDATE `yunzhan_category` SET `sort`='0' WHERE ( id=47 ) [ RunTime:0.0077s ]
SQL: UPDATE `yunzhan_category` SET `sort`='0' WHERE ( id=9 ) [ RunTime:0.0080s ]
SQL: UPDATE `yunzhan_category` SET `sort`='0' WHERE ( id=15 ) [ RunTime:0.0083s ]
SQL: UPDATE `yunzhan_category` SET `sort`='0' WHERE ( id=16 ) [ RunTime:0.0079s ]
SQL: UPDATE `yunzhan_category` SET `sort`='0' WHERE ( id=17 ) [ RunTime:0.0088s ]
SQL: UPDATE `yunzhan_category` SET `sort`='0' WHERE ( id=18 ) [ RunTime:0.0231s ]
SQL: UPDATE `yunzhan_category` SET `sort`='0' WHERE ( id=10 ) [ RunTime:0.0101s ]
SQL: UPDATE `yunzhan_category` SET `sort`='0' WHERE ( id=19 ) [ RunTime:0.1438s ]
SQL: UPDATE `yunzhan_category` SET `sort`='0' WHERE ( id=20 ) [ RunTime:0.0102s ]
SQL: UPDATE `yunzhan_category` SET `sort`='0' WHERE ( id=21 ) [ RunTime:0.0076s ]
SQL: UPDATE `yunzhan_category` SET `sort`='0' WHERE ( id=11 ) [ RunTime:0.0083s ]
SQL: UPDATE `yunzhan_category` SET `sort`='0' WHERE ( id=22 ) [ RunTime:0.0080s ]
SQL: UPDATE `yunzhan_category` SET `sort`='0' WHERE ( id=23 ) [ RunTime:0.0081s ]
SQL: UPDATE `yunzhan_category` SET `sort`='0' WHERE ( id=24 ) [ RunTime:0.0126s ]
SQL: UPDATE `yunzhan_category` SET `sort`='0' WHERE ( id=25 ) [ RunTime:0.0281s ]
SQL: UPDATE `yunzhan_category` SET `sort`='0' WHERE ( id=12 ) [ RunTime:0.0082s ]
SQL: UPDATE `yunzhan_category` SET `sort`='0' WHERE ( id=26 ) [ RunTime:0.0085s ]
SQL: UPDATE `yunzhan_category` SET `sort`='0' WHERE ( id=27 ) [ RunTime:0.0133s ]
SQL: UPDATE `yunzhan_category` SET `sort`='0' WHERE ( id=28 ) [ RunTime:0.0082s ]
SQL: UPDATE `yunzhan_category` SET `sort`='0' WHERE ( id=29 ) [ RunTime:0.0114s ]
SQL: UPDATE `yunzhan_category` SET `sort`='0' WHERE ( id=13 ) [ RunTime:0.0081s ]
SQL: UPDATE `yunzhan_category` SET `sort`='0' WHERE ( id=30 ) [ RunTime:0.0082s ]
SQL: UPDATE `yunzhan_category` SET `sort`='0' WHERE ( id=31 ) [ RunTime:0.0083s ]
SQL: UPDATE `yunzhan_category` SET `sort`='0' WHERE ( id=32 ) [ RunTime:0.0083s ]
SQL: UPDATE `yunzhan_category` SET `sort`='0' WHERE ( id=33 ) [ RunTime:0.0083s ]
SQL: UPDATE `yunzhan_category` SET `sort`='0' WHERE ( id=14 ) [ RunTime:0.0082s ]
SQL: UPDATE `yunzhan_category` SET `sort`='0' WHERE ( id=34 ) [ RunTime:0.0080s ]
SQL: UPDATE `yunzhan_category` SET `sort`='0' WHERE ( id=35 ) [ RunTime:0.0088s ]
SQL: UPDATE `yunzhan_category` SET `sort`='0' WHERE ( id=36 ) [ RunTime:0.0083s ]
SQL: UPDATE `yunzhan_category` SET `sort`='0' WHERE ( id=37 ) [ RunTime:0.0087s ]
SQL: UPDATE `yunzhan_category` SET `sort`='0' WHERE ( id=4 ) [ RunTime:0.0086s ]
SQL: UPDATE `yunzhan_category` SET `sort`='0' WHERE ( id=38 ) [ RunTime:0.0082s ]
SQL: UPDATE `yunzhan_category` SET `sort`='0' WHERE ( id=39 ) [ RunTime:0.0112s ]
SQL: UPDATE `yunzhan_category` SET `sort`='0' WHERE ( id=5 ) [ RunTime:0.0103s ]
SQL: UPDATE `yunzhan_category` SET `sort`='0' WHERE ( id=48 ) [ RunTime:0.0088s ]
SQL: UPDATE `yunzhan_category` SET `sort`='0' WHERE ( id=49 ) [ RunTime:0.0078s ]
SQL: UPDATE `yunzhan_category` SET `sort`='0' WHERE ( id=6 ) [ RunTime:0.0079s ]
SQL: UPDATE `yunzhan_category` SET `sort`='0' WHERE ( id=44 ) [ RunTime:0.0094s ]
SQL: UPDATE `yunzhan_category` SET `sort`='0' WHERE ( id=45 ) [ RunTime:0.0107s ]
SQL: UPDATE `yunzhan_category` SET `sort`='0' WHERE ( id=46 ) [ RunTime:0.0090s ]
SQL: UPDATE `yunzhan_category` SET `sort`='0' WHERE ( id=7 ) [ RunTime:0.0080s ]
SQL: UPDATE `yunzhan_category` SET `sort`='0' WHERE ( id=40 ) [ RunTime:0.0078s ]
SQL: UPDATE `yunzhan_category` SET `sort`='0' WHERE ( id=41 ) [ RunTime:0.0080s ]
SQL: UPDATE `yunzhan_category` SET `sort`='0' WHERE ( id=42 ) [ RunTime:0.0078s ]
INFO: [ view_parse ] --START--
INFO: [ template_filter ] --START--
INFO: Run Behavior\ContentReplaceBehavior [ RunTime:0.000053s ]
INFO: [ template_filter ] --END-- [ RunTime:0.000116s ]
INFO: Run Behavior\ParseTemplateBehavior [ RunTime:0.016583s ]
INFO: [ view_parse ] --END-- [ RunTime:0.016636s ]
INFO: [ view_filter ] --START--
INFO: Run Behavior\WriteHtmlCacheBehavior [ RunTime:0.000173s ]
INFO: [ view_filter ] --END-- [ RunTime:0.000228s ]
INFO: [ app_end ] --START--
INFO: Run Behavior\ShowPageTraceBehavior [ RunTime:0.000516s ]
INFO: [ app_end ] --END-- [ RunTime:0.000566s ]

[ 2017-04-05T16:10:12+08:00 ] 114.249.36.103 /index.php?m=Yunzhansystem&c=Category&a=index
INFO: [ app_init ] --START--
INFO: Run Behavior\BuildLiteBehavior [ RunTime:0.000017s ]
INFO: [ app_init ] --END-- [ RunTime:0.000382s ]
INFO: [ app_begin ] --START--
INFO: Run Behavior\ReadHtmlCacheBehavior [ RunTime:0.000406s ]
INFO: [ app_begin ] --END-- [ RunTime:0.000459s ]
SQL: SHOW COLUMNS FROM `yunzhan_category` [ RunTime:0.0009s ]
SQL: SHOW COLUMNS FROM `yunzhan_pages` [ RunTime:0.0005s ]
SQL: SHOW COLUMNS FROM `yunzhan_article` [ RunTime:0.0007s ]
SQL: SELECT `id`,`pid`,`title`,`english`,`type`,`image`,`description`,`setting`,`sort`,`lists_tpl`,`view_tpl`,`is_lower`,`is_delete`,`display`,`nav_display`,`seo_title`,`seo_keyword`,`seo_desc` FROM `yunzhan_category` ORDER BY sort asc, id asc  [ RunTime:0.0004s ]
NOTIC: [8] Undefined index:  /home/yunzhantest2y3ucnmzfhzaqnlt7ersdt/wwwroot/Apps/Yunzhansystem/Controller/CategoryController.class.php 第 24 行.
NOTIC: [8] Undefined index:  /home/yunzhantest2y3ucnmzfhzaqnlt7ersdt/wwwroot/Apps/Yunzhansystem/Controller/CategoryController.class.php 第 24 行.
SQL: SHOW COLUMNS FROM `yunzhan_category` [ RunTime:0.0006s ]
SQL: SELECT COUNT(*) AS tp_count FROM `yunzhan_category` LIMIT 1   [ RunTime:0.0002s ]
INFO: [ view_parse ] --START--
INFO: [ template_filter ] --START--
INFO: Run Behavior\ContentReplaceBehavior [ RunTime:0.000051s ]
INFO: [ template_filter ] --END-- [ RunTime:0.000101s ]
INFO: Run Behavior\ParseTemplateBehavior [ RunTime:0.013187s ]
INFO: [ view_parse ] --END-- [ RunTime:0.013245s ]
INFO: [ view_filter ] --START--
INFO: Run Behavior\WriteHtmlCacheBehavior [ RunTime:0.000166s ]
INFO: [ view_filter ] --END-- [ RunTime:0.000206s ]
INFO: [ app_end ] --START--
INFO: Run Behavior\ShowPageTraceBehavior [ RunTime:0.000460s ]
INFO: [ app_end ] --END-- [ RunTime:0.000510s ]

[ 2017-04-05T16:10:30+08:00 ] 114.249.36.103 /index.php?m=Yunzhansystem&c=Public&a=menu&mid=6
INFO: [ app_init ] --START--
INFO: Run Behavior\BuildLiteBehavior [ RunTime:0.000016s ]
INFO: [ app_init ] --END-- [ RunTime:0.000354s ]
INFO: [ app_begin ] --START--
INFO: Run Behavior\ReadHtmlCacheBehavior [ RunTime:0.000416s ]
INFO: [ app_begin ] --END-- [ RunTime:0.000467s ]
SQL: SHOW COLUMNS FROM `yunzhan_admin` [ RunTime:0.0008s ]
SQL: SHOW COLUMNS FROM `yunzhan_menu` [ RunTime:0.0005s ]
SQL: SELECT * FROM `yunzhan_admin` WHERE `id` = 1 LIMIT 1   [ RunTime:0.0002s ]
NOTIC: [8] Undefined variable: Arr_str /home/yunzhantest2y3ucnmzfhzaqnlt7ersdt/wwwroot/Apps/Yunzhansystem/Controller/PublicController.class.php 第 91 行.
SQL: SELECT * FROM `yunzhan_menu` WHERE ( pid=6 and display=1 ) ORDER BY sort asc,id desc  [ RunTime:0.0001s ]
INFO: [ view_parse ] --START--
INFO: [ template_filter ] --START--
INFO: Run Behavior\ContentReplaceBehavior [ RunTime:0.000044s ]
INFO: [ template_filter ] --END-- [ RunTime:0.000094s ]
SQL: SHOW COLUMNS FROM `yunzhan_menu` [ RunTime:0.0004s ]
SQL: SELECT * FROM `yunzhan_menu` WHERE ( pid=23 and display=1 ) ORDER BY sort asc,id desc  [ RunTime:0.0001s ]
INFO: Run Behavior\ParseTemplateBehavior [ RunTime:0.008009s ]
INFO: [ view_parse ] --END-- [ RunTime:0.008062s ]
INFO: [ view_filter ] --START--
INFO: Run Behavior\WriteHtmlCacheBehavior [ RunTime:0.000169s ]
INFO: [ view_filter ] --END-- [ RunTime:0.000203s ]
INFO: [ app_end ] --START--
INFO: Run Behavior\ShowPageTraceBehavior [ RunTime:0.000439s ]
INFO: [ app_end ] --END-- [ RunTime:0.000482s ]

[ 2017-04-05T16:10:31+08:00 ] 114.249.36.103 /index.php?m=Yunzhansystem&c=Public&a=menu&mid=4
INFO: [ app_init ] --START--
INFO: Run Behavior\BuildLiteBehavior [ RunTime:0.000020s ]
INFO: [ app_init ] --END-- [ RunTime:0.000402s ]
INFO: [ app_begin ] --START--
INFO: Run Behavior\ReadHtmlCacheBehavior [ RunTime:0.000422s ]
INFO: [ app_begin ] --END-- [ RunTime:0.000474s ]
SQL: SHOW COLUMNS FROM `yunzhan_admin` [ RunTime:0.0007s ]
SQL: SHOW COLUMNS FROM `yunzhan_menu` [ RunTime:0.0005s ]
SQL: SELECT * FROM `yunzhan_admin` WHERE `id` = 1 LIMIT 1   [ RunTime:0.0002s ]
NOTIC: [8] Undefined variable: Arr_str /home/yunzhantest2y3ucnmzfhzaqnlt7ersdt/wwwroot/Apps/Yunzhansystem/Controller/PublicController.class.php 第 91 行.
SQL: SELECT * FROM `yunzhan_menu` WHERE ( pid=4 and display=1 ) ORDER BY sort asc,id desc  [ RunTime:0.0001s ]
INFO: [ view_parse ] --START--
INFO: [ template_filter ] --START--
INFO: Run Behavior\ContentReplaceBehavior [ RunTime:0.000051s ]
INFO: [ template_filter ] --END-- [ RunTime:0.000115s ]
SQL: SHOW COLUMNS FROM `yunzhan_menu` [ RunTime:0.0004s ]
SQL: SELECT * FROM `yunzhan_menu` WHERE ( pid=20 and display=1 ) ORDER BY sort asc,id desc  [ RunTime:0.0001s ]
SQL: SELECT * FROM `yunzhan_menu` WHERE ( pid=26 and display=1 ) ORDER BY sort asc,id desc  [ RunTime:0.0001s ]
SQL: SELECT * FROM `yunzhan_menu` WHERE ( pid=18 and display=1 ) ORDER BY sort asc,id desc  [ RunTime:0.0001s ]
INFO: Run Behavior\ParseTemplateBehavior [ RunTime:0.009823s ]
INFO: [ view_parse ] --END-- [ RunTime:0.009880s ]
INFO: [ view_filter ] --START--
INFO: Run Behavior\WriteHtmlCacheBehavior [ RunTime:0.000166s ]
INFO: [ view_filter ] --END-- [ RunTime:0.000202s ]
INFO: [ app_end ] --START--
INFO: Run Behavior\ShowPageTraceBehavior [ RunTime:0.000425s ]
INFO: [ app_end ] --END-- [ RunTime:0.000469s ]

[ 2017-04-05T16:10:32+08:00 ] 114.249.36.103 /index.php?m=Yunzhansystem&c=Public&a=menu&mid=3
INFO: [ app_init ] --START--
INFO: Run Behavior\BuildLiteBehavior [ RunTime:0.000016s ]
INFO: [ app_init ] --END-- [ RunTime:0.000357s ]
INFO: [ app_begin ] --START--
INFO: Run Behavior\ReadHtmlCacheBehavior [ RunTime:0.000416s ]
INFO: [ app_begin ] --END-- [ RunTime:0.000485s ]
SQL: SHOW COLUMNS FROM `yunzhan_admin` [ RunTime:0.0008s ]
SQL: SHOW COLUMNS FROM `yunzhan_menu` [ RunTime:0.0006s ]
SQL: SELECT * FROM `yunzhan_admin` WHERE `id` = 1 LIMIT 1   [ RunTime:0.0002s ]
NOTIC: [8] Undefined variable: Arr_str /home/yunzhantest2y3ucnmzfhzaqnlt7ersdt/wwwroot/Apps/Yunzhansystem/Controller/PublicController.class.php 第 91 行.
SQL: SELECT * FROM `yunzhan_menu` WHERE ( pid=3 and display=1 ) ORDER BY sort asc,id desc  [ RunTime:0.0001s ]
INFO: [ view_parse ] --START--
INFO: [ template_filter ] --START--
INFO: Run Behavior\ContentReplaceBehavior [ RunTime:0.000045s ]
INFO: [ template_filter ] --END-- [ RunTime:0.000091s ]
SQL: SHOW COLUMNS FROM `yunzhan_menu` [ RunTime:0.0004s ]
SQL: SELECT * FROM `yunzhan_menu` WHERE ( pid=28 and display=1 ) ORDER BY sort asc,id desc  [ RunTime:0.0001s ]
SQL: SELECT * FROM `yunzhan_menu` WHERE ( pid=10 and display=1 ) ORDER BY sort asc,id desc  [ RunTime:0.0001s ]
SQL: SELECT * FROM `yunzhan_menu` WHERE ( pid=13 and display=1 ) ORDER BY sort asc,id desc  [ RunTime:0.0001s ]
SQL: SELECT * FROM `yunzhan_menu` WHERE ( pid=16 and display=1 ) ORDER BY sort asc,id desc  [ RunTime:0.0001s ]
INFO: Run Behavior\ParseTemplateBehavior [ RunTime:0.010996s ]
INFO: [ view_parse ] --END-- [ RunTime:0.011050s ]
INFO: [ view_filter ] --START--
INFO: Run Behavior\WriteHtmlCacheBehavior [ RunTime:0.000167s ]
INFO: [ view_filter ] --END-- [ RunTime:0.000202s ]
INFO: [ app_end ] --START--
INFO: Run Behavior\ShowPageTraceBehavior [ RunTime:0.000476s ]
INFO: [ app_end ] --END-- [ RunTime:0.000519s ]

