[ 2017-05-08T02:55:28+08:00 ] 66.249.75.17 /mobile/index.html
INFO: [ app_init ] --START--
INFO: Run Behavior\BuildLiteBehavior [ RunTime:0.000019s ]
INFO: [ app_init ] --END-- [ RunTime:0.000353s ]
INFO: [ app_begin ] --START--
INFO: Run Behavior\ReadHtmlCacheBehavior [ RunTime:0.000410s ]
INFO: [ app_begin ] --END-- [ RunTime:0.000470s ]
SQL: SHOW COLUMNS FROM `yunzhan_stats` [ RunTime:0.0017s ]
SQL: DELETE FROM `yunzhan_stats` WHERE ( access_time < 1970-01-01 ) [ RunTime:0.0011s ]
SQL: SHOW COLUMNS FROM `yunzhan_category` [ RunTime:0.0017s ]
SQL: SHOW COLUMNS FROM `yunzhan_config` [ RunTime:0.0015s ]
SQL: SHOW COLUMNS FROM `yunzhan_case` [ RunTime:0.0014s ]
SQL: SHOW COLUMNS FROM `yunzhan_ads` [ RunTime:0.0014s ]
SQL: SHOW COLUMNS FROM `yunzhan_article` [ RunTime:0.0015s ]
SQL: SHOW COLUMNS FROM `yunzhan_links` [ RunTime:0.0014s ]
SQL: SHOW COLUMNS FROM `yunzhan_service` [ RunTime:0.0014s ]
SQL: SELECT * FROM `yunzhan_category` WHERE ( 1=1 ) ORDER BY sort asc, id asc  [ RunTime:0.0017s ]
NOTIC: [8] Undefined index: is_jump /data/home/bxu2348000122/htdocs/Apps/Mobile/Model/CategoryModel.class.php 第 14 行.
NOTIC: [8] Undefined index: is_jump /data/home/bxu2348000122/htdocs/Apps/Mobile/Model/CategoryModel.class.php 第 14 行.
NOTIC: [8] Undefined index: is_jump /data/home/bxu2348000122/htdocs/Apps/Mobile/Model/CategoryModel.class.php 第 14 行.
NOTIC: [8] Undefined index: is_jump /data/home/bxu2348000122/htdocs/Apps/Mobile/Model/CategoryModel.class.php 第 14 行.
NOTIC: [8] Undefined index: is_jump /data/home/bxu2348000122/htdocs/Apps/Mobile/Model/CategoryModel.class.php 第 14 行.
NOTIC: [8] Undefined index: is_jump /data/home/bxu2348000122/htdocs/Apps/Mobile/Model/CategoryModel.class.php 第 14 行.
NOTIC: [8] Undefined index: is_jump /data/home/bxu2348000122/htdocs/Apps/Mobile/Model/CategoryModel.class.php 第 14 行.
NOTIC: [8] Undefined index: is_jump /data/home/bxu2348000122/htdocs/Apps/Mobile/Model/CategoryModel.class.php 第 14 行.
NOTIC: [8] Undefined index: is_jump /data/home/bxu2348000122/htdocs/Apps/Mobile/Model/CategoryModel.class.php 第 14 行.
NOTIC: [8] Undefined index: is_jump /data/home/bxu2348000122/htdocs/Apps/Mobile/Model/CategoryModel.class.php 第 14 行.
NOTIC: [8] Undefined index: is_jump /data/home/bxu2348000122/htdocs/Apps/Mobile/Model/CategoryModel.class.php 第 14 行.
NOTIC: [8] Undefined index: is_jump /data/home/bxu2348000122/htdocs/Apps/Mobile/Model/CategoryModel.class.php 第 14 行.
NOTIC: [8] Undefined index: is_jump /data/home/bxu2348000122/htdocs/Apps/Mobile/Model/CategoryModel.class.php 第 14 行.
NOTIC: [8] Undefined index: is_jump /data/home/bxu2348000122/htdocs/Apps/Mobile/Model/CategoryModel.class.php 第 14 行.
NOTIC: [8] Undefined index: is_jump /data/home/bxu2348000122/htdocs/Apps/Mobile/Model/CategoryModel.class.php 第 14 行.
NOTIC: [8] Undefined index: is_jump /data/home/bxu2348000122/htdocs/Apps/Mobile/Model/CategoryModel.class.php 第 14 行.
NOTIC: [8] Undefined index: is_jump /data/home/bxu2348000122/htdocs/Apps/Mobile/Model/CategoryModel.class.php 第 14 行.
NOTIC: [8] Undefined index: is_jump /data/home/bxu2348000122/htdocs/Apps/Mobile/Model/CategoryModel.class.php 第 14 行.
NOTIC: [8] Undefined index: is_jump /data/home/bxu2348000122/htdocs/Apps/Mobile/Model/CategoryModel.class.php 第 14 行.
NOTIC: [8] Undefined index: is_jump /data/home/bxu2348000122/htdocs/Apps/Mobile/Model/CategoryModel.class.php 第 14 行.
NOTIC: [8] Undefined index: is_jump /data/home/bxu2348000122/htdocs/Apps/Mobile/Model/CategoryModel.class.php 第 14 行.
NOTIC: [8] Undefined index: is_jump /data/home/bxu2348000122/htdocs/Apps/Mobile/Model/CategoryModel.class.php 第 14 行.
NOTIC: [8] Undefined index: is_jump /data/home/bxu2348000122/htdocs/Apps/Mobile/Model/CategoryModel.class.php 第 14 行.
NOTIC: [8] Undefined index: is_jump /data/home/bxu2348000122/htdocs/Apps/Mobile/Model/CategoryModel.class.php 第 14 行.
NOTIC: [8] Undefined index: is_jump /data/home/bxu2348000122/htdocs/Apps/Mobile/Model/CategoryModel.class.php 第 14 行.
NOTIC: [8] Undefined index: is_jump /data/home/bxu2348000122/htdocs/Apps/Mobile/Model/CategoryModel.class.php 第 14 行.
NOTIC: [8] Undefined index: is_jump /data/home/bxu2348000122/htdocs/Apps/Mobile/Model/CategoryModel.class.php 第 14 行.
NOTIC: [8] Undefined index: is_jump /data/home/bxu2348000122/htdocs/Apps/Mobile/Model/CategoryModel.class.php 第 14 行.
NOTIC: [8] Undefined index: is_jump /data/home/bxu2348000122/htdocs/Apps/Mobile/Model/CategoryModel.class.php 第 14 行.
NOTIC: [8] Undefined index: is_jump /data/home/bxu2348000122/htdocs/Apps/Mobile/Model/CategoryModel.class.php 第 14 行.
NOTIC: [8] Undefined index: is_jump /data/home/bxu2348000122/htdocs/Apps/Mobile/Model/CategoryModel.class.php 第 14 行.
NOTIC: [8] Undefined index: is_jump /data/home/bxu2348000122/htdocs/Apps/Mobile/Model/CategoryModel.class.php 第 14 行.
NOTIC: [8] Undefined index: is_jump /data/home/bxu2348000122/htdocs/Apps/Mobile/Model/CategoryModel.class.php 第 14 行.
NOTIC: [8] Undefined index: is_jump /data/home/bxu2348000122/htdocs/Apps/Mobile/Model/CategoryModel.class.php 第 14 行.
NOTIC: [8] Undefined index: is_jump /data/home/bxu2348000122/htdocs/Apps/Mobile/Model/CategoryModel.class.php 第 14 行.
NOTIC: [8] Undefined index: is_jump /data/home/bxu2348000122/htdocs/Apps/Mobile/Model/CategoryModel.class.php 第 14 行.
NOTIC: [8] Undefined index: is_jump /data/home/bxu2348000122/htdocs/Apps/Mobile/Model/CategoryModel.class.php 第 14 行.
NOTIC: [8] Undefined index: is_jump /data/home/bxu2348000122/htdocs/Apps/Mobile/Model/CategoryModel.class.php 第 14 行.
NOTIC: [8] Undefined index: is_jump /data/home/bxu2348000122/htdocs/Apps/Mobile/Model/CategoryModel.class.php 第 14 行.
NOTIC: [8] Undefined index: is_jump /data/home/bxu2348000122/htdocs/Apps/Mobile/Model/CategoryModel.class.php 第 14 行.
NOTIC: [8] Undefined index: is_jump /data/home/bxu2348000122/htdocs/Apps/Mobile/Model/CategoryModel.class.php 第 14 行.
NOTIC: [8] Undefined index: is_jump /data/home/bxu2348000122/htdocs/Apps/Mobile/Model/CategoryModel.class.php 第 14 行.
NOTIC: [8] Undefined index: is_jump /data/home/bxu2348000122/htdocs/Apps/Mobile/Model/CategoryModel.class.php 第 14 行.
NOTIC: [8] Undefined index: is_jump /data/home/bxu2348000122/htdocs/Apps/Mobile/Model/CategoryModel.class.php 第 14 行.
NOTIC: [8] Undefined index: is_jump /data/home/bxu2348000122/htdocs/Apps/Mobile/Model/CategoryModel.class.php 第 14 行.
NOTIC: [8] Undefined index: is_jump /data/home/bxu2348000122/htdocs/Apps/Mobile/Model/CategoryModel.class.php 第 14 行.
NOTIC: [8] Undefined index: is_jump /data/home/bxu2348000122/htdocs/Apps/Mobile/Model/CategoryModel.class.php 第 14 行.
NOTIC: [8] Undefined index: is_jump /data/home/bxu2348000122/htdocs/Apps/Mobile/Model/CategoryModel.class.php 第 14 行.
NOTIC: [8] Undefined index: is_jump /data/home/bxu2348000122/htdocs/Apps/Mobile/Model/CategoryModel.class.php 第 14 行.
NOTIC: [8] Undefined index: is_jump /data/home/bxu2348000122/htdocs/Apps/Mobile/Model/CategoryModel.class.php 第 14 行.
NOTIC: [8] Undefined index: is_jump /data/home/bxu2348000122/htdocs/Apps/Mobile/Model/CategoryModel.class.php 第 14 行.
SQL: SHOW COLUMNS FROM `yunzhan_category` [ RunTime:0.0014s ]
SQL: SELECT * FROM `yunzhan_category` WHERE `pid` = 0 AND `display` = 1 AND `nav_display` = 1  [ RunTime:0.0013s ]
NOTIC: [8] Undefined offset: 0 /data/home/bxu2348000122/htdocs/Apps/Mobile/Controller/IndexController.class.php 第 23 行.
NOTIC: [8] Undefined offset: 0 /data/home/bxu2348000122/htdocs/Apps/Mobile/Controller/IndexController.class.php 第 23 行.
NOTIC: [8] Undefined index:  /data/home/bxu2348000122/htdocs/Apps/Mobile/Controller/IndexController.class.php 第 23 行.
NOTIC: [8] Undefined offset: 0 /data/home/bxu2348000122/htdocs/Apps/Mobile/Controller/IndexController.class.php 第 23 行.
NOTIC: [8] Undefined offset: 0 /data/home/bxu2348000122/htdocs/Apps/Mobile/Controller/IndexController.class.php 第 23 行.
NOTIC: [8] Undefined index:  /data/home/bxu2348000122/htdocs/Apps/Mobile/Controller/IndexController.class.php 第 23 行.
NOTIC: [8] Undefined offset: 0 /data/home/bxu2348000122/htdocs/Apps/Mobile/Controller/IndexController.class.php 第 23 行.
NOTIC: [8] Undefined offset: 0 /data/home/bxu2348000122/htdocs/Apps/Mobile/Controller/IndexController.class.php 第 23 行.
NOTIC: [8] Undefined index:  /data/home/bxu2348000122/htdocs/Apps/Mobile/Controller/IndexController.class.php 第 23 行.
NOTIC: [8] Undefined offset: 0 /data/home/bxu2348000122/htdocs/Apps/Mobile/Controller/IndexController.class.php 第 23 行.
NOTIC: [8] Undefined offset: 0 /data/home/bxu2348000122/htdocs/Apps/Mobile/Controller/IndexController.class.php 第 23 行.
NOTIC: [8] Undefined index:  /data/home/bxu2348000122/htdocs/Apps/Mobile/Controller/IndexController.class.php 第 23 行.
NOTIC: [8] Undefined offset: 0 /data/home/bxu2348000122/htdocs/Apps/Mobile/Controller/IndexController.class.php 第 23 行.
NOTIC: [8] Undefined offset: 0 /data/home/bxu2348000122/htdocs/Apps/Mobile/Controller/IndexController.class.php 第 23 行.
NOTIC: [8] Undefined index:  /data/home/bxu2348000122/htdocs/Apps/Mobile/Controller/IndexController.class.php 第 23 行.
NOTIC: [8] Undefined offset: 0 /data/home/bxu2348000122/htdocs/Apps/Mobile/Controller/IndexController.class.php 第 23 行.
NOTIC: [8] Undefined offset: 0 /data/home/bxu2348000122/htdocs/Apps/Mobile/Controller/IndexController.class.php 第 23 行.
NOTIC: [8] Undefined index:  /data/home/bxu2348000122/htdocs/Apps/Mobile/Controller/IndexController.class.php 第 23 行.
NOTIC: [8] Undefined offset: 0 /data/home/bxu2348000122/htdocs/Apps/Mobile/Controller/IndexController.class.php 第 23 行.
NOTIC: [8] Undefined offset: 0 /data/home/bxu2348000122/htdocs/Apps/Mobile/Controller/IndexController.class.php 第 23 行.
NOTIC: [8] Undefined index:  /data/home/bxu2348000122/htdocs/Apps/Mobile/Controller/IndexController.class.php 第 23 行.
NOTIC: [8] Undefined offset: 0 /data/home/bxu2348000122/htdocs/Apps/Mobile/Controller/IndexController.class.php 第 23 行.
NOTIC: [8] Undefined offset: 0 /data/home/bxu2348000122/htdocs/Apps/Mobile/Controller/IndexController.class.php 第 23 行.
NOTIC: [8] Undefined index:  /data/home/bxu2348000122/htdocs/Apps/Mobile/Controller/IndexController.class.php 第 23 行.
NOTIC: [8] Undefined offset: 0 /data/home/bxu2348000122/htdocs/Apps/Mobile/Controller/IndexController.class.php 第 23 行.
NOTIC: [8] Undefined offset: 0 /data/home/bxu2348000122/htdocs/Apps/Mobile/Controller/IndexController.class.php 第 23 行.
NOTIC: [8] Undefined index:  /data/home/bxu2348000122/htdocs/Apps/Mobile/Controller/IndexController.class.php 第 23 行.
NOTIC: [8] Undefined offset: 0 /data/home/bxu2348000122/htdocs/Apps/Mobile/Controller/IndexController.class.php 第 23 行.
NOTIC: [8] Undefined offset: 0 /data/home/bxu2348000122/htdocs/Apps/Mobile/Controller/IndexController.class.php 第 23 行.
NOTIC: [8] Undefined index:  /data/home/bxu2348000122/htdocs/Apps/Mobile/Controller/IndexController.class.php 第 23 行.
SQL: SELECT * FROM `yunzhan_category` LIMIT 1   [ RunTime:0.0012s ]
SQL: SELECT * FROM `yunzhan_config` WHERE `id` = 1 LIMIT 1   [ RunTime:0.0011s ]
SQL: SELECT * FROM `yunzhan_service` WHERE `catid` = 1  [ RunTime:0.0038s ]
SQL: SELECT * FROM `yunzhan_article` WHERE `catid` = 2  [ RunTime:0.0017s ]
SQL: SELECT * FROM `yunzhan_ads` WHERE `catid` = 1 AND `startdate` <= 1494183328 AND `enddate` >= 1494183328 ORDER BY sort desc, id asc LIMIT 1   [ RunTime:0.0012s ]
SQL: SELECT * FROM `yunzhan_ads` WHERE `catid` = 2 AND `startdate` <= 1494183328 AND `enddate` >= 1494183328 ORDER BY sort desc, id asc  [ RunTime:0.0012s ]
SQL: SELECT * FROM `yunzhan_category` WHERE `pid` = 6 AND `display` = 1  [ RunTime:0.0012s ]
SQL: SELECT * FROM `yunzhan_article` WHERE `is_recom` = 1 AND `status` = 1 AND `catid` IN ('44','45','46','6','') ORDER BY sort asc,id desc LIMIT 4   [ RunTime:0.0015s ]
INFO: [ view_parse ] --START--
INFO: [ template_filter ] --START--
INFO: Run Behavior\ContentReplaceBehavior [ RunTime:0.000087s ]
INFO: [ template_filter ] --END-- [ RunTime:0.000150s ]
NOTIC: [8] Undefined index: alt /data/home/bxu2348000122/htdocs/Apps/Runtime/Cache/Mobile/cfca91beb49811c39e2bad25e2e139a4.php 第 66 行.
NOTIC: [8] Undefined index: alt /data/home/bxu2348000122/htdocs/Apps/Runtime/Cache/Mobile/cfca91beb49811c39e2bad25e2e139a4.php 第 66 行.
NOTIC: [8] Undefined index: alt /data/home/bxu2348000122/htdocs/Apps/Runtime/Cache/Mobile/cfca91beb49811c39e2bad25e2e139a4.php 第 66 行.
NOTIC: [8] Undefined index: alt /data/home/bxu2348000122/htdocs/Apps/Runtime/Cache/Mobile/cfca91beb49811c39e2bad25e2e139a4.php 第 66 行.
SQL: SELECT * FROM `yunzhan_category` WHERE `pid` = 47 AND `display` = 1  [ RunTime:0.0014s ]
SQL: SELECT * FROM `yunzhan_category` WHERE `pid` = 4 AND `display` = 1  [ RunTime:0.0012s ]
SQL: SELECT * FROM `yunzhan_category` WHERE `pid` = 5 AND `display` = 1  [ RunTime:0.0012s ]
INFO: Run Behavior\ParseTemplateBehavior [ RunTime:0.020196s ]
INFO: [ view_parse ] --END-- [ RunTime:0.020252s ]
INFO: [ view_filter ] --START--
INFO: Run Behavior\WriteHtmlCacheBehavior [ RunTime:0.000222s ]
INFO: [ view_filter ] --END-- [ RunTime:0.000265s ]
INFO: [ app_end ] --START--
INFO: Run Behavior\ShowPageTraceBehavior [ RunTime:0.000416s ]
INFO: [ app_end ] --END-- [ RunTime:0.000468s ]

[ 2017-05-08T03:41:41+08:00 ] 66.249.75.20 /mobile/index.html
INFO: [ app_init ] --START--
INFO: Run Behavior\BuildLiteBehavior [ RunTime:0.000019s ]
INFO: [ app_init ] --END-- [ RunTime:0.000361s ]
INFO: [ app_begin ] --START--
INFO: Run Behavior\ReadHtmlCacheBehavior [ RunTime:0.000407s ]
INFO: [ app_begin ] --END-- [ RunTime:0.000484s ]
SQL: SHOW COLUMNS FROM `yunzhan_stats` [ RunTime:0.0017s ]
SQL: DELETE FROM `yunzhan_stats` WHERE ( access_time < 1970-01-01 ) [ RunTime:0.0012s ]
SQL: SHOW COLUMNS FROM `yunzhan_category` [ RunTime:0.0016s ]
SQL: SHOW COLUMNS FROM `yunzhan_config` [ RunTime:0.0014s ]
SQL: SHOW COLUMNS FROM `yunzhan_case` [ RunTime:0.0015s ]
SQL: SHOW COLUMNS FROM `yunzhan_ads` [ RunTime:0.0016s ]
SQL: SHOW COLUMNS FROM `yunzhan_article` [ RunTime:0.0015s ]
SQL: SHOW COLUMNS FROM `yunzhan_links` [ RunTime:0.0015s ]
SQL: SHOW COLUMNS FROM `yunzhan_service` [ RunTime:0.0015s ]
SQL: SELECT * FROM `yunzhan_category` WHERE ( 1=1 ) ORDER BY sort asc, id asc  [ RunTime:0.0017s ]
NOTIC: [8] Undefined index: is_jump /data/home/bxu2348000122/htdocs/Apps/Mobile/Model/CategoryModel.class.php 第 14 行.
NOTIC: [8] Undefined index: is_jump /data/home/bxu2348000122/htdocs/Apps/Mobile/Model/CategoryModel.class.php 第 14 行.
NOTIC: [8] Undefined index: is_jump /data/home/bxu2348000122/htdocs/Apps/Mobile/Model/CategoryModel.class.php 第 14 行.
NOTIC: [8] Undefined index: is_jump /data/home/bxu2348000122/htdocs/Apps/Mobile/Model/CategoryModel.class.php 第 14 行.
NOTIC: [8] Undefined index: is_jump /data/home/bxu2348000122/htdocs/Apps/Mobile/Model/CategoryModel.class.php 第 14 行.
NOTIC: [8] Undefined index: is_jump /data/home/bxu2348000122/htdocs/Apps/Mobile/Model/CategoryModel.class.php 第 14 行.
NOTIC: [8] Undefined index: is_jump /data/home/bxu2348000122/htdocs/Apps/Mobile/Model/CategoryModel.class.php 第 14 行.
NOTIC: [8] Undefined index: is_jump /data/home/bxu2348000122/htdocs/Apps/Mobile/Model/CategoryModel.class.php 第 14 行.
NOTIC: [8] Undefined index: is_jump /data/home/bxu2348000122/htdocs/Apps/Mobile/Model/CategoryModel.class.php 第 14 行.
NOTIC: [8] Undefined index: is_jump /data/home/bxu2348000122/htdocs/Apps/Mobile/Model/CategoryModel.class.php 第 14 行.
NOTIC: [8] Undefined index: is_jump /data/home/bxu2348000122/htdocs/Apps/Mobile/Model/CategoryModel.class.php 第 14 行.
NOTIC: [8] Undefined index: is_jump /data/home/bxu2348000122/htdocs/Apps/Mobile/Model/CategoryModel.class.php 第 14 行.
NOTIC: [8] Undefined index: is_jump /data/home/bxu2348000122/htdocs/Apps/Mobile/Model/CategoryModel.class.php 第 14 行.
NOTIC: [8] Undefined index: is_jump /data/home/bxu2348000122/htdocs/Apps/Mobile/Model/CategoryModel.class.php 第 14 行.
NOTIC: [8] Undefined index: is_jump /data/home/bxu2348000122/htdocs/Apps/Mobile/Model/CategoryModel.class.php 第 14 行.
NOTIC: [8] Undefined index: is_jump /data/home/bxu2348000122/htdocs/Apps/Mobile/Model/CategoryModel.class.php 第 14 行.
NOTIC: [8] Undefined index: is_jump /data/home/bxu2348000122/htdocs/Apps/Mobile/Model/CategoryModel.class.php 第 14 行.
NOTIC: [8] Undefined index: is_jump /data/home/bxu2348000122/htdocs/Apps/Mobile/Model/CategoryModel.class.php 第 14 行.
NOTIC: [8] Undefined index: is_jump /data/home/bxu2348000122/htdocs/Apps/Mobile/Model/CategoryModel.class.php 第 14 行.
NOTIC: [8] Undefined index: is_jump /data/home/bxu2348000122/htdocs/Apps/Mobile/Model/CategoryModel.class.php 第 14 行.
NOTIC: [8] Undefined index: is_jump /data/home/bxu2348000122/htdocs/Apps/Mobile/Model/CategoryModel.class.php 第 14 行.
NOTIC: [8] Undefined index: is_jump /data/home/bxu2348000122/htdocs/Apps/Mobile/Model/CategoryModel.class.php 第 14 行.
NOTIC: [8] Undefined index: is_jump /data/home/bxu2348000122/htdocs/Apps/Mobile/Model/CategoryModel.class.php 第 14 行.
NOTIC: [8] Undefined index: is_jump /data/home/bxu2348000122/htdocs/Apps/Mobile/Model/CategoryModel.class.php 第 14 行.
NOTIC: [8] Undefined index: is_jump /data/home/bxu2348000122/htdocs/Apps/Mobile/Model/CategoryModel.class.php 第 14 行.
NOTIC: [8] Undefined index: is_jump /data/home/bxu2348000122/htdocs/Apps/Mobile/Model/CategoryModel.class.php 第 14 行.
NOTIC: [8] Undefined index: is_jump /data/home/bxu2348000122/htdocs/Apps/Mobile/Model/CategoryModel.class.php 第 14 行.
NOTIC: [8] Undefined index: is_jump /data/home/bxu2348000122/htdocs/Apps/Mobile/Model/CategoryModel.class.php 第 14 行.
NOTIC: [8] Undefined index: is_jump /data/home/bxu2348000122/htdocs/Apps/Mobile/Model/CategoryModel.class.php 第 14 行.
NOTIC: [8] Undefined index: is_jump /data/home/bxu2348000122/htdocs/Apps/Mobile/Model/CategoryModel.class.php 第 14 行.
NOTIC: [8] Undefined index: is_jump /data/home/bxu2348000122/htdocs/Apps/Mobile/Model/CategoryModel.class.php 第 14 行.
NOTIC: [8] Undefined index: is_jump /data/home/bxu2348000122/htdocs/Apps/Mobile/Model/CategoryModel.class.php 第 14 行.
NOTIC: [8] Undefined index: is_jump /data/home/bxu2348000122/htdocs/Apps/Mobile/Model/CategoryModel.class.php 第 14 行.
NOTIC: [8] Undefined index: is_jump /data/home/bxu2348000122/htdocs/Apps/Mobile/Model/CategoryModel.class.php 第 14 行.
NOTIC: [8] Undefined index: is_jump /data/home/bxu2348000122/htdocs/Apps/Mobile/Model/CategoryModel.class.php 第 14 行.
NOTIC: [8] Undefined index: is_jump /data/home/bxu2348000122/htdocs/Apps/Mobile/Model/CategoryModel.class.php 第 14 行.
NOTIC: [8] Undefined index: is_jump /data/home/bxu2348000122/htdocs/Apps/Mobile/Model/CategoryModel.class.php 第 14 行.
NOTIC: [8] Undefined index: is_jump /data/home/bxu2348000122/htdocs/Apps/Mobile/Model/CategoryModel.class.php 第 14 行.
NOTIC: [8] Undefined index: is_jump /data/home/bxu2348000122/htdocs/Apps/Mobile/Model/CategoryModel.class.php 第 14 行.
NOTIC: [8] Undefined index: is_jump /data/home/bxu2348000122/htdocs/Apps/Mobile/Model/CategoryModel.class.php 第 14 行.
NOTIC: [8] Undefined index: is_jump /data/home/bxu2348000122/htdocs/Apps/Mobile/Model/CategoryModel.class.php 第 14 行.
NOTIC: [8] Undefined index: is_jump /data/home/bxu2348000122/htdocs/Apps/Mobile/Model/CategoryModel.class.php 第 14 行.
NOTIC: [8] Undefined index: is_jump /data/home/bxu2348000122/htdocs/Apps/Mobile/Model/CategoryModel.class.php 第 14 行.
NOTIC: [8] Undefined index: is_jump /data/home/bxu2348000122/htdocs/Apps/Mobile/Model/CategoryModel.class.php 第 14 行.
NOTIC: [8] Undefined index: is_jump /data/home/bxu2348000122/htdocs/Apps/Mobile/Model/CategoryModel.class.php 第 14 行.
NOTIC: [8] Undefined index: is_jump /data/home/bxu2348000122/htdocs/Apps/Mobile/Model/CategoryModel.class.php 第 14 行.
NOTIC: [8] Undefined index: is_jump /data/home/bxu2348000122/htdocs/Apps/Mobile/Model/CategoryModel.class.php 第 14 行.
NOTIC: [8] Undefined index: is_jump /data/home/bxu2348000122/htdocs/Apps/Mobile/Model/CategoryModel.class.php 第 14 行.
NOTIC: [8] Undefined index: is_jump /data/home/bxu2348000122/htdocs/Apps/Mobile/Model/CategoryModel.class.php 第 14 行.
NOTIC: [8] Undefined index: is_jump /data/home/bxu2348000122/htdocs/Apps/Mobile/Model/CategoryModel.class.php 第 14 行.
NOTIC: [8] Undefined index: is_jump /data/home/bxu2348000122/htdocs/Apps/Mobile/Model/CategoryModel.class.php 第 14 行.
SQL: SHOW COLUMNS FROM `yunzhan_category` [ RunTime:0.0015s ]
SQL: SELECT * FROM `yunzhan_category` WHERE `pid` = 0 AND `display` = 1 AND `nav_display` = 1  [ RunTime:0.0013s ]
NOTIC: [8] Undefined offset: 0 /data/home/bxu2348000122/htdocs/Apps/Mobile/Controller/IndexController.class.php 第 23 行.
NOTIC: [8] Undefined offset: 0 /data/home/bxu2348000122/htdocs/Apps/Mobile/Controller/IndexController.class.php 第 23 行.
NOTIC: [8] Undefined index:  /data/home/bxu2348000122/htdocs/Apps/Mobile/Controller/IndexController.class.php 第 23 行.
NOTIC: [8] Undefined offset: 0 /data/home/bxu2348000122/htdocs/Apps/Mobile/Controller/IndexController.class.php 第 23 行.
NOTIC: [8] Undefined offset: 0 /data/home/bxu2348000122/htdocs/Apps/Mobile/Controller/IndexController.class.php 第 23 行.
NOTIC: [8] Undefined index:  /data/home/bxu2348000122/htdocs/Apps/Mobile/Controller/IndexController.class.php 第 23 行.
NOTIC: [8] Undefined offset: 0 /data/home/bxu2348000122/htdocs/Apps/Mobile/Controller/IndexController.class.php 第 23 行.
NOTIC: [8] Undefined offset: 0 /data/home/bxu2348000122/htdocs/Apps/Mobile/Controller/IndexController.class.php 第 23 行.
NOTIC: [8] Undefined index:  /data/home/bxu2348000122/htdocs/Apps/Mobile/Controller/IndexController.class.php 第 23 行.
NOTIC: [8] Undefined offset: 0 /data/home/bxu2348000122/htdocs/Apps/Mobile/Controller/IndexController.class.php 第 23 行.
NOTIC: [8] Undefined offset: 0 /data/home/bxu2348000122/htdocs/Apps/Mobile/Controller/IndexController.class.php 第 23 行.
NOTIC: [8] Undefined index:  /data/home/bxu2348000122/htdocs/Apps/Mobile/Controller/IndexController.class.php 第 23 行.
NOTIC: [8] Undefined offset: 0 /data/home/bxu2348000122/htdocs/Apps/Mobile/Controller/IndexController.class.php 第 23 行.
NOTIC: [8] Undefined offset: 0 /data/home/bxu2348000122/htdocs/Apps/Mobile/Controller/IndexController.class.php 第 23 行.
NOTIC: [8] Undefined index:  /data/home/bxu2348000122/htdocs/Apps/Mobile/Controller/IndexController.class.php 第 23 行.
NOTIC: [8] Undefined offset: 0 /data/home/bxu2348000122/htdocs/Apps/Mobile/Controller/IndexController.class.php 第 23 行.
NOTIC: [8] Undefined offset: 0 /data/home/bxu2348000122/htdocs/Apps/Mobile/Controller/IndexController.class.php 第 23 行.
NOTIC: [8] Undefined index:  /data/home/bxu2348000122/htdocs/Apps/Mobile/Controller/IndexController.class.php 第 23 行.
NOTIC: [8] Undefined offset: 0 /data/home/bxu2348000122/htdocs/Apps/Mobile/Controller/IndexController.class.php 第 23 行.
NOTIC: [8] Undefined offset: 0 /data/home/bxu2348000122/htdocs/Apps/Mobile/Controller/IndexController.class.php 第 23 行.
NOTIC: [8] Undefined index:  /data/home/bxu2348000122/htdocs/Apps/Mobile/Controller/IndexController.class.php 第 23 行.
NOTIC: [8] Undefined offset: 0 /data/home/bxu2348000122/htdocs/Apps/Mobile/Controller/IndexController.class.php 第 23 行.
NOTIC: [8] Undefined offset: 0 /data/home/bxu2348000122/htdocs/Apps/Mobile/Controller/IndexController.class.php 第 23 行.
NOTIC: [8] Undefined index:  /data/home/bxu2348000122/htdocs/Apps/Mobile/Controller/IndexController.class.php 第 23 行.
NOTIC: [8] Undefined offset: 0 /data/home/bxu2348000122/htdocs/Apps/Mobile/Controller/IndexController.class.php 第 23 行.
NOTIC: [8] Undefined offset: 0 /data/home/bxu2348000122/htdocs/Apps/Mobile/Controller/IndexController.class.php 第 23 行.
NOTIC: [8] Undefined index:  /data/home/bxu2348000122/htdocs/Apps/Mobile/Controller/IndexController.class.php 第 23 行.
NOTIC: [8] Undefined offset: 0 /data/home/bxu2348000122/htdocs/Apps/Mobile/Controller/IndexController.class.php 第 23 行.
NOTIC: [8] Undefined offset: 0 /data/home/bxu2348000122/htdocs/Apps/Mobile/Controller/IndexController.class.php 第 23 行.
NOTIC: [8] Undefined index:  /data/home/bxu2348000122/htdocs/Apps/Mobile/Controller/IndexController.class.php 第 23 行.
SQL: SELECT * FROM `yunzhan_category` LIMIT 1   [ RunTime:0.0012s ]
SQL: SELECT * FROM `yunzhan_config` WHERE `id` = 1 LIMIT 1   [ RunTime:0.0012s ]
SQL: SELECT * FROM `yunzhan_service` WHERE `catid` = 1  [ RunTime:0.0042s ]
SQL: SELECT * FROM `yunzhan_article` WHERE `catid` = 2  [ RunTime:0.0017s ]
SQL: SELECT * FROM `yunzhan_ads` WHERE `catid` = 1 AND `startdate` <= 1494186101 AND `enddate` >= 1494186101 ORDER BY sort desc, id asc LIMIT 1   [ RunTime:0.0013s ]
SQL: SELECT * FROM `yunzhan_ads` WHERE `catid` = 2 AND `startdate` <= 1494186101 AND `enddate` >= 1494186101 ORDER BY sort desc, id asc  [ RunTime:0.0013s ]
SQL: SELECT * FROM `yunzhan_category` WHERE `pid` = 6 AND `display` = 1  [ RunTime:0.0014s ]
SQL: SELECT * FROM `yunzhan_article` WHERE `is_recom` = 1 AND `status` = 1 AND `catid` IN ('44','45','46','6','') ORDER BY sort asc,id desc LIMIT 4   [ RunTime:0.0015s ]
INFO: [ view_parse ] --START--
INFO: [ template_filter ] --START--
INFO: Run Behavior\ContentReplaceBehavior [ RunTime:0.000078s ]
INFO: [ template_filter ] --END-- [ RunTime:0.000135s ]
NOTIC: [8] Undefined index: alt /data/home/bxu2348000122/htdocs/Apps/Runtime/Cache/Mobile/cfca91beb49811c39e2bad25e2e139a4.php 第 66 行.
NOTIC: [8] Undefined index: alt /data/home/bxu2348000122/htdocs/Apps/Runtime/Cache/Mobile/cfca91beb49811c39e2bad25e2e139a4.php 第 66 行.
NOTIC: [8] Undefined index: alt /data/home/bxu2348000122/htdocs/Apps/Runtime/Cache/Mobile/cfca91beb49811c39e2bad25e2e139a4.php 第 66 行.
NOTIC: [8] Undefined index: alt /data/home/bxu2348000122/htdocs/Apps/Runtime/Cache/Mobile/cfca91beb49811c39e2bad25e2e139a4.php 第 66 行.
SQL: SELECT * FROM `yunzhan_category` WHERE `pid` = 47 AND `display` = 1  [ RunTime:0.0013s ]
SQL: SELECT * FROM `yunzhan_category` WHERE `pid` = 4 AND `display` = 1  [ RunTime:0.0015s ]
SQL: SELECT * FROM `yunzhan_category` WHERE `pid` = 5 AND `display` = 1  [ RunTime:0.0013s ]
INFO: Run Behavior\ParseTemplateBehavior [ RunTime:0.020129s ]
INFO: [ view_parse ] --END-- [ RunTime:0.020181s ]
INFO: [ view_filter ] --START--
INFO: Run Behavior\WriteHtmlCacheBehavior [ RunTime:0.000231s ]
INFO: [ view_filter ] --END-- [ RunTime:0.000274s ]
INFO: [ app_end ] --START--
INFO: Run Behavior\ShowPageTraceBehavior [ RunTime:0.000406s ]
INFO: [ app_end ] --END-- [ RunTime:0.000458s ]

[ 2017-05-08T04:12:28+08:00 ] 66.249.75.20 /mobile/index.html
INFO: [ app_init ] --START--
INFO: Run Behavior\BuildLiteBehavior [ RunTime:0.000018s ]
INFO: [ app_init ] --END-- [ RunTime:0.000361s ]
INFO: [ app_begin ] --START--
INFO: Run Behavior\ReadHtmlCacheBehavior [ RunTime:0.000437s ]
INFO: [ app_begin ] --END-- [ RunTime:0.000538s ]
SQL: SHOW COLUMNS FROM `yunzhan_stats` [ RunTime:0.0017s ]
SQL: DELETE FROM `yunzhan_stats` WHERE ( access_time < 1970-01-01 ) [ RunTime:0.0012s ]
SQL: SHOW COLUMNS FROM `yunzhan_category` [ RunTime:0.0016s ]
SQL: SHOW COLUMNS FROM `yunzhan_config` [ RunTime:0.0014s ]
SQL: SHOW COLUMNS FROM `yunzhan_case` [ RunTime:0.0015s ]
SQL: SHOW COLUMNS FROM `yunzhan_ads` [ RunTime:0.0015s ]
SQL: SHOW COLUMNS FROM `yunzhan_article` [ RunTime:0.0015s ]
SQL: SHOW COLUMNS FROM `yunzhan_links` [ RunTime:0.0015s ]
SQL: SHOW COLUMNS FROM `yunzhan_service` [ RunTime:0.0015s ]
SQL: SELECT * FROM `yunzhan_category` WHERE ( 1=1 ) ORDER BY sort asc, id asc  [ RunTime:0.0017s ]
NOTIC: [8] Undefined index: is_jump /data/home/bxu2348000122/htdocs/Apps/Mobile/Model/CategoryModel.class.php 第 14 行.
NOTIC: [8] Undefined index: is_jump /data/home/bxu2348000122/htdocs/Apps/Mobile/Model/CategoryModel.class.php 第 14 行.
NOTIC: [8] Undefined index: is_jump /data/home/bxu2348000122/htdocs/Apps/Mobile/Model/CategoryModel.class.php 第 14 行.
NOTIC: [8] Undefined index: is_jump /data/home/bxu2348000122/htdocs/Apps/Mobile/Model/CategoryModel.class.php 第 14 行.
NOTIC: [8] Undefined index: is_jump /data/home/bxu2348000122/htdocs/Apps/Mobile/Model/CategoryModel.class.php 第 14 行.
NOTIC: [8] Undefined index: is_jump /data/home/bxu2348000122/htdocs/Apps/Mobile/Model/CategoryModel.class.php 第 14 行.
NOTIC: [8] Undefined index: is_jump /data/home/bxu2348000122/htdocs/Apps/Mobile/Model/CategoryModel.class.php 第 14 行.
NOTIC: [8] Undefined index: is_jump /data/home/bxu2348000122/htdocs/Apps/Mobile/Model/CategoryModel.class.php 第 14 行.
NOTIC: [8] Undefined index: is_jump /data/home/bxu2348000122/htdocs/Apps/Mobile/Model/CategoryModel.class.php 第 14 行.
NOTIC: [8] Undefined index: is_jump /data/home/bxu2348000122/htdocs/Apps/Mobile/Model/CategoryModel.class.php 第 14 行.
NOTIC: [8] Undefined index: is_jump /data/home/bxu2348000122/htdocs/Apps/Mobile/Model/CategoryModel.class.php 第 14 行.
NOTIC: [8] Undefined index: is_jump /data/home/bxu2348000122/htdocs/Apps/Mobile/Model/CategoryModel.class.php 第 14 行.
NOTIC: [8] Undefined index: is_jump /data/home/bxu2348000122/htdocs/Apps/Mobile/Model/CategoryModel.class.php 第 14 行.
NOTIC: [8] Undefined index: is_jump /data/home/bxu2348000122/htdocs/Apps/Mobile/Model/CategoryModel.class.php 第 14 行.
NOTIC: [8] Undefined index: is_jump /data/home/bxu2348000122/htdocs/Apps/Mobile/Model/CategoryModel.class.php 第 14 行.
NOTIC: [8] Undefined index: is_jump /data/home/bxu2348000122/htdocs/Apps/Mobile/Model/CategoryModel.class.php 第 14 行.
NOTIC: [8] Undefined index: is_jump /data/home/bxu2348000122/htdocs/Apps/Mobile/Model/CategoryModel.class.php 第 14 行.
NOTIC: [8] Undefined index: is_jump /data/home/bxu2348000122/htdocs/Apps/Mobile/Model/CategoryModel.class.php 第 14 行.
NOTIC: [8] Undefined index: is_jump /data/home/bxu2348000122/htdocs/Apps/Mobile/Model/CategoryModel.class.php 第 14 行.
NOTIC: [8] Undefined index: is_jump /data/home/bxu2348000122/htdocs/Apps/Mobile/Model/CategoryModel.class.php 第 14 行.
NOTIC: [8] Undefined index: is_jump /data/home/bxu2348000122/htdocs/Apps/Mobile/Model/CategoryModel.class.php 第 14 行.
NOTIC: [8] Undefined index: is_jump /data/home/bxu2348000122/htdocs/Apps/Mobile/Model/CategoryModel.class.php 第 14 行.
NOTIC: [8] Undefined index: is_jump /data/home/bxu2348000122/htdocs/Apps/Mobile/Model/CategoryModel.class.php 第 14 行.
NOTIC: [8] Undefined index: is_jump /data/home/bxu2348000122/htdocs/Apps/Mobile/Model/CategoryModel.class.php 第 14 行.
NOTIC: [8] Undefined index: is_jump /data/home/bxu2348000122/htdocs/Apps/Mobile/Model/CategoryModel.class.php 第 14 行.
NOTIC: [8] Undefined index: is_jump /data/home/bxu2348000122/htdocs/Apps/Mobile/Model/CategoryModel.class.php 第 14 行.
NOTIC: [8] Undefined index: is_jump /data/home/bxu2348000122/htdocs/Apps/Mobile/Model/CategoryModel.class.php 第 14 行.
NOTIC: [8] Undefined index: is_jump /data/home/bxu2348000122/htdocs/Apps/Mobile/Model/CategoryModel.class.php 第 14 行.
NOTIC: [8] Undefined index: is_jump /data/home/bxu2348000122/htdocs/Apps/Mobile/Model/CategoryModel.class.php 第 14 行.
NOTIC: [8] Undefined index: is_jump /data/home/bxu2348000122/htdocs/Apps/Mobile/Model/CategoryModel.class.php 第 14 行.
NOTIC: [8] Undefined index: is_jump /data/home/bxu2348000122/htdocs/Apps/Mobile/Model/CategoryModel.class.php 第 14 行.
NOTIC: [8] Undefined index: is_jump /data/home/bxu2348000122/htdocs/Apps/Mobile/Model/CategoryModel.class.php 第 14 行.
NOTIC: [8] Undefined index: is_jump /data/home/bxu2348000122/htdocs/Apps/Mobile/Model/CategoryModel.class.php 第 14 行.
NOTIC: [8] Undefined index: is_jump /data/home/bxu2348000122/htdocs/Apps/Mobile/Model/CategoryModel.class.php 第 14 行.
NOTIC: [8] Undefined index: is_jump /data/home/bxu2348000122/htdocs/Apps/Mobile/Model/CategoryModel.class.php 第 14 行.
NOTIC: [8] Undefined index: is_jump /data/home/bxu2348000122/htdocs/Apps/Mobile/Model/CategoryModel.class.php 第 14 行.
NOTIC: [8] Undefined index: is_jump /data/home/bxu2348000122/htdocs/Apps/Mobile/Model/CategoryModel.class.php 第 14 行.
NOTIC: [8] Undefined index: is_jump /data/home/bxu2348000122/htdocs/Apps/Mobile/Model/CategoryModel.class.php 第 14 行.
NOTIC: [8] Undefined index: is_jump /data/home/bxu2348000122/htdocs/Apps/Mobile/Model/CategoryModel.class.php 第 14 行.
NOTIC: [8] Undefined index: is_jump /data/home/bxu2348000122/htdocs/Apps/Mobile/Model/CategoryModel.class.php 第 14 行.
NOTIC: [8] Undefined index: is_jump /data/home/bxu2348000122/htdocs/Apps/Mobile/Model/CategoryModel.class.php 第 14 行.
NOTIC: [8] Undefined index: is_jump /data/home/bxu2348000122/htdocs/Apps/Mobile/Model/CategoryModel.class.php 第 14 行.
NOTIC: [8] Undefined index: is_jump /data/home/bxu2348000122/htdocs/Apps/Mobile/Model/CategoryModel.class.php 第 14 行.
NOTIC: [8] Undefined index: is_jump /data/home/bxu2348000122/htdocs/Apps/Mobile/Model/CategoryModel.class.php 第 14 行.
NOTIC: [8] Undefined index: is_jump /data/home/bxu2348000122/htdocs/Apps/Mobile/Model/CategoryModel.class.php 第 14 行.
NOTIC: [8] Undefined index: is_jump /data/home/bxu2348000122/htdocs/Apps/Mobile/Model/CategoryModel.class.php 第 14 行.
NOTIC: [8] Undefined index: is_jump /data/home/bxu2348000122/htdocs/Apps/Mobile/Model/CategoryModel.class.php 第 14 行.
NOTIC: [8] Undefined index: is_jump /data/home/bxu2348000122/htdocs/Apps/Mobile/Model/CategoryModel.class.php 第 14 行.
NOTIC: [8] Undefined index: is_jump /data/home/bxu2348000122/htdocs/Apps/Mobile/Model/CategoryModel.class.php 第 14 行.
NOTIC: [8] Undefined index: is_jump /data/home/bxu2348000122/htdocs/Apps/Mobile/Model/CategoryModel.class.php 第 14 行.
NOTIC: [8] Undefined index: is_jump /data/home/bxu2348000122/htdocs/Apps/Mobile/Model/CategoryModel.class.php 第 14 行.
SQL: SHOW COLUMNS FROM `yunzhan_category` [ RunTime:0.0015s ]
SQL: SELECT * FROM `yunzhan_category` WHERE `pid` = 0 AND `display` = 1 AND `nav_display` = 1  [ RunTime:0.0014s ]
NOTIC: [8] Undefined offset: 0 /data/home/bxu2348000122/htdocs/Apps/Mobile/Controller/IndexController.class.php 第 23 行.
NOTIC: [8] Undefined offset: 0 /data/home/bxu2348000122/htdocs/Apps/Mobile/Controller/IndexController.class.php 第 23 行.
NOTIC: [8] Undefined index:  /data/home/bxu2348000122/htdocs/Apps/Mobile/Controller/IndexController.class.php 第 23 行.
NOTIC: [8] Undefined offset: 0 /data/home/bxu2348000122/htdocs/Apps/Mobile/Controller/IndexController.class.php 第 23 行.
NOTIC: [8] Undefined offset: 0 /data/home/bxu2348000122/htdocs/Apps/Mobile/Controller/IndexController.class.php 第 23 行.
NOTIC: [8] Undefined index:  /data/home/bxu2348000122/htdocs/Apps/Mobile/Controller/IndexController.class.php 第 23 行.
NOTIC: [8] Undefined offset: 0 /data/home/bxu2348000122/htdocs/Apps/Mobile/Controller/IndexController.class.php 第 23 行.
NOTIC: [8] Undefined offset: 0 /data/home/bxu2348000122/htdocs/Apps/Mobile/Controller/IndexController.class.php 第 23 行.
NOTIC: [8] Undefined index:  /data/home/bxu2348000122/htdocs/Apps/Mobile/Controller/IndexController.class.php 第 23 行.
NOTIC: [8] Undefined offset: 0 /data/home/bxu2348000122/htdocs/Apps/Mobile/Controller/IndexController.class.php 第 23 行.
NOTIC: [8] Undefined offset: 0 /data/home/bxu2348000122/htdocs/Apps/Mobile/Controller/IndexController.class.php 第 23 行.
NOTIC: [8] Undefined index:  /data/home/bxu2348000122/htdocs/Apps/Mobile/Controller/IndexController.class.php 第 23 行.
NOTIC: [8] Undefined offset: 0 /data/home/bxu2348000122/htdocs/Apps/Mobile/Controller/IndexController.class.php 第 23 行.
NOTIC: [8] Undefined offset: 0 /data/home/bxu2348000122/htdocs/Apps/Mobile/Controller/IndexController.class.php 第 23 行.
NOTIC: [8] Undefined index:  /data/home/bxu2348000122/htdocs/Apps/Mobile/Controller/IndexController.class.php 第 23 行.
NOTIC: [8] Undefined offset: 0 /data/home/bxu2348000122/htdocs/Apps/Mobile/Controller/IndexController.class.php 第 23 行.
NOTIC: [8] Undefined offset: 0 /data/home/bxu2348000122/htdocs/Apps/Mobile/Controller/IndexController.class.php 第 23 行.
NOTIC: [8] Undefined index:  /data/home/bxu2348000122/htdocs/Apps/Mobile/Controller/IndexController.class.php 第 23 行.
NOTIC: [8] Undefined offset: 0 /data/home/bxu2348000122/htdocs/Apps/Mobile/Controller/IndexController.class.php 第 23 行.
NOTIC: [8] Undefined offset: 0 /data/home/bxu2348000122/htdocs/Apps/Mobile/Controller/IndexController.class.php 第 23 行.
NOTIC: [8] Undefined index:  /data/home/bxu2348000122/htdocs/Apps/Mobile/Controller/IndexController.class.php 第 23 行.
NOTIC: [8] Undefined offset: 0 /data/home/bxu2348000122/htdocs/Apps/Mobile/Controller/IndexController.class.php 第 23 行.
NOTIC: [8] Undefined offset: 0 /data/home/bxu2348000122/htdocs/Apps/Mobile/Controller/IndexController.class.php 第 23 行.
NOTIC: [8] Undefined index:  /data/home/bxu2348000122/htdocs/Apps/Mobile/Controller/IndexController.class.php 第 23 行.
NOTIC: [8] Undefined offset: 0 /data/home/bxu2348000122/htdocs/Apps/Mobile/Controller/IndexController.class.php 第 23 行.
NOTIC: [8] Undefined offset: 0 /data/home/bxu2348000122/htdocs/Apps/Mobile/Controller/IndexController.class.php 第 23 行.
NOTIC: [8] Undefined index:  /data/home/bxu2348000122/htdocs/Apps/Mobile/Controller/IndexController.class.php 第 23 行.
NOTIC: [8] Undefined offset: 0 /data/home/bxu2348000122/htdocs/Apps/Mobile/Controller/IndexController.class.php 第 23 行.
NOTIC: [8] Undefined offset: 0 /data/home/bxu2348000122/htdocs/Apps/Mobile/Controller/IndexController.class.php 第 23 行.
NOTIC: [8] Undefined index:  /data/home/bxu2348000122/htdocs/Apps/Mobile/Controller/IndexController.class.php 第 23 行.
SQL: SELECT * FROM `yunzhan_category` LIMIT 1   [ RunTime:0.0013s ]
SQL: SELECT * FROM `yunzhan_config` WHERE `id` = 1 LIMIT 1   [ RunTime:0.0012s ]
SQL: SELECT * FROM `yunzhan_service` WHERE `catid` = 1  [ RunTime:0.0043s ]
SQL: SELECT * FROM `yunzhan_article` WHERE `catid` = 2  [ RunTime:0.0019s ]
SQL: SELECT * FROM `yunzhan_ads` WHERE `catid` = 1 AND `startdate` <= 1494187948 AND `enddate` >= 1494187948 ORDER BY sort desc, id asc LIMIT 1   [ RunTime:0.0013s ]
SQL: SELECT * FROM `yunzhan_ads` WHERE `catid` = 2 AND `startdate` <= 1494187948 AND `enddate` >= 1494187948 ORDER BY sort desc, id asc  [ RunTime:0.0013s ]
SQL: SELECT * FROM `yunzhan_category` WHERE `pid` = 6 AND `display` = 1  [ RunTime:0.0013s ]
SQL: SELECT * FROM `yunzhan_article` WHERE `is_recom` = 1 AND `status` = 1 AND `catid` IN ('44','45','46','6','') ORDER BY sort asc,id desc LIMIT 4   [ RunTime:0.0016s ]
INFO: [ view_parse ] --START--
INFO: [ template_filter ] --START--
INFO: Run Behavior\ContentReplaceBehavior [ RunTime:0.000082s ]
INFO: [ template_filter ] --END-- [ RunTime:0.000137s ]
NOTIC: [8] Undefined index: alt /data/home/bxu2348000122/htdocs/Apps/Runtime/Cache/Mobile/cfca91beb49811c39e2bad25e2e139a4.php 第 66 行.
NOTIC: [8] Undefined index: alt /data/home/bxu2348000122/htdocs/Apps/Runtime/Cache/Mobile/cfca91beb49811c39e2bad25e2e139a4.php 第 66 行.
NOTIC: [8] Undefined index: alt /data/home/bxu2348000122/htdocs/Apps/Runtime/Cache/Mobile/cfca91beb49811c39e2bad25e2e139a4.php 第 66 行.
NOTIC: [8] Undefined index: alt /data/home/bxu2348000122/htdocs/Apps/Runtime/Cache/Mobile/cfca91beb49811c39e2bad25e2e139a4.php 第 66 行.
SQL: SELECT * FROM `yunzhan_category` WHERE `pid` = 47 AND `display` = 1  [ RunTime:0.0014s ]
SQL: SELECT * FROM `yunzhan_category` WHERE `pid` = 4 AND `display` = 1  [ RunTime:0.0013s ]
SQL: SELECT * FROM `yunzhan_category` WHERE `pid` = 5 AND `display` = 1  [ RunTime:0.0013s ]
INFO: Run Behavior\ParseTemplateBehavior [ RunTime:0.020048s ]
INFO: [ view_parse ] --END-- [ RunTime:0.020100s ]
INFO: [ view_filter ] --START--
INFO: Run Behavior\WriteHtmlCacheBehavior [ RunTime:0.000213s ]
INFO: [ view_filter ] --END-- [ RunTime:0.000254s ]
INFO: [ app_end ] --START--
INFO: Run Behavior\ShowPageTraceBehavior [ RunTime:0.000393s ]
INFO: [ app_end ] --END-- [ RunTime:0.000445s ]

[ 2017-05-08T08:05:14+08:00 ] 66.249.75.23 /mobile/index.html
INFO: [ app_init ] --START--
INFO: Run Behavior\BuildLiteBehavior [ RunTime:0.000019s ]
INFO: [ app_init ] --END-- [ RunTime:0.000352s ]
INFO: [ app_begin ] --START--
INFO: Run Behavior\ReadHtmlCacheBehavior [ RunTime:0.000433s ]
INFO: [ app_begin ] --END-- [ RunTime:0.000495s ]
SQL: SHOW COLUMNS FROM `yunzhan_stats` [ RunTime:0.0019s ]
SQL: DELETE FROM `yunzhan_stats` WHERE ( access_time < 1970-01-01 ) [ RunTime:0.0014s ]
SQL: SHOW COLUMNS FROM `yunzhan_category` [ RunTime:0.0018s ]
SQL: SHOW COLUMNS FROM `yunzhan_config` [ RunTime:0.0016s ]
SQL: SHOW COLUMNS FROM `yunzhan_case` [ RunTime:0.0017s ]
SQL: SHOW COLUMNS FROM `yunzhan_ads` [ RunTime:0.0017s ]
SQL: SHOW COLUMNS FROM `yunzhan_article` [ RunTime:0.0017s ]
SQL: SHOW COLUMNS FROM `yunzhan_links` [ RunTime:0.0016s ]
SQL: SHOW COLUMNS FROM `yunzhan_service` [ RunTime:0.0017s ]
SQL: SELECT * FROM `yunzhan_category` WHERE ( 1=1 ) ORDER BY sort asc, id asc  [ RunTime:0.0020s ]
NOTIC: [8] Undefined index: is_jump /data/home/bxu2348000122/htdocs/Apps/Mobile/Model/CategoryModel.class.php 第 14 行.
NOTIC: [8] Undefined index: is_jump /data/home/bxu2348000122/htdocs/Apps/Mobile/Model/CategoryModel.class.php 第 14 行.
NOTIC: [8] Undefined index: is_jump /data/home/bxu2348000122/htdocs/Apps/Mobile/Model/CategoryModel.class.php 第 14 行.
NOTIC: [8] Undefined index: is_jump /data/home/bxu2348000122/htdocs/Apps/Mobile/Model/CategoryModel.class.php 第 14 行.
NOTIC: [8] Undefined index: is_jump /data/home/bxu2348000122/htdocs/Apps/Mobile/Model/CategoryModel.class.php 第 14 行.
NOTIC: [8] Undefined index: is_jump /data/home/bxu2348000122/htdocs/Apps/Mobile/Model/CategoryModel.class.php 第 14 行.
NOTIC: [8] Undefined index: is_jump /data/home/bxu2348000122/htdocs/Apps/Mobile/Model/CategoryModel.class.php 第 14 行.
NOTIC: [8] Undefined index: is_jump /data/home/bxu2348000122/htdocs/Apps/Mobile/Model/CategoryModel.class.php 第 14 行.
NOTIC: [8] Undefined index: is_jump /data/home/bxu2348000122/htdocs/Apps/Mobile/Model/CategoryModel.class.php 第 14 行.
NOTIC: [8] Undefined index: is_jump /data/home/bxu2348000122/htdocs/Apps/Mobile/Model/CategoryModel.class.php 第 14 行.
NOTIC: [8] Undefined index: is_jump /data/home/bxu2348000122/htdocs/Apps/Mobile/Model/CategoryModel.class.php 第 14 行.
NOTIC: [8] Undefined index: is_jump /data/home/bxu2348000122/htdocs/Apps/Mobile/Model/CategoryModel.class.php 第 14 行.
NOTIC: [8] Undefined index: is_jump /data/home/bxu2348000122/htdocs/Apps/Mobile/Model/CategoryModel.class.php 第 14 行.
NOTIC: [8] Undefined index: is_jump /data/home/bxu2348000122/htdocs/Apps/Mobile/Model/CategoryModel.class.php 第 14 行.
NOTIC: [8] Undefined index: is_jump /data/home/bxu2348000122/htdocs/Apps/Mobile/Model/CategoryModel.class.php 第 14 行.
NOTIC: [8] Undefined index: is_jump /data/home/bxu2348000122/htdocs/Apps/Mobile/Model/CategoryModel.class.php 第 14 行.
NOTIC: [8] Undefined index: is_jump /data/home/bxu2348000122/htdocs/Apps/Mobile/Model/CategoryModel.class.php 第 14 行.
NOTIC: [8] Undefined index: is_jump /data/home/bxu2348000122/htdocs/Apps/Mobile/Model/CategoryModel.class.php 第 14 行.
NOTIC: [8] Undefined index: is_jump /data/home/bxu2348000122/htdocs/Apps/Mobile/Model/CategoryModel.class.php 第 14 行.
NOTIC: [8] Undefined index: is_jump /data/home/bxu2348000122/htdocs/Apps/Mobile/Model/CategoryModel.class.php 第 14 行.
NOTIC: [8] Undefined index: is_jump /data/home/bxu2348000122/htdocs/Apps/Mobile/Model/CategoryModel.class.php 第 14 行.
NOTIC: [8] Undefined index: is_jump /data/home/bxu2348000122/htdocs/Apps/Mobile/Model/CategoryModel.class.php 第 14 行.
NOTIC: [8] Undefined index: is_jump /data/home/bxu2348000122/htdocs/Apps/Mobile/Model/CategoryModel.class.php 第 14 行.
NOTIC: [8] Undefined index: is_jump /data/home/bxu2348000122/htdocs/Apps/Mobile/Model/CategoryModel.class.php 第 14 行.
NOTIC: [8] Undefined index: is_jump /data/home/bxu2348000122/htdocs/Apps/Mobile/Model/CategoryModel.class.php 第 14 行.
NOTIC: [8] Undefined index: is_jump /data/home/bxu2348000122/htdocs/Apps/Mobile/Model/CategoryModel.class.php 第 14 行.
NOTIC: [8] Undefined index: is_jump /data/home/bxu2348000122/htdocs/Apps/Mobile/Model/CategoryModel.class.php 第 14 行.
NOTIC: [8] Undefined index: is_jump /data/home/bxu2348000122/htdocs/Apps/Mobile/Model/CategoryModel.class.php 第 14 行.
NOTIC: [8] Undefined index: is_jump /data/home/bxu2348000122/htdocs/Apps/Mobile/Model/CategoryModel.class.php 第 14 行.
NOTIC: [8] Undefined index: is_jump /data/home/bxu2348000122/htdocs/Apps/Mobile/Model/CategoryModel.class.php 第 14 行.
NOTIC: [8] Undefined index: is_jump /data/home/bxu2348000122/htdocs/Apps/Mobile/Model/CategoryModel.class.php 第 14 行.
NOTIC: [8] Undefined index: is_jump /data/home/bxu2348000122/htdocs/Apps/Mobile/Model/CategoryModel.class.php 第 14 行.
NOTIC: [8] Undefined index: is_jump /data/home/bxu2348000122/htdocs/Apps/Mobile/Model/CategoryModel.class.php 第 14 行.
NOTIC: [8] Undefined index: is_jump /data/home/bxu2348000122/htdocs/Apps/Mobile/Model/CategoryModel.class.php 第 14 行.
NOTIC: [8] Undefined index: is_jump /data/home/bxu2348000122/htdocs/Apps/Mobile/Model/CategoryModel.class.php 第 14 行.
NOTIC: [8] Undefined index: is_jump /data/home/bxu2348000122/htdocs/Apps/Mobile/Model/CategoryModel.class.php 第 14 行.
NOTIC: [8] Undefined index: is_jump /data/home/bxu2348000122/htdocs/Apps/Mobile/Model/CategoryModel.class.php 第 14 行.
NOTIC: [8] Undefined index: is_jump /data/home/bxu2348000122/htdocs/Apps/Mobile/Model/CategoryModel.class.php 第 14 行.
NOTIC: [8] Undefined index: is_jump /data/home/bxu2348000122/htdocs/Apps/Mobile/Model/CategoryModel.class.php 第 14 行.
NOTIC: [8] Undefined index: is_jump /data/home/bxu2348000122/htdocs/Apps/Mobile/Model/CategoryModel.class.php 第 14 行.
NOTIC: [8] Undefined index: is_jump /data/home/bxu2348000122/htdocs/Apps/Mobile/Model/CategoryModel.class.php 第 14 行.
NOTIC: [8] Undefined index: is_jump /data/home/bxu2348000122/htdocs/Apps/Mobile/Model/CategoryModel.class.php 第 14 行.
NOTIC: [8] Undefined index: is_jump /data/home/bxu2348000122/htdocs/Apps/Mobile/Model/CategoryModel.class.php 第 14 行.
NOTIC: [8] Undefined index: is_jump /data/home/bxu2348000122/htdocs/Apps/Mobile/Model/CategoryModel.class.php 第 14 行.
NOTIC: [8] Undefined index: is_jump /data/home/bxu2348000122/htdocs/Apps/Mobile/Model/CategoryModel.class.php 第 14 行.
NOTIC: [8] Undefined index: is_jump /data/home/bxu2348000122/htdocs/Apps/Mobile/Model/CategoryModel.class.php 第 14 行.
NOTIC: [8] Undefined index: is_jump /data/home/bxu2348000122/htdocs/Apps/Mobile/Model/CategoryModel.class.php 第 14 行.
NOTIC: [8] Undefined index: is_jump /data/home/bxu2348000122/htdocs/Apps/Mobile/Model/CategoryModel.class.php 第 14 行.
NOTIC: [8] Undefined index: is_jump /data/home/bxu2348000122/htdocs/Apps/Mobile/Model/CategoryModel.class.php 第 14 行.
NOTIC: [8] Undefined index: is_jump /data/home/bxu2348000122/htdocs/Apps/Mobile/Model/CategoryModel.class.php 第 14 行.
NOTIC: [8] Undefined index: is_jump /data/home/bxu2348000122/htdocs/Apps/Mobile/Model/CategoryModel.class.php 第 14 行.
SQL: SHOW COLUMNS FROM `yunzhan_category` [ RunTime:0.0017s ]
SQL: SELECT * FROM `yunzhan_category` WHERE `pid` = 0 AND `display` = 1 AND `nav_display` = 1  [ RunTime:0.0017s ]
NOTIC: [8] Undefined offset: 0 /data/home/bxu2348000122/htdocs/Apps/Mobile/Controller/IndexController.class.php 第 23 行.
NOTIC: [8] Undefined offset: 0 /data/home/bxu2348000122/htdocs/Apps/Mobile/Controller/IndexController.class.php 第 23 行.
NOTIC: [8] Undefined index:  /data/home/bxu2348000122/htdocs/Apps/Mobile/Controller/IndexController.class.php 第 23 行.
NOTIC: [8] Undefined offset: 0 /data/home/bxu2348000122/htdocs/Apps/Mobile/Controller/IndexController.class.php 第 23 行.
NOTIC: [8] Undefined offset: 0 /data/home/bxu2348000122/htdocs/Apps/Mobile/Controller/IndexController.class.php 第 23 行.
NOTIC: [8] Undefined index:  /data/home/bxu2348000122/htdocs/Apps/Mobile/Controller/IndexController.class.php 第 23 行.
NOTIC: [8] Undefined offset: 0 /data/home/bxu2348000122/htdocs/Apps/Mobile/Controller/IndexController.class.php 第 23 行.
NOTIC: [8] Undefined offset: 0 /data/home/bxu2348000122/htdocs/Apps/Mobile/Controller/IndexController.class.php 第 23 行.
NOTIC: [8] Undefined index:  /data/home/bxu2348000122/htdocs/Apps/Mobile/Controller/IndexController.class.php 第 23 行.
NOTIC: [8] Undefined offset: 0 /data/home/bxu2348000122/htdocs/Apps/Mobile/Controller/IndexController.class.php 第 23 行.
NOTIC: [8] Undefined offset: 0 /data/home/bxu2348000122/htdocs/Apps/Mobile/Controller/IndexController.class.php 第 23 行.
NOTIC: [8] Undefined index:  /data/home/bxu2348000122/htdocs/Apps/Mobile/Controller/IndexController.class.php 第 23 行.
NOTIC: [8] Undefined offset: 0 /data/home/bxu2348000122/htdocs/Apps/Mobile/Controller/IndexController.class.php 第 23 行.
NOTIC: [8] Undefined offset: 0 /data/home/bxu2348000122/htdocs/Apps/Mobile/Controller/IndexController.class.php 第 23 行.
NOTIC: [8] Undefined index:  /data/home/bxu2348000122/htdocs/Apps/Mobile/Controller/IndexController.class.php 第 23 行.
NOTIC: [8] Undefined offset: 0 /data/home/bxu2348000122/htdocs/Apps/Mobile/Controller/IndexController.class.php 第 23 行.
NOTIC: [8] Undefined offset: 0 /data/home/bxu2348000122/htdocs/Apps/Mobile/Controller/IndexController.class.php 第 23 行.
NOTIC: [8] Undefined index:  /data/home/bxu2348000122/htdocs/Apps/Mobile/Controller/IndexController.class.php 第 23 行.
NOTIC: [8] Undefined offset: 0 /data/home/bxu2348000122/htdocs/Apps/Mobile/Controller/IndexController.class.php 第 23 行.
NOTIC: [8] Undefined offset: 0 /data/home/bxu2348000122/htdocs/Apps/Mobile/Controller/IndexController.class.php 第 23 行.
NOTIC: [8] Undefined index:  /data/home/bxu2348000122/htdocs/Apps/Mobile/Controller/IndexController.class.php 第 23 行.
NOTIC: [8] Undefined offset: 0 /data/home/bxu2348000122/htdocs/Apps/Mobile/Controller/IndexController.class.php 第 23 行.
NOTIC: [8] Undefined offset: 0 /data/home/bxu2348000122/htdocs/Apps/Mobile/Controller/IndexController.class.php 第 23 行.
NOTIC: [8] Undefined index:  /data/home/bxu2348000122/htdocs/Apps/Mobile/Controller/IndexController.class.php 第 23 行.
NOTIC: [8] Undefined offset: 0 /data/home/bxu2348000122/htdocs/Apps/Mobile/Controller/IndexController.class.php 第 23 行.
NOTIC: [8] Undefined offset: 0 /data/home/bxu2348000122/htdocs/Apps/Mobile/Controller/IndexController.class.php 第 23 行.
NOTIC: [8] Undefined index:  /data/home/bxu2348000122/htdocs/Apps/Mobile/Controller/IndexController.class.php 第 23 行.
NOTIC: [8] Undefined offset: 0 /data/home/bxu2348000122/htdocs/Apps/Mobile/Controller/IndexController.class.php 第 23 行.
NOTIC: [8] Undefined offset: 0 /data/home/bxu2348000122/htdocs/Apps/Mobile/Controller/IndexController.class.php 第 23 行.
NOTIC: [8] Undefined index:  /data/home/bxu2348000122/htdocs/Apps/Mobile/Controller/IndexController.class.php 第 23 行.
SQL: SELECT * FROM `yunzhan_category` LIMIT 1   [ RunTime:0.0015s ]
SQL: SELECT * FROM `yunzhan_config` WHERE `id` = 1 LIMIT 1   [ RunTime:0.0014s ]
SQL: SELECT * FROM `yunzhan_service` WHERE `catid` = 1  [ RunTime:0.0049s ]
SQL: SELECT * FROM `yunzhan_article` WHERE `catid` = 2  [ RunTime:0.0020s ]
SQL: SELECT * FROM `yunzhan_ads` WHERE `catid` = 1 AND `startdate` <= 1494201914 AND `enddate` >= 1494201914 ORDER BY sort desc, id asc LIMIT 1   [ RunTime:0.0015s ]
SQL: SELECT * FROM `yunzhan_ads` WHERE `catid` = 2 AND `startdate` <= 1494201914 AND `enddate` >= 1494201914 ORDER BY sort desc, id asc  [ RunTime:0.0015s ]
SQL: SELECT * FROM `yunzhan_category` WHERE `pid` = 6 AND `display` = 1  [ RunTime:0.0015s ]
SQL: SELECT * FROM `yunzhan_article` WHERE `is_recom` = 1 AND `status` = 1 AND `catid` IN ('44','45','46','6','') ORDER BY sort asc,id desc LIMIT 4   [ RunTime:0.0017s ]
INFO: [ view_parse ] --START--
INFO: [ template_filter ] --START--
INFO: Run Behavior\ContentReplaceBehavior [ RunTime:0.000082s ]
INFO: [ template_filter ] --END-- [ RunTime:0.000140s ]
NOTIC: [8] Undefined index: alt /data/home/bxu2348000122/htdocs/Apps/Runtime/Cache/Mobile/cfca91beb49811c39e2bad25e2e139a4.php 第 66 行.
NOTIC: [8] Undefined index: alt /data/home/bxu2348000122/htdocs/Apps/Runtime/Cache/Mobile/cfca91beb49811c39e2bad25e2e139a4.php 第 66 行.
NOTIC: [8] Undefined index: alt /data/home/bxu2348000122/htdocs/Apps/Runtime/Cache/Mobile/cfca91beb49811c39e2bad25e2e139a4.php 第 66 行.
NOTIC: [8] Undefined index: alt /data/home/bxu2348000122/htdocs/Apps/Runtime/Cache/Mobile/cfca91beb49811c39e2bad25e2e139a4.php 第 66 行.
SQL: SELECT * FROM `yunzhan_category` WHERE `pid` = 47 AND `display` = 1  [ RunTime:0.0016s ]
SQL: SELECT * FROM `yunzhan_category` WHERE `pid` = 4 AND `display` = 1  [ RunTime:0.0015s ]
SQL: SELECT * FROM `yunzhan_category` WHERE `pid` = 5 AND `display` = 1  [ RunTime:0.0016s ]
INFO: Run Behavior\ParseTemplateBehavior [ RunTime:0.021413s ]
INFO: [ view_parse ] --END-- [ RunTime:0.021474s ]
INFO: [ view_filter ] --START--
INFO: Run Behavior\WriteHtmlCacheBehavior [ RunTime:0.000279s ]
INFO: [ view_filter ] --END-- [ RunTime:0.000321s ]
INFO: [ app_end ] --START--
INFO: Run Behavior\ShowPageTraceBehavior [ RunTime:0.000409s ]
INFO: [ app_end ] --END-- [ RunTime:0.000458s ]

[ 2017-05-08T08:15:18+08:00 ] 66.249.75.23 /mobile/index.html
INFO: [ app_init ] --START--
INFO: Run Behavior\BuildLiteBehavior [ RunTime:0.000044s ]
INFO: [ app_init ] --END-- [ RunTime:0.000457s ]
INFO: [ app_begin ] --START--
INFO: Run Behavior\ReadHtmlCacheBehavior [ RunTime:0.000434s ]
INFO: [ app_begin ] --END-- [ RunTime:0.000494s ]
SQL: SHOW COLUMNS FROM `yunzhan_stats` [ RunTime:0.0021s ]
SQL: DELETE FROM `yunzhan_stats` WHERE ( access_time < 1970-01-01 ) [ RunTime:0.0017s ]
SQL: SHOW COLUMNS FROM `yunzhan_category` [ RunTime:0.0021s ]
SQL: SHOW COLUMNS FROM `yunzhan_config` [ RunTime:0.0020s ]
SQL: SHOW COLUMNS FROM `yunzhan_case` [ RunTime:0.0020s ]
SQL: SHOW COLUMNS FROM `yunzhan_ads` [ RunTime:0.0020s ]
SQL: SHOW COLUMNS FROM `yunzhan_article` [ RunTime:0.0020s ]
SQL: SHOW COLUMNS FROM `yunzhan_links` [ RunTime:0.0023s ]
SQL: SHOW COLUMNS FROM `yunzhan_service` [ RunTime:0.0020s ]
SQL: SELECT * FROM `yunzhan_category` WHERE ( 1=1 ) ORDER BY sort asc, id asc  [ RunTime:0.0017s ]
NOTIC: [8] Undefined index: is_jump /data/home/bxu2348000122/htdocs/Apps/Mobile/Model/CategoryModel.class.php 第 14 行.
NOTIC: [8] Undefined index: is_jump /data/home/bxu2348000122/htdocs/Apps/Mobile/Model/CategoryModel.class.php 第 14 行.
NOTIC: [8] Undefined index: is_jump /data/home/bxu2348000122/htdocs/Apps/Mobile/Model/CategoryModel.class.php 第 14 行.
NOTIC: [8] Undefined index: is_jump /data/home/bxu2348000122/htdocs/Apps/Mobile/Model/CategoryModel.class.php 第 14 行.
NOTIC: [8] Undefined index: is_jump /data/home/bxu2348000122/htdocs/Apps/Mobile/Model/CategoryModel.class.php 第 14 行.
NOTIC: [8] Undefined index: is_jump /data/home/bxu2348000122/htdocs/Apps/Mobile/Model/CategoryModel.class.php 第 14 行.
NOTIC: [8] Undefined index: is_jump /data/home/bxu2348000122/htdocs/Apps/Mobile/Model/CategoryModel.class.php 第 14 行.
NOTIC: [8] Undefined index: is_jump /data/home/bxu2348000122/htdocs/Apps/Mobile/Model/CategoryModel.class.php 第 14 行.
NOTIC: [8] Undefined index: is_jump /data/home/bxu2348000122/htdocs/Apps/Mobile/Model/CategoryModel.class.php 第 14 行.
NOTIC: [8] Undefined index: is_jump /data/home/bxu2348000122/htdocs/Apps/Mobile/Model/CategoryModel.class.php 第 14 行.
NOTIC: [8] Undefined index: is_jump /data/home/bxu2348000122/htdocs/Apps/Mobile/Model/CategoryModel.class.php 第 14 行.
NOTIC: [8] Undefined index: is_jump /data/home/bxu2348000122/htdocs/Apps/Mobile/Model/CategoryModel.class.php 第 14 行.
NOTIC: [8] Undefined index: is_jump /data/home/bxu2348000122/htdocs/Apps/Mobile/Model/CategoryModel.class.php 第 14 行.
NOTIC: [8] Undefined index: is_jump /data/home/bxu2348000122/htdocs/Apps/Mobile/Model/CategoryModel.class.php 第 14 行.
NOTIC: [8] Undefined index: is_jump /data/home/bxu2348000122/htdocs/Apps/Mobile/Model/CategoryModel.class.php 第 14 行.
NOTIC: [8] Undefined index: is_jump /data/home/bxu2348000122/htdocs/Apps/Mobile/Model/CategoryModel.class.php 第 14 行.
NOTIC: [8] Undefined index: is_jump /data/home/bxu2348000122/htdocs/Apps/Mobile/Model/CategoryModel.class.php 第 14 行.
NOTIC: [8] Undefined index: is_jump /data/home/bxu2348000122/htdocs/Apps/Mobile/Model/CategoryModel.class.php 第 14 行.
NOTIC: [8] Undefined index: is_jump /data/home/bxu2348000122/htdocs/Apps/Mobile/Model/CategoryModel.class.php 第 14 行.
NOTIC: [8] Undefined index: is_jump /data/home/bxu2348000122/htdocs/Apps/Mobile/Model/CategoryModel.class.php 第 14 行.
NOTIC: [8] Undefined index: is_jump /data/home/bxu2348000122/htdocs/Apps/Mobile/Model/CategoryModel.class.php 第 14 行.
NOTIC: [8] Undefined index: is_jump /data/home/bxu2348000122/htdocs/Apps/Mobile/Model/CategoryModel.class.php 第 14 行.
NOTIC: [8] Undefined index: is_jump /data/home/bxu2348000122/htdocs/Apps/Mobile/Model/CategoryModel.class.php 第 14 行.
NOTIC: [8] Undefined index: is_jump /data/home/bxu2348000122/htdocs/Apps/Mobile/Model/CategoryModel.class.php 第 14 行.
NOTIC: [8] Undefined index: is_jump /data/home/bxu2348000122/htdocs/Apps/Mobile/Model/CategoryModel.class.php 第 14 行.
NOTIC: [8] Undefined index: is_jump /data/home/bxu2348000122/htdocs/Apps/Mobile/Model/CategoryModel.class.php 第 14 行.
NOTIC: [8] Undefined index: is_jump /data/home/bxu2348000122/htdocs/Apps/Mobile/Model/CategoryModel.class.php 第 14 行.
NOTIC: [8] Undefined index: is_jump /data/home/bxu2348000122/htdocs/Apps/Mobile/Model/CategoryModel.class.php 第 14 行.
NOTIC: [8] Undefined index: is_jump /data/home/bxu2348000122/htdocs/Apps/Mobile/Model/CategoryModel.class.php 第 14 行.
NOTIC: [8] Undefined index: is_jump /data/home/bxu2348000122/htdocs/Apps/Mobile/Model/CategoryModel.class.php 第 14 行.
NOTIC: [8] Undefined index: is_jump /data/home/bxu2348000122/htdocs/Apps/Mobile/Model/CategoryModel.class.php 第 14 行.
NOTIC: [8] Undefined index: is_jump /data/home/bxu2348000122/htdocs/Apps/Mobile/Model/CategoryModel.class.php 第 14 行.
NOTIC: [8] Undefined index: is_jump /data/home/bxu2348000122/htdocs/Apps/Mobile/Model/CategoryModel.class.php 第 14 行.
NOTIC: [8] Undefined index: is_jump /data/home/bxu2348000122/htdocs/Apps/Mobile/Model/CategoryModel.class.php 第 14 行.
NOTIC: [8] Undefined index: is_jump /data/home/bxu2348000122/htdocs/Apps/Mobile/Model/CategoryModel.class.php 第 14 行.
NOTIC: [8] Undefined index: is_jump /data/home/bxu2348000122/htdocs/Apps/Mobile/Model/CategoryModel.class.php 第 14 行.
NOTIC: [8] Undefined index: is_jump /data/home/bxu2348000122/htdocs/Apps/Mobile/Model/CategoryModel.class.php 第 14 行.
NOTIC: [8] Undefined index: is_jump /data/home/bxu2348000122/htdocs/Apps/Mobile/Model/CategoryModel.class.php 第 14 行.
NOTIC: [8] Undefined index: is_jump /data/home/bxu2348000122/htdocs/Apps/Mobile/Model/CategoryModel.class.php 第 14 行.
NOTIC: [8] Undefined index: is_jump /data/home/bxu2348000122/htdocs/Apps/Mobile/Model/CategoryModel.class.php 第 14 行.
NOTIC: [8] Undefined index: is_jump /data/home/bxu2348000122/htdocs/Apps/Mobile/Model/CategoryModel.class.php 第 14 行.
NOTIC: [8] Undefined index: is_jump /data/home/bxu2348000122/htdocs/Apps/Mobile/Model/CategoryModel.class.php 第 14 行.
NOTIC: [8] Undefined index: is_jump /data/home/bxu2348000122/htdocs/Apps/Mobile/Model/CategoryModel.class.php 第 14 行.
NOTIC: [8] Undefined index: is_jump /data/home/bxu2348000122/htdocs/Apps/Mobile/Model/CategoryModel.class.php 第 14 行.
NOTIC: [8] Undefined index: is_jump /data/home/bxu2348000122/htdocs/Apps/Mobile/Model/CategoryModel.class.php 第 14 行.
NOTIC: [8] Undefined index: is_jump /data/home/bxu2348000122/htdocs/Apps/Mobile/Model/CategoryModel.class.php 第 14 行.
NOTIC: [8] Undefined index: is_jump /data/home/bxu2348000122/htdocs/Apps/Mobile/Model/CategoryModel.class.php 第 14 行.
NOTIC: [8] Undefined index: is_jump /data/home/bxu2348000122/htdocs/Apps/Mobile/Model/CategoryModel.class.php 第 14 行.
NOTIC: [8] Undefined index: is_jump /data/home/bxu2348000122/htdocs/Apps/Mobile/Model/CategoryModel.class.php 第 14 行.
NOTIC: [8] Undefined index: is_jump /data/home/bxu2348000122/htdocs/Apps/Mobile/Model/CategoryModel.class.php 第 14 行.
NOTIC: [8] Undefined index: is_jump /data/home/bxu2348000122/htdocs/Apps/Mobile/Model/CategoryModel.class.php 第 14 行.
SQL: SHOW COLUMNS FROM `yunzhan_category` [ RunTime:0.0022s ]
SQL: SELECT * FROM `yunzhan_category` WHERE `pid` = 0 AND `display` = 1 AND `nav_display` = 1  [ RunTime:0.0017s ]
NOTIC: [8] Undefined offset: 0 /data/home/bxu2348000122/htdocs/Apps/Mobile/Controller/IndexController.class.php 第 23 行.
NOTIC: [8] Undefined offset: 0 /data/home/bxu2348000122/htdocs/Apps/Mobile/Controller/IndexController.class.php 第 23 行.
NOTIC: [8] Undefined index:  /data/home/bxu2348000122/htdocs/Apps/Mobile/Controller/IndexController.class.php 第 23 行.
NOTIC: [8] Undefined offset: 0 /data/home/bxu2348000122/htdocs/Apps/Mobile/Controller/IndexController.class.php 第 23 行.
NOTIC: [8] Undefined offset: 0 /data/home/bxu2348000122/htdocs/Apps/Mobile/Controller/IndexController.class.php 第 23 行.
NOTIC: [8] Undefined index:  /data/home/bxu2348000122/htdocs/Apps/Mobile/Controller/IndexController.class.php 第 23 行.
NOTIC: [8] Undefined offset: 0 /data/home/bxu2348000122/htdocs/Apps/Mobile/Controller/IndexController.class.php 第 23 行.
NOTIC: [8] Undefined offset: 0 /data/home/bxu2348000122/htdocs/Apps/Mobile/Controller/IndexController.class.php 第 23 行.
NOTIC: [8] Undefined index:  /data/home/bxu2348000122/htdocs/Apps/Mobile/Controller/IndexController.class.php 第 23 行.
NOTIC: [8] Undefined offset: 0 /data/home/bxu2348000122/htdocs/Apps/Mobile/Controller/IndexController.class.php 第 23 行.
NOTIC: [8] Undefined offset: 0 /data/home/bxu2348000122/htdocs/Apps/Mobile/Controller/IndexController.class.php 第 23 行.
NOTIC: [8] Undefined index:  /data/home/bxu2348000122/htdocs/Apps/Mobile/Controller/IndexController.class.php 第 23 行.
NOTIC: [8] Undefined offset: 0 /data/home/bxu2348000122/htdocs/Apps/Mobile/Controller/IndexController.class.php 第 23 行.
NOTIC: [8] Undefined offset: 0 /data/home/bxu2348000122/htdocs/Apps/Mobile/Controller/IndexController.class.php 第 23 行.
NOTIC: [8] Undefined index:  /data/home/bxu2348000122/htdocs/Apps/Mobile/Controller/IndexController.class.php 第 23 行.
NOTIC: [8] Undefined offset: 0 /data/home/bxu2348000122/htdocs/Apps/Mobile/Controller/IndexController.class.php 第 23 行.
NOTIC: [8] Undefined offset: 0 /data/home/bxu2348000122/htdocs/Apps/Mobile/Controller/IndexController.class.php 第 23 行.
NOTIC: [8] Undefined index:  /data/home/bxu2348000122/htdocs/Apps/Mobile/Controller/IndexController.class.php 第 23 行.
NOTIC: [8] Undefined offset: 0 /data/home/bxu2348000122/htdocs/Apps/Mobile/Controller/IndexController.class.php 第 23 行.
NOTIC: [8] Undefined offset: 0 /data/home/bxu2348000122/htdocs/Apps/Mobile/Controller/IndexController.class.php 第 23 行.
NOTIC: [8] Undefined index:  /data/home/bxu2348000122/htdocs/Apps/Mobile/Controller/IndexController.class.php 第 23 行.
NOTIC: [8] Undefined offset: 0 /data/home/bxu2348000122/htdocs/Apps/Mobile/Controller/IndexController.class.php 第 23 行.
NOTIC: [8] Undefined offset: 0 /data/home/bxu2348000122/htdocs/Apps/Mobile/Controller/IndexController.class.php 第 23 行.
NOTIC: [8] Undefined index:  /data/home/bxu2348000122/htdocs/Apps/Mobile/Controller/IndexController.class.php 第 23 行.
NOTIC: [8] Undefined offset: 0 /data/home/bxu2348000122/htdocs/Apps/Mobile/Controller/IndexController.class.php 第 23 行.
NOTIC: [8] Undefined offset: 0 /data/home/bxu2348000122/htdocs/Apps/Mobile/Controller/IndexController.class.php 第 23 行.
NOTIC: [8] Undefined index:  /data/home/bxu2348000122/htdocs/Apps/Mobile/Controller/IndexController.class.php 第 23 行.
NOTIC: [8] Undefined offset: 0 /data/home/bxu2348000122/htdocs/Apps/Mobile/Controller/IndexController.class.php 第 23 行.
NOTIC: [8] Undefined offset: 0 /data/home/bxu2348000122/htdocs/Apps/Mobile/Controller/IndexController.class.php 第 23 行.
NOTIC: [8] Undefined index:  /data/home/bxu2348000122/htdocs/Apps/Mobile/Controller/IndexController.class.php 第 23 行.
SQL: SELECT * FROM `yunzhan_category` LIMIT 1   [ RunTime:0.0017s ]
SQL: SELECT * FROM `yunzhan_config` WHERE `id` = 1 LIMIT 1   [ RunTime:0.0017s ]
SQL: SELECT * FROM `yunzhan_service` WHERE `catid` = 1  [ RunTime:0.0054s ]
SQL: SELECT * FROM `yunzhan_article` WHERE `catid` = 2  [ RunTime:0.0035s ]
SQL: SELECT * FROM `yunzhan_ads` WHERE `catid` = 1 AND `startdate` <= 1494202518 AND `enddate` >= 1494202518 ORDER BY sort desc, id asc LIMIT 1   [ RunTime:0.0018s ]
SQL: SELECT * FROM `yunzhan_ads` WHERE `catid` = 2 AND `startdate` <= 1494202518 AND `enddate` >= 1494202518 ORDER BY sort desc, id asc  [ RunTime:0.0018s ]
SQL: SELECT * FROM `yunzhan_category` WHERE `pid` = 6 AND `display` = 1  [ RunTime:0.0017s ]
SQL: SELECT * FROM `yunzhan_article` WHERE `is_recom` = 1 AND `status` = 1 AND `catid` IN ('44','45','46','6','') ORDER BY sort asc,id desc LIMIT 4   [ RunTime:0.0020s ]
INFO: [ view_parse ] --START--
INFO: [ template_filter ] --START--
INFO: Run Behavior\ContentReplaceBehavior [ RunTime:0.000083s ]
INFO: [ template_filter ] --END-- [ RunTime:0.000140s ]
NOTIC: [8] Undefined index: alt /data/home/bxu2348000122/htdocs/Apps/Runtime/Cache/Mobile/cfca91beb49811c39e2bad25e2e139a4.php 第 66 行.
NOTIC: [8] Undefined index: alt /data/home/bxu2348000122/htdocs/Apps/Runtime/Cache/Mobile/cfca91beb49811c39e2bad25e2e139a4.php 第 66 行.
NOTIC: [8] Undefined index: alt /data/home/bxu2348000122/htdocs/Apps/Runtime/Cache/Mobile/cfca91beb49811c39e2bad25e2e139a4.php 第 66 行.
NOTIC: [8] Undefined index: alt /data/home/bxu2348000122/htdocs/Apps/Runtime/Cache/Mobile/cfca91beb49811c39e2bad25e2e139a4.php 第 66 行.
SQL: SELECT * FROM `yunzhan_category` WHERE `pid` = 47 AND `display` = 1  [ RunTime:0.0018s ]
SQL: SELECT * FROM `yunzhan_category` WHERE `pid` = 4 AND `display` = 1  [ RunTime:0.0017s ]
SQL: SELECT * FROM `yunzhan_category` WHERE `pid` = 5 AND `display` = 1  [ RunTime:0.0017s ]
INFO: Run Behavior\ParseTemplateBehavior [ RunTime:0.021357s ]
INFO: [ view_parse ] --END-- [ RunTime:0.021413s ]
INFO: [ view_filter ] --START--
INFO: Run Behavior\WriteHtmlCacheBehavior [ RunTime:0.000215s ]
INFO: [ view_filter ] --END-- [ RunTime:0.000257s ]
INFO: [ app_end ] --START--
INFO: Run Behavior\ShowPageTraceBehavior [ RunTime:0.000424s ]
INFO: [ app_end ] --END-- [ RunTime:0.000478s ]

[ 2017-05-08T08:51:08+08:00 ] 66.249.75.23 /mobile/index.html
INFO: [ app_init ] --START--
INFO: Run Behavior\BuildLiteBehavior [ RunTime:0.000020s ]
INFO: [ app_init ] --END-- [ RunTime:0.000358s ]
INFO: [ app_begin ] --START--
INFO: Run Behavior\ReadHtmlCacheBehavior [ RunTime:0.000413s ]
INFO: [ app_begin ] --END-- [ RunTime:0.000472s ]
SQL: SHOW COLUMNS FROM `yunzhan_stats` [ RunTime:0.0016s ]
SQL: DELETE FROM `yunzhan_stats` WHERE ( access_time < 1970-01-01 ) [ RunTime:0.0011s ]
SQL: SHOW COLUMNS FROM `yunzhan_category` [ RunTime:0.0015s ]
SQL: SHOW COLUMNS FROM `yunzhan_config` [ RunTime:0.0013s ]
SQL: SHOW COLUMNS FROM `yunzhan_case` [ RunTime:0.0015s ]
SQL: SHOW COLUMNS FROM `yunzhan_ads` [ RunTime:0.0013s ]
SQL: SHOW COLUMNS FROM `yunzhan_article` [ RunTime:0.0014s ]
SQL: SHOW COLUMNS FROM `yunzhan_links` [ RunTime:0.0013s ]
SQL: SHOW COLUMNS FROM `yunzhan_service` [ RunTime:0.0014s ]
SQL: SELECT * FROM `yunzhan_category` WHERE ( 1=1 ) ORDER BY sort asc, id asc  [ RunTime:0.0012s ]
NOTIC: [8] Undefined index: is_jump /data/home/bxu2348000122/htdocs/Apps/Mobile/Model/CategoryModel.class.php 第 14 行.
NOTIC: [8] Undefined index: is_jump /data/home/bxu2348000122/htdocs/Apps/Mobile/Model/CategoryModel.class.php 第 14 行.
NOTIC: [8] Undefined index: is_jump /data/home/bxu2348000122/htdocs/Apps/Mobile/Model/CategoryModel.class.php 第 14 行.
NOTIC: [8] Undefined index: is_jump /data/home/bxu2348000122/htdocs/Apps/Mobile/Model/CategoryModel.class.php 第 14 行.
NOTIC: [8] Undefined index: is_jump /data/home/bxu2348000122/htdocs/Apps/Mobile/Model/CategoryModel.class.php 第 14 行.
NOTIC: [8] Undefined index: is_jump /data/home/bxu2348000122/htdocs/Apps/Mobile/Model/CategoryModel.class.php 第 14 行.
NOTIC: [8] Undefined index: is_jump /data/home/bxu2348000122/htdocs/Apps/Mobile/Model/CategoryModel.class.php 第 14 行.
NOTIC: [8] Undefined index: is_jump /data/home/bxu2348000122/htdocs/Apps/Mobile/Model/CategoryModel.class.php 第 14 行.
NOTIC: [8] Undefined index: is_jump /data/home/bxu2348000122/htdocs/Apps/Mobile/Model/CategoryModel.class.php 第 14 行.
NOTIC: [8] Undefined index: is_jump /data/home/bxu2348000122/htdocs/Apps/Mobile/Model/CategoryModel.class.php 第 14 行.
NOTIC: [8] Undefined index: is_jump /data/home/bxu2348000122/htdocs/Apps/Mobile/Model/CategoryModel.class.php 第 14 行.
NOTIC: [8] Undefined index: is_jump /data/home/bxu2348000122/htdocs/Apps/Mobile/Model/CategoryModel.class.php 第 14 行.
NOTIC: [8] Undefined index: is_jump /data/home/bxu2348000122/htdocs/Apps/Mobile/Model/CategoryModel.class.php 第 14 行.
NOTIC: [8] Undefined index: is_jump /data/home/bxu2348000122/htdocs/Apps/Mobile/Model/CategoryModel.class.php 第 14 行.
NOTIC: [8] Undefined index: is_jump /data/home/bxu2348000122/htdocs/Apps/Mobile/Model/CategoryModel.class.php 第 14 行.
NOTIC: [8] Undefined index: is_jump /data/home/bxu2348000122/htdocs/Apps/Mobile/Model/CategoryModel.class.php 第 14 行.
NOTIC: [8] Undefined index: is_jump /data/home/bxu2348000122/htdocs/Apps/Mobile/Model/CategoryModel.class.php 第 14 行.
NOTIC: [8] Undefined index: is_jump /data/home/bxu2348000122/htdocs/Apps/Mobile/Model/CategoryModel.class.php 第 14 行.
NOTIC: [8] Undefined index: is_jump /data/home/bxu2348000122/htdocs/Apps/Mobile/Model/CategoryModel.class.php 第 14 行.
NOTIC: [8] Undefined index: is_jump /data/home/bxu2348000122/htdocs/Apps/Mobile/Model/CategoryModel.class.php 第 14 行.
NOTIC: [8] Undefined index: is_jump /data/home/bxu2348000122/htdocs/Apps/Mobile/Model/CategoryModel.class.php 第 14 行.
NOTIC: [8] Undefined index: is_jump /data/home/bxu2348000122/htdocs/Apps/Mobile/Model/CategoryModel.class.php 第 14 行.
NOTIC: [8] Undefined index: is_jump /data/home/bxu2348000122/htdocs/Apps/Mobile/Model/CategoryModel.class.php 第 14 行.
NOTIC: [8] Undefined index: is_jump /data/home/bxu2348000122/htdocs/Apps/Mobile/Model/CategoryModel.class.php 第 14 行.
NOTIC: [8] Undefined index: is_jump /data/home/bxu2348000122/htdocs/Apps/Mobile/Model/CategoryModel.class.php 第 14 行.
NOTIC: [8] Undefined index: is_jump /data/home/bxu2348000122/htdocs/Apps/Mobile/Model/CategoryModel.class.php 第 14 行.
NOTIC: [8] Undefined index: is_jump /data/home/bxu2348000122/htdocs/Apps/Mobile/Model/CategoryModel.class.php 第 14 行.
NOTIC: [8] Undefined index: is_jump /data/home/bxu2348000122/htdocs/Apps/Mobile/Model/CategoryModel.class.php 第 14 行.
NOTIC: [8] Undefined index: is_jump /data/home/bxu2348000122/htdocs/Apps/Mobile/Model/CategoryModel.class.php 第 14 行.
NOTIC: [8] Undefined index: is_jump /data/home/bxu2348000122/htdocs/Apps/Mobile/Model/CategoryModel.class.php 第 14 行.
NOTIC: [8] Undefined index: is_jump /data/home/bxu2348000122/htdocs/Apps/Mobile/Model/CategoryModel.class.php 第 14 行.
NOTIC: [8] Undefined index: is_jump /data/home/bxu2348000122/htdocs/Apps/Mobile/Model/CategoryModel.class.php 第 14 行.
NOTIC: [8] Undefined index: is_jump /data/home/bxu2348000122/htdocs/Apps/Mobile/Model/CategoryModel.class.php 第 14 行.
NOTIC: [8] Undefined index: is_jump /data/home/bxu2348000122/htdocs/Apps/Mobile/Model/CategoryModel.class.php 第 14 行.
NOTIC: [8] Undefined index: is_jump /data/home/bxu2348000122/htdocs/Apps/Mobile/Model/CategoryModel.class.php 第 14 行.
NOTIC: [8] Undefined index: is_jump /data/home/bxu2348000122/htdocs/Apps/Mobile/Model/CategoryModel.class.php 第 14 行.
NOTIC: [8] Undefined index: is_jump /data/home/bxu2348000122/htdocs/Apps/Mobile/Model/CategoryModel.class.php 第 14 行.
NOTIC: [8] Undefined index: is_jump /data/home/bxu2348000122/htdocs/Apps/Mobile/Model/CategoryModel.class.php 第 14 行.
NOTIC: [8] Undefined index: is_jump /data/home/bxu2348000122/htdocs/Apps/Mobile/Model/CategoryModel.class.php 第 14 行.
NOTIC: [8] Undefined index: is_jump /data/home/bxu2348000122/htdocs/Apps/Mobile/Model/CategoryModel.class.php 第 14 行.
NOTIC: [8] Undefined index: is_jump /data/home/bxu2348000122/htdocs/Apps/Mobile/Model/CategoryModel.class.php 第 14 行.
NOTIC: [8] Undefined index: is_jump /data/home/bxu2348000122/htdocs/Apps/Mobile/Model/CategoryModel.class.php 第 14 行.
NOTIC: [8] Undefined index: is_jump /data/home/bxu2348000122/htdocs/Apps/Mobile/Model/CategoryModel.class.php 第 14 行.
NOTIC: [8] Undefined index: is_jump /data/home/bxu2348000122/htdocs/Apps/Mobile/Model/CategoryModel.class.php 第 14 行.
NOTIC: [8] Undefined index: is_jump /data/home/bxu2348000122/htdocs/Apps/Mobile/Model/CategoryModel.class.php 第 14 行.
NOTIC: [8] Undefined index: is_jump /data/home/bxu2348000122/htdocs/Apps/Mobile/Model/CategoryModel.class.php 第 14 行.
NOTIC: [8] Undefined index: is_jump /data/home/bxu2348000122/htdocs/Apps/Mobile/Model/CategoryModel.class.php 第 14 行.
NOTIC: [8] Undefined index: is_jump /data/home/bxu2348000122/htdocs/Apps/Mobile/Model/CategoryModel.class.php 第 14 行.
NOTIC: [8] Undefined index: is_jump /data/home/bxu2348000122/htdocs/Apps/Mobile/Model/CategoryModel.class.php 第 14 行.
NOTIC: [8] Undefined index: is_jump /data/home/bxu2348000122/htdocs/Apps/Mobile/Model/CategoryModel.class.php 第 14 行.
NOTIC: [8] Undefined index: is_jump /data/home/bxu2348000122/htdocs/Apps/Mobile/Model/CategoryModel.class.php 第 14 行.
SQL: SHOW COLUMNS FROM `yunzhan_category` [ RunTime:0.0015s ]
SQL: SELECT * FROM `yunzhan_category` WHERE `pid` = 0 AND `display` = 1 AND `nav_display` = 1  [ RunTime:0.0011s ]
NOTIC: [8] Undefined offset: 0 /data/home/bxu2348000122/htdocs/Apps/Mobile/Controller/IndexController.class.php 第 23 行.
NOTIC: [8] Undefined offset: 0 /data/home/bxu2348000122/htdocs/Apps/Mobile/Controller/IndexController.class.php 第 23 行.
NOTIC: [8] Undefined index:  /data/home/bxu2348000122/htdocs/Apps/Mobile/Controller/IndexController.class.php 第 23 行.
NOTIC: [8] Undefined offset: 0 /data/home/bxu2348000122/htdocs/Apps/Mobile/Controller/IndexController.class.php 第 23 行.
NOTIC: [8] Undefined offset: 0 /data/home/bxu2348000122/htdocs/Apps/Mobile/Controller/IndexController.class.php 第 23 行.
NOTIC: [8] Undefined index:  /data/home/bxu2348000122/htdocs/Apps/Mobile/Controller/IndexController.class.php 第 23 行.
NOTIC: [8] Undefined offset: 0 /data/home/bxu2348000122/htdocs/Apps/Mobile/Controller/IndexController.class.php 第 23 行.
NOTIC: [8] Undefined offset: 0 /data/home/bxu2348000122/htdocs/Apps/Mobile/Controller/IndexController.class.php 第 23 行.
NOTIC: [8] Undefined index:  /data/home/bxu2348000122/htdocs/Apps/Mobile/Controller/IndexController.class.php 第 23 行.
NOTIC: [8] Undefined offset: 0 /data/home/bxu2348000122/htdocs/Apps/Mobile/Controller/IndexController.class.php 第 23 行.
NOTIC: [8] Undefined offset: 0 /data/home/bxu2348000122/htdocs/Apps/Mobile/Controller/IndexController.class.php 第 23 行.
NOTIC: [8] Undefined index:  /data/home/bxu2348000122/htdocs/Apps/Mobile/Controller/IndexController.class.php 第 23 行.
NOTIC: [8] Undefined offset: 0 /data/home/bxu2348000122/htdocs/Apps/Mobile/Controller/IndexController.class.php 第 23 行.
NOTIC: [8] Undefined offset: 0 /data/home/bxu2348000122/htdocs/Apps/Mobile/Controller/IndexController.class.php 第 23 行.
NOTIC: [8] Undefined index:  /data/home/bxu2348000122/htdocs/Apps/Mobile/Controller/IndexController.class.php 第 23 行.
NOTIC: [8] Undefined offset: 0 /data/home/bxu2348000122/htdocs/Apps/Mobile/Controller/IndexController.class.php 第 23 行.
NOTIC: [8] Undefined offset: 0 /data/home/bxu2348000122/htdocs/Apps/Mobile/Controller/IndexController.class.php 第 23 行.
NOTIC: [8] Undefined index:  /data/home/bxu2348000122/htdocs/Apps/Mobile/Controller/IndexController.class.php 第 23 行.
NOTIC: [8] Undefined offset: 0 /data/home/bxu2348000122/htdocs/Apps/Mobile/Controller/IndexController.class.php 第 23 行.
NOTIC: [8] Undefined offset: 0 /data/home/bxu2348000122/htdocs/Apps/Mobile/Controller/IndexController.class.php 第 23 行.
NOTIC: [8] Undefined index:  /data/home/bxu2348000122/htdocs/Apps/Mobile/Controller/IndexController.class.php 第 23 行.
NOTIC: [8] Undefined offset: 0 /data/home/bxu2348000122/htdocs/Apps/Mobile/Controller/IndexController.class.php 第 23 行.
NOTIC: [8] Undefined offset: 0 /data/home/bxu2348000122/htdocs/Apps/Mobile/Controller/IndexController.class.php 第 23 行.
NOTIC: [8] Undefined index:  /data/home/bxu2348000122/htdocs/Apps/Mobile/Controller/IndexController.class.php 第 23 行.
NOTIC: [8] Undefined offset: 0 /data/home/bxu2348000122/htdocs/Apps/Mobile/Controller/IndexController.class.php 第 23 行.
NOTIC: [8] Undefined offset: 0 /data/home/bxu2348000122/htdocs/Apps/Mobile/Controller/IndexController.class.php 第 23 行.
NOTIC: [8] Undefined index:  /data/home/bxu2348000122/htdocs/Apps/Mobile/Controller/IndexController.class.php 第 23 行.
NOTIC: [8] Undefined offset: 0 /data/home/bxu2348000122/htdocs/Apps/Mobile/Controller/IndexController.class.php 第 23 行.
NOTIC: [8] Undefined offset: 0 /data/home/bxu2348000122/htdocs/Apps/Mobile/Controller/IndexController.class.php 第 23 行.
NOTIC: [8] Undefined index:  /data/home/bxu2348000122/htdocs/Apps/Mobile/Controller/IndexController.class.php 第 23 行.
SQL: SELECT * FROM `yunzhan_category` LIMIT 1   [ RunTime:0.0014s ]
SQL: SELECT * FROM `yunzhan_config` WHERE `id` = 1 LIMIT 1   [ RunTime:0.0011s ]
SQL: SELECT * FROM `yunzhan_service` WHERE `catid` = 1  [ RunTime:0.0041s ]
SQL: SELECT * FROM `yunzhan_article` WHERE `catid` = 2  [ RunTime:0.0018s ]
SQL: SELECT * FROM `yunzhan_ads` WHERE `catid` = 1 AND `startdate` <= 1494204668 AND `enddate` >= 1494204668 ORDER BY sort desc, id asc LIMIT 1   [ RunTime:0.0012s ]
SQL: SELECT * FROM `yunzhan_ads` WHERE `catid` = 2 AND `startdate` <= 1494204668 AND `enddate` >= 1494204668 ORDER BY sort desc, id asc  [ RunTime:0.0015s ]
SQL: SELECT * FROM `yunzhan_category` WHERE `pid` = 6 AND `display` = 1  [ RunTime:0.0012s ]
SQL: SELECT * FROM `yunzhan_article` WHERE `is_recom` = 1 AND `status` = 1 AND `catid` IN ('44','45','46','6','') ORDER BY sort asc,id desc LIMIT 4   [ RunTime:0.0015s ]
INFO: [ view_parse ] --START--
INFO: [ template_filter ] --START--
INFO: Run Behavior\ContentReplaceBehavior [ RunTime:0.000092s ]
INFO: [ template_filter ] --END-- [ RunTime:0.000171s ]
NOTIC: [8] Undefined index: alt /data/home/bxu2348000122/htdocs/Apps/Runtime/Cache/Mobile/cfca91beb49811c39e2bad25e2e139a4.php 第 66 行.
NOTIC: [8] Undefined index: alt /data/home/bxu2348000122/htdocs/Apps/Runtime/Cache/Mobile/cfca91beb49811c39e2bad25e2e139a4.php 第 66 行.
NOTIC: [8] Undefined index: alt /data/home/bxu2348000122/htdocs/Apps/Runtime/Cache/Mobile/cfca91beb49811c39e2bad25e2e139a4.php 第 66 行.
NOTIC: [8] Undefined index: alt /data/home/bxu2348000122/htdocs/Apps/Runtime/Cache/Mobile/cfca91beb49811c39e2bad25e2e139a4.php 第 66 行.
SQL: SELECT * FROM `yunzhan_category` WHERE `pid` = 47 AND `display` = 1  [ RunTime:0.0012s ]
SQL: SELECT * FROM `yunzhan_category` WHERE `pid` = 4 AND `display` = 1  [ RunTime:0.0013s ]
SQL: SELECT * FROM `yunzhan_category` WHERE `pid` = 5 AND `display` = 1  [ RunTime:0.0011s ]
INFO: Run Behavior\ParseTemplateBehavior [ RunTime:0.023187s ]
INFO: [ view_parse ] --END-- [ RunTime:0.023245s ]
INFO: [ view_filter ] --START--
INFO: Run Behavior\WriteHtmlCacheBehavior [ RunTime:0.000722s ]
INFO: [ view_filter ] --END-- [ RunTime:0.000768s ]
INFO: [ app_end ] --START--
INFO: Run Behavior\ShowPageTraceBehavior [ RunTime:0.000408s ]
INFO: [ app_end ] --END-- [ RunTime:0.000461s ]

