[ 2017-05-07T12:21:42+08:00 ] 66.249.75.17 /mobile/index.html
INFO: [ app_init ] --START--
INFO: Run Behavior\BuildLiteBehavior [ RunTime:0.000022s ]
INFO: [ app_init ] --END-- [ RunTime:0.000370s ]
INFO: [ app_begin ] --START--
INFO: Run Behavior\ReadHtmlCacheBehavior [ RunTime:0.000418s ]
INFO: [ app_begin ] --END-- [ RunTime:0.000476s ]
SQL: SHOW COLUMNS FROM `yunzhan_stats` [ RunTime:0.0017s ]
SQL: DELETE FROM `yunzhan_stats` WHERE ( access_time < 1970-01-01 ) [ RunTime:0.0011s ]
SQL: SHOW COLUMNS FROM `yunzhan_category` [ RunTime:0.0015s ]
SQL: SHOW COLUMNS FROM `yunzhan_config` [ RunTime:0.0014s ]
SQL: SHOW COLUMNS FROM `yunzhan_case` [ RunTime:0.0015s ]
SQL: SHOW COLUMNS FROM `yunzhan_ads` [ RunTime:0.0014s ]
SQL: SHOW COLUMNS FROM `yunzhan_article` [ RunTime:0.0015s ]
SQL: SHOW COLUMNS FROM `yunzhan_links` [ RunTime:0.0015s ]
SQL: SHOW COLUMNS FROM `yunzhan_service` [ RunTime:0.0015s ]
SQL: SELECT * FROM `yunzhan_category` WHERE ( 1=1 ) ORDER BY sort asc, id asc  [ RunTime:0.0017s ]
NOTIC: [8] Undefined index: is_jump /data/home/bxu2348000122/htdocs/Apps/Mobile/Model/CategoryModel.class.php 第 14 行.
NOTIC: [8] Undefined index: is_jump /data/home/bxu2348000122/htdocs/Apps/Mobile/Model/CategoryModel.class.php 第 14 行.
NOTIC: [8] Undefined index: is_jump /data/home/bxu2348000122/htdocs/Apps/Mobile/Model/CategoryModel.class.php 第 14 行.
NOTIC: [8] Undefined index: is_jump /data/home/bxu2348000122/htdocs/Apps/Mobile/Model/CategoryModel.class.php 第 14 行.
NOTIC: [8] Undefined index: is_jump /data/home/bxu2348000122/htdocs/Apps/Mobile/Model/CategoryModel.class.php 第 14 行.
NOTIC: [8] Undefined index: is_jump /data/home/bxu2348000122/htdocs/Apps/Mobile/Model/CategoryModel.class.php 第 14 行.
NOTIC: [8] Undefined index: is_jump /data/home/bxu2348000122/htdocs/Apps/Mobile/Model/CategoryModel.class.php 第 14 行.
NOTIC: [8] Undefined index: is_jump /data/home/bxu2348000122/htdocs/Apps/Mobile/Model/CategoryModel.class.php 第 14 行.
NOTIC: [8] Undefined index: is_jump /data/home/bxu2348000122/htdocs/Apps/Mobile/Model/CategoryModel.class.php 第 14 行.
NOTIC: [8] Undefined index: is_jump /data/home/bxu2348000122/htdocs/Apps/Mobile/Model/CategoryModel.class.php 第 14 行.
NOTIC: [8] Undefined index: is_jump /data/home/bxu2348000122/htdocs/Apps/Mobile/Model/CategoryModel.class.php 第 14 行.
NOTIC: [8] Undefined index: is_jump /data/home/bxu2348000122/htdocs/Apps/Mobile/Model/CategoryModel.class.php 第 14 行.
NOTIC: [8] Undefined index: is_jump /data/home/bxu2348000122/htdocs/Apps/Mobile/Model/CategoryModel.class.php 第 14 行.
NOTIC: [8] Undefined index: is_jump /data/home/bxu2348000122/htdocs/Apps/Mobile/Model/CategoryModel.class.php 第 14 行.
NOTIC: [8] Undefined index: is_jump /data/home/bxu2348000122/htdocs/Apps/Mobile/Model/CategoryModel.class.php 第 14 行.
NOTIC: [8] Undefined index: is_jump /data/home/bxu2348000122/htdocs/Apps/Mobile/Model/CategoryModel.class.php 第 14 行.
NOTIC: [8] Undefined index: is_jump /data/home/bxu2348000122/htdocs/Apps/Mobile/Model/CategoryModel.class.php 第 14 行.
NOTIC: [8] Undefined index: is_jump /data/home/bxu2348000122/htdocs/Apps/Mobile/Model/CategoryModel.class.php 第 14 行.
NOTIC: [8] Undefined index: is_jump /data/home/bxu2348000122/htdocs/Apps/Mobile/Model/CategoryModel.class.php 第 14 行.
NOTIC: [8] Undefined index: is_jump /data/home/bxu2348000122/htdocs/Apps/Mobile/Model/CategoryModel.class.php 第 14 行.
NOTIC: [8] Undefined index: is_jump /data/home/bxu2348000122/htdocs/Apps/Mobile/Model/CategoryModel.class.php 第 14 行.
NOTIC: [8] Undefined index: is_jump /data/home/bxu2348000122/htdocs/Apps/Mobile/Model/CategoryModel.class.php 第 14 行.
NOTIC: [8] Undefined index: is_jump /data/home/bxu2348000122/htdocs/Apps/Mobile/Model/CategoryModel.class.php 第 14 行.
NOTIC: [8] Undefined index: is_jump /data/home/bxu2348000122/htdocs/Apps/Mobile/Model/CategoryModel.class.php 第 14 行.
NOTIC: [8] Undefined index: is_jump /data/home/bxu2348000122/htdocs/Apps/Mobile/Model/CategoryModel.class.php 第 14 行.
NOTIC: [8] Undefined index: is_jump /data/home/bxu2348000122/htdocs/Apps/Mobile/Model/CategoryModel.class.php 第 14 行.
NOTIC: [8] Undefined index: is_jump /data/home/bxu2348000122/htdocs/Apps/Mobile/Model/CategoryModel.class.php 第 14 行.
NOTIC: [8] Undefined index: is_jump /data/home/bxu2348000122/htdocs/Apps/Mobile/Model/CategoryModel.class.php 第 14 行.
NOTIC: [8] Undefined index: is_jump /data/home/bxu2348000122/htdocs/Apps/Mobile/Model/CategoryModel.class.php 第 14 行.
NOTIC: [8] Undefined index: is_jump /data/home/bxu2348000122/htdocs/Apps/Mobile/Model/CategoryModel.class.php 第 14 行.
NOTIC: [8] Undefined index: is_jump /data/home/bxu2348000122/htdocs/Apps/Mobile/Model/CategoryModel.class.php 第 14 行.
NOTIC: [8] Undefined index: is_jump /data/home/bxu2348000122/htdocs/Apps/Mobile/Model/CategoryModel.class.php 第 14 行.
NOTIC: [8] Undefined index: is_jump /data/home/bxu2348000122/htdocs/Apps/Mobile/Model/CategoryModel.class.php 第 14 行.
NOTIC: [8] Undefined index: is_jump /data/home/bxu2348000122/htdocs/Apps/Mobile/Model/CategoryModel.class.php 第 14 行.
NOTIC: [8] Undefined index: is_jump /data/home/bxu2348000122/htdocs/Apps/Mobile/Model/CategoryModel.class.php 第 14 行.
NOTIC: [8] Undefined index: is_jump /data/home/bxu2348000122/htdocs/Apps/Mobile/Model/CategoryModel.class.php 第 14 行.
NOTIC: [8] Undefined index: is_jump /data/home/bxu2348000122/htdocs/Apps/Mobile/Model/CategoryModel.class.php 第 14 行.
NOTIC: [8] Undefined index: is_jump /data/home/bxu2348000122/htdocs/Apps/Mobile/Model/CategoryModel.class.php 第 14 行.
NOTIC: [8] Undefined index: is_jump /data/home/bxu2348000122/htdocs/Apps/Mobile/Model/CategoryModel.class.php 第 14 行.
NOTIC: [8] Undefined index: is_jump /data/home/bxu2348000122/htdocs/Apps/Mobile/Model/CategoryModel.class.php 第 14 行.
NOTIC: [8] Undefined index: is_jump /data/home/bxu2348000122/htdocs/Apps/Mobile/Model/CategoryModel.class.php 第 14 行.
NOTIC: [8] Undefined index: is_jump /data/home/bxu2348000122/htdocs/Apps/Mobile/Model/CategoryModel.class.php 第 14 行.
NOTIC: [8] Undefined index: is_jump /data/home/bxu2348000122/htdocs/Apps/Mobile/Model/CategoryModel.class.php 第 14 行.
NOTIC: [8] Undefined index: is_jump /data/home/bxu2348000122/htdocs/Apps/Mobile/Model/CategoryModel.class.php 第 14 行.
NOTIC: [8] Undefined index: is_jump /data/home/bxu2348000122/htdocs/Apps/Mobile/Model/CategoryModel.class.php 第 14 行.
NOTIC: [8] Undefined index: is_jump /data/home/bxu2348000122/htdocs/Apps/Mobile/Model/CategoryModel.class.php 第 14 行.
NOTIC: [8] Undefined index: is_jump /data/home/bxu2348000122/htdocs/Apps/Mobile/Model/CategoryModel.class.php 第 14 行.
NOTIC: [8] Undefined index: is_jump /data/home/bxu2348000122/htdocs/Apps/Mobile/Model/CategoryModel.class.php 第 14 行.
NOTIC: [8] Undefined index: is_jump /data/home/bxu2348000122/htdocs/Apps/Mobile/Model/CategoryModel.class.php 第 14 行.
NOTIC: [8] Undefined index: is_jump /data/home/bxu2348000122/htdocs/Apps/Mobile/Model/CategoryModel.class.php 第 14 行.
NOTIC: [8] Undefined index: is_jump /data/home/bxu2348000122/htdocs/Apps/Mobile/Model/CategoryModel.class.php 第 14 行.
SQL: SHOW COLUMNS FROM `yunzhan_category` [ RunTime:0.0015s ]
SQL: SELECT * FROM `yunzhan_category` WHERE `pid` = 0 AND `display` = 1 AND `nav_display` = 1  [ RunTime:0.0013s ]
NOTIC: [8] Undefined offset: 0 /data/home/bxu2348000122/htdocs/Apps/Mobile/Controller/IndexController.class.php 第 23 行.
NOTIC: [8] Undefined offset: 0 /data/home/bxu2348000122/htdocs/Apps/Mobile/Controller/IndexController.class.php 第 23 行.
NOTIC: [8] Undefined index:  /data/home/bxu2348000122/htdocs/Apps/Mobile/Controller/IndexController.class.php 第 23 行.
NOTIC: [8] Undefined offset: 0 /data/home/bxu2348000122/htdocs/Apps/Mobile/Controller/IndexController.class.php 第 23 行.
NOTIC: [8] Undefined offset: 0 /data/home/bxu2348000122/htdocs/Apps/Mobile/Controller/IndexController.class.php 第 23 行.
NOTIC: [8] Undefined index:  /data/home/bxu2348000122/htdocs/Apps/Mobile/Controller/IndexController.class.php 第 23 行.
NOTIC: [8] Undefined offset: 0 /data/home/bxu2348000122/htdocs/Apps/Mobile/Controller/IndexController.class.php 第 23 行.
NOTIC: [8] Undefined offset: 0 /data/home/bxu2348000122/htdocs/Apps/Mobile/Controller/IndexController.class.php 第 23 行.
NOTIC: [8] Undefined index:  /data/home/bxu2348000122/htdocs/Apps/Mobile/Controller/IndexController.class.php 第 23 行.
NOTIC: [8] Undefined offset: 0 /data/home/bxu2348000122/htdocs/Apps/Mobile/Controller/IndexController.class.php 第 23 行.
NOTIC: [8] Undefined offset: 0 /data/home/bxu2348000122/htdocs/Apps/Mobile/Controller/IndexController.class.php 第 23 行.
NOTIC: [8] Undefined index:  /data/home/bxu2348000122/htdocs/Apps/Mobile/Controller/IndexController.class.php 第 23 行.
NOTIC: [8] Undefined offset: 0 /data/home/bxu2348000122/htdocs/Apps/Mobile/Controller/IndexController.class.php 第 23 行.
NOTIC: [8] Undefined offset: 0 /data/home/bxu2348000122/htdocs/Apps/Mobile/Controller/IndexController.class.php 第 23 行.
NOTIC: [8] Undefined index:  /data/home/bxu2348000122/htdocs/Apps/Mobile/Controller/IndexController.class.php 第 23 行.
NOTIC: [8] Undefined offset: 0 /data/home/bxu2348000122/htdocs/Apps/Mobile/Controller/IndexController.class.php 第 23 行.
NOTIC: [8] Undefined offset: 0 /data/home/bxu2348000122/htdocs/Apps/Mobile/Controller/IndexController.class.php 第 23 行.
NOTIC: [8] Undefined index:  /data/home/bxu2348000122/htdocs/Apps/Mobile/Controller/IndexController.class.php 第 23 行.
NOTIC: [8] Undefined offset: 0 /data/home/bxu2348000122/htdocs/Apps/Mobile/Controller/IndexController.class.php 第 23 行.
NOTIC: [8] Undefined offset: 0 /data/home/bxu2348000122/htdocs/Apps/Mobile/Controller/IndexController.class.php 第 23 行.
NOTIC: [8] Undefined index:  /data/home/bxu2348000122/htdocs/Apps/Mobile/Controller/IndexController.class.php 第 23 行.
NOTIC: [8] Undefined offset: 0 /data/home/bxu2348000122/htdocs/Apps/Mobile/Controller/IndexController.class.php 第 23 行.
NOTIC: [8] Undefined offset: 0 /data/home/bxu2348000122/htdocs/Apps/Mobile/Controller/IndexController.class.php 第 23 行.
NOTIC: [8] Undefined index:  /data/home/bxu2348000122/htdocs/Apps/Mobile/Controller/IndexController.class.php 第 23 行.
NOTIC: [8] Undefined offset: 0 /data/home/bxu2348000122/htdocs/Apps/Mobile/Controller/IndexController.class.php 第 23 行.
NOTIC: [8] Undefined offset: 0 /data/home/bxu2348000122/htdocs/Apps/Mobile/Controller/IndexController.class.php 第 23 行.
NOTIC: [8] Undefined index:  /data/home/bxu2348000122/htdocs/Apps/Mobile/Controller/IndexController.class.php 第 23 行.
NOTIC: [8] Undefined offset: 0 /data/home/bxu2348000122/htdocs/Apps/Mobile/Controller/IndexController.class.php 第 23 行.
NOTIC: [8] Undefined offset: 0 /data/home/bxu2348000122/htdocs/Apps/Mobile/Controller/IndexController.class.php 第 23 行.
NOTIC: [8] Undefined index:  /data/home/bxu2348000122/htdocs/Apps/Mobile/Controller/IndexController.class.php 第 23 行.
SQL: SELECT * FROM `yunzhan_category` LIMIT 1   [ RunTime:0.0014s ]
SQL: SELECT * FROM `yunzhan_config` WHERE `id` = 1 LIMIT 1   [ RunTime:0.0012s ]
SQL: SELECT * FROM `yunzhan_service` WHERE `catid` = 1  [ RunTime:0.0040s ]
SQL: SELECT * FROM `yunzhan_article` WHERE `catid` = 2  [ RunTime:0.0019s ]
SQL: SELECT * FROM `yunzhan_ads` WHERE `catid` = 1 AND `startdate` <= 1494130902 AND `enddate` >= 1494130902 ORDER BY sort desc, id asc LIMIT 1   [ RunTime:0.0013s ]
SQL: SELECT * FROM `yunzhan_ads` WHERE `catid` = 2 AND `startdate` <= 1494130902 AND `enddate` >= 1494130902 ORDER BY sort desc, id asc  [ RunTime:0.0013s ]
SQL: SELECT * FROM `yunzhan_category` WHERE `pid` = 6 AND `display` = 1  [ RunTime:0.0013s ]
SQL: SELECT * FROM `yunzhan_article` WHERE `is_recom` = 1 AND `status` = 1 AND `catid` IN ('44','45','46','6','') ORDER BY sort asc,id desc LIMIT 4   [ RunTime:0.0016s ]
INFO: [ view_parse ] --START--
INFO: [ template_filter ] --START--
INFO: Run Behavior\ContentReplaceBehavior [ RunTime:0.000085s ]
INFO: [ template_filter ] --END-- [ RunTime:0.000145s ]
NOTIC: [8] Undefined index: alt /data/home/bxu2348000122/htdocs/Apps/Runtime/Cache/Mobile/cfca91beb49811c39e2bad25e2e139a4.php 第 66 行.
NOTIC: [8] Undefined index: alt /data/home/bxu2348000122/htdocs/Apps/Runtime/Cache/Mobile/cfca91beb49811c39e2bad25e2e139a4.php 第 66 行.
NOTIC: [8] Undefined index: alt /data/home/bxu2348000122/htdocs/Apps/Runtime/Cache/Mobile/cfca91beb49811c39e2bad25e2e139a4.php 第 66 行.
NOTIC: [8] Undefined index: alt /data/home/bxu2348000122/htdocs/Apps/Runtime/Cache/Mobile/cfca91beb49811c39e2bad25e2e139a4.php 第 66 行.
SQL: SELECT * FROM `yunzhan_category` WHERE `pid` = 47 AND `display` = 1  [ RunTime:0.0014s ]
SQL: SELECT * FROM `yunzhan_category` WHERE `pid` = 4 AND `display` = 1  [ RunTime:0.0013s ]
SQL: SELECT * FROM `yunzhan_category` WHERE `pid` = 5 AND `display` = 1  [ RunTime:0.0012s ]
INFO: Run Behavior\ParseTemplateBehavior [ RunTime:0.020996s ]
INFO: [ view_parse ] --END-- [ RunTime:0.021061s ]
INFO: [ view_filter ] --START--
INFO: Run Behavior\WriteHtmlCacheBehavior [ RunTime:0.000229s ]
INFO: [ view_filter ] --END-- [ RunTime:0.000271s ]
INFO: [ app_end ] --START--
INFO: Run Behavior\ShowPageTraceBehavior [ RunTime:0.000437s ]
INFO: [ app_end ] --END-- [ RunTime:0.000490s ]

[ 2017-05-07T18:44:55+08:00 ] 66.249.75.23 /mobile/index.html
INFO: [ app_init ] --START--
INFO: Run Behavior\BuildLiteBehavior [ RunTime:0.000016s ]
INFO: [ app_init ] --END-- [ RunTime:0.000361s ]
INFO: [ app_begin ] --START--
INFO: Run Behavior\ReadHtmlCacheBehavior [ RunTime:0.000459s ]
INFO: [ app_begin ] --END-- [ RunTime:0.000518s ]
SQL: SHOW COLUMNS FROM `yunzhan_stats` [ RunTime:0.0020s ]
SQL: DELETE FROM `yunzhan_stats` WHERE ( access_time < 1970-01-01 ) [ RunTime:0.0015s ]
SQL: SHOW COLUMNS FROM `yunzhan_category` [ RunTime:0.0019s ]
SQL: SHOW COLUMNS FROM `yunzhan_config` [ RunTime:0.0017s ]
SQL: SHOW COLUMNS FROM `yunzhan_case` [ RunTime:0.0017s ]
SQL: SHOW COLUMNS FROM `yunzhan_ads` [ RunTime:0.0018s ]
SQL: SHOW COLUMNS FROM `yunzhan_article` [ RunTime:0.0018s ]
SQL: SHOW COLUMNS FROM `yunzhan_links` [ RunTime:0.0018s ]
SQL: SHOW COLUMNS FROM `yunzhan_service` [ RunTime:0.0018s ]
SQL: SELECT * FROM `yunzhan_category` WHERE ( 1=1 ) ORDER BY sort asc, id asc  [ RunTime:0.0021s ]
NOTIC: [8] Undefined index: is_jump /data/home/bxu2348000122/htdocs/Apps/Mobile/Model/CategoryModel.class.php 第 14 行.
NOTIC: [8] Undefined index: is_jump /data/home/bxu2348000122/htdocs/Apps/Mobile/Model/CategoryModel.class.php 第 14 行.
NOTIC: [8] Undefined index: is_jump /data/home/bxu2348000122/htdocs/Apps/Mobile/Model/CategoryModel.class.php 第 14 行.
NOTIC: [8] Undefined index: is_jump /data/home/bxu2348000122/htdocs/Apps/Mobile/Model/CategoryModel.class.php 第 14 行.
NOTIC: [8] Undefined index: is_jump /data/home/bxu2348000122/htdocs/Apps/Mobile/Model/CategoryModel.class.php 第 14 行.
NOTIC: [8] Undefined index: is_jump /data/home/bxu2348000122/htdocs/Apps/Mobile/Model/CategoryModel.class.php 第 14 行.
NOTIC: [8] Undefined index: is_jump /data/home/bxu2348000122/htdocs/Apps/Mobile/Model/CategoryModel.class.php 第 14 行.
NOTIC: [8] Undefined index: is_jump /data/home/bxu2348000122/htdocs/Apps/Mobile/Model/CategoryModel.class.php 第 14 行.
NOTIC: [8] Undefined index: is_jump /data/home/bxu2348000122/htdocs/Apps/Mobile/Model/CategoryModel.class.php 第 14 行.
NOTIC: [8] Undefined index: is_jump /data/home/bxu2348000122/htdocs/Apps/Mobile/Model/CategoryModel.class.php 第 14 行.
NOTIC: [8] Undefined index: is_jump /data/home/bxu2348000122/htdocs/Apps/Mobile/Model/CategoryModel.class.php 第 14 行.
NOTIC: [8] Undefined index: is_jump /data/home/bxu2348000122/htdocs/Apps/Mobile/Model/CategoryModel.class.php 第 14 行.
NOTIC: [8] Undefined index: is_jump /data/home/bxu2348000122/htdocs/Apps/Mobile/Model/CategoryModel.class.php 第 14 行.
NOTIC: [8] Undefined index: is_jump /data/home/bxu2348000122/htdocs/Apps/Mobile/Model/CategoryModel.class.php 第 14 行.
NOTIC: [8] Undefined index: is_jump /data/home/bxu2348000122/htdocs/Apps/Mobile/Model/CategoryModel.class.php 第 14 行.
NOTIC: [8] Undefined index: is_jump /data/home/bxu2348000122/htdocs/Apps/Mobile/Model/CategoryModel.class.php 第 14 行.
NOTIC: [8] Undefined index: is_jump /data/home/bxu2348000122/htdocs/Apps/Mobile/Model/CategoryModel.class.php 第 14 行.
NOTIC: [8] Undefined index: is_jump /data/home/bxu2348000122/htdocs/Apps/Mobile/Model/CategoryModel.class.php 第 14 行.
NOTIC: [8] Undefined index: is_jump /data/home/bxu2348000122/htdocs/Apps/Mobile/Model/CategoryModel.class.php 第 14 行.
NOTIC: [8] Undefined index: is_jump /data/home/bxu2348000122/htdocs/Apps/Mobile/Model/CategoryModel.class.php 第 14 行.
NOTIC: [8] Undefined index: is_jump /data/home/bxu2348000122/htdocs/Apps/Mobile/Model/CategoryModel.class.php 第 14 行.
NOTIC: [8] Undefined index: is_jump /data/home/bxu2348000122/htdocs/Apps/Mobile/Model/CategoryModel.class.php 第 14 行.
NOTIC: [8] Undefined index: is_jump /data/home/bxu2348000122/htdocs/Apps/Mobile/Model/CategoryModel.class.php 第 14 行.
NOTIC: [8] Undefined index: is_jump /data/home/bxu2348000122/htdocs/Apps/Mobile/Model/CategoryModel.class.php 第 14 行.
NOTIC: [8] Undefined index: is_jump /data/home/bxu2348000122/htdocs/Apps/Mobile/Model/CategoryModel.class.php 第 14 行.
NOTIC: [8] Undefined index: is_jump /data/home/bxu2348000122/htdocs/Apps/Mobile/Model/CategoryModel.class.php 第 14 行.
NOTIC: [8] Undefined index: is_jump /data/home/bxu2348000122/htdocs/Apps/Mobile/Model/CategoryModel.class.php 第 14 行.
NOTIC: [8] Undefined index: is_jump /data/home/bxu2348000122/htdocs/Apps/Mobile/Model/CategoryModel.class.php 第 14 行.
NOTIC: [8] Undefined index: is_jump /data/home/bxu2348000122/htdocs/Apps/Mobile/Model/CategoryModel.class.php 第 14 行.
NOTIC: [8] Undefined index: is_jump /data/home/bxu2348000122/htdocs/Apps/Mobile/Model/CategoryModel.class.php 第 14 行.
NOTIC: [8] Undefined index: is_jump /data/home/bxu2348000122/htdocs/Apps/Mobile/Model/CategoryModel.class.php 第 14 行.
NOTIC: [8] Undefined index: is_jump /data/home/bxu2348000122/htdocs/Apps/Mobile/Model/CategoryModel.class.php 第 14 行.
NOTIC: [8] Undefined index: is_jump /data/home/bxu2348000122/htdocs/Apps/Mobile/Model/CategoryModel.class.php 第 14 行.
NOTIC: [8] Undefined index: is_jump /data/home/bxu2348000122/htdocs/Apps/Mobile/Model/CategoryModel.class.php 第 14 行.
NOTIC: [8] Undefined index: is_jump /data/home/bxu2348000122/htdocs/Apps/Mobile/Model/CategoryModel.class.php 第 14 行.
NOTIC: [8] Undefined index: is_jump /data/home/bxu2348000122/htdocs/Apps/Mobile/Model/CategoryModel.class.php 第 14 行.
NOTIC: [8] Undefined index: is_jump /data/home/bxu2348000122/htdocs/Apps/Mobile/Model/CategoryModel.class.php 第 14 行.
NOTIC: [8] Undefined index: is_jump /data/home/bxu2348000122/htdocs/Apps/Mobile/Model/CategoryModel.class.php 第 14 行.
NOTIC: [8] Undefined index: is_jump /data/home/bxu2348000122/htdocs/Apps/Mobile/Model/CategoryModel.class.php 第 14 行.
NOTIC: [8] Undefined index: is_jump /data/home/bxu2348000122/htdocs/Apps/Mobile/Model/CategoryModel.class.php 第 14 行.
NOTIC: [8] Undefined index: is_jump /data/home/bxu2348000122/htdocs/Apps/Mobile/Model/CategoryModel.class.php 第 14 行.
NOTIC: [8] Undefined index: is_jump /data/home/bxu2348000122/htdocs/Apps/Mobile/Model/CategoryModel.class.php 第 14 行.
NOTIC: [8] Undefined index: is_jump /data/home/bxu2348000122/htdocs/Apps/Mobile/Model/CategoryModel.class.php 第 14 行.
NOTIC: [8] Undefined index: is_jump /data/home/bxu2348000122/htdocs/Apps/Mobile/Model/CategoryModel.class.php 第 14 行.
NOTIC: [8] Undefined index: is_jump /data/home/bxu2348000122/htdocs/Apps/Mobile/Model/CategoryModel.class.php 第 14 行.
NOTIC: [8] Undefined index: is_jump /data/home/bxu2348000122/htdocs/Apps/Mobile/Model/CategoryModel.class.php 第 14 行.
NOTIC: [8] Undefined index: is_jump /data/home/bxu2348000122/htdocs/Apps/Mobile/Model/CategoryModel.class.php 第 14 行.
NOTIC: [8] Undefined index: is_jump /data/home/bxu2348000122/htdocs/Apps/Mobile/Model/CategoryModel.class.php 第 14 行.
NOTIC: [8] Undefined index: is_jump /data/home/bxu2348000122/htdocs/Apps/Mobile/Model/CategoryModel.class.php 第 14 行.
NOTIC: [8] Undefined index: is_jump /data/home/bxu2348000122/htdocs/Apps/Mobile/Model/CategoryModel.class.php 第 14 行.
NOTIC: [8] Undefined index: is_jump /data/home/bxu2348000122/htdocs/Apps/Mobile/Model/CategoryModel.class.php 第 14 行.
SQL: SHOW COLUMNS FROM `yunzhan_category` [ RunTime:0.0017s ]
SQL: SELECT * FROM `yunzhan_category` WHERE `pid` = 0 AND `display` = 1 AND `nav_display` = 1  [ RunTime:0.0016s ]
NOTIC: [8] Undefined offset: 0 /data/home/bxu2348000122/htdocs/Apps/Mobile/Controller/IndexController.class.php 第 23 行.
NOTIC: [8] Undefined offset: 0 /data/home/bxu2348000122/htdocs/Apps/Mobile/Controller/IndexController.class.php 第 23 行.
NOTIC: [8] Undefined index:  /data/home/bxu2348000122/htdocs/Apps/Mobile/Controller/IndexController.class.php 第 23 行.
NOTIC: [8] Undefined offset: 0 /data/home/bxu2348000122/htdocs/Apps/Mobile/Controller/IndexController.class.php 第 23 行.
NOTIC: [8] Undefined offset: 0 /data/home/bxu2348000122/htdocs/Apps/Mobile/Controller/IndexController.class.php 第 23 行.
NOTIC: [8] Undefined index:  /data/home/bxu2348000122/htdocs/Apps/Mobile/Controller/IndexController.class.php 第 23 行.
NOTIC: [8] Undefined offset: 0 /data/home/bxu2348000122/htdocs/Apps/Mobile/Controller/IndexController.class.php 第 23 行.
NOTIC: [8] Undefined offset: 0 /data/home/bxu2348000122/htdocs/Apps/Mobile/Controller/IndexController.class.php 第 23 行.
NOTIC: [8] Undefined index:  /data/home/bxu2348000122/htdocs/Apps/Mobile/Controller/IndexController.class.php 第 23 行.
NOTIC: [8] Undefined offset: 0 /data/home/bxu2348000122/htdocs/Apps/Mobile/Controller/IndexController.class.php 第 23 行.
NOTIC: [8] Undefined offset: 0 /data/home/bxu2348000122/htdocs/Apps/Mobile/Controller/IndexController.class.php 第 23 行.
NOTIC: [8] Undefined index:  /data/home/bxu2348000122/htdocs/Apps/Mobile/Controller/IndexController.class.php 第 23 行.
NOTIC: [8] Undefined offset: 0 /data/home/bxu2348000122/htdocs/Apps/Mobile/Controller/IndexController.class.php 第 23 行.
NOTIC: [8] Undefined offset: 0 /data/home/bxu2348000122/htdocs/Apps/Mobile/Controller/IndexController.class.php 第 23 行.
NOTIC: [8] Undefined index:  /data/home/bxu2348000122/htdocs/Apps/Mobile/Controller/IndexController.class.php 第 23 行.
NOTIC: [8] Undefined offset: 0 /data/home/bxu2348000122/htdocs/Apps/Mobile/Controller/IndexController.class.php 第 23 行.
NOTIC: [8] Undefined offset: 0 /data/home/bxu2348000122/htdocs/Apps/Mobile/Controller/IndexController.class.php 第 23 行.
NOTIC: [8] Undefined index:  /data/home/bxu2348000122/htdocs/Apps/Mobile/Controller/IndexController.class.php 第 23 行.
NOTIC: [8] Undefined offset: 0 /data/home/bxu2348000122/htdocs/Apps/Mobile/Controller/IndexController.class.php 第 23 行.
NOTIC: [8] Undefined offset: 0 /data/home/bxu2348000122/htdocs/Apps/Mobile/Controller/IndexController.class.php 第 23 行.
NOTIC: [8] Undefined index:  /data/home/bxu2348000122/htdocs/Apps/Mobile/Controller/IndexController.class.php 第 23 行.
NOTIC: [8] Undefined offset: 0 /data/home/bxu2348000122/htdocs/Apps/Mobile/Controller/IndexController.class.php 第 23 行.
NOTIC: [8] Undefined offset: 0 /data/home/bxu2348000122/htdocs/Apps/Mobile/Controller/IndexController.class.php 第 23 行.
NOTIC: [8] Undefined index:  /data/home/bxu2348000122/htdocs/Apps/Mobile/Controller/IndexController.class.php 第 23 行.
NOTIC: [8] Undefined offset: 0 /data/home/bxu2348000122/htdocs/Apps/Mobile/Controller/IndexController.class.php 第 23 行.
NOTIC: [8] Undefined offset: 0 /data/home/bxu2348000122/htdocs/Apps/Mobile/Controller/IndexController.class.php 第 23 行.
NOTIC: [8] Undefined index:  /data/home/bxu2348000122/htdocs/Apps/Mobile/Controller/IndexController.class.php 第 23 行.
NOTIC: [8] Undefined offset: 0 /data/home/bxu2348000122/htdocs/Apps/Mobile/Controller/IndexController.class.php 第 23 行.
NOTIC: [8] Undefined offset: 0 /data/home/bxu2348000122/htdocs/Apps/Mobile/Controller/IndexController.class.php 第 23 行.
NOTIC: [8] Undefined index:  /data/home/bxu2348000122/htdocs/Apps/Mobile/Controller/IndexController.class.php 第 23 行.
SQL: SELECT * FROM `yunzhan_category` LIMIT 1   [ RunTime:0.0017s ]
SQL: SELECT * FROM `yunzhan_config` WHERE `id` = 1 LIMIT 1   [ RunTime:0.0015s ]
SQL: SELECT * FROM `yunzhan_service` WHERE `catid` = 1  [ RunTime:0.0049s ]
SQL: SELECT * FROM `yunzhan_article` WHERE `catid` = 2  [ RunTime:0.0021s ]
SQL: SELECT * FROM `yunzhan_ads` WHERE `catid` = 1 AND `startdate` <= 1494153895 AND `enddate` >= 1494153895 ORDER BY sort desc, id asc LIMIT 1   [ RunTime:0.0017s ]
SQL: SELECT * FROM `yunzhan_ads` WHERE `catid` = 2 AND `startdate` <= 1494153895 AND `enddate` >= 1494153895 ORDER BY sort desc, id asc  [ RunTime:0.0016s ]
SQL: SELECT * FROM `yunzhan_category` WHERE `pid` = 6 AND `display` = 1  [ RunTime:0.0016s ]
SQL: SELECT * FROM `yunzhan_article` WHERE `is_recom` = 1 AND `status` = 1 AND `catid` IN ('44','45','46','6','') ORDER BY sort asc,id desc LIMIT 4   [ RunTime:0.0018s ]
INFO: [ view_parse ] --START--
INFO: [ template_filter ] --START--
INFO: Run Behavior\ContentReplaceBehavior [ RunTime:0.000155s ]
INFO: [ template_filter ] --END-- [ RunTime:0.000253s ]
NOTIC: [8] Undefined index: alt /data/home/bxu2348000122/htdocs/Apps/Runtime/Cache/Mobile/cfca91beb49811c39e2bad25e2e139a4.php 第 66 行.
NOTIC: [8] Undefined index: alt /data/home/bxu2348000122/htdocs/Apps/Runtime/Cache/Mobile/cfca91beb49811c39e2bad25e2e139a4.php 第 66 行.
NOTIC: [8] Undefined index: alt /data/home/bxu2348000122/htdocs/Apps/Runtime/Cache/Mobile/cfca91beb49811c39e2bad25e2e139a4.php 第 66 行.
NOTIC: [8] Undefined index: alt /data/home/bxu2348000122/htdocs/Apps/Runtime/Cache/Mobile/cfca91beb49811c39e2bad25e2e139a4.php 第 66 行.
SQL: SELECT * FROM `yunzhan_category` WHERE `pid` = 47 AND `display` = 1  [ RunTime:0.0017s ]
SQL: SELECT * FROM `yunzhan_category` WHERE `pid` = 4 AND `display` = 1  [ RunTime:0.0016s ]
SQL: SELECT * FROM `yunzhan_category` WHERE `pid` = 5 AND `display` = 1  [ RunTime:0.0016s ]
INFO: Run Behavior\ParseTemplateBehavior [ RunTime:0.022653s ]
INFO: [ view_parse ] --END-- [ RunTime:0.022709s ]
INFO: [ view_filter ] --START--
INFO: Run Behavior\WriteHtmlCacheBehavior [ RunTime:0.000234s ]
INFO: [ view_filter ] --END-- [ RunTime:0.000295s ]
INFO: [ app_end ] --START--
INFO: Run Behavior\ShowPageTraceBehavior [ RunTime:0.000666s ]
INFO: [ app_end ] --END-- [ RunTime:0.001030s ]

[ 2017-05-07T23:04:46+08:00 ] 66.249.75.20 /mobile/index.html
INFO: [ app_init ] --START--
INFO: Run Behavior\BuildLiteBehavior [ RunTime:0.000019s ]
INFO: [ app_init ] --END-- [ RunTime:0.000344s ]
INFO: [ app_begin ] --START--
INFO: Run Behavior\ReadHtmlCacheBehavior [ RunTime:0.000413s ]
INFO: [ app_begin ] --END-- [ RunTime:0.000484s ]
SQL: SHOW COLUMNS FROM `yunzhan_stats` [ RunTime:0.0017s ]
SQL: DELETE FROM `yunzhan_stats` WHERE ( access_time < 1970-01-01 ) [ RunTime:0.0012s ]
SQL: SHOW COLUMNS FROM `yunzhan_category` [ RunTime:0.0017s ]
SQL: SHOW COLUMNS FROM `yunzhan_config` [ RunTime:0.0014s ]
SQL: SHOW COLUMNS FROM `yunzhan_case` [ RunTime:0.0016s ]
SQL: SHOW COLUMNS FROM `yunzhan_ads` [ RunTime:0.0015s ]
SQL: SHOW COLUMNS FROM `yunzhan_article` [ RunTime:0.0015s ]
SQL: SHOW COLUMNS FROM `yunzhan_links` [ RunTime:0.0015s ]
SQL: SHOW COLUMNS FROM `yunzhan_service` [ RunTime:0.0015s ]
SQL: SELECT * FROM `yunzhan_category` WHERE ( 1=1 ) ORDER BY sort asc, id asc  [ RunTime:0.0018s ]
NOTIC: [8] Undefined index: is_jump /data/home/bxu2348000122/htdocs/Apps/Mobile/Model/CategoryModel.class.php 第 14 行.
NOTIC: [8] Undefined index: is_jump /data/home/bxu2348000122/htdocs/Apps/Mobile/Model/CategoryModel.class.php 第 14 行.
NOTIC: [8] Undefined index: is_jump /data/home/bxu2348000122/htdocs/Apps/Mobile/Model/CategoryModel.class.php 第 14 行.
NOTIC: [8] Undefined index: is_jump /data/home/bxu2348000122/htdocs/Apps/Mobile/Model/CategoryModel.class.php 第 14 行.
NOTIC: [8] Undefined index: is_jump /data/home/bxu2348000122/htdocs/Apps/Mobile/Model/CategoryModel.class.php 第 14 行.
NOTIC: [8] Undefined index: is_jump /data/home/bxu2348000122/htdocs/Apps/Mobile/Model/CategoryModel.class.php 第 14 行.
NOTIC: [8] Undefined index: is_jump /data/home/bxu2348000122/htdocs/Apps/Mobile/Model/CategoryModel.class.php 第 14 行.
NOTIC: [8] Undefined index: is_jump /data/home/bxu2348000122/htdocs/Apps/Mobile/Model/CategoryModel.class.php 第 14 行.
NOTIC: [8] Undefined index: is_jump /data/home/bxu2348000122/htdocs/Apps/Mobile/Model/CategoryModel.class.php 第 14 行.
NOTIC: [8] Undefined index: is_jump /data/home/bxu2348000122/htdocs/Apps/Mobile/Model/CategoryModel.class.php 第 14 行.
NOTIC: [8] Undefined index: is_jump /data/home/bxu2348000122/htdocs/Apps/Mobile/Model/CategoryModel.class.php 第 14 行.
NOTIC: [8] Undefined index: is_jump /data/home/bxu2348000122/htdocs/Apps/Mobile/Model/CategoryModel.class.php 第 14 行.
NOTIC: [8] Undefined index: is_jump /data/home/bxu2348000122/htdocs/Apps/Mobile/Model/CategoryModel.class.php 第 14 行.
NOTIC: [8] Undefined index: is_jump /data/home/bxu2348000122/htdocs/Apps/Mobile/Model/CategoryModel.class.php 第 14 行.
NOTIC: [8] Undefined index: is_jump /data/home/bxu2348000122/htdocs/Apps/Mobile/Model/CategoryModel.class.php 第 14 行.
NOTIC: [8] Undefined index: is_jump /data/home/bxu2348000122/htdocs/Apps/Mobile/Model/CategoryModel.class.php 第 14 行.
NOTIC: [8] Undefined index: is_jump /data/home/bxu2348000122/htdocs/Apps/Mobile/Model/CategoryModel.class.php 第 14 行.
NOTIC: [8] Undefined index: is_jump /data/home/bxu2348000122/htdocs/Apps/Mobile/Model/CategoryModel.class.php 第 14 行.
NOTIC: [8] Undefined index: is_jump /data/home/bxu2348000122/htdocs/Apps/Mobile/Model/CategoryModel.class.php 第 14 行.
NOTIC: [8] Undefined index: is_jump /data/home/bxu2348000122/htdocs/Apps/Mobile/Model/CategoryModel.class.php 第 14 行.
NOTIC: [8] Undefined index: is_jump /data/home/bxu2348000122/htdocs/Apps/Mobile/Model/CategoryModel.class.php 第 14 行.
NOTIC: [8] Undefined index: is_jump /data/home/bxu2348000122/htdocs/Apps/Mobile/Model/CategoryModel.class.php 第 14 行.
NOTIC: [8] Undefined index: is_jump /data/home/bxu2348000122/htdocs/Apps/Mobile/Model/CategoryModel.class.php 第 14 行.
NOTIC: [8] Undefined index: is_jump /data/home/bxu2348000122/htdocs/Apps/Mobile/Model/CategoryModel.class.php 第 14 行.
NOTIC: [8] Undefined index: is_jump /data/home/bxu2348000122/htdocs/Apps/Mobile/Model/CategoryModel.class.php 第 14 行.
NOTIC: [8] Undefined index: is_jump /data/home/bxu2348000122/htdocs/Apps/Mobile/Model/CategoryModel.class.php 第 14 行.
NOTIC: [8] Undefined index: is_jump /data/home/bxu2348000122/htdocs/Apps/Mobile/Model/CategoryModel.class.php 第 14 行.
NOTIC: [8] Undefined index: is_jump /data/home/bxu2348000122/htdocs/Apps/Mobile/Model/CategoryModel.class.php 第 14 行.
NOTIC: [8] Undefined index: is_jump /data/home/bxu2348000122/htdocs/Apps/Mobile/Model/CategoryModel.class.php 第 14 行.
NOTIC: [8] Undefined index: is_jump /data/home/bxu2348000122/htdocs/Apps/Mobile/Model/CategoryModel.class.php 第 14 行.
NOTIC: [8] Undefined index: is_jump /data/home/bxu2348000122/htdocs/Apps/Mobile/Model/CategoryModel.class.php 第 14 行.
NOTIC: [8] Undefined index: is_jump /data/home/bxu2348000122/htdocs/Apps/Mobile/Model/CategoryModel.class.php 第 14 行.
NOTIC: [8] Undefined index: is_jump /data/home/bxu2348000122/htdocs/Apps/Mobile/Model/CategoryModel.class.php 第 14 行.
NOTIC: [8] Undefined index: is_jump /data/home/bxu2348000122/htdocs/Apps/Mobile/Model/CategoryModel.class.php 第 14 行.
NOTIC: [8] Undefined index: is_jump /data/home/bxu2348000122/htdocs/Apps/Mobile/Model/CategoryModel.class.php 第 14 行.
NOTIC: [8] Undefined index: is_jump /data/home/bxu2348000122/htdocs/Apps/Mobile/Model/CategoryModel.class.php 第 14 行.
NOTIC: [8] Undefined index: is_jump /data/home/bxu2348000122/htdocs/Apps/Mobile/Model/CategoryModel.class.php 第 14 行.
NOTIC: [8] Undefined index: is_jump /data/home/bxu2348000122/htdocs/Apps/Mobile/Model/CategoryModel.class.php 第 14 行.
NOTIC: [8] Undefined index: is_jump /data/home/bxu2348000122/htdocs/Apps/Mobile/Model/CategoryModel.class.php 第 14 行.
NOTIC: [8] Undefined index: is_jump /data/home/bxu2348000122/htdocs/Apps/Mobile/Model/CategoryModel.class.php 第 14 行.
NOTIC: [8] Undefined index: is_jump /data/home/bxu2348000122/htdocs/Apps/Mobile/Model/CategoryModel.class.php 第 14 行.
NOTIC: [8] Undefined index: is_jump /data/home/bxu2348000122/htdocs/Apps/Mobile/Model/CategoryModel.class.php 第 14 行.
NOTIC: [8] Undefined index: is_jump /data/home/bxu2348000122/htdocs/Apps/Mobile/Model/CategoryModel.class.php 第 14 行.
NOTIC: [8] Undefined index: is_jump /data/home/bxu2348000122/htdocs/Apps/Mobile/Model/CategoryModel.class.php 第 14 行.
NOTIC: [8] Undefined index: is_jump /data/home/bxu2348000122/htdocs/Apps/Mobile/Model/CategoryModel.class.php 第 14 行.
NOTIC: [8] Undefined index: is_jump /data/home/bxu2348000122/htdocs/Apps/Mobile/Model/CategoryModel.class.php 第 14 行.
NOTIC: [8] Undefined index: is_jump /data/home/bxu2348000122/htdocs/Apps/Mobile/Model/CategoryModel.class.php 第 14 行.
NOTIC: [8] Undefined index: is_jump /data/home/bxu2348000122/htdocs/Apps/Mobile/Model/CategoryModel.class.php 第 14 行.
NOTIC: [8] Undefined index: is_jump /data/home/bxu2348000122/htdocs/Apps/Mobile/Model/CategoryModel.class.php 第 14 行.
NOTIC: [8] Undefined index: is_jump /data/home/bxu2348000122/htdocs/Apps/Mobile/Model/CategoryModel.class.php 第 14 行.
NOTIC: [8] Undefined index: is_jump /data/home/bxu2348000122/htdocs/Apps/Mobile/Model/CategoryModel.class.php 第 14 行.
SQL: SHOW COLUMNS FROM `yunzhan_category` [ RunTime:0.0014s ]
SQL: SELECT * FROM `yunzhan_category` WHERE `pid` = 0 AND `display` = 1 AND `nav_display` = 1  [ RunTime:0.0013s ]
NOTIC: [8] Undefined offset: 0 /data/home/bxu2348000122/htdocs/Apps/Mobile/Controller/IndexController.class.php 第 23 行.
NOTIC: [8] Undefined offset: 0 /data/home/bxu2348000122/htdocs/Apps/Mobile/Controller/IndexController.class.php 第 23 行.
NOTIC: [8] Undefined index:  /data/home/bxu2348000122/htdocs/Apps/Mobile/Controller/IndexController.class.php 第 23 行.
NOTIC: [8] Undefined offset: 0 /data/home/bxu2348000122/htdocs/Apps/Mobile/Controller/IndexController.class.php 第 23 行.
NOTIC: [8] Undefined offset: 0 /data/home/bxu2348000122/htdocs/Apps/Mobile/Controller/IndexController.class.php 第 23 行.
NOTIC: [8] Undefined index:  /data/home/bxu2348000122/htdocs/Apps/Mobile/Controller/IndexController.class.php 第 23 行.
NOTIC: [8] Undefined offset: 0 /data/home/bxu2348000122/htdocs/Apps/Mobile/Controller/IndexController.class.php 第 23 行.
NOTIC: [8] Undefined offset: 0 /data/home/bxu2348000122/htdocs/Apps/Mobile/Controller/IndexController.class.php 第 23 行.
NOTIC: [8] Undefined index:  /data/home/bxu2348000122/htdocs/Apps/Mobile/Controller/IndexController.class.php 第 23 行.
NOTIC: [8] Undefined offset: 0 /data/home/bxu2348000122/htdocs/Apps/Mobile/Controller/IndexController.class.php 第 23 行.
NOTIC: [8] Undefined offset: 0 /data/home/bxu2348000122/htdocs/Apps/Mobile/Controller/IndexController.class.php 第 23 行.
NOTIC: [8] Undefined index:  /data/home/bxu2348000122/htdocs/Apps/Mobile/Controller/IndexController.class.php 第 23 行.
NOTIC: [8] Undefined offset: 0 /data/home/bxu2348000122/htdocs/Apps/Mobile/Controller/IndexController.class.php 第 23 行.
NOTIC: [8] Undefined offset: 0 /data/home/bxu2348000122/htdocs/Apps/Mobile/Controller/IndexController.class.php 第 23 行.
NOTIC: [8] Undefined index:  /data/home/bxu2348000122/htdocs/Apps/Mobile/Controller/IndexController.class.php 第 23 行.
NOTIC: [8] Undefined offset: 0 /data/home/bxu2348000122/htdocs/Apps/Mobile/Controller/IndexController.class.php 第 23 行.
NOTIC: [8] Undefined offset: 0 /data/home/bxu2348000122/htdocs/Apps/Mobile/Controller/IndexController.class.php 第 23 行.
NOTIC: [8] Undefined index:  /data/home/bxu2348000122/htdocs/Apps/Mobile/Controller/IndexController.class.php 第 23 行.
NOTIC: [8] Undefined offset: 0 /data/home/bxu2348000122/htdocs/Apps/Mobile/Controller/IndexController.class.php 第 23 行.
NOTIC: [8] Undefined offset: 0 /data/home/bxu2348000122/htdocs/Apps/Mobile/Controller/IndexController.class.php 第 23 行.
NOTIC: [8] Undefined index:  /data/home/bxu2348000122/htdocs/Apps/Mobile/Controller/IndexController.class.php 第 23 行.
NOTIC: [8] Undefined offset: 0 /data/home/bxu2348000122/htdocs/Apps/Mobile/Controller/IndexController.class.php 第 23 行.
NOTIC: [8] Undefined offset: 0 /data/home/bxu2348000122/htdocs/Apps/Mobile/Controller/IndexController.class.php 第 23 行.
NOTIC: [8] Undefined index:  /data/home/bxu2348000122/htdocs/Apps/Mobile/Controller/IndexController.class.php 第 23 行.
NOTIC: [8] Undefined offset: 0 /data/home/bxu2348000122/htdocs/Apps/Mobile/Controller/IndexController.class.php 第 23 行.
NOTIC: [8] Undefined offset: 0 /data/home/bxu2348000122/htdocs/Apps/Mobile/Controller/IndexController.class.php 第 23 行.
NOTIC: [8] Undefined index:  /data/home/bxu2348000122/htdocs/Apps/Mobile/Controller/IndexController.class.php 第 23 行.
NOTIC: [8] Undefined offset: 0 /data/home/bxu2348000122/htdocs/Apps/Mobile/Controller/IndexController.class.php 第 23 行.
NOTIC: [8] Undefined offset: 0 /data/home/bxu2348000122/htdocs/Apps/Mobile/Controller/IndexController.class.php 第 23 行.
NOTIC: [8] Undefined index:  /data/home/bxu2348000122/htdocs/Apps/Mobile/Controller/IndexController.class.php 第 23 行.
SQL: SELECT * FROM `yunzhan_category` LIMIT 1   [ RunTime:0.0013s ]
SQL: SELECT * FROM `yunzhan_config` WHERE `id` = 1 LIMIT 1   [ RunTime:0.0013s ]
SQL: SELECT * FROM `yunzhan_service` WHERE `catid` = 1  [ RunTime:0.0040s ]
SQL: SELECT * FROM `yunzhan_article` WHERE `catid` = 2  [ RunTime:0.0017s ]
SQL: SELECT * FROM `yunzhan_ads` WHERE `catid` = 1 AND `startdate` <= 1494169486 AND `enddate` >= 1494169486 ORDER BY sort desc, id asc LIMIT 1   [ RunTime:0.0013s ]
SQL: SELECT * FROM `yunzhan_ads` WHERE `catid` = 2 AND `startdate` <= 1494169486 AND `enddate` >= 1494169486 ORDER BY sort desc, id asc  [ RunTime:0.0013s ]
SQL: SELECT * FROM `yunzhan_category` WHERE `pid` = 6 AND `display` = 1  [ RunTime:0.0013s ]
SQL: SELECT * FROM `yunzhan_article` WHERE `is_recom` = 1 AND `status` = 1 AND `catid` IN ('44','45','46','6','') ORDER BY sort asc,id desc LIMIT 4   [ RunTime:0.0015s ]
INFO: [ view_parse ] --START--
INFO: [ template_filter ] --START--
INFO: Run Behavior\ContentReplaceBehavior [ RunTime:0.000082s ]
INFO: [ template_filter ] --END-- [ RunTime:0.000140s ]
NOTIC: [8] Undefined index: alt /data/home/bxu2348000122/htdocs/Apps/Runtime/Cache/Mobile/cfca91beb49811c39e2bad25e2e139a4.php 第 66 行.
NOTIC: [8] Undefined index: alt /data/home/bxu2348000122/htdocs/Apps/Runtime/Cache/Mobile/cfca91beb49811c39e2bad25e2e139a4.php 第 66 行.
NOTIC: [8] Undefined index: alt /data/home/bxu2348000122/htdocs/Apps/Runtime/Cache/Mobile/cfca91beb49811c39e2bad25e2e139a4.php 第 66 行.
NOTIC: [8] Undefined index: alt /data/home/bxu2348000122/htdocs/Apps/Runtime/Cache/Mobile/cfca91beb49811c39e2bad25e2e139a4.php 第 66 行.
SQL: SELECT * FROM `yunzhan_category` WHERE `pid` = 47 AND `display` = 1  [ RunTime:0.0013s ]
SQL: SELECT * FROM `yunzhan_category` WHERE `pid` = 4 AND `display` = 1  [ RunTime:0.0013s ]
SQL: SELECT * FROM `yunzhan_category` WHERE `pid` = 5 AND `display` = 1  [ RunTime:0.0013s ]
INFO: Run Behavior\ParseTemplateBehavior [ RunTime:0.020307s ]
INFO: [ view_parse ] --END-- [ RunTime:0.020363s ]
INFO: [ view_filter ] --START--
INFO: Run Behavior\WriteHtmlCacheBehavior [ RunTime:0.000210s ]
INFO: [ view_filter ] --END-- [ RunTime:0.000252s ]
INFO: [ app_end ] --START--
INFO: Run Behavior\ShowPageTraceBehavior [ RunTime:0.000415s ]
INFO: [ app_end ] --END-- [ RunTime:0.000467s ]

