[ 2017-05-03T10:29:45+08:00 ] 123.125.71.70 /mobile/index
INFO: [ app_init ] --START--
INFO: Run Behavior\BuildLiteBehavior [ RunTime:0.000022s ]
INFO: [ app_init ] --END-- [ RunTime:0.000374s ]
INFO: [ app_begin ] --START--
INFO: Run Behavior\ReadHtmlCacheBehavior [ RunTime:0.000718s ]
INFO: [ app_begin ] --END-- [ RunTime:0.000822s ]
SQL: SHOW COLUMNS FROM `yunzhan_stats` [ RunTime:0.0019s ]
SQL: DELETE FROM `yunzhan_stats` WHERE ( access_time < 1970-01-01 ) [ RunTime:0.0014s ]
SQL: SHOW COLUMNS FROM `yunzhan_category` [ RunTime:0.0019s ]
SQL: SHOW COLUMNS FROM `yunzhan_config` [ RunTime:0.0018s ]
SQL: SHOW COLUMNS FROM `yunzhan_case` [ RunTime:0.0020s ]
SQL: SHOW COLUMNS FROM `yunzhan_ads` [ RunTime:0.0029s ]
SQL: SHOW COLUMNS FROM `yunzhan_article` [ RunTime:0.0018s ]
SQL: SHOW COLUMNS FROM `yunzhan_links` [ RunTime:0.0017s ]
SQL: SHOW COLUMNS FROM `yunzhan_service` [ RunTime:0.0018s ]
SQL: SELECT * FROM `yunzhan_category` WHERE ( 1=1 ) ORDER BY sort asc, id asc  [ RunTime:0.0020s ]
NOTIC: [8] Undefined index: is_jump /data/home/bxu2348000122/htdocs/Apps/Mobile/Model/CategoryModel.class.php 第 14 行.
NOTIC: [8] Undefined index: is_jump /data/home/bxu2348000122/htdocs/Apps/Mobile/Model/CategoryModel.class.php 第 14 行.
NOTIC: [8] Undefined index: is_jump /data/home/bxu2348000122/htdocs/Apps/Mobile/Model/CategoryModel.class.php 第 14 行.
NOTIC: [8] Undefined index: is_jump /data/home/bxu2348000122/htdocs/Apps/Mobile/Model/CategoryModel.class.php 第 14 行.
NOTIC: [8] Undefined index: is_jump /data/home/bxu2348000122/htdocs/Apps/Mobile/Model/CategoryModel.class.php 第 14 行.
NOTIC: [8] Undefined index: is_jump /data/home/bxu2348000122/htdocs/Apps/Mobile/Model/CategoryModel.class.php 第 14 行.
NOTIC: [8] Undefined index: is_jump /data/home/bxu2348000122/htdocs/Apps/Mobile/Model/CategoryModel.class.php 第 14 行.
NOTIC: [8] Undefined index: is_jump /data/home/bxu2348000122/htdocs/Apps/Mobile/Model/CategoryModel.class.php 第 14 行.
NOTIC: [8] Undefined index: is_jump /data/home/bxu2348000122/htdocs/Apps/Mobile/Model/CategoryModel.class.php 第 14 行.
NOTIC: [8] Undefined index: is_jump /data/home/bxu2348000122/htdocs/Apps/Mobile/Model/CategoryModel.class.php 第 14 行.
NOTIC: [8] Undefined index: is_jump /data/home/bxu2348000122/htdocs/Apps/Mobile/Model/CategoryModel.class.php 第 14 行.
NOTIC: [8] Undefined index: is_jump /data/home/bxu2348000122/htdocs/Apps/Mobile/Model/CategoryModel.class.php 第 14 行.
NOTIC: [8] Undefined index: is_jump /data/home/bxu2348000122/htdocs/Apps/Mobile/Model/CategoryModel.class.php 第 14 行.
NOTIC: [8] Undefined index: is_jump /data/home/bxu2348000122/htdocs/Apps/Mobile/Model/CategoryModel.class.php 第 14 行.
NOTIC: [8] Undefined index: is_jump /data/home/bxu2348000122/htdocs/Apps/Mobile/Model/CategoryModel.class.php 第 14 行.
NOTIC: [8] Undefined index: is_jump /data/home/bxu2348000122/htdocs/Apps/Mobile/Model/CategoryModel.class.php 第 14 行.
NOTIC: [8] Undefined index: is_jump /data/home/bxu2348000122/htdocs/Apps/Mobile/Model/CategoryModel.class.php 第 14 行.
NOTIC: [8] Undefined index: is_jump /data/home/bxu2348000122/htdocs/Apps/Mobile/Model/CategoryModel.class.php 第 14 行.
NOTIC: [8] Undefined index: is_jump /data/home/bxu2348000122/htdocs/Apps/Mobile/Model/CategoryModel.class.php 第 14 行.
NOTIC: [8] Undefined index: is_jump /data/home/bxu2348000122/htdocs/Apps/Mobile/Model/CategoryModel.class.php 第 14 行.
NOTIC: [8] Undefined index: is_jump /data/home/bxu2348000122/htdocs/Apps/Mobile/Model/CategoryModel.class.php 第 14 行.
NOTIC: [8] Undefined index: is_jump /data/home/bxu2348000122/htdocs/Apps/Mobile/Model/CategoryModel.class.php 第 14 行.
NOTIC: [8] Undefined index: is_jump /data/home/bxu2348000122/htdocs/Apps/Mobile/Model/CategoryModel.class.php 第 14 行.
NOTIC: [8] Undefined index: is_jump /data/home/bxu2348000122/htdocs/Apps/Mobile/Model/CategoryModel.class.php 第 14 行.
NOTIC: [8] Undefined index: is_jump /data/home/bxu2348000122/htdocs/Apps/Mobile/Model/CategoryModel.class.php 第 14 行.
NOTIC: [8] Undefined index: is_jump /data/home/bxu2348000122/htdocs/Apps/Mobile/Model/CategoryModel.class.php 第 14 行.
NOTIC: [8] Undefined index: is_jump /data/home/bxu2348000122/htdocs/Apps/Mobile/Model/CategoryModel.class.php 第 14 行.
NOTIC: [8] Undefined index: is_jump /data/home/bxu2348000122/htdocs/Apps/Mobile/Model/CategoryModel.class.php 第 14 行.
NOTIC: [8] Undefined index: is_jump /data/home/bxu2348000122/htdocs/Apps/Mobile/Model/CategoryModel.class.php 第 14 行.
NOTIC: [8] Undefined index: is_jump /data/home/bxu2348000122/htdocs/Apps/Mobile/Model/CategoryModel.class.php 第 14 行.
NOTIC: [8] Undefined index: is_jump /data/home/bxu2348000122/htdocs/Apps/Mobile/Model/CategoryModel.class.php 第 14 行.
NOTIC: [8] Undefined index: is_jump /data/home/bxu2348000122/htdocs/Apps/Mobile/Model/CategoryModel.class.php 第 14 行.
NOTIC: [8] Undefined index: is_jump /data/home/bxu2348000122/htdocs/Apps/Mobile/Model/CategoryModel.class.php 第 14 行.
NOTIC: [8] Undefined index: is_jump /data/home/bxu2348000122/htdocs/Apps/Mobile/Model/CategoryModel.class.php 第 14 行.
NOTIC: [8] Undefined index: is_jump /data/home/bxu2348000122/htdocs/Apps/Mobile/Model/CategoryModel.class.php 第 14 行.
NOTIC: [8] Undefined index: is_jump /data/home/bxu2348000122/htdocs/Apps/Mobile/Model/CategoryModel.class.php 第 14 行.
NOTIC: [8] Undefined index: is_jump /data/home/bxu2348000122/htdocs/Apps/Mobile/Model/CategoryModel.class.php 第 14 行.
NOTIC: [8] Undefined index: is_jump /data/home/bxu2348000122/htdocs/Apps/Mobile/Model/CategoryModel.class.php 第 14 行.
NOTIC: [8] Undefined index: is_jump /data/home/bxu2348000122/htdocs/Apps/Mobile/Model/CategoryModel.class.php 第 14 行.
NOTIC: [8] Undefined index: is_jump /data/home/bxu2348000122/htdocs/Apps/Mobile/Model/CategoryModel.class.php 第 14 行.
NOTIC: [8] Undefined index: is_jump /data/home/bxu2348000122/htdocs/Apps/Mobile/Model/CategoryModel.class.php 第 14 行.
NOTIC: [8] Undefined index: is_jump /data/home/bxu2348000122/htdocs/Apps/Mobile/Model/CategoryModel.class.php 第 14 行.
NOTIC: [8] Undefined index: is_jump /data/home/bxu2348000122/htdocs/Apps/Mobile/Model/CategoryModel.class.php 第 14 行.
NOTIC: [8] Undefined index: is_jump /data/home/bxu2348000122/htdocs/Apps/Mobile/Model/CategoryModel.class.php 第 14 行.
NOTIC: [8] Undefined index: is_jump /data/home/bxu2348000122/htdocs/Apps/Mobile/Model/CategoryModel.class.php 第 14 行.
NOTIC: [8] Undefined index: is_jump /data/home/bxu2348000122/htdocs/Apps/Mobile/Model/CategoryModel.class.php 第 14 行.
NOTIC: [8] Undefined index: is_jump /data/home/bxu2348000122/htdocs/Apps/Mobile/Model/CategoryModel.class.php 第 14 行.
NOTIC: [8] Undefined index: is_jump /data/home/bxu2348000122/htdocs/Apps/Mobile/Model/CategoryModel.class.php 第 14 行.
NOTIC: [8] Undefined index: is_jump /data/home/bxu2348000122/htdocs/Apps/Mobile/Model/CategoryModel.class.php 第 14 行.
NOTIC: [8] Undefined index: is_jump /data/home/bxu2348000122/htdocs/Apps/Mobile/Model/CategoryModel.class.php 第 14 行.
NOTIC: [8] Undefined index: is_jump /data/home/bxu2348000122/htdocs/Apps/Mobile/Model/CategoryModel.class.php 第 14 行.
SQL: SHOW COLUMNS FROM `yunzhan_category` [ RunTime:0.0018s ]
SQL: SELECT * FROM `yunzhan_category` WHERE `pid` = 0 AND `display` = 1 AND `nav_display` = 1  [ RunTime:0.0017s ]
NOTIC: [8] Undefined offset: 0 /data/home/bxu2348000122/htdocs/Apps/Mobile/Controller/IndexController.class.php 第 23 行.
NOTIC: [8] Undefined offset: 0 /data/home/bxu2348000122/htdocs/Apps/Mobile/Controller/IndexController.class.php 第 23 行.
NOTIC: [8] Undefined index:  /data/home/bxu2348000122/htdocs/Apps/Mobile/Controller/IndexController.class.php 第 23 行.
NOTIC: [8] Undefined offset: 0 /data/home/bxu2348000122/htdocs/Apps/Mobile/Controller/IndexController.class.php 第 23 行.
NOTIC: [8] Undefined offset: 0 /data/home/bxu2348000122/htdocs/Apps/Mobile/Controller/IndexController.class.php 第 23 行.
NOTIC: [8] Undefined index:  /data/home/bxu2348000122/htdocs/Apps/Mobile/Controller/IndexController.class.php 第 23 行.
NOTIC: [8] Undefined offset: 0 /data/home/bxu2348000122/htdocs/Apps/Mobile/Controller/IndexController.class.php 第 23 行.
NOTIC: [8] Undefined offset: 0 /data/home/bxu2348000122/htdocs/Apps/Mobile/Controller/IndexController.class.php 第 23 行.
NOTIC: [8] Undefined index:  /data/home/bxu2348000122/htdocs/Apps/Mobile/Controller/IndexController.class.php 第 23 行.
NOTIC: [8] Undefined offset: 0 /data/home/bxu2348000122/htdocs/Apps/Mobile/Controller/IndexController.class.php 第 23 行.
NOTIC: [8] Undefined offset: 0 /data/home/bxu2348000122/htdocs/Apps/Mobile/Controller/IndexController.class.php 第 23 行.
NOTIC: [8] Undefined index:  /data/home/bxu2348000122/htdocs/Apps/Mobile/Controller/IndexController.class.php 第 23 行.
NOTIC: [8] Undefined offset: 0 /data/home/bxu2348000122/htdocs/Apps/Mobile/Controller/IndexController.class.php 第 23 行.
NOTIC: [8] Undefined offset: 0 /data/home/bxu2348000122/htdocs/Apps/Mobile/Controller/IndexController.class.php 第 23 行.
NOTIC: [8] Undefined index:  /data/home/bxu2348000122/htdocs/Apps/Mobile/Controller/IndexController.class.php 第 23 行.
NOTIC: [8] Undefined offset: 0 /data/home/bxu2348000122/htdocs/Apps/Mobile/Controller/IndexController.class.php 第 23 行.
NOTIC: [8] Undefined offset: 0 /data/home/bxu2348000122/htdocs/Apps/Mobile/Controller/IndexController.class.php 第 23 行.
NOTIC: [8] Undefined index:  /data/home/bxu2348000122/htdocs/Apps/Mobile/Controller/IndexController.class.php 第 23 行.
NOTIC: [8] Undefined offset: 0 /data/home/bxu2348000122/htdocs/Apps/Mobile/Controller/IndexController.class.php 第 23 行.
NOTIC: [8] Undefined offset: 0 /data/home/bxu2348000122/htdocs/Apps/Mobile/Controller/IndexController.class.php 第 23 行.
NOTIC: [8] Undefined index:  /data/home/bxu2348000122/htdocs/Apps/Mobile/Controller/IndexController.class.php 第 23 行.
NOTIC: [8] Undefined offset: 0 /data/home/bxu2348000122/htdocs/Apps/Mobile/Controller/IndexController.class.php 第 23 行.
NOTIC: [8] Undefined offset: 0 /data/home/bxu2348000122/htdocs/Apps/Mobile/Controller/IndexController.class.php 第 23 行.
NOTIC: [8] Undefined index:  /data/home/bxu2348000122/htdocs/Apps/Mobile/Controller/IndexController.class.php 第 23 行.
NOTIC: [8] Undefined offset: 0 /data/home/bxu2348000122/htdocs/Apps/Mobile/Controller/IndexController.class.php 第 23 行.
NOTIC: [8] Undefined offset: 0 /data/home/bxu2348000122/htdocs/Apps/Mobile/Controller/IndexController.class.php 第 23 行.
NOTIC: [8] Undefined index:  /data/home/bxu2348000122/htdocs/Apps/Mobile/Controller/IndexController.class.php 第 23 行.
NOTIC: [8] Undefined offset: 0 /data/home/bxu2348000122/htdocs/Apps/Mobile/Controller/IndexController.class.php 第 23 行.
NOTIC: [8] Undefined offset: 0 /data/home/bxu2348000122/htdocs/Apps/Mobile/Controller/IndexController.class.php 第 23 行.
NOTIC: [8] Undefined index:  /data/home/bxu2348000122/htdocs/Apps/Mobile/Controller/IndexController.class.php 第 23 行.
SQL: SELECT * FROM `yunzhan_category` LIMIT 1   [ RunTime:0.0016s ]
SQL: SELECT * FROM `yunzhan_config` WHERE `id` = 1 LIMIT 1   [ RunTime:0.0015s ]
SQL: SELECT * FROM `yunzhan_service` WHERE `catid` = 1  [ RunTime:0.0050s ]
SQL: SELECT * FROM `yunzhan_article` WHERE `catid` = 2  [ RunTime:0.0021s ]
SQL: SELECT * FROM `yunzhan_ads` WHERE `catid` = 1 AND `startdate` <= 1493778585 AND `enddate` >= 1493778585 ORDER BY sort desc, id asc LIMIT 1   [ RunTime:0.0018s ]
SQL: SELECT * FROM `yunzhan_ads` WHERE `catid` = 2 AND `startdate` <= 1493778585 AND `enddate` >= 1493778585 ORDER BY sort desc, id asc  [ RunTime:0.0027s ]
SQL: SELECT * FROM `yunzhan_category` WHERE `pid` = 6 AND `display` = 1  [ RunTime:0.0017s ]
SQL: SELECT * FROM `yunzhan_article` WHERE `is_recom` = 1 AND `status` = 1 AND `catid` IN ('44','45','46','6','') ORDER BY sort asc,id desc LIMIT 4   [ RunTime:0.0019s ]
INFO: [ view_parse ] --START--
INFO: [ template_filter ] --START--
INFO: Run Behavior\ContentReplaceBehavior [ RunTime:0.000119s ]
INFO: [ template_filter ] --END-- [ RunTime:0.000202s ]
NOTIC: [8] Undefined index: alt /data/home/bxu2348000122/htdocs/Apps/Runtime/Cache/Mobile/cfca91beb49811c39e2bad25e2e139a4.php 第 66 行.
NOTIC: [8] Undefined index: alt /data/home/bxu2348000122/htdocs/Apps/Runtime/Cache/Mobile/cfca91beb49811c39e2bad25e2e139a4.php 第 66 行.
NOTIC: [8] Undefined index: alt /data/home/bxu2348000122/htdocs/Apps/Runtime/Cache/Mobile/cfca91beb49811c39e2bad25e2e139a4.php 第 66 行.
NOTIC: [8] Undefined index: alt /data/home/bxu2348000122/htdocs/Apps/Runtime/Cache/Mobile/cfca91beb49811c39e2bad25e2e139a4.php 第 66 行.
SQL: SELECT * FROM `yunzhan_category` WHERE `pid` = 47 AND `display` = 1  [ RunTime:0.0017s ]
SQL: SELECT * FROM `yunzhan_category` WHERE `pid` = 4 AND `display` = 1  [ RunTime:0.0019s ]
SQL: SELECT * FROM `yunzhan_category` WHERE `pid` = 5 AND `display` = 1  [ RunTime:0.0024s ]
INFO: Run Behavior\ParseTemplateBehavior [ RunTime:0.025259s ]
INFO: [ view_parse ] --END-- [ RunTime:0.025326s ]
INFO: [ view_filter ] --START--
INFO: Run Behavior\WriteHtmlCacheBehavior [ RunTime:0.000305s ]
INFO: [ view_filter ] --END-- [ RunTime:0.000351s ]
INFO: [ app_end ] --START--
INFO: Run Behavior\ShowPageTraceBehavior [ RunTime:0.000481s ]
INFO: [ app_end ] --END-- [ RunTime:0.000537s ]

