[ 2017-05-10T16:01:03+08:00 ] 121.101.208.18 /mobile
INFO: [ app_init ] --START--
INFO: Run Behavior\BuildLiteBehavior [ RunTime:0.000000s ]
INFO: [ app_init ] --END-- [ RunTime:0.000000s ]
INFO: [ app_begin ] --START--
INFO: Run Behavior\ReadHtmlCacheBehavior [ RunTime:0.000000s ]
INFO: [ app_begin ] --END-- [ RunTime:0.000000s ]
SQL: SHOW COLUMNS FROM `yunzhan_stats` [ RunTime:0.0000s ]
SQL: DELETE FROM `yunzhan_stats` WHERE ( access_time < 1970-01-01 ) [ RunTime:0.0000s ]
SQL: SHOW COLUMNS FROM `yunzhan_category` [ RunTime:0.0000s ]
SQL: SHOW COLUMNS FROM `yunzhan_config` [ RunTime:0.0000s ]
SQL: SHOW COLUMNS FROM `yunzhan_case` [ RunTime:0.0000s ]
SQL: SHOW COLUMNS FROM `yunzhan_ads` [ RunTime:0.0000s ]
SQL: SHOW COLUMNS FROM `yunzhan_article` [ RunTime:0.0156s ]
SQL: SHOW COLUMNS FROM `yunzhan_links` [ RunTime:0.0000s ]
SQL: SHOW COLUMNS FROM `yunzhan_service` [ RunTime:0.0000s ]
SQL: SELECT * FROM `yunzhan_category` WHERE ( 1=1 ) ORDER BY sort asc, id asc  [ RunTime:0.0000s ]
NOTIC: [8] Undefined index: is_jump D:\virtualhost\ZZGHFTP\Apps\Mobile\Model\CategoryModel.class.php 第 14 行.
NOTIC: [8] Undefined index: is_jump D:\virtualhost\ZZGHFTP\Apps\Mobile\Model\CategoryModel.class.php 第 14 行.
NOTIC: [8] Undefined index: is_jump D:\virtualhost\ZZGHFTP\Apps\Mobile\Model\CategoryModel.class.php 第 14 行.
NOTIC: [8] Undefined index: is_jump D:\virtualhost\ZZGHFTP\Apps\Mobile\Model\CategoryModel.class.php 第 14 行.
NOTIC: [8] Undefined index: is_jump D:\virtualhost\ZZGHFTP\Apps\Mobile\Model\CategoryModel.class.php 第 14 行.
NOTIC: [8] Undefined index: is_jump D:\virtualhost\ZZGHFTP\Apps\Mobile\Model\CategoryModel.class.php 第 14 行.
NOTIC: [8] Undefined index: is_jump D:\virtualhost\ZZGHFTP\Apps\Mobile\Model\CategoryModel.class.php 第 14 行.
NOTIC: [8] Undefined index: is_jump D:\virtualhost\ZZGHFTP\Apps\Mobile\Model\CategoryModel.class.php 第 14 行.
NOTIC: [8] Undefined index: is_jump D:\virtualhost\ZZGHFTP\Apps\Mobile\Model\CategoryModel.class.php 第 14 行.
NOTIC: [8] Undefined index: is_jump D:\virtualhost\ZZGHFTP\Apps\Mobile\Model\CategoryModel.class.php 第 14 行.
NOTIC: [8] Undefined index: is_jump D:\virtualhost\ZZGHFTP\Apps\Mobile\Model\CategoryModel.class.php 第 14 行.
NOTIC: [8] Undefined index: is_jump D:\virtualhost\ZZGHFTP\Apps\Mobile\Model\CategoryModel.class.php 第 14 行.
NOTIC: [8] Undefined index: is_jump D:\virtualhost\ZZGHFTP\Apps\Mobile\Model\CategoryModel.class.php 第 14 行.
NOTIC: [8] Undefined index: is_jump D:\virtualhost\ZZGHFTP\Apps\Mobile\Model\CategoryModel.class.php 第 14 行.
NOTIC: [8] Undefined index: is_jump D:\virtualhost\ZZGHFTP\Apps\Mobile\Model\CategoryModel.class.php 第 14 行.
NOTIC: [8] Undefined index: is_jump D:\virtualhost\ZZGHFTP\Apps\Mobile\Model\CategoryModel.class.php 第 14 行.
NOTIC: [8] Undefined index: is_jump D:\virtualhost\ZZGHFTP\Apps\Mobile\Model\CategoryModel.class.php 第 14 行.
NOTIC: [8] Undefined index: is_jump D:\virtualhost\ZZGHFTP\Apps\Mobile\Model\CategoryModel.class.php 第 14 行.
NOTIC: [8] Undefined index: is_jump D:\virtualhost\ZZGHFTP\Apps\Mobile\Model\CategoryModel.class.php 第 14 行.
NOTIC: [8] Undefined index: is_jump D:\virtualhost\ZZGHFTP\Apps\Mobile\Model\CategoryModel.class.php 第 14 行.
NOTIC: [8] Undefined index: is_jump D:\virtualhost\ZZGHFTP\Apps\Mobile\Model\CategoryModel.class.php 第 14 行.
NOTIC: [8] Undefined index: is_jump D:\virtualhost\ZZGHFTP\Apps\Mobile\Model\CategoryModel.class.php 第 14 行.
NOTIC: [8] Undefined index: is_jump D:\virtualhost\ZZGHFTP\Apps\Mobile\Model\CategoryModel.class.php 第 14 行.
NOTIC: [8] Undefined index: is_jump D:\virtualhost\ZZGHFTP\Apps\Mobile\Model\CategoryModel.class.php 第 14 行.
NOTIC: [8] Undefined index: is_jump D:\virtualhost\ZZGHFTP\Apps\Mobile\Model\CategoryModel.class.php 第 14 行.
NOTIC: [8] Undefined index: is_jump D:\virtualhost\ZZGHFTP\Apps\Mobile\Model\CategoryModel.class.php 第 14 行.
NOTIC: [8] Undefined index: is_jump D:\virtualhost\ZZGHFTP\Apps\Mobile\Model\CategoryModel.class.php 第 14 行.
NOTIC: [8] Undefined index: is_jump D:\virtualhost\ZZGHFTP\Apps\Mobile\Model\CategoryModel.class.php 第 14 行.
NOTIC: [8] Undefined index: is_jump D:\virtualhost\ZZGHFTP\Apps\Mobile\Model\CategoryModel.class.php 第 14 行.
NOTIC: [8] Undefined index: is_jump D:\virtualhost\ZZGHFTP\Apps\Mobile\Model\CategoryModel.class.php 第 14 行.
NOTIC: [8] Undefined index: is_jump D:\virtualhost\ZZGHFTP\Apps\Mobile\Model\CategoryModel.class.php 第 14 行.
NOTIC: [8] Undefined index: is_jump D:\virtualhost\ZZGHFTP\Apps\Mobile\Model\CategoryModel.class.php 第 14 行.
NOTIC: [8] Undefined index: is_jump D:\virtualhost\ZZGHFTP\Apps\Mobile\Model\CategoryModel.class.php 第 14 行.
NOTIC: [8] Undefined index: is_jump D:\virtualhost\ZZGHFTP\Apps\Mobile\Model\CategoryModel.class.php 第 14 行.
NOTIC: [8] Undefined index: is_jump D:\virtualhost\ZZGHFTP\Apps\Mobile\Model\CategoryModel.class.php 第 14 行.
NOTIC: [8] Undefined index: is_jump D:\virtualhost\ZZGHFTP\Apps\Mobile\Model\CategoryModel.class.php 第 14 行.
NOTIC: [8] Undefined index: is_jump D:\virtualhost\ZZGHFTP\Apps\Mobile\Model\CategoryModel.class.php 第 14 行.
NOTIC: [8] Undefined index: is_jump D:\virtualhost\ZZGHFTP\Apps\Mobile\Model\CategoryModel.class.php 第 14 行.
NOTIC: [8] Undefined index: is_jump D:\virtualhost\ZZGHFTP\Apps\Mobile\Model\CategoryModel.class.php 第 14 行.
NOTIC: [8] Undefined index: is_jump D:\virtualhost\ZZGHFTP\Apps\Mobile\Model\CategoryModel.class.php 第 14 行.
NOTIC: [8] Undefined index: is_jump D:\virtualhost\ZZGHFTP\Apps\Mobile\Model\CategoryModel.class.php 第 14 行.
NOTIC: [8] Undefined index: is_jump D:\virtualhost\ZZGHFTP\Apps\Mobile\Model\CategoryModel.class.php 第 14 行.
NOTIC: [8] Undefined index: is_jump D:\virtualhost\ZZGHFTP\Apps\Mobile\Model\CategoryModel.class.php 第 14 行.
NOTIC: [8] Undefined index: is_jump D:\virtualhost\ZZGHFTP\Apps\Mobile\Model\CategoryModel.class.php 第 14 行.
NOTIC: [8] Undefined index: is_jump D:\virtualhost\ZZGHFTP\Apps\Mobile\Model\CategoryModel.class.php 第 14 行.
NOTIC: [8] Undefined index: is_jump D:\virtualhost\ZZGHFTP\Apps\Mobile\Model\CategoryModel.class.php 第 14 行.
NOTIC: [8] Undefined index: is_jump D:\virtualhost\ZZGHFTP\Apps\Mobile\Model\CategoryModel.class.php 第 14 行.
NOTIC: [8] Undefined index: is_jump D:\virtualhost\ZZGHFTP\Apps\Mobile\Model\CategoryModel.class.php 第 14 行.
NOTIC: [8] Undefined index: is_jump D:\virtualhost\ZZGHFTP\Apps\Mobile\Model\CategoryModel.class.php 第 14 行.
NOTIC: [8] Undefined index: is_jump D:\virtualhost\ZZGHFTP\Apps\Mobile\Model\CategoryModel.class.php 第 14 行.
NOTIC: [8] Undefined index: is_jump D:\virtualhost\ZZGHFTP\Apps\Mobile\Model\CategoryModel.class.php 第 14 行.
SQL: SHOW COLUMNS FROM `yunzhan_category` [ RunTime:0.0000s ]
SQL: SELECT * FROM `yunzhan_category` WHERE `pid` = 0 AND `display` = 1 AND `nav_display` = 1  [ RunTime:0.0000s ]
NOTIC: [8] Undefined offset: 0 D:\virtualhost\ZZGHFTP\Apps\Mobile\Controller\IndexController.class.php 第 23 行.
NOTIC: [8] Undefined offset: 0 D:\virtualhost\ZZGHFTP\Apps\Mobile\Controller\IndexController.class.php 第 23 行.
NOTIC: [8] Undefined index:  D:\virtualhost\ZZGHFTP\Apps\Mobile\Controller\IndexController.class.php 第 23 行.
NOTIC: [8] Undefined offset: 0 D:\virtualhost\ZZGHFTP\Apps\Mobile\Controller\IndexController.class.php 第 23 行.
NOTIC: [8] Undefined offset: 0 D:\virtualhost\ZZGHFTP\Apps\Mobile\Controller\IndexController.class.php 第 23 行.
NOTIC: [8] Undefined index:  D:\virtualhost\ZZGHFTP\Apps\Mobile\Controller\IndexController.class.php 第 23 行.
NOTIC: [8] Undefined offset: 0 D:\virtualhost\ZZGHFTP\Apps\Mobile\Controller\IndexController.class.php 第 23 行.
NOTIC: [8] Undefined offset: 0 D:\virtualhost\ZZGHFTP\Apps\Mobile\Controller\IndexController.class.php 第 23 行.
NOTIC: [8] Undefined index:  D:\virtualhost\ZZGHFTP\Apps\Mobile\Controller\IndexController.class.php 第 23 行.
NOTIC: [8] Undefined offset: 0 D:\virtualhost\ZZGHFTP\Apps\Mobile\Controller\IndexController.class.php 第 23 行.
NOTIC: [8] Undefined offset: 0 D:\virtualhost\ZZGHFTP\Apps\Mobile\Controller\IndexController.class.php 第 23 行.
NOTIC: [8] Undefined index:  D:\virtualhost\ZZGHFTP\Apps\Mobile\Controller\IndexController.class.php 第 23 行.
NOTIC: [8] Undefined offset: 0 D:\virtualhost\ZZGHFTP\Apps\Mobile\Controller\IndexController.class.php 第 23 行.
NOTIC: [8] Undefined offset: 0 D:\virtualhost\ZZGHFTP\Apps\Mobile\Controller\IndexController.class.php 第 23 行.
NOTIC: [8] Undefined index:  D:\virtualhost\ZZGHFTP\Apps\Mobile\Controller\IndexController.class.php 第 23 行.
NOTIC: [8] Undefined offset: 0 D:\virtualhost\ZZGHFTP\Apps\Mobile\Controller\IndexController.class.php 第 23 行.
NOTIC: [8] Undefined offset: 0 D:\virtualhost\ZZGHFTP\Apps\Mobile\Controller\IndexController.class.php 第 23 行.
NOTIC: [8] Undefined index:  D:\virtualhost\ZZGHFTP\Apps\Mobile\Controller\IndexController.class.php 第 23 行.
NOTIC: [8] Undefined offset: 0 D:\virtualhost\ZZGHFTP\Apps\Mobile\Controller\IndexController.class.php 第 23 行.
NOTIC: [8] Undefined offset: 0 D:\virtualhost\ZZGHFTP\Apps\Mobile\Controller\IndexController.class.php 第 23 行.
NOTIC: [8] Undefined index:  D:\virtualhost\ZZGHFTP\Apps\Mobile\Controller\IndexController.class.php 第 23 行.
NOTIC: [8] Undefined offset: 0 D:\virtualhost\ZZGHFTP\Apps\Mobile\Controller\IndexController.class.php 第 23 行.
NOTIC: [8] Undefined offset: 0 D:\virtualhost\ZZGHFTP\Apps\Mobile\Controller\IndexController.class.php 第 23 行.
NOTIC: [8] Undefined index:  D:\virtualhost\ZZGHFTP\Apps\Mobile\Controller\IndexController.class.php 第 23 行.
NOTIC: [8] Undefined offset: 0 D:\virtualhost\ZZGHFTP\Apps\Mobile\Controller\IndexController.class.php 第 23 行.
NOTIC: [8] Undefined offset: 0 D:\virtualhost\ZZGHFTP\Apps\Mobile\Controller\IndexController.class.php 第 23 行.
NOTIC: [8] Undefined index:  D:\virtualhost\ZZGHFTP\Apps\Mobile\Controller\IndexController.class.php 第 23 行.
NOTIC: [8] Undefined offset: 0 D:\virtualhost\ZZGHFTP\Apps\Mobile\Controller\IndexController.class.php 第 23 行.
NOTIC: [8] Undefined offset: 0 D:\virtualhost\ZZGHFTP\Apps\Mobile\Controller\IndexController.class.php 第 23 行.
NOTIC: [8] Undefined index:  D:\virtualhost\ZZGHFTP\Apps\Mobile\Controller\IndexController.class.php 第 23 行.
SQL: SELECT * FROM `yunzhan_category` LIMIT 1   [ RunTime:0.0000s ]
SQL: SELECT * FROM `yunzhan_config` WHERE `id` = 1 LIMIT 1   [ RunTime:0.0000s ]
SQL: SELECT * FROM `yunzhan_service` WHERE `catid` = 1  [ RunTime:0.0156s ]
SQL: SELECT * FROM `yunzhan_article` WHERE `catid` = 2  [ RunTime:0.0000s ]
SQL: SELECT * FROM `yunzhan_ads` WHERE `catid` = 1 AND `startdate` <= 1494403263 AND `enddate` >= 1494403263 ORDER BY sort desc, id asc LIMIT 1   [ RunTime:0.0000s ]
SQL: SELECT * FROM `yunzhan_ads` WHERE `catid` = 2 AND `startdate` <= 1494403263 AND `enddate` >= 1494403263 ORDER BY sort desc, id asc  [ RunTime:0.0000s ]
SQL: SELECT * FROM `yunzhan_category` WHERE `pid` = 6 AND `display` = 1  [ RunTime:0.0000s ]
SQL: SELECT * FROM `yunzhan_article` WHERE `is_recom` = 1 AND `status` = 1 AND `catid` IN ('44','45','46','6','') ORDER BY sort asc,id desc LIMIT 4   [ RunTime:0.0000s ]
INFO: [ view_parse ] --START--
INFO: [ template_filter ] --START--
INFO: Run Behavior\ContentReplaceBehavior [ RunTime:0.000000s ]
INFO: [ template_filter ] --END-- [ RunTime:0.000000s ]
NOTIC: [8] Undefined index: alt D:\virtualhost\ZZGHFTP\Apps\Runtime\Cache\Mobile\cfca91beb49811c39e2bad25e2e139a4.php 第 66 行.
NOTIC: [8] Undefined index: alt D:\virtualhost\ZZGHFTP\Apps\Runtime\Cache\Mobile\cfca91beb49811c39e2bad25e2e139a4.php 第 66 行.
NOTIC: [8] Undefined index: alt D:\virtualhost\ZZGHFTP\Apps\Runtime\Cache\Mobile\cfca91beb49811c39e2bad25e2e139a4.php 第 66 行.
NOTIC: [8] Undefined index: alt D:\virtualhost\ZZGHFTP\Apps\Runtime\Cache\Mobile\cfca91beb49811c39e2bad25e2e139a4.php 第 66 行.
SQL: SELECT * FROM `yunzhan_category` WHERE `pid` = 47 AND `display` = 1  [ RunTime:0.0000s ]
SQL: SELECT * FROM `yunzhan_category` WHERE `pid` = 4 AND `display` = 1  [ RunTime:0.0000s ]
SQL: SELECT * FROM `yunzhan_category` WHERE `pid` = 5 AND `display` = 1  [ RunTime:0.0000s ]
INFO: Run Behavior\ParseTemplateBehavior [ RunTime:0.015625s ]
INFO: [ view_parse ] --END-- [ RunTime:0.015625s ]
INFO: [ view_filter ] --START--
INFO: Run Behavior\WriteHtmlCacheBehavior [ RunTime:0.000000s ]
INFO: [ view_filter ] --END-- [ RunTime:0.000000s ]
INFO: [ app_end ] --START--
INFO: Run Behavior\ShowPageTraceBehavior [ RunTime:0.000000s ]
INFO: [ app_end ] --END-- [ RunTime:0.000000s ]

[ 2017-05-10T16:01:13+08:00 ] 101.226.125.111 /mobile
INFO: [ app_init ] --START--
INFO: Run Behavior\BuildLiteBehavior [ RunTime:0.000000s ]
INFO: [ app_init ] --END-- [ RunTime:0.000000s ]
INFO: [ app_begin ] --START--
INFO: Run Behavior\ReadHtmlCacheBehavior [ RunTime:0.000000s ]
INFO: [ app_begin ] --END-- [ RunTime:0.000000s ]
SQL: SHOW COLUMNS FROM `yunzhan_stats` [ RunTime:0.0000s ]
SQL: DELETE FROM `yunzhan_stats` WHERE ( access_time < 1970-01-01 ) [ RunTime:0.0000s ]
SQL: SHOW COLUMNS FROM `yunzhan_category` [ RunTime:0.0000s ]
SQL: SHOW COLUMNS FROM `yunzhan_config` [ RunTime:0.0000s ]
SQL: SHOW COLUMNS FROM `yunzhan_case` [ RunTime:0.0000s ]
SQL: SHOW COLUMNS FROM `yunzhan_ads` [ RunTime:0.0156s ]
SQL: SHOW COLUMNS FROM `yunzhan_article` [ RunTime:0.0000s ]
SQL: SHOW COLUMNS FROM `yunzhan_links` [ RunTime:0.0000s ]
SQL: SHOW COLUMNS FROM `yunzhan_service` [ RunTime:0.0000s ]
SQL: SELECT * FROM `yunzhan_category` WHERE ( 1=1 ) ORDER BY sort asc, id asc  [ RunTime:0.0000s ]
NOTIC: [8] Undefined index: is_jump D:\virtualhost\ZZGHFTP\Apps\Mobile\Model\CategoryModel.class.php 第 14 行.
NOTIC: [8] Undefined index: is_jump D:\virtualhost\ZZGHFTP\Apps\Mobile\Model\CategoryModel.class.php 第 14 行.
NOTIC: [8] Undefined index: is_jump D:\virtualhost\ZZGHFTP\Apps\Mobile\Model\CategoryModel.class.php 第 14 行.
NOTIC: [8] Undefined index: is_jump D:\virtualhost\ZZGHFTP\Apps\Mobile\Model\CategoryModel.class.php 第 14 行.
NOTIC: [8] Undefined index: is_jump D:\virtualhost\ZZGHFTP\Apps\Mobile\Model\CategoryModel.class.php 第 14 行.
NOTIC: [8] Undefined index: is_jump D:\virtualhost\ZZGHFTP\Apps\Mobile\Model\CategoryModel.class.php 第 14 行.
NOTIC: [8] Undefined index: is_jump D:\virtualhost\ZZGHFTP\Apps\Mobile\Model\CategoryModel.class.php 第 14 行.
NOTIC: [8] Undefined index: is_jump D:\virtualhost\ZZGHFTP\Apps\Mobile\Model\CategoryModel.class.php 第 14 行.
NOTIC: [8] Undefined index: is_jump D:\virtualhost\ZZGHFTP\Apps\Mobile\Model\CategoryModel.class.php 第 14 行.
NOTIC: [8] Undefined index: is_jump D:\virtualhost\ZZGHFTP\Apps\Mobile\Model\CategoryModel.class.php 第 14 行.
NOTIC: [8] Undefined index: is_jump D:\virtualhost\ZZGHFTP\Apps\Mobile\Model\CategoryModel.class.php 第 14 行.
NOTIC: [8] Undefined index: is_jump D:\virtualhost\ZZGHFTP\Apps\Mobile\Model\CategoryModel.class.php 第 14 行.
NOTIC: [8] Undefined index: is_jump D:\virtualhost\ZZGHFTP\Apps\Mobile\Model\CategoryModel.class.php 第 14 行.
NOTIC: [8] Undefined index: is_jump D:\virtualhost\ZZGHFTP\Apps\Mobile\Model\CategoryModel.class.php 第 14 行.
NOTIC: [8] Undefined index: is_jump D:\virtualhost\ZZGHFTP\Apps\Mobile\Model\CategoryModel.class.php 第 14 行.
NOTIC: [8] Undefined index: is_jump D:\virtualhost\ZZGHFTP\Apps\Mobile\Model\CategoryModel.class.php 第 14 行.
NOTIC: [8] Undefined index: is_jump D:\virtualhost\ZZGHFTP\Apps\Mobile\Model\CategoryModel.class.php 第 14 行.
NOTIC: [8] Undefined index: is_jump D:\virtualhost\ZZGHFTP\Apps\Mobile\Model\CategoryModel.class.php 第 14 行.
NOTIC: [8] Undefined index: is_jump D:\virtualhost\ZZGHFTP\Apps\Mobile\Model\CategoryModel.class.php 第 14 行.
NOTIC: [8] Undefined index: is_jump D:\virtualhost\ZZGHFTP\Apps\Mobile\Model\CategoryModel.class.php 第 14 行.
NOTIC: [8] Undefined index: is_jump D:\virtualhost\ZZGHFTP\Apps\Mobile\Model\CategoryModel.class.php 第 14 行.
NOTIC: [8] Undefined index: is_jump D:\virtualhost\ZZGHFTP\Apps\Mobile\Model\CategoryModel.class.php 第 14 行.
NOTIC: [8] Undefined index: is_jump D:\virtualhost\ZZGHFTP\Apps\Mobile\Model\CategoryModel.class.php 第 14 行.
NOTIC: [8] Undefined index: is_jump D:\virtualhost\ZZGHFTP\Apps\Mobile\Model\CategoryModel.class.php 第 14 行.
NOTIC: [8] Undefined index: is_jump D:\virtualhost\ZZGHFTP\Apps\Mobile\Model\CategoryModel.class.php 第 14 行.
NOTIC: [8] Undefined index: is_jump D:\virtualhost\ZZGHFTP\Apps\Mobile\Model\CategoryModel.class.php 第 14 行.
NOTIC: [8] Undefined index: is_jump D:\virtualhost\ZZGHFTP\Apps\Mobile\Model\CategoryModel.class.php 第 14 行.
NOTIC: [8] Undefined index: is_jump D:\virtualhost\ZZGHFTP\Apps\Mobile\Model\CategoryModel.class.php 第 14 行.
NOTIC: [8] Undefined index: is_jump D:\virtualhost\ZZGHFTP\Apps\Mobile\Model\CategoryModel.class.php 第 14 行.
NOTIC: [8] Undefined index: is_jump D:\virtualhost\ZZGHFTP\Apps\Mobile\Model\CategoryModel.class.php 第 14 行.
NOTIC: [8] Undefined index: is_jump D:\virtualhost\ZZGHFTP\Apps\Mobile\Model\CategoryModel.class.php 第 14 行.
NOTIC: [8] Undefined index: is_jump D:\virtualhost\ZZGHFTP\Apps\Mobile\Model\CategoryModel.class.php 第 14 行.
NOTIC: [8] Undefined index: is_jump D:\virtualhost\ZZGHFTP\Apps\Mobile\Model\CategoryModel.class.php 第 14 行.
NOTIC: [8] Undefined index: is_jump D:\virtualhost\ZZGHFTP\Apps\Mobile\Model\CategoryModel.class.php 第 14 行.
NOTIC: [8] Undefined index: is_jump D:\virtualhost\ZZGHFTP\Apps\Mobile\Model\CategoryModel.class.php 第 14 行.
NOTIC: [8] Undefined index: is_jump D:\virtualhost\ZZGHFTP\Apps\Mobile\Model\CategoryModel.class.php 第 14 行.
NOTIC: [8] Undefined index: is_jump D:\virtualhost\ZZGHFTP\Apps\Mobile\Model\CategoryModel.class.php 第 14 行.
NOTIC: [8] Undefined index: is_jump D:\virtualhost\ZZGHFTP\Apps\Mobile\Model\CategoryModel.class.php 第 14 行.
NOTIC: [8] Undefined index: is_jump D:\virtualhost\ZZGHFTP\Apps\Mobile\Model\CategoryModel.class.php 第 14 行.
NOTIC: [8] Undefined index: is_jump D:\virtualhost\ZZGHFTP\Apps\Mobile\Model\CategoryModel.class.php 第 14 行.
NOTIC: [8] Undefined index: is_jump D:\virtualhost\ZZGHFTP\Apps\Mobile\Model\CategoryModel.class.php 第 14 行.
NOTIC: [8] Undefined index: is_jump D:\virtualhost\ZZGHFTP\Apps\Mobile\Model\CategoryModel.class.php 第 14 行.
NOTIC: [8] Undefined index: is_jump D:\virtualhost\ZZGHFTP\Apps\Mobile\Model\CategoryModel.class.php 第 14 行.
NOTIC: [8] Undefined index: is_jump D:\virtualhost\ZZGHFTP\Apps\Mobile\Model\CategoryModel.class.php 第 14 行.
NOTIC: [8] Undefined index: is_jump D:\virtualhost\ZZGHFTP\Apps\Mobile\Model\CategoryModel.class.php 第 14 行.
NOTIC: [8] Undefined index: is_jump D:\virtualhost\ZZGHFTP\Apps\Mobile\Model\CategoryModel.class.php 第 14 行.
NOTIC: [8] Undefined index: is_jump D:\virtualhost\ZZGHFTP\Apps\Mobile\Model\CategoryModel.class.php 第 14 行.
NOTIC: [8] Undefined index: is_jump D:\virtualhost\ZZGHFTP\Apps\Mobile\Model\CategoryModel.class.php 第 14 行.
NOTIC: [8] Undefined index: is_jump D:\virtualhost\ZZGHFTP\Apps\Mobile\Model\CategoryModel.class.php 第 14 行.
NOTIC: [8] Undefined index: is_jump D:\virtualhost\ZZGHFTP\Apps\Mobile\Model\CategoryModel.class.php 第 14 行.
NOTIC: [8] Undefined index: is_jump D:\virtualhost\ZZGHFTP\Apps\Mobile\Model\CategoryModel.class.php 第 14 行.
SQL: SHOW COLUMNS FROM `yunzhan_category` [ RunTime:0.0000s ]
SQL: SELECT * FROM `yunzhan_category` WHERE `pid` = 0 AND `display` = 1 AND `nav_display` = 1  [ RunTime:0.0156s ]
NOTIC: [8] Undefined offset: 0 D:\virtualhost\ZZGHFTP\Apps\Mobile\Controller\IndexController.class.php 第 23 行.
NOTIC: [8] Undefined offset: 0 D:\virtualhost\ZZGHFTP\Apps\Mobile\Controller\IndexController.class.php 第 23 行.
NOTIC: [8] Undefined index:  D:\virtualhost\ZZGHFTP\Apps\Mobile\Controller\IndexController.class.php 第 23 行.
NOTIC: [8] Undefined offset: 0 D:\virtualhost\ZZGHFTP\Apps\Mobile\Controller\IndexController.class.php 第 23 行.
NOTIC: [8] Undefined offset: 0 D:\virtualhost\ZZGHFTP\Apps\Mobile\Controller\IndexController.class.php 第 23 行.
NOTIC: [8] Undefined index:  D:\virtualhost\ZZGHFTP\Apps\Mobile\Controller\IndexController.class.php 第 23 行.
NOTIC: [8] Undefined offset: 0 D:\virtualhost\ZZGHFTP\Apps\Mobile\Controller\IndexController.class.php 第 23 行.
NOTIC: [8] Undefined offset: 0 D:\virtualhost\ZZGHFTP\Apps\Mobile\Controller\IndexController.class.php 第 23 行.
NOTIC: [8] Undefined index:  D:\virtualhost\ZZGHFTP\Apps\Mobile\Controller\IndexController.class.php 第 23 行.
NOTIC: [8] Undefined offset: 0 D:\virtualhost\ZZGHFTP\Apps\Mobile\Controller\IndexController.class.php 第 23 行.
NOTIC: [8] Undefined offset: 0 D:\virtualhost\ZZGHFTP\Apps\Mobile\Controller\IndexController.class.php 第 23 行.
NOTIC: [8] Undefined index:  D:\virtualhost\ZZGHFTP\Apps\Mobile\Controller\IndexController.class.php 第 23 行.
NOTIC: [8] Undefined offset: 0 D:\virtualhost\ZZGHFTP\Apps\Mobile\Controller\IndexController.class.php 第 23 行.
NOTIC: [8] Undefined offset: 0 D:\virtualhost\ZZGHFTP\Apps\Mobile\Controller\IndexController.class.php 第 23 行.
NOTIC: [8] Undefined index:  D:\virtualhost\ZZGHFTP\Apps\Mobile\Controller\IndexController.class.php 第 23 行.
NOTIC: [8] Undefined offset: 0 D:\virtualhost\ZZGHFTP\Apps\Mobile\Controller\IndexController.class.php 第 23 行.
NOTIC: [8] Undefined offset: 0 D:\virtualhost\ZZGHFTP\Apps\Mobile\Controller\IndexController.class.php 第 23 行.
NOTIC: [8] Undefined index:  D:\virtualhost\ZZGHFTP\Apps\Mobile\Controller\IndexController.class.php 第 23 行.
NOTIC: [8] Undefined offset: 0 D:\virtualhost\ZZGHFTP\Apps\Mobile\Controller\IndexController.class.php 第 23 行.
NOTIC: [8] Undefined offset: 0 D:\virtualhost\ZZGHFTP\Apps\Mobile\Controller\IndexController.class.php 第 23 行.
NOTIC: [8] Undefined index:  D:\virtualhost\ZZGHFTP\Apps\Mobile\Controller\IndexController.class.php 第 23 行.
NOTIC: [8] Undefined offset: 0 D:\virtualhost\ZZGHFTP\Apps\Mobile\Controller\IndexController.class.php 第 23 行.
NOTIC: [8] Undefined offset: 0 D:\virtualhost\ZZGHFTP\Apps\Mobile\Controller\IndexController.class.php 第 23 行.
NOTIC: [8] Undefined index:  D:\virtualhost\ZZGHFTP\Apps\Mobile\Controller\IndexController.class.php 第 23 行.
NOTIC: [8] Undefined offset: 0 D:\virtualhost\ZZGHFTP\Apps\Mobile\Controller\IndexController.class.php 第 23 行.
NOTIC: [8] Undefined offset: 0 D:\virtualhost\ZZGHFTP\Apps\Mobile\Controller\IndexController.class.php 第 23 行.
NOTIC: [8] Undefined index:  D:\virtualhost\ZZGHFTP\Apps\Mobile\Controller\IndexController.class.php 第 23 行.
NOTIC: [8] Undefined offset: 0 D:\virtualhost\ZZGHFTP\Apps\Mobile\Controller\IndexController.class.php 第 23 行.
NOTIC: [8] Undefined offset: 0 D:\virtualhost\ZZGHFTP\Apps\Mobile\Controller\IndexController.class.php 第 23 行.
NOTIC: [8] Undefined index:  D:\virtualhost\ZZGHFTP\Apps\Mobile\Controller\IndexController.class.php 第 23 行.
SQL: SELECT * FROM `yunzhan_category` LIMIT 1   [ RunTime:0.0000s ]
SQL: SELECT * FROM `yunzhan_config` WHERE `id` = 1 LIMIT 1   [ RunTime:0.0000s ]
SQL: SELECT * FROM `yunzhan_service` WHERE `catid` = 1  [ RunTime:0.0000s ]
SQL: SELECT * FROM `yunzhan_article` WHERE `catid` = 2  [ RunTime:0.0000s ]
SQL: SELECT * FROM `yunzhan_ads` WHERE `catid` = 1 AND `startdate` <= 1494403273 AND `enddate` >= 1494403273 ORDER BY sort desc, id asc LIMIT 1   [ RunTime:0.0000s ]
SQL: SELECT * FROM `yunzhan_ads` WHERE `catid` = 2 AND `startdate` <= 1494403273 AND `enddate` >= 1494403273 ORDER BY sort desc, id asc  [ RunTime:0.0156s ]
SQL: SELECT * FROM `yunzhan_category` WHERE `pid` = 6 AND `display` = 1  [ RunTime:0.0000s ]
SQL: SELECT * FROM `yunzhan_article` WHERE `is_recom` = 1 AND `status` = 1 AND `catid` IN ('44','45','46','6','') ORDER BY sort asc,id desc LIMIT 4   [ RunTime:0.0000s ]
INFO: [ view_parse ] --START--
INFO: [ template_filter ] --START--
INFO: Run Behavior\ContentReplaceBehavior [ RunTime:0.000000s ]
INFO: [ template_filter ] --END-- [ RunTime:0.000000s ]
NOTIC: [8] Undefined index: alt D:\virtualhost\ZZGHFTP\Apps\Runtime\Cache\Mobile\cfca91beb49811c39e2bad25e2e139a4.php 第 66 行.
NOTIC: [8] Undefined index: alt D:\virtualhost\ZZGHFTP\Apps\Runtime\Cache\Mobile\cfca91beb49811c39e2bad25e2e139a4.php 第 66 行.
NOTIC: [8] Undefined index: alt D:\virtualhost\ZZGHFTP\Apps\Runtime\Cache\Mobile\cfca91beb49811c39e2bad25e2e139a4.php 第 66 行.
NOTIC: [8] Undefined index: alt D:\virtualhost\ZZGHFTP\Apps\Runtime\Cache\Mobile\cfca91beb49811c39e2bad25e2e139a4.php 第 66 行.
SQL: SELECT * FROM `yunzhan_category` WHERE `pid` = 47 AND `display` = 1  [ RunTime:0.0000s ]
SQL: SELECT * FROM `yunzhan_category` WHERE `pid` = 4 AND `display` = 1  [ RunTime:0.0000s ]
SQL: SELECT * FROM `yunzhan_category` WHERE `pid` = 5 AND `display` = 1  [ RunTime:0.0000s ]
INFO: Run Behavior\ParseTemplateBehavior [ RunTime:0.015626s ]
INFO: [ view_parse ] --END-- [ RunTime:0.015626s ]
INFO: [ view_filter ] --START--
INFO: Run Behavior\WriteHtmlCacheBehavior [ RunTime:0.000000s ]
INFO: [ view_filter ] --END-- [ RunTime:0.000000s ]
INFO: [ app_end ] --START--
INFO: Run Behavior\ShowPageTraceBehavior [ RunTime:0.000000s ]
INFO: [ app_end ] --END-- [ RunTime:0.000000s ]

[ 2017-05-10T16:08:14+08:00 ] 121.101.208.18 /mobile
INFO: [ app_init ] --START--
INFO: Run Behavior\BuildLiteBehavior [ RunTime:0.000000s ]
INFO: [ app_init ] --END-- [ RunTime:0.000000s ]
INFO: [ app_begin ] --START--
INFO: Run Behavior\ReadHtmlCacheBehavior [ RunTime:0.000000s ]
INFO: [ app_begin ] --END-- [ RunTime:0.000000s ]
SQL: SHOW COLUMNS FROM `yunzhan_stats` [ RunTime:0.0000s ]
SQL: DELETE FROM `yunzhan_stats` WHERE ( access_time < 1970-01-01 ) [ RunTime:0.0000s ]
SQL: SHOW COLUMNS FROM `yunzhan_category` [ RunTime:0.0000s ]
SQL: SHOW COLUMNS FROM `yunzhan_config` [ RunTime:0.0000s ]
SQL: SHOW COLUMNS FROM `yunzhan_case` [ RunTime:0.0000s ]
SQL: SHOW COLUMNS FROM `yunzhan_ads` [ RunTime:0.0000s ]
SQL: SHOW COLUMNS FROM `yunzhan_article` [ RunTime:0.0000s ]
SQL: SHOW COLUMNS FROM `yunzhan_links` [ RunTime:0.0156s ]
SQL: SHOW COLUMNS FROM `yunzhan_service` [ RunTime:0.0000s ]
SQL: SELECT * FROM `yunzhan_category` WHERE ( 1=1 ) ORDER BY sort asc, id asc  [ RunTime:0.0000s ]
NOTIC: [8] Undefined index: is_jump D:\virtualhost\ZZGHFTP\Apps\Mobile\Model\CategoryModel.class.php 第 14 行.
NOTIC: [8] Undefined index: is_jump D:\virtualhost\ZZGHFTP\Apps\Mobile\Model\CategoryModel.class.php 第 14 行.
NOTIC: [8] Undefined index: is_jump D:\virtualhost\ZZGHFTP\Apps\Mobile\Model\CategoryModel.class.php 第 14 行.
NOTIC: [8] Undefined index: is_jump D:\virtualhost\ZZGHFTP\Apps\Mobile\Model\CategoryModel.class.php 第 14 行.
NOTIC: [8] Undefined index: is_jump D:\virtualhost\ZZGHFTP\Apps\Mobile\Model\CategoryModel.class.php 第 14 行.
NOTIC: [8] Undefined index: is_jump D:\virtualhost\ZZGHFTP\Apps\Mobile\Model\CategoryModel.class.php 第 14 行.
NOTIC: [8] Undefined index: is_jump D:\virtualhost\ZZGHFTP\Apps\Mobile\Model\CategoryModel.class.php 第 14 行.
NOTIC: [8] Undefined index: is_jump D:\virtualhost\ZZGHFTP\Apps\Mobile\Model\CategoryModel.class.php 第 14 行.
NOTIC: [8] Undefined index: is_jump D:\virtualhost\ZZGHFTP\Apps\Mobile\Model\CategoryModel.class.php 第 14 行.
NOTIC: [8] Undefined index: is_jump D:\virtualhost\ZZGHFTP\Apps\Mobile\Model\CategoryModel.class.php 第 14 行.
NOTIC: [8] Undefined index: is_jump D:\virtualhost\ZZGHFTP\Apps\Mobile\Model\CategoryModel.class.php 第 14 行.
NOTIC: [8] Undefined index: is_jump D:\virtualhost\ZZGHFTP\Apps\Mobile\Model\CategoryModel.class.php 第 14 行.
NOTIC: [8] Undefined index: is_jump D:\virtualhost\ZZGHFTP\Apps\Mobile\Model\CategoryModel.class.php 第 14 行.
NOTIC: [8] Undefined index: is_jump D:\virtualhost\ZZGHFTP\Apps\Mobile\Model\CategoryModel.class.php 第 14 行.
NOTIC: [8] Undefined index: is_jump D:\virtualhost\ZZGHFTP\Apps\Mobile\Model\CategoryModel.class.php 第 14 行.
NOTIC: [8] Undefined index: is_jump D:\virtualhost\ZZGHFTP\Apps\Mobile\Model\CategoryModel.class.php 第 14 行.
NOTIC: [8] Undefined index: is_jump D:\virtualhost\ZZGHFTP\Apps\Mobile\Model\CategoryModel.class.php 第 14 行.
NOTIC: [8] Undefined index: is_jump D:\virtualhost\ZZGHFTP\Apps\Mobile\Model\CategoryModel.class.php 第 14 行.
NOTIC: [8] Undefined index: is_jump D:\virtualhost\ZZGHFTP\Apps\Mobile\Model\CategoryModel.class.php 第 14 行.
NOTIC: [8] Undefined index: is_jump D:\virtualhost\ZZGHFTP\Apps\Mobile\Model\CategoryModel.class.php 第 14 行.
NOTIC: [8] Undefined index: is_jump D:\virtualhost\ZZGHFTP\Apps\Mobile\Model\CategoryModel.class.php 第 14 行.
NOTIC: [8] Undefined index: is_jump D:\virtualhost\ZZGHFTP\Apps\Mobile\Model\CategoryModel.class.php 第 14 行.
NOTIC: [8] Undefined index: is_jump D:\virtualhost\ZZGHFTP\Apps\Mobile\Model\CategoryModel.class.php 第 14 行.
NOTIC: [8] Undefined index: is_jump D:\virtualhost\ZZGHFTP\Apps\Mobile\Model\CategoryModel.class.php 第 14 行.
NOTIC: [8] Undefined index: is_jump D:\virtualhost\ZZGHFTP\Apps\Mobile\Model\CategoryModel.class.php 第 14 行.
NOTIC: [8] Undefined index: is_jump D:\virtualhost\ZZGHFTP\Apps\Mobile\Model\CategoryModel.class.php 第 14 行.
NOTIC: [8] Undefined index: is_jump D:\virtualhost\ZZGHFTP\Apps\Mobile\Model\CategoryModel.class.php 第 14 行.
NOTIC: [8] Undefined index: is_jump D:\virtualhost\ZZGHFTP\Apps\Mobile\Model\CategoryModel.class.php 第 14 行.
NOTIC: [8] Undefined index: is_jump D:\virtualhost\ZZGHFTP\Apps\Mobile\Model\CategoryModel.class.php 第 14 行.
NOTIC: [8] Undefined index: is_jump D:\virtualhost\ZZGHFTP\Apps\Mobile\Model\CategoryModel.class.php 第 14 行.
NOTIC: [8] Undefined index: is_jump D:\virtualhost\ZZGHFTP\Apps\Mobile\Model\CategoryModel.class.php 第 14 行.
NOTIC: [8] Undefined index: is_jump D:\virtualhost\ZZGHFTP\Apps\Mobile\Model\CategoryModel.class.php 第 14 行.
NOTIC: [8] Undefined index: is_jump D:\virtualhost\ZZGHFTP\Apps\Mobile\Model\CategoryModel.class.php 第 14 行.
NOTIC: [8] Undefined index: is_jump D:\virtualhost\ZZGHFTP\Apps\Mobile\Model\CategoryModel.class.php 第 14 行.
NOTIC: [8] Undefined index: is_jump D:\virtualhost\ZZGHFTP\Apps\Mobile\Model\CategoryModel.class.php 第 14 行.
NOTIC: [8] Undefined index: is_jump D:\virtualhost\ZZGHFTP\Apps\Mobile\Model\CategoryModel.class.php 第 14 行.
NOTIC: [8] Undefined index: is_jump D:\virtualhost\ZZGHFTP\Apps\Mobile\Model\CategoryModel.class.php 第 14 行.
NOTIC: [8] Undefined index: is_jump D:\virtualhost\ZZGHFTP\Apps\Mobile\Model\CategoryModel.class.php 第 14 行.
NOTIC: [8] Undefined index: is_jump D:\virtualhost\ZZGHFTP\Apps\Mobile\Model\CategoryModel.class.php 第 14 行.
NOTIC: [8] Undefined index: is_jump D:\virtualhost\ZZGHFTP\Apps\Mobile\Model\CategoryModel.class.php 第 14 行.
NOTIC: [8] Undefined index: is_jump D:\virtualhost\ZZGHFTP\Apps\Mobile\Model\CategoryModel.class.php 第 14 行.
NOTIC: [8] Undefined index: is_jump D:\virtualhost\ZZGHFTP\Apps\Mobile\Model\CategoryModel.class.php 第 14 行.
NOTIC: [8] Undefined index: is_jump D:\virtualhost\ZZGHFTP\Apps\Mobile\Model\CategoryModel.class.php 第 14 行.
NOTIC: [8] Undefined index: is_jump D:\virtualhost\ZZGHFTP\Apps\Mobile\Model\CategoryModel.class.php 第 14 行.
NOTIC: [8] Undefined index: is_jump D:\virtualhost\ZZGHFTP\Apps\Mobile\Model\CategoryModel.class.php 第 14 行.
NOTIC: [8] Undefined index: is_jump D:\virtualhost\ZZGHFTP\Apps\Mobile\Model\CategoryModel.class.php 第 14 行.
NOTIC: [8] Undefined index: is_jump D:\virtualhost\ZZGHFTP\Apps\Mobile\Model\CategoryModel.class.php 第 14 行.
NOTIC: [8] Undefined index: is_jump D:\virtualhost\ZZGHFTP\Apps\Mobile\Model\CategoryModel.class.php 第 14 行.
NOTIC: [8] Undefined index: is_jump D:\virtualhost\ZZGHFTP\Apps\Mobile\Model\CategoryModel.class.php 第 14 行.
NOTIC: [8] Undefined index: is_jump D:\virtualhost\ZZGHFTP\Apps\Mobile\Model\CategoryModel.class.php 第 14 行.
NOTIC: [8] Undefined index: is_jump D:\virtualhost\ZZGHFTP\Apps\Mobile\Model\CategoryModel.class.php 第 14 行.
SQL: SHOW COLUMNS FROM `yunzhan_category` [ RunTime:0.0000s ]
SQL: SELECT * FROM `yunzhan_category` WHERE `pid` = 0 AND `display` = 1 AND `nav_display` = 1  [ RunTime:0.0000s ]
NOTIC: [8] Undefined offset: 0 D:\virtualhost\ZZGHFTP\Apps\Mobile\Controller\IndexController.class.php 第 23 行.
NOTIC: [8] Undefined offset: 0 D:\virtualhost\ZZGHFTP\Apps\Mobile\Controller\IndexController.class.php 第 23 行.
NOTIC: [8] Undefined index:  D:\virtualhost\ZZGHFTP\Apps\Mobile\Controller\IndexController.class.php 第 23 行.
NOTIC: [8] Undefined offset: 0 D:\virtualhost\ZZGHFTP\Apps\Mobile\Controller\IndexController.class.php 第 23 行.
NOTIC: [8] Undefined offset: 0 D:\virtualhost\ZZGHFTP\Apps\Mobile\Controller\IndexController.class.php 第 23 行.
NOTIC: [8] Undefined index:  D:\virtualhost\ZZGHFTP\Apps\Mobile\Controller\IndexController.class.php 第 23 行.
NOTIC: [8] Undefined offset: 0 D:\virtualhost\ZZGHFTP\Apps\Mobile\Controller\IndexController.class.php 第 23 行.
NOTIC: [8] Undefined offset: 0 D:\virtualhost\ZZGHFTP\Apps\Mobile\Controller\IndexController.class.php 第 23 行.
NOTIC: [8] Undefined index:  D:\virtualhost\ZZGHFTP\Apps\Mobile\Controller\IndexController.class.php 第 23 行.
NOTIC: [8] Undefined offset: 0 D:\virtualhost\ZZGHFTP\Apps\Mobile\Controller\IndexController.class.php 第 23 行.
NOTIC: [8] Undefined offset: 0 D:\virtualhost\ZZGHFTP\Apps\Mobile\Controller\IndexController.class.php 第 23 行.
NOTIC: [8] Undefined index:  D:\virtualhost\ZZGHFTP\Apps\Mobile\Controller\IndexController.class.php 第 23 行.
NOTIC: [8] Undefined offset: 0 D:\virtualhost\ZZGHFTP\Apps\Mobile\Controller\IndexController.class.php 第 23 行.
NOTIC: [8] Undefined offset: 0 D:\virtualhost\ZZGHFTP\Apps\Mobile\Controller\IndexController.class.php 第 23 行.
NOTIC: [8] Undefined index:  D:\virtualhost\ZZGHFTP\Apps\Mobile\Controller\IndexController.class.php 第 23 行.
NOTIC: [8] Undefined offset: 0 D:\virtualhost\ZZGHFTP\Apps\Mobile\Controller\IndexController.class.php 第 23 行.
NOTIC: [8] Undefined offset: 0 D:\virtualhost\ZZGHFTP\Apps\Mobile\Controller\IndexController.class.php 第 23 行.
NOTIC: [8] Undefined index:  D:\virtualhost\ZZGHFTP\Apps\Mobile\Controller\IndexController.class.php 第 23 行.
NOTIC: [8] Undefined offset: 0 D:\virtualhost\ZZGHFTP\Apps\Mobile\Controller\IndexController.class.php 第 23 行.
NOTIC: [8] Undefined offset: 0 D:\virtualhost\ZZGHFTP\Apps\Mobile\Controller\IndexController.class.php 第 23 行.
NOTIC: [8] Undefined index:  D:\virtualhost\ZZGHFTP\Apps\Mobile\Controller\IndexController.class.php 第 23 行.
NOTIC: [8] Undefined offset: 0 D:\virtualhost\ZZGHFTP\Apps\Mobile\Controller\IndexController.class.php 第 23 行.
NOTIC: [8] Undefined offset: 0 D:\virtualhost\ZZGHFTP\Apps\Mobile\Controller\IndexController.class.php 第 23 行.
NOTIC: [8] Undefined index:  D:\virtualhost\ZZGHFTP\Apps\Mobile\Controller\IndexController.class.php 第 23 行.
NOTIC: [8] Undefined offset: 0 D:\virtualhost\ZZGHFTP\Apps\Mobile\Controller\IndexController.class.php 第 23 行.
NOTIC: [8] Undefined offset: 0 D:\virtualhost\ZZGHFTP\Apps\Mobile\Controller\IndexController.class.php 第 23 行.
NOTIC: [8] Undefined index:  D:\virtualhost\ZZGHFTP\Apps\Mobile\Controller\IndexController.class.php 第 23 行.
NOTIC: [8] Undefined offset: 0 D:\virtualhost\ZZGHFTP\Apps\Mobile\Controller\IndexController.class.php 第 23 行.
NOTIC: [8] Undefined offset: 0 D:\virtualhost\ZZGHFTP\Apps\Mobile\Controller\IndexController.class.php 第 23 行.
NOTIC: [8] Undefined index:  D:\virtualhost\ZZGHFTP\Apps\Mobile\Controller\IndexController.class.php 第 23 行.
SQL: SELECT * FROM `yunzhan_category` LIMIT 1   [ RunTime:0.0000s ]
SQL: SELECT * FROM `yunzhan_config` WHERE `id` = 1 LIMIT 1   [ RunTime:0.0000s ]
SQL: SELECT * FROM `yunzhan_service` WHERE `catid` = 1  [ RunTime:0.0000s ]
SQL: SELECT * FROM `yunzhan_article` WHERE `catid` = 2  [ RunTime:0.0000s ]
SQL: SELECT * FROM `yunzhan_ads` WHERE `catid` = 1 AND `startdate` <= 1494403694 AND `enddate` >= 1494403694 ORDER BY sort desc, id asc LIMIT 1   [ RunTime:0.0156s ]
SQL: SELECT * FROM `yunzhan_ads` WHERE `catid` = 2 AND `startdate` <= 1494403694 AND `enddate` >= 1494403694 ORDER BY sort desc, id asc  [ RunTime:0.0000s ]
SQL: SELECT * FROM `yunzhan_category` WHERE `pid` = 6 AND `display` = 1  [ RunTime:0.0000s ]
SQL: SELECT * FROM `yunzhan_article` WHERE `is_recom` = 1 AND `status` = 1 AND `catid` IN ('44','45','46','6','') ORDER BY sort asc,id desc LIMIT 4   [ RunTime:0.0000s ]
INFO: [ view_parse ] --START--
INFO: [ template_filter ] --START--
INFO: Run Behavior\ContentReplaceBehavior [ RunTime:0.000000s ]
INFO: [ template_filter ] --END-- [ RunTime:0.000000s ]
NOTIC: [8] Undefined index: alt D:\virtualhost\ZZGHFTP\Apps\Runtime\Cache\Mobile\cfca91beb49811c39e2bad25e2e139a4.php 第 66 行.
NOTIC: [8] Undefined index: alt D:\virtualhost\ZZGHFTP\Apps\Runtime\Cache\Mobile\cfca91beb49811c39e2bad25e2e139a4.php 第 66 行.
NOTIC: [8] Undefined index: alt D:\virtualhost\ZZGHFTP\Apps\Runtime\Cache\Mobile\cfca91beb49811c39e2bad25e2e139a4.php 第 66 行.
NOTIC: [8] Undefined index: alt D:\virtualhost\ZZGHFTP\Apps\Runtime\Cache\Mobile\cfca91beb49811c39e2bad25e2e139a4.php 第 66 行.
SQL: SELECT * FROM `yunzhan_category` WHERE `pid` = 47 AND `display` = 1  [ RunTime:0.0000s ]
SQL: SELECT * FROM `yunzhan_category` WHERE `pid` = 4 AND `display` = 1  [ RunTime:0.0000s ]
SQL: SELECT * FROM `yunzhan_category` WHERE `pid` = 5 AND `display` = 1  [ RunTime:0.0000s ]
INFO: Run Behavior\ParseTemplateBehavior [ RunTime:0.015626s ]
INFO: [ view_parse ] --END-- [ RunTime:0.015626s ]
INFO: [ view_filter ] --START--
INFO: Run Behavior\WriteHtmlCacheBehavior [ RunTime:0.000000s ]
INFO: [ view_filter ] --END-- [ RunTime:0.000000s ]
INFO: [ app_end ] --START--
INFO: Run Behavior\ShowPageTraceBehavior [ RunTime:0.000000s ]
INFO: [ app_end ] --END-- [ RunTime:0.000000s ]

[ 2017-05-10T16:39:58+08:00 ] 121.101.208.18 /mobile
INFO: [ app_init ] --START--
INFO: Run Behavior\BuildLiteBehavior [ RunTime:0.000000s ]
INFO: [ app_init ] --END-- [ RunTime:0.015625s ]
INFO: [ app_begin ] --START--
INFO: Run Behavior\ReadHtmlCacheBehavior [ RunTime:0.000000s ]
INFO: [ app_begin ] --END-- [ RunTime:0.000000s ]
SQL: SHOW COLUMNS FROM `yunzhan_stats` [ RunTime:0.0000s ]
SQL: DELETE FROM `yunzhan_stats` WHERE ( access_time < 1970-01-01 ) [ RunTime:0.0000s ]
SQL: SHOW COLUMNS FROM `yunzhan_category` [ RunTime:0.0000s ]
SQL: SHOW COLUMNS FROM `yunzhan_config` [ RunTime:0.0000s ]
SQL: SHOW COLUMNS FROM `yunzhan_case` [ RunTime:0.0156s ]
SQL: SHOW COLUMNS FROM `yunzhan_ads` [ RunTime:0.0000s ]
SQL: SHOW COLUMNS FROM `yunzhan_article` [ RunTime:0.0000s ]
SQL: SHOW COLUMNS FROM `yunzhan_links` [ RunTime:0.0000s ]
SQL: SHOW COLUMNS FROM `yunzhan_service` [ RunTime:0.0000s ]
SQL: SELECT * FROM `yunzhan_category` WHERE ( 1=1 ) ORDER BY sort asc, id asc  [ RunTime:0.0000s ]
NOTIC: [8] Undefined index: is_jump D:\virtualhost\ZZGHFTP\Apps\Mobile\Model\CategoryModel.class.php 第 14 行.
NOTIC: [8] Undefined index: is_jump D:\virtualhost\ZZGHFTP\Apps\Mobile\Model\CategoryModel.class.php 第 14 行.
NOTIC: [8] Undefined index: is_jump D:\virtualhost\ZZGHFTP\Apps\Mobile\Model\CategoryModel.class.php 第 14 行.
NOTIC: [8] Undefined index: is_jump D:\virtualhost\ZZGHFTP\Apps\Mobile\Model\CategoryModel.class.php 第 14 行.
NOTIC: [8] Undefined index: is_jump D:\virtualhost\ZZGHFTP\Apps\Mobile\Model\CategoryModel.class.php 第 14 行.
NOTIC: [8] Undefined index: is_jump D:\virtualhost\ZZGHFTP\Apps\Mobile\Model\CategoryModel.class.php 第 14 行.
NOTIC: [8] Undefined index: is_jump D:\virtualhost\ZZGHFTP\Apps\Mobile\Model\CategoryModel.class.php 第 14 行.
NOTIC: [8] Undefined index: is_jump D:\virtualhost\ZZGHFTP\Apps\Mobile\Model\CategoryModel.class.php 第 14 行.
NOTIC: [8] Undefined index: is_jump D:\virtualhost\ZZGHFTP\Apps\Mobile\Model\CategoryModel.class.php 第 14 行.
NOTIC: [8] Undefined index: is_jump D:\virtualhost\ZZGHFTP\Apps\Mobile\Model\CategoryModel.class.php 第 14 行.
NOTIC: [8] Undefined index: is_jump D:\virtualhost\ZZGHFTP\Apps\Mobile\Model\CategoryModel.class.php 第 14 行.
NOTIC: [8] Undefined index: is_jump D:\virtualhost\ZZGHFTP\Apps\Mobile\Model\CategoryModel.class.php 第 14 行.
NOTIC: [8] Undefined index: is_jump D:\virtualhost\ZZGHFTP\Apps\Mobile\Model\CategoryModel.class.php 第 14 行.
NOTIC: [8] Undefined index: is_jump D:\virtualhost\ZZGHFTP\Apps\Mobile\Model\CategoryModel.class.php 第 14 行.
NOTIC: [8] Undefined index: is_jump D:\virtualhost\ZZGHFTP\Apps\Mobile\Model\CategoryModel.class.php 第 14 行.
NOTIC: [8] Undefined index: is_jump D:\virtualhost\ZZGHFTP\Apps\Mobile\Model\CategoryModel.class.php 第 14 行.
NOTIC: [8] Undefined index: is_jump D:\virtualhost\ZZGHFTP\Apps\Mobile\Model\CategoryModel.class.php 第 14 行.
NOTIC: [8] Undefined index: is_jump D:\virtualhost\ZZGHFTP\Apps\Mobile\Model\CategoryModel.class.php 第 14 行.
NOTIC: [8] Undefined index: is_jump D:\virtualhost\ZZGHFTP\Apps\Mobile\Model\CategoryModel.class.php 第 14 行.
NOTIC: [8] Undefined index: is_jump D:\virtualhost\ZZGHFTP\Apps\Mobile\Model\CategoryModel.class.php 第 14 行.
NOTIC: [8] Undefined index: is_jump D:\virtualhost\ZZGHFTP\Apps\Mobile\Model\CategoryModel.class.php 第 14 行.
NOTIC: [8] Undefined index: is_jump D:\virtualhost\ZZGHFTP\Apps\Mobile\Model\CategoryModel.class.php 第 14 行.
NOTIC: [8] Undefined index: is_jump D:\virtualhost\ZZGHFTP\Apps\Mobile\Model\CategoryModel.class.php 第 14 行.
NOTIC: [8] Undefined index: is_jump D:\virtualhost\ZZGHFTP\Apps\Mobile\Model\CategoryModel.class.php 第 14 行.
NOTIC: [8] Undefined index: is_jump D:\virtualhost\ZZGHFTP\Apps\Mobile\Model\CategoryModel.class.php 第 14 行.
NOTIC: [8] Undefined index: is_jump D:\virtualhost\ZZGHFTP\Apps\Mobile\Model\CategoryModel.class.php 第 14 行.
NOTIC: [8] Undefined index: is_jump D:\virtualhost\ZZGHFTP\Apps\Mobile\Model\CategoryModel.class.php 第 14 行.
NOTIC: [8] Undefined index: is_jump D:\virtualhost\ZZGHFTP\Apps\Mobile\Model\CategoryModel.class.php 第 14 行.
NOTIC: [8] Undefined index: is_jump D:\virtualhost\ZZGHFTP\Apps\Mobile\Model\CategoryModel.class.php 第 14 行.
NOTIC: [8] Undefined index: is_jump D:\virtualhost\ZZGHFTP\Apps\Mobile\Model\CategoryModel.class.php 第 14 行.
NOTIC: [8] Undefined index: is_jump D:\virtualhost\ZZGHFTP\Apps\Mobile\Model\CategoryModel.class.php 第 14 行.
NOTIC: [8] Undefined index: is_jump D:\virtualhost\ZZGHFTP\Apps\Mobile\Model\CategoryModel.class.php 第 14 行.
NOTIC: [8] Undefined index: is_jump D:\virtualhost\ZZGHFTP\Apps\Mobile\Model\CategoryModel.class.php 第 14 行.
NOTIC: [8] Undefined index: is_jump D:\virtualhost\ZZGHFTP\Apps\Mobile\Model\CategoryModel.class.php 第 14 行.
NOTIC: [8] Undefined index: is_jump D:\virtualhost\ZZGHFTP\Apps\Mobile\Model\CategoryModel.class.php 第 14 行.
NOTIC: [8] Undefined index: is_jump D:\virtualhost\ZZGHFTP\Apps\Mobile\Model\CategoryModel.class.php 第 14 行.
NOTIC: [8] Undefined index: is_jump D:\virtualhost\ZZGHFTP\Apps\Mobile\Model\CategoryModel.class.php 第 14 行.
NOTIC: [8] Undefined index: is_jump D:\virtualhost\ZZGHFTP\Apps\Mobile\Model\CategoryModel.class.php 第 14 行.
NOTIC: [8] Undefined index: is_jump D:\virtualhost\ZZGHFTP\Apps\Mobile\Model\CategoryModel.class.php 第 14 行.
NOTIC: [8] Undefined index: is_jump D:\virtualhost\ZZGHFTP\Apps\Mobile\Model\CategoryModel.class.php 第 14 行.
NOTIC: [8] Undefined index: is_jump D:\virtualhost\ZZGHFTP\Apps\Mobile\Model\CategoryModel.class.php 第 14 行.
NOTIC: [8] Undefined index: is_jump D:\virtualhost\ZZGHFTP\Apps\Mobile\Model\CategoryModel.class.php 第 14 行.
NOTIC: [8] Undefined index: is_jump D:\virtualhost\ZZGHFTP\Apps\Mobile\Model\CategoryModel.class.php 第 14 行.
NOTIC: [8] Undefined index: is_jump D:\virtualhost\ZZGHFTP\Apps\Mobile\Model\CategoryModel.class.php 第 14 行.
NOTIC: [8] Undefined index: is_jump D:\virtualhost\ZZGHFTP\Apps\Mobile\Model\CategoryModel.class.php 第 14 行.
NOTIC: [8] Undefined index: is_jump D:\virtualhost\ZZGHFTP\Apps\Mobile\Model\CategoryModel.class.php 第 14 行.
NOTIC: [8] Undefined index: is_jump D:\virtualhost\ZZGHFTP\Apps\Mobile\Model\CategoryModel.class.php 第 14 行.
NOTIC: [8] Undefined index: is_jump D:\virtualhost\ZZGHFTP\Apps\Mobile\Model\CategoryModel.class.php 第 14 行.
NOTIC: [8] Undefined index: is_jump D:\virtualhost\ZZGHFTP\Apps\Mobile\Model\CategoryModel.class.php 第 14 行.
NOTIC: [8] Undefined index: is_jump D:\virtualhost\ZZGHFTP\Apps\Mobile\Model\CategoryModel.class.php 第 14 行.
NOTIC: [8] Undefined index: is_jump D:\virtualhost\ZZGHFTP\Apps\Mobile\Model\CategoryModel.class.php 第 14 行.
SQL: SHOW COLUMNS FROM `yunzhan_category` [ RunTime:0.0000s ]
SQL: SELECT * FROM `yunzhan_category` WHERE `pid` = 0 AND `display` = 1 AND `nav_display` = 1  [ RunTime:0.0000s ]
NOTIC: [8] Undefined offset: 0 D:\virtualhost\ZZGHFTP\Apps\Mobile\Controller\IndexController.class.php 第 23 行.
NOTIC: [8] Undefined offset: 0 D:\virtualhost\ZZGHFTP\Apps\Mobile\Controller\IndexController.class.php 第 23 行.
NOTIC: [8] Undefined index:  D:\virtualhost\ZZGHFTP\Apps\Mobile\Controller\IndexController.class.php 第 23 行.
NOTIC: [8] Undefined offset: 0 D:\virtualhost\ZZGHFTP\Apps\Mobile\Controller\IndexController.class.php 第 23 行.
NOTIC: [8] Undefined offset: 0 D:\virtualhost\ZZGHFTP\Apps\Mobile\Controller\IndexController.class.php 第 23 行.
NOTIC: [8] Undefined index:  D:\virtualhost\ZZGHFTP\Apps\Mobile\Controller\IndexController.class.php 第 23 行.
NOTIC: [8] Undefined offset: 0 D:\virtualhost\ZZGHFTP\Apps\Mobile\Controller\IndexController.class.php 第 23 行.
NOTIC: [8] Undefined offset: 0 D:\virtualhost\ZZGHFTP\Apps\Mobile\Controller\IndexController.class.php 第 23 行.
NOTIC: [8] Undefined index:  D:\virtualhost\ZZGHFTP\Apps\Mobile\Controller\IndexController.class.php 第 23 行.
NOTIC: [8] Undefined offset: 0 D:\virtualhost\ZZGHFTP\Apps\Mobile\Controller\IndexController.class.php 第 23 行.
NOTIC: [8] Undefined offset: 0 D:\virtualhost\ZZGHFTP\Apps\Mobile\Controller\IndexController.class.php 第 23 行.
NOTIC: [8] Undefined index:  D:\virtualhost\ZZGHFTP\Apps\Mobile\Controller\IndexController.class.php 第 23 行.
NOTIC: [8] Undefined offset: 0 D:\virtualhost\ZZGHFTP\Apps\Mobile\Controller\IndexController.class.php 第 23 行.
NOTIC: [8] Undefined offset: 0 D:\virtualhost\ZZGHFTP\Apps\Mobile\Controller\IndexController.class.php 第 23 行.
NOTIC: [8] Undefined index:  D:\virtualhost\ZZGHFTP\Apps\Mobile\Controller\IndexController.class.php 第 23 行.
NOTIC: [8] Undefined offset: 0 D:\virtualhost\ZZGHFTP\Apps\Mobile\Controller\IndexController.class.php 第 23 行.
NOTIC: [8] Undefined offset: 0 D:\virtualhost\ZZGHFTP\Apps\Mobile\Controller\IndexController.class.php 第 23 行.
NOTIC: [8] Undefined index:  D:\virtualhost\ZZGHFTP\Apps\Mobile\Controller\IndexController.class.php 第 23 行.
NOTIC: [8] Undefined offset: 0 D:\virtualhost\ZZGHFTP\Apps\Mobile\Controller\IndexController.class.php 第 23 行.
NOTIC: [8] Undefined offset: 0 D:\virtualhost\ZZGHFTP\Apps\Mobile\Controller\IndexController.class.php 第 23 行.
NOTIC: [8] Undefined index:  D:\virtualhost\ZZGHFTP\Apps\Mobile\Controller\IndexController.class.php 第 23 行.
NOTIC: [8] Undefined offset: 0 D:\virtualhost\ZZGHFTP\Apps\Mobile\Controller\IndexController.class.php 第 23 行.
NOTIC: [8] Undefined offset: 0 D:\virtualhost\ZZGHFTP\Apps\Mobile\Controller\IndexController.class.php 第 23 行.
NOTIC: [8] Undefined index:  D:\virtualhost\ZZGHFTP\Apps\Mobile\Controller\IndexController.class.php 第 23 行.
NOTIC: [8] Undefined offset: 0 D:\virtualhost\ZZGHFTP\Apps\Mobile\Controller\IndexController.class.php 第 23 行.
NOTIC: [8] Undefined offset: 0 D:\virtualhost\ZZGHFTP\Apps\Mobile\Controller\IndexController.class.php 第 23 行.
NOTIC: [8] Undefined index:  D:\virtualhost\ZZGHFTP\Apps\Mobile\Controller\IndexController.class.php 第 23 行.
NOTIC: [8] Undefined offset: 0 D:\virtualhost\ZZGHFTP\Apps\Mobile\Controller\IndexController.class.php 第 23 行.
NOTIC: [8] Undefined offset: 0 D:\virtualhost\ZZGHFTP\Apps\Mobile\Controller\IndexController.class.php 第 23 行.
NOTIC: [8] Undefined index:  D:\virtualhost\ZZGHFTP\Apps\Mobile\Controller\IndexController.class.php 第 23 行.
SQL: SELECT * FROM `yunzhan_category` LIMIT 1   [ RunTime:0.0000s ]
SQL: SELECT * FROM `yunzhan_config` WHERE `id` = 1 LIMIT 1   [ RunTime:0.0000s ]
SQL: SELECT * FROM `yunzhan_service` WHERE `catid` = 1  [ RunTime:0.0156s ]
SQL: SELECT * FROM `yunzhan_article` WHERE `catid` = 2  [ RunTime:0.0000s ]
SQL: SELECT * FROM `yunzhan_ads` WHERE `catid` = 1 AND `startdate` <= 1494405598 AND `enddate` >= 1494405598 ORDER BY sort desc, id asc LIMIT 1   [ RunTime:0.0000s ]
SQL: SELECT * FROM `yunzhan_ads` WHERE `catid` = 2 AND `startdate` <= 1494405598 AND `enddate` >= 1494405598 ORDER BY sort desc, id asc  [ RunTime:0.0000s ]
SQL: SELECT * FROM `yunzhan_category` WHERE `pid` = 6 AND `display` = 1  [ RunTime:0.0000s ]
SQL: SELECT * FROM `yunzhan_article` WHERE `is_recom` = 1 AND `status` = 1 AND `catid` IN ('44','45','46','6','') ORDER BY sort asc,id desc LIMIT 4   [ RunTime:0.0156s ]
INFO: [ view_parse ] --START--
INFO: [ template_filter ] --START--
INFO: Run Behavior\ContentReplaceBehavior [ RunTime:0.000000s ]
INFO: [ template_filter ] --END-- [ RunTime:0.000000s ]
NOTIC: [8] Undefined index: alt D:\virtualhost\ZZGHFTP\Apps\Runtime\Cache\Mobile\cfca91beb49811c39e2bad25e2e139a4.php 第 66 行.
NOTIC: [8] Undefined index: alt D:\virtualhost\ZZGHFTP\Apps\Runtime\Cache\Mobile\cfca91beb49811c39e2bad25e2e139a4.php 第 66 行.
NOTIC: [8] Undefined index: alt D:\virtualhost\ZZGHFTP\Apps\Runtime\Cache\Mobile\cfca91beb49811c39e2bad25e2e139a4.php 第 66 行.
NOTIC: [8] Undefined index: alt D:\virtualhost\ZZGHFTP\Apps\Runtime\Cache\Mobile\cfca91beb49811c39e2bad25e2e139a4.php 第 66 行.
SQL: SELECT * FROM `yunzhan_category` WHERE `pid` = 47 AND `display` = 1  [ RunTime:0.0000s ]
SQL: SELECT * FROM `yunzhan_category` WHERE `pid` = 4 AND `display` = 1  [ RunTime:0.0000s ]
SQL: SELECT * FROM `yunzhan_category` WHERE `pid` = 5 AND `display` = 1  [ RunTime:0.0000s ]
INFO: Run Behavior\ParseTemplateBehavior [ RunTime:0.015626s ]
INFO: [ view_parse ] --END-- [ RunTime:0.015626s ]
INFO: [ view_filter ] --START--
INFO: Run Behavior\WriteHtmlCacheBehavior [ RunTime:0.000000s ]
INFO: [ view_filter ] --END-- [ RunTime:0.000000s ]
INFO: [ app_end ] --START--
INFO: Run Behavior\ShowPageTraceBehavior [ RunTime:0.000000s ]
INFO: [ app_end ] --END-- [ RunTime:0.000000s ]

[ 2017-05-10T16:40:26+08:00 ] 121.101.208.18 /mobile
INFO: [ app_init ] --START--
INFO: Run Behavior\BuildLiteBehavior [ RunTime:0.000000s ]
INFO: [ app_init ] --END-- [ RunTime:0.000000s ]
INFO: [ app_begin ] --START--
INFO: Run Behavior\ReadHtmlCacheBehavior [ RunTime:0.000000s ]
INFO: [ app_begin ] --END-- [ RunTime:0.000000s ]
SQL: SHOW COLUMNS FROM `yunzhan_stats` [ RunTime:0.0000s ]
SQL: DELETE FROM `yunzhan_stats` WHERE ( access_time < 1970-01-01 ) [ RunTime:0.0000s ]
SQL: SHOW COLUMNS FROM `yunzhan_category` [ RunTime:0.0000s ]
SQL: SHOW COLUMNS FROM `yunzhan_config` [ RunTime:0.0000s ]
SQL: SHOW COLUMNS FROM `yunzhan_case` [ RunTime:0.0000s ]
SQL: SHOW COLUMNS FROM `yunzhan_ads` [ RunTime:0.0156s ]
SQL: SHOW COLUMNS FROM `yunzhan_article` [ RunTime:0.0000s ]
SQL: SHOW COLUMNS FROM `yunzhan_links` [ RunTime:0.0000s ]
SQL: SHOW COLUMNS FROM `yunzhan_service` [ RunTime:0.0000s ]
SQL: SELECT * FROM `yunzhan_category` WHERE ( 1=1 ) ORDER BY sort asc, id asc  [ RunTime:0.0000s ]
NOTIC: [8] Undefined index: is_jump D:\virtualhost\ZZGHFTP\Apps\Mobile\Model\CategoryModel.class.php 第 14 行.
NOTIC: [8] Undefined index: is_jump D:\virtualhost\ZZGHFTP\Apps\Mobile\Model\CategoryModel.class.php 第 14 行.
NOTIC: [8] Undefined index: is_jump D:\virtualhost\ZZGHFTP\Apps\Mobile\Model\CategoryModel.class.php 第 14 行.
NOTIC: [8] Undefined index: is_jump D:\virtualhost\ZZGHFTP\Apps\Mobile\Model\CategoryModel.class.php 第 14 行.
NOTIC: [8] Undefined index: is_jump D:\virtualhost\ZZGHFTP\Apps\Mobile\Model\CategoryModel.class.php 第 14 行.
NOTIC: [8] Undefined index: is_jump D:\virtualhost\ZZGHFTP\Apps\Mobile\Model\CategoryModel.class.php 第 14 行.
NOTIC: [8] Undefined index: is_jump D:\virtualhost\ZZGHFTP\Apps\Mobile\Model\CategoryModel.class.php 第 14 行.
NOTIC: [8] Undefined index: is_jump D:\virtualhost\ZZGHFTP\Apps\Mobile\Model\CategoryModel.class.php 第 14 行.
NOTIC: [8] Undefined index: is_jump D:\virtualhost\ZZGHFTP\Apps\Mobile\Model\CategoryModel.class.php 第 14 行.
NOTIC: [8] Undefined index: is_jump D:\virtualhost\ZZGHFTP\Apps\Mobile\Model\CategoryModel.class.php 第 14 行.
NOTIC: [8] Undefined index: is_jump D:\virtualhost\ZZGHFTP\Apps\Mobile\Model\CategoryModel.class.php 第 14 行.
NOTIC: [8] Undefined index: is_jump D:\virtualhost\ZZGHFTP\Apps\Mobile\Model\CategoryModel.class.php 第 14 行.
NOTIC: [8] Undefined index: is_jump D:\virtualhost\ZZGHFTP\Apps\Mobile\Model\CategoryModel.class.php 第 14 行.
NOTIC: [8] Undefined index: is_jump D:\virtualhost\ZZGHFTP\Apps\Mobile\Model\CategoryModel.class.php 第 14 行.
NOTIC: [8] Undefined index: is_jump D:\virtualhost\ZZGHFTP\Apps\Mobile\Model\CategoryModel.class.php 第 14 行.
NOTIC: [8] Undefined index: is_jump D:\virtualhost\ZZGHFTP\Apps\Mobile\Model\CategoryModel.class.php 第 14 行.
NOTIC: [8] Undefined index: is_jump D:\virtualhost\ZZGHFTP\Apps\Mobile\Model\CategoryModel.class.php 第 14 行.
NOTIC: [8] Undefined index: is_jump D:\virtualhost\ZZGHFTP\Apps\Mobile\Model\CategoryModel.class.php 第 14 行.
NOTIC: [8] Undefined index: is_jump D:\virtualhost\ZZGHFTP\Apps\Mobile\Model\CategoryModel.class.php 第 14 行.
NOTIC: [8] Undefined index: is_jump D:\virtualhost\ZZGHFTP\Apps\Mobile\Model\CategoryModel.class.php 第 14 行.
NOTIC: [8] Undefined index: is_jump D:\virtualhost\ZZGHFTP\Apps\Mobile\Model\CategoryModel.class.php 第 14 行.
NOTIC: [8] Undefined index: is_jump D:\virtualhost\ZZGHFTP\Apps\Mobile\Model\CategoryModel.class.php 第 14 行.
NOTIC: [8] Undefined index: is_jump D:\virtualhost\ZZGHFTP\Apps\Mobile\Model\CategoryModel.class.php 第 14 行.
NOTIC: [8] Undefined index: is_jump D:\virtualhost\ZZGHFTP\Apps\Mobile\Model\CategoryModel.class.php 第 14 行.
NOTIC: [8] Undefined index: is_jump D:\virtualhost\ZZGHFTP\Apps\Mobile\Model\CategoryModel.class.php 第 14 行.
NOTIC: [8] Undefined index: is_jump D:\virtualhost\ZZGHFTP\Apps\Mobile\Model\CategoryModel.class.php 第 14 行.
NOTIC: [8] Undefined index: is_jump D:\virtualhost\ZZGHFTP\Apps\Mobile\Model\CategoryModel.class.php 第 14 行.
NOTIC: [8] Undefined index: is_jump D:\virtualhost\ZZGHFTP\Apps\Mobile\Model\CategoryModel.class.php 第 14 行.
NOTIC: [8] Undefined index: is_jump D:\virtualhost\ZZGHFTP\Apps\Mobile\Model\CategoryModel.class.php 第 14 行.
NOTIC: [8] Undefined index: is_jump D:\virtualhost\ZZGHFTP\Apps\Mobile\Model\CategoryModel.class.php 第 14 行.
NOTIC: [8] Undefined index: is_jump D:\virtualhost\ZZGHFTP\Apps\Mobile\Model\CategoryModel.class.php 第 14 行.
NOTIC: [8] Undefined index: is_jump D:\virtualhost\ZZGHFTP\Apps\Mobile\Model\CategoryModel.class.php 第 14 行.
NOTIC: [8] Undefined index: is_jump D:\virtualhost\ZZGHFTP\Apps\Mobile\Model\CategoryModel.class.php 第 14 行.
NOTIC: [8] Undefined index: is_jump D:\virtualhost\ZZGHFTP\Apps\Mobile\Model\CategoryModel.class.php 第 14 行.
NOTIC: [8] Undefined index: is_jump D:\virtualhost\ZZGHFTP\Apps\Mobile\Model\CategoryModel.class.php 第 14 行.
NOTIC: [8] Undefined index: is_jump D:\virtualhost\ZZGHFTP\Apps\Mobile\Model\CategoryModel.class.php 第 14 行.
NOTIC: [8] Undefined index: is_jump D:\virtualhost\ZZGHFTP\Apps\Mobile\Model\CategoryModel.class.php 第 14 行.
NOTIC: [8] Undefined index: is_jump D:\virtualhost\ZZGHFTP\Apps\Mobile\Model\CategoryModel.class.php 第 14 行.
NOTIC: [8] Undefined index: is_jump D:\virtualhost\ZZGHFTP\Apps\Mobile\Model\CategoryModel.class.php 第 14 行.
NOTIC: [8] Undefined index: is_jump D:\virtualhost\ZZGHFTP\Apps\Mobile\Model\CategoryModel.class.php 第 14 行.
NOTIC: [8] Undefined index: is_jump D:\virtualhost\ZZGHFTP\Apps\Mobile\Model\CategoryModel.class.php 第 14 行.
NOTIC: [8] Undefined index: is_jump D:\virtualhost\ZZGHFTP\Apps\Mobile\Model\CategoryModel.class.php 第 14 行.
NOTIC: [8] Undefined index: is_jump D:\virtualhost\ZZGHFTP\Apps\Mobile\Model\CategoryModel.class.php 第 14 行.
NOTIC: [8] Undefined index: is_jump D:\virtualhost\ZZGHFTP\Apps\Mobile\Model\CategoryModel.class.php 第 14 行.
NOTIC: [8] Undefined index: is_jump D:\virtualhost\ZZGHFTP\Apps\Mobile\Model\CategoryModel.class.php 第 14 行.
NOTIC: [8] Undefined index: is_jump D:\virtualhost\ZZGHFTP\Apps\Mobile\Model\CategoryModel.class.php 第 14 行.
NOTIC: [8] Undefined index: is_jump D:\virtualhost\ZZGHFTP\Apps\Mobile\Model\CategoryModel.class.php 第 14 行.
NOTIC: [8] Undefined index: is_jump D:\virtualhost\ZZGHFTP\Apps\Mobile\Model\CategoryModel.class.php 第 14 行.
NOTIC: [8] Undefined index: is_jump D:\virtualhost\ZZGHFTP\Apps\Mobile\Model\CategoryModel.class.php 第 14 行.
NOTIC: [8] Undefined index: is_jump D:\virtualhost\ZZGHFTP\Apps\Mobile\Model\CategoryModel.class.php 第 14 行.
NOTIC: [8] Undefined index: is_jump D:\virtualhost\ZZGHFTP\Apps\Mobile\Model\CategoryModel.class.php 第 14 行.
SQL: SHOW COLUMNS FROM `yunzhan_category` [ RunTime:0.0156s ]
SQL: SELECT * FROM `yunzhan_category` WHERE `pid` = 0 AND `display` = 1 AND `nav_display` = 1  [ RunTime:0.0000s ]
NOTIC: [8] Undefined offset: 0 D:\virtualhost\ZZGHFTP\Apps\Mobile\Controller\IndexController.class.php 第 23 行.
NOTIC: [8] Undefined offset: 0 D:\virtualhost\ZZGHFTP\Apps\Mobile\Controller\IndexController.class.php 第 23 行.
NOTIC: [8] Undefined index:  D:\virtualhost\ZZGHFTP\Apps\Mobile\Controller\IndexController.class.php 第 23 行.
NOTIC: [8] Undefined offset: 0 D:\virtualhost\ZZGHFTP\Apps\Mobile\Controller\IndexController.class.php 第 23 行.
NOTIC: [8] Undefined offset: 0 D:\virtualhost\ZZGHFTP\Apps\Mobile\Controller\IndexController.class.php 第 23 行.
NOTIC: [8] Undefined index:  D:\virtualhost\ZZGHFTP\Apps\Mobile\Controller\IndexController.class.php 第 23 行.
NOTIC: [8] Undefined offset: 0 D:\virtualhost\ZZGHFTP\Apps\Mobile\Controller\IndexController.class.php 第 23 行.
NOTIC: [8] Undefined offset: 0 D:\virtualhost\ZZGHFTP\Apps\Mobile\Controller\IndexController.class.php 第 23 行.
NOTIC: [8] Undefined index:  D:\virtualhost\ZZGHFTP\Apps\Mobile\Controller\IndexController.class.php 第 23 行.
NOTIC: [8] Undefined offset: 0 D:\virtualhost\ZZGHFTP\Apps\Mobile\Controller\IndexController.class.php 第 23 行.
NOTIC: [8] Undefined offset: 0 D:\virtualhost\ZZGHFTP\Apps\Mobile\Controller\IndexController.class.php 第 23 行.
NOTIC: [8] Undefined index:  D:\virtualhost\ZZGHFTP\Apps\Mobile\Controller\IndexController.class.php 第 23 行.
NOTIC: [8] Undefined offset: 0 D:\virtualhost\ZZGHFTP\Apps\Mobile\Controller\IndexController.class.php 第 23 行.
NOTIC: [8] Undefined offset: 0 D:\virtualhost\ZZGHFTP\Apps\Mobile\Controller\IndexController.class.php 第 23 行.
NOTIC: [8] Undefined index:  D:\virtualhost\ZZGHFTP\Apps\Mobile\Controller\IndexController.class.php 第 23 行.
NOTIC: [8] Undefined offset: 0 D:\virtualhost\ZZGHFTP\Apps\Mobile\Controller\IndexController.class.php 第 23 行.
NOTIC: [8] Undefined offset: 0 D:\virtualhost\ZZGHFTP\Apps\Mobile\Controller\IndexController.class.php 第 23 行.
NOTIC: [8] Undefined index:  D:\virtualhost\ZZGHFTP\Apps\Mobile\Controller\IndexController.class.php 第 23 行.
NOTIC: [8] Undefined offset: 0 D:\virtualhost\ZZGHFTP\Apps\Mobile\Controller\IndexController.class.php 第 23 行.
NOTIC: [8] Undefined offset: 0 D:\virtualhost\ZZGHFTP\Apps\Mobile\Controller\IndexController.class.php 第 23 行.
NOTIC: [8] Undefined index:  D:\virtualhost\ZZGHFTP\Apps\Mobile\Controller\IndexController.class.php 第 23 行.
NOTIC: [8] Undefined offset: 0 D:\virtualhost\ZZGHFTP\Apps\Mobile\Controller\IndexController.class.php 第 23 行.
NOTIC: [8] Undefined offset: 0 D:\virtualhost\ZZGHFTP\Apps\Mobile\Controller\IndexController.class.php 第 23 行.
NOTIC: [8] Undefined index:  D:\virtualhost\ZZGHFTP\Apps\Mobile\Controller\IndexController.class.php 第 23 行.
NOTIC: [8] Undefined offset: 0 D:\virtualhost\ZZGHFTP\Apps\Mobile\Controller\IndexController.class.php 第 23 行.
NOTIC: [8] Undefined offset: 0 D:\virtualhost\ZZGHFTP\Apps\Mobile\Controller\IndexController.class.php 第 23 行.
NOTIC: [8] Undefined index:  D:\virtualhost\ZZGHFTP\Apps\Mobile\Controller\IndexController.class.php 第 23 行.
NOTIC: [8] Undefined offset: 0 D:\virtualhost\ZZGHFTP\Apps\Mobile\Controller\IndexController.class.php 第 23 行.
NOTIC: [8] Undefined offset: 0 D:\virtualhost\ZZGHFTP\Apps\Mobile\Controller\IndexController.class.php 第 23 行.
NOTIC: [8] Undefined index:  D:\virtualhost\ZZGHFTP\Apps\Mobile\Controller\IndexController.class.php 第 23 行.
SQL: SELECT * FROM `yunzhan_category` LIMIT 1   [ RunTime:0.0000s ]
SQL: SELECT * FROM `yunzhan_config` WHERE `id` = 1 LIMIT 1   [ RunTime:0.0000s ]
SQL: SELECT * FROM `yunzhan_service` WHERE `catid` = 1  [ RunTime:0.0000s ]
SQL: SELECT * FROM `yunzhan_article` WHERE `catid` = 2  [ RunTime:0.0156s ]
SQL: SELECT * FROM `yunzhan_ads` WHERE `catid` = 1 AND `startdate` <= 1494405626 AND `enddate` >= 1494405626 ORDER BY sort desc, id asc LIMIT 1   [ RunTime:0.0000s ]
SQL: SELECT * FROM `yunzhan_ads` WHERE `catid` = 2 AND `startdate` <= 1494405626 AND `enddate` >= 1494405626 ORDER BY sort desc, id asc  [ RunTime:0.0000s ]
SQL: SELECT * FROM `yunzhan_category` WHERE `pid` = 6 AND `display` = 1  [ RunTime:0.0000s ]
SQL: SELECT * FROM `yunzhan_article` WHERE `is_recom` = 1 AND `status` = 1 AND `catid` IN ('44','45','46','6','') ORDER BY sort asc,id desc LIMIT 4   [ RunTime:0.0000s ]
INFO: [ view_parse ] --START--
INFO: [ template_filter ] --START--
INFO: Run Behavior\ContentReplaceBehavior [ RunTime:0.000000s ]
INFO: [ template_filter ] --END-- [ RunTime:0.000000s ]
NOTIC: [8] Undefined index: alt D:\virtualhost\ZZGHFTP\Apps\Runtime\Cache\Mobile\cfca91beb49811c39e2bad25e2e139a4.php 第 66 行.
NOTIC: [8] Undefined index: alt D:\virtualhost\ZZGHFTP\Apps\Runtime\Cache\Mobile\cfca91beb49811c39e2bad25e2e139a4.php 第 66 行.
NOTIC: [8] Undefined index: alt D:\virtualhost\ZZGHFTP\Apps\Runtime\Cache\Mobile\cfca91beb49811c39e2bad25e2e139a4.php 第 66 行.
NOTIC: [8] Undefined index: alt D:\virtualhost\ZZGHFTP\Apps\Runtime\Cache\Mobile\cfca91beb49811c39e2bad25e2e139a4.php 第 66 行.
SQL: SELECT * FROM `yunzhan_category` WHERE `pid` = 47 AND `display` = 1  [ RunTime:0.0000s ]
SQL: SELECT * FROM `yunzhan_category` WHERE `pid` = 4 AND `display` = 1  [ RunTime:0.0156s ]
SQL: SELECT * FROM `yunzhan_category` WHERE `pid` = 5 AND `display` = 1  [ RunTime:0.0000s ]
INFO: Run Behavior\ParseTemplateBehavior [ RunTime:0.031251s ]
INFO: [ view_parse ] --END-- [ RunTime:0.031251s ]
INFO: [ view_filter ] --START--
INFO: Run Behavior\WriteHtmlCacheBehavior [ RunTime:0.000000s ]
INFO: [ view_filter ] --END-- [ RunTime:0.000000s ]
INFO: [ app_end ] --START--
INFO: Run Behavior\ShowPageTraceBehavior [ RunTime:0.000000s ]
INFO: [ app_end ] --END-- [ RunTime:0.000000s ]

